#
# A fatal error has been detected by the Java Runtime Environment:
#
#  SIGSEGV (0xb) at pc=0x00007f94d8c5dde7, pid=17739, tid=140277262927616
#
# JRE version: Java(TM) SE Runtime Environment (7.0_51-b13) (build 1.7.0_51-b13)
# Java VM: Java HotSpot(TM) 64-Bit Server VM (24.51-b03 mixed mode linux-amd64 compressed oops)
# Problematic frame:
# C  [libawt.so+0x30de7]  GetSDOps+0x47
#
# Failed to write core dump. Core dumps have been disabled. To enable core dumping, try "ulimit -c unlimited" before starting Java again
#
# If you would like to submit a bug report, please visit:
#   http://bugreport.sun.com/bugreport/crash.jsp
# The crash happened outside the Java Virtual Machine in native code.
# See problematic frame for where to report the bug.
#

---------------  T H R E A D  ---------------

Current thread (0x00007f94dc177800):  JavaThread "AWT-EventQueue-0" [_thread_in_native, id=17762, stack(0x00007f94d85d4000,0x00007f94d86d5000)]

siginfo:si_signo=SIGSEGV: si_errno=0, si_code=1 (SEGV_MAPERR), si_addr=0x00007f61ac07b380

Registers:
RAX=0x00007f61ac07b360, RBX=0x00007f94dc1779e8, RCX=0x00007f94d86d00a0, RDX=0x0000000000000042
RSP=0x00007f94d86cfe20, RBP=0x00007f94d86cfe40, RSI=0x00007f94d86d0298, RDI=0x00007f94dc1779e8
R8 =0x00007f94d86d0288, R9 =0x0000000782ee0e58, R10=0x0000000000000050, R11=0x00007f94e4a85008
R12=0x00007f94d86d0298, R13=0x00007f61ac07b360, R14=0x0000000000000001, R15=0x00007f94d86d0290
RIP=0x00007f94d8c5dde7, EFLAGS=0x0000000000010202, CSGSFS=0x0000000000000033, ERR=0x0000000000000004
  TRAPNO=0x000000000000000e

Top of Stack: (sp=0x00007f94d86cfe20)
0x00007f94d86cfe20:   00007f94d86d0288 00007f94d86d0280
0x00007f94d86cfe30:   00007f94d86d0298 00007f94dc1779e8
0x00007f94d86cfe40:   00007f94d86d0120 00007f94d8c609ab
0x00007f94d86cfe50:   000000000000002f 00007f94d86cfe08
0x00007f94d86cfe60:   00007f94d86cfe49 0000000800000002
0x00007f94d86cfe70:   00007f949400a300 00000007d6d34c38
0x00007f94d86cfe80:   00007f949400a378 00007f949400a378
0x00007f94d86cfe90:   00007f949400a370 00007f949400a370
0x00007f94d86cfea0:   00000007fffffffe 00007f94d86d00a0
0x00007f94d86cfeb0:   0000000000000000 00007f94dc177800
0x00007f94d86cfec0:   407832aaaaaaaaac 40855d5555555556
0x00007f94d86cfed0:   4070955555555555 4080055555555554
0x00007f94d86cfee0:   000000077dc1cd08 0000000000000000
0x00007f94d86cfef0:   00007f94d86cffb0 00007f94e4423a39
0x00007f94d86cff00:   00007f94d8ed7a70 00007f949400a348
0x00007f94d86cff10:   00007f94d86d00ef 00007f949400a348
0x00007f94d86cff20:   00007f94e4a24e30 0000005000000000
0x00007f94d86cff30:   0000000000000026 0000000000000000
0x00007f94d86cff40:   0000000000000000 00007f949400a020
0x00007f94d86cff50:   00007f94d86cff70 00007f94e450d379
0x00007f94d86cff60:   00007f94d86cff80 00007f94d86cffa0
0x00007f94d86cff70:   00007f94d86cff90 00007f94e450dc01
0x00007f94d86cff80:   00007f94d86cffa0 00007f94d86d0000
0x00007f94d86cff90:   00007f94d86cffe0 00007f94e440f5fe
0x00007f94d86cffa0:   00007f94e4a036d0 00007f94dc12a610
0x00007f94d86cffb0:   0000000000000067 000000000000000e
0x00007f94d86cffc0:   00007f9400000000 00007f94dc12a611
0x00007f94d86cffd0:   00007f94dc177800 00007f949400a348
0x00007f94d86cffe0:   00007f94d86d00a0 00007f94e4234963
0x00007f94d86cfff0:   00007f949400a348 00007f94d86d02a0
0x00007f94d86d0000:   00007f94e4a2f5f0 00007f94dc12a610
0x00007f94d86d0010:   0000000000000066 00007f94e442474e 

Instructions: (pc=0x00007f94d8c5dde7)
0x00007f94d8c5ddc7:   00 00 00 48 8b 07 48 8b 15 ec 00 28 00 ff 90 28
0x00007f94d8c5ddd7:   03 00 00 48 85 c0 49 89 c5 74 2e 45 84 f6 74 11
0x00007f94d8c5dde7:   48 8b 40 20 48 85 c0 74 08 4c 89 ee 48 89 df ff
0x00007f94d8c5ddf7:   d0 4c 89 e8 48 8b 1c 24 4c 8b 64 24 08 4c 8b 6c 

Register to memory mapping:

RAX=0x00007f61ac07b360 is an unknown value
RBX=0x00007f94dc1779e8 is an unknown value
RCX=0x00007f94d86d00a0 is pointing into the stack for thread: 0x00007f94dc177800
RDX=0x0000000000000042 is an unknown value
RSP=0x00007f94d86cfe20 is pointing into the stack for thread: 0x00007f94dc177800
RBP=0x00007f94d86cfe40 is pointing into the stack for thread: 0x00007f94dc177800
RSI=0x00007f94d86d0298 is pointing into the stack for thread: 0x00007f94dc177800
RDI=0x00007f94dc1779e8 is an unknown value
R8 =0x00007f94d86d0288 is pointing into the stack for thread: 0x00007f94dc177800
R9 =0x0000000782ee0e58 is an oop
sun.awt.image.BufImgSurfaceData 
 - klass: 'sun/awt/image/BufImgSurfaceData'
R10=0x0000000000000050 is an unknown value
R11=0x00007f94e4a85008: <offset 0xe3c008> in /usr/java/jdk1.7.0_51/jre/lib/amd64/server/libjvm.so at 0x00007f94e3c49000
R12=0x00007f94d86d0298 is pointing into the stack for thread: 0x00007f94dc177800
R13=0x00007f61ac07b360 is an unknown value
R14=0x0000000000000001 is an unknown value
R15=0x00007f94d86d0290 is pointing into the stack for thread: 0x00007f94dc177800


Stack: [0x00007f94d85d4000,0x00007f94d86d5000],  sp=0x00007f94d86cfe20,  free space=1007k
Native frames: (J=compiled Java code, j=interpreted, Vv=VM code, C=native code)
C  [libawt.so+0x30de7]  GetSDOps+0x47
C  [libawt.so+0x339ab]  Java_sun_java2d_loops_ScaledBlit_Scale+0xbb
j  sun.java2d.loops.ScaledBlit.Scale(Lsun/java2d/SurfaceData;Lsun/java2d/SurfaceData;Ljava/awt/Composite;Lsun/java2d/pipe/Region;IIIIDDDD)V+0
j  sun.java2d.pipe.DrawImage.scaleSurfaceData(Lsun/java2d/SunGraphics2D;Lsun/java2d/pipe/Region;Lsun/java2d/SurfaceData;Lsun/java2d/SurfaceData;Lsun/java2d/loops/SurfaceType;Lsun/java2d/loops/SurfaceType;IIIIDDDD)Z+72
j  sun.java2d.pipe.DrawImage.renderImageScale(Lsun/java2d/SunGraphics2D;Ljava/awt/Image;Ljava/awt/Color;IIIIIDDDD)Z+97
j  sun.java2d.pipe.DrawImage.tryCopyOrScale(Lsun/java2d/SunGraphics2D;Ljava/awt/Image;IIIILjava/awt/Color;I[D)Z+176
j  sun.java2d.pipe.DrawImage.transformImage(Lsun/java2d/SunGraphics2D;Ljava/awt/Image;Ljava/awt/geom/AffineTransform;IIIIILjava/awt/Color;)V+97
j  sun.java2d.pipe.DrawImage.scaleImage(Lsun/java2d/SunGraphics2D;Ljava/awt/Image;IIIIIIIILjava/awt/Color;)Z+467
j  sun.java2d.pipe.DrawImage.copyImage(Lsun/java2d/SunGraphics2D;Ljava/awt/Image;IIIIIILjava/awt/Color;)Z+68
j  sun.java2d.pipe.DrawImage.copyImage(Lsun/java2d/SunGraphics2D;Ljava/awt/Image;IIIIIILjava/awt/Color;Ljava/awt/image/ImageObserver;)Z+23
j  sun.java2d.pipe.ValidatePipe.copyImage(Lsun/java2d/SunGraphics2D;Ljava/awt/Image;IIIIIILjava/awt/Color;Ljava/awt/image/ImageObserver;)Z+29
j  sun.java2d.SunGraphics2D.copyImage(Ljava/awt/Image;IIIIIILjava/awt/Color;Ljava/awt/image/ImageObserver;)Z+20
j  sun.java2d.SunGraphics2D.drawImage(Ljava/awt/Image;IIIIIIIILjava/awt/Color;Ljava/awt/image/ImageObserver;)Z+185
j  sun.java2d.SunGraphics2D.drawImage(Ljava/awt/Image;IIIIIIIILjava/awt/image/ImageObserver;)Z+19
j  client.gui.ImagePanel$DrawingImage.draw(Ljava/awt/Graphics2D;)V+52
j  client.gui.ImagePanel.paintComponent(Ljava/awt/Graphics;)V+93
j  javax.swing.JComponent.paint(Ljava/awt/Graphics;)V+286
j  javax.swing.JComponent.paintChildren(Ljava/awt/Graphics;)V+501
j  javax.swing.JSplitPane.paintChildren(Ljava/awt/Graphics;)V+2
j  javax.swing.JComponent.paint(Ljava/awt/Graphics;)V+318
j  javax.swing.JComponent.paintChildren(Ljava/awt/Graphics;)V+501
j  javax.swing.JComponent.paint(Ljava/awt/Graphics;)V+318
j  javax.swing.JComponent.paintChildren(Ljava/awt/Graphics;)V+501
j  javax.swing.JComponent.paint(Ljava/awt/Graphics;)V+318
j  javax.swing.JLayeredPane.paint(Ljava/awt/Graphics;)V+73
j  javax.swing.JComponent.paintChildren(Ljava/awt/Graphics;)V+501
j  javax.swing.JComponent.paintToOffscreen(Ljava/awt/Graphics;IIIIII)V+72
j  javax.swing.BufferStrategyPaintManager.paint(Ljavax/swing/JComponent;Ljavax/swing/JComponent;Ljava/awt/Graphics;IIII)Z+157
j  javax.swing.RepaintManager.paint(Ljavax/swing/JComponent;Ljavax/swing/JComponent;Ljava/awt/Graphics;IIII)V+52
j  javax.swing.JComponent.paint(Ljava/awt/Graphics;)V+221
j  java.awt.GraphicsCallback$PaintCallback.run(Ljava/awt/Component;Ljava/awt/Graphics;)V+2
j  sun.awt.SunGraphicsCallback.runOneComponent(Ljava/awt/Component;Ljava/awt/Rectangle;Ljava/awt/Graphics;Ljava/awt/Shape;I)V+155
j  sun.awt.SunGraphicsCallback.runComponents([Ljava/awt/Component;Ljava/awt/Graphics;I)V+194
j  java.awt.Container.paint(Ljava/awt/Graphics;)V+58
j  java.awt.Window.paint(Ljava/awt/Graphics;)V+68
j  javax.swing.RepaintManager$3.run()Ljava/lang/Void;+136
j  javax.swing.RepaintManager$3.run()Ljava/lang/Object;+1
v  ~StubRoutines::call_stub
V  [libjvm.so+0x5f8465]  JavaCalls::call_helper(JavaValue*, methodHandle*, JavaCallArguments*, Thread*)+0x365
V  [libjvm.so+0x5f6ec8]  JavaCalls::call(JavaValue*, methodHandle, JavaCallArguments*, Thread*)+0x28
V  [libjvm.so+0x67cc64]  JVM_DoPrivileged+0x2a4
j  java.security.AccessController.doPrivileged(Ljava/security/PrivilegedAction;Ljava/security/AccessControlContext;)Ljava/lang/Object;+0
j  java.security.ProtectionDomain$1.doIntersectionPrivilege(Ljava/security/PrivilegedAction;Ljava/security/AccessControlContext;Ljava/security/AccessControlContext;)Ljava/lang/Object;+28
j  javax.swing.RepaintManager.paintDirtyRegions(Ljava/util/Map;)V+154
j  javax.swing.RepaintManager.paintDirtyRegions()V+46
j  javax.swing.RepaintManager.prePaintDirtyRegions()V+73
j  javax.swing.RepaintManager.access$1100(Ljavax/swing/RepaintManager;)V+1
j  javax.swing.RepaintManager$ProcessingRunnable.run()V+37
j  java.awt.event.InvocationEvent.dispatch()V+47
j  java.awt.EventQueue.dispatchEventImpl(Ljava/awt/AWTEvent;Ljava/lang/Object;)V+21
j  java.awt.EventQueue.access$200(Ljava/awt/EventQueue;Ljava/awt/AWTEvent;Ljava/lang/Object;)V+3
j  java.awt.EventQueue$3.run()Ljava/lang/Void;+12
j  java.awt.EventQueue$3.run()Ljava/lang/Object;+1
v  ~StubRoutines::call_stub
V  [libjvm.so+0x5f8465]  JavaCalls::call_helper(JavaValue*, methodHandle*, JavaCallArguments*, Thread*)+0x365
V  [libjvm.so+0x5f6ec8]  JavaCalls::call(JavaValue*, methodHandle, JavaCallArguments*, Thread*)+0x28
V  [libjvm.so+0x67cc64]  JVM_DoPrivileged+0x2a4
j  java.security.AccessController.doPrivileged(Ljava/security/PrivilegedAction;Ljava/security/AccessControlContext;)Ljava/lang/Object;+0
j  java.security.ProtectionDomain$1.doIntersectionPrivilege(Ljava/security/PrivilegedAction;Ljava/security/AccessControlContext;Ljava/security/AccessControlContext;)Ljava/lang/Object;+28
j  java.awt.EventQueue.dispatchEvent(Ljava/awt/AWTEvent;)V+46
j  java.awt.EventDispatchThread.pumpOneEventForFilters(I)V+245
j  java.awt.EventDispatchThread.pumpEventsForFilter(ILjava/awt/Conditional;Ljava/awt/EventFilter;)V+35
j  java.awt.EventDispatchThread.pumpEventsForHierarchy(ILjava/awt/Conditional;Ljava/awt/Component;)V+11
j  java.awt.EventDispatchThread.pumpEvents(ILjava/awt/Conditional;)V+4
j  java.awt.EventDispatchThread.pumpEvents(Ljava/awt/Conditional;)V+3
j  java.awt.EventDispatchThread.run()V+9
v  ~StubRoutines::call_stub
V  [libjvm.so+0x5f8465]  JavaCalls::call_helper(JavaValue*, methodHandle*, JavaCallArguments*, Thread*)+0x365
V  [libjvm.so+0x5f6ec8]  JavaCalls::call(JavaValue*, methodHandle, JavaCallArguments*, Thread*)+0x28
V  [libjvm.so+0x5f7197]  JavaCalls::call_virtual(JavaValue*, KlassHandle, Symbol*, Symbol*, JavaCallArguments*, Thread*)+0x197
V  [libjvm.so+0x5f72b7]  JavaCalls::call_virtual(JavaValue*, Handle, KlassHandle, Symbol*, Symbol*, Thread*)+0x47
V  [libjvm.so+0x6731c5]  thread_entry(JavaThread*, Thread*)+0xe5
V  [libjvm.so+0x94d5ff]  JavaThread::thread_main_inner()+0xdf
V  [libjvm.so+0x94d705]  JavaThread::run()+0xf5
V  [libjvm.so+0x815538]  java_start(Thread*)+0x108

Java frames: (J=compiled Java code, j=interpreted, Vv=VM code)
j  sun.java2d.loops.ScaledBlit.Scale(Lsun/java2d/SurfaceData;Lsun/java2d/SurfaceData;Ljava/awt/Composite;Lsun/java2d/pipe/Region;IIIIDDDD)V+0
j  sun.java2d.pipe.DrawImage.scaleSurfaceData(Lsun/java2d/SunGraphics2D;Lsun/java2d/pipe/Region;Lsun/java2d/SurfaceData;Lsun/java2d/SurfaceData;Lsun/java2d/loops/SurfaceType;Lsun/java2d/loops/SurfaceType;IIIIDDDD)Z+72
j  sun.java2d.pipe.DrawImage.renderImageScale(Lsun/java2d/SunGraphics2D;Ljava/awt/Image;Ljava/awt/Color;IIIIIDDDD)Z+97
j  sun.java2d.pipe.DrawImage.tryCopyOrScale(Lsun/java2d/SunGraphics2D;Ljava/awt/Image;IIIILjava/awt/Color;I[D)Z+176
j  sun.java2d.pipe.DrawImage.transformImage(Lsun/java2d/SunGraphics2D;Ljava/awt/Image;Ljava/awt/geom/AffineTransform;IIIIILjava/awt/Color;)V+97
j  sun.java2d.pipe.DrawImage.scaleImage(Lsun/java2d/SunGraphics2D;Ljava/awt/Image;IIIIIIIILjava/awt/Color;)Z+467
j  sun.java2d.pipe.DrawImage.copyImage(Lsun/java2d/SunGraphics2D;Ljava/awt/Image;IIIIIILjava/awt/Color;)Z+68
j  sun.java2d.pipe.DrawImage.copyImage(Lsun/java2d/SunGraphics2D;Ljava/awt/Image;IIIIIILjava/awt/Color;Ljava/awt/image/ImageObserver;)Z+23
j  sun.java2d.pipe.ValidatePipe.copyImage(Lsun/java2d/SunGraphics2D;Ljava/awt/Image;IIIIIILjava/awt/Color;Ljava/awt/image/ImageObserver;)Z+29
j  sun.java2d.SunGraphics2D.copyImage(Ljava/awt/Image;IIIIIILjava/awt/Color;Ljava/awt/image/ImageObserver;)Z+20
j  sun.java2d.SunGraphics2D.drawImage(Ljava/awt/Image;IIIIIIIILjava/awt/Color;Ljava/awt/image/ImageObserver;)Z+185
j  sun.java2d.SunGraphics2D.drawImage(Ljava/awt/Image;IIIIIIIILjava/awt/image/ImageObserver;)Z+19
j  client.gui.ImagePanel$DrawingImage.draw(Ljava/awt/Graphics2D;)V+52
j  client.gui.ImagePanel.paintComponent(Ljava/awt/Graphics;)V+93
j  javax.swing.JComponent.paint(Ljava/awt/Graphics;)V+286
j  javax.swing.JComponent.paintChildren(Ljava/awt/Graphics;)V+501
j  javax.swing.JSplitPane.paintChildren(Ljava/awt/Graphics;)V+2
j  javax.swing.JComponent.paint(Ljava/awt/Graphics;)V+318
j  javax.swing.JComponent.paintChildren(Ljava/awt/Graphics;)V+501
j  javax.swing.JComponent.paint(Ljava/awt/Graphics;)V+318
j  javax.swing.JComponent.paintChildren(Ljava/awt/Graphics;)V+501
j  javax.swing.JComponent.paint(Ljava/awt/Graphics;)V+318
j  javax.swing.JLayeredPane.paint(Ljava/awt/Graphics;)V+73
j  javax.swing.JComponent.paintChildren(Ljava/awt/Graphics;)V+501
j  javax.swing.JComponent.paintToOffscreen(Ljava/awt/Graphics;IIIIII)V+72
j  javax.swing.BufferStrategyPaintManager.paint(Ljavax/swing/JComponent;Ljavax/swing/JComponent;Ljava/awt/Graphics;IIII)Z+157
j  javax.swing.RepaintManager.paint(Ljavax/swing/JComponent;Ljavax/swing/JComponent;Ljava/awt/Graphics;IIII)V+52
j  javax.swing.JComponent.paint(Ljava/awt/Graphics;)V+221
j  java.awt.GraphicsCallback$PaintCallback.run(Ljava/awt/Component;Ljava/awt/Graphics;)V+2
j  sun.awt.SunGraphicsCallback.runOneComponent(Ljava/awt/Component;Ljava/awt/Rectangle;Ljava/awt/Graphics;Ljava/awt/Shape;I)V+155
j  sun.awt.SunGraphicsCallback.runComponents([Ljava/awt/Component;Ljava/awt/Graphics;I)V+194
j  java.awt.Container.paint(Ljava/awt/Graphics;)V+58
j  java.awt.Window.paint(Ljava/awt/Graphics;)V+68
j  javax.swing.RepaintManager$3.run()Ljava/lang/Void;+136
j  javax.swing.RepaintManager$3.run()Ljava/lang/Object;+1
v  ~StubRoutines::call_stub
j  java.security.AccessController.doPrivileged(Ljava/security/PrivilegedAction;Ljava/security/AccessControlContext;)Ljava/lang/Object;+0
j  java.security.ProtectionDomain$1.doIntersectionPrivilege(Ljava/security/PrivilegedAction;Ljava/security/AccessControlContext;Ljava/security/AccessControlContext;)Ljava/lang/Object;+28
j  javax.swing.RepaintManager.paintDirtyRegions(Ljava/util/Map;)V+154
j  javax.swing.RepaintManager.paintDirtyRegions()V+46
j  javax.swing.RepaintManager.prePaintDirtyRegions()V+73
j  javax.swing.RepaintManager.access$1100(Ljavax/swing/RepaintManager;)V+1
j  javax.swing.RepaintManager$ProcessingRunnable.run()V+37
j  java.awt.event.InvocationEvent.dispatch()V+47
j  java.awt.EventQueue.dispatchEventImpl(Ljava/awt/AWTEvent;Ljava/lang/Object;)V+21
j  java.awt.EventQueue.access$200(Ljava/awt/EventQueue;Ljava/awt/AWTEvent;Ljava/lang/Object;)V+3
j  java.awt.EventQueue$3.run()Ljava/lang/Void;+12
j  java.awt.EventQueue$3.run()Ljava/lang/Object;+1
v  ~StubRoutines::call_stub
j  java.security.AccessController.doPrivileged(Ljava/security/PrivilegedAction;Ljava/security/AccessControlContext;)Ljava/lang/Object;+0
j  java.security.ProtectionDomain$1.doIntersectionPrivilege(Ljava/security/PrivilegedAction;Ljava/security/AccessControlContext;Ljava/security/AccessControlContext;)Ljava/lang/Object;+28
j  java.awt.EventQueue.dispatchEvent(Ljava/awt/AWTEvent;)V+46
j  java.awt.EventDispatchThread.pumpOneEventForFilters(I)V+245
j  java.awt.EventDispatchThread.pumpEventsForFilter(ILjava/awt/Conditional;Ljava/awt/EventFilter;)V+35
j  java.awt.EventDispatchThread.pumpEventsForHierarchy(ILjava/awt/Conditional;Ljava/awt/Component;)V+11
j  java.awt.EventDispatchThread.pumpEvents(ILjava/awt/Conditional;)V+4
j  java.awt.EventDispatchThread.pumpEvents(Ljava/awt/Conditional;)V+3
j  java.awt.EventDispatchThread.run()V+9
v  ~StubRoutines::call_stub

---------------  P R O C E S S  ---------------

Java Threads: ( => current thread )
  0x00007f9480208000 JavaThread "Keep-Alive-Timer" daemon [_thread_blocked, id=17764, stack(0x00007f94d3a6f000,0x00007f94d3b70000)]
  0x00007f9480169800 JavaThread "TimerQueue" daemon [_thread_blocked, id=17763, stack(0x00007f94d8043000,0x00007f94d8144000)]
  0x00007f94dc009000 JavaThread "DestroyJavaVM" [_thread_blocked, id=17745, stack(0x00007f94e3b48000,0x00007f94e3c49000)]
=>0x00007f94dc177800 JavaThread "AWT-EventQueue-0" [_thread_in_native, id=17762, stack(0x00007f94d85d4000,0x00007f94d86d5000)]
  0x00007f94dc176000 JavaThread "AWT-Shutdown" [_thread_blocked, id=17761, stack(0x00007f94d86d5000,0x00007f94d87d6000)]
  0x00007f94dc174000 JavaThread "AWT-XAWT" daemon [_thread_in_native, id=17760, stack(0x00007f94d87d6000,0x00007f94d88d7000)]
  0x00007f94dc132000 JavaThread "Java2D Disposer" daemon [_thread_blocked, id=17759, stack(0x00007f94d88d7000,0x00007f94d89d8000)]
  0x00007f94dc095800 JavaThread "Service Thread" daemon [_thread_blocked, id=17756, stack(0x00007f94e00b8000,0x00007f94e01b9000)]
  0x00007f94dc093000 JavaThread "C2 CompilerThread1" daemon [_thread_blocked, id=17755, stack(0x00007f94e01b9000,0x00007f94e02ba000)]
  0x00007f94dc090000 JavaThread "C2 CompilerThread0" daemon [_thread_blocked, id=17754, stack(0x00007f94e02ba000,0x00007f94e03bb000)]
  0x00007f94dc086000 JavaThread "Signal Dispatcher" daemon [_thread_blocked, id=17753, stack(0x00007f94e03bb000,0x00007f94e04bc000)]
  0x00007f94dc06f000 JavaThread "Finalizer" daemon [_thread_blocked, id=17752, stack(0x00007f94e04bc000,0x00007f94e05bd000)]
  0x00007f94dc06b000 JavaThread "Reference Handler" daemon [_thread_blocked, id=17751, stack(0x00007f94e05bd000,0x00007f94e06be000)]

Other Threads:
  0x00007f94dc068800 VMThread [stack: 0x00007f94e06be000,0x00007f94e07bf000] [id=17750]
  0x00007f94dc0a0000 WatcherThread [stack: 0x00007f94d8eff000,0x00007f94d9000000] [id=17757]

VM state:not at safepoint (normal execution)

VM Mutex/Monitor currently owned by a thread: None

Heap
 PSYoungGen      total 37888K, used 18035K [0x00000007d6480000, 0x00000007d8e80000, 0x0000000800000000)
  eden space 32768K, 39% used [0x00000007d6480000,0x00000007d7123430,0x00000007d8480000)
  from space 5120K, 99% used [0x00000007d8480000,0x00000007d8979840,0x00000007d8980000)
  to   space 5120K, 0% used [0x00000007d8980000,0x00000007d8980000,0x00000007d8e80000)
 ParOldGen       total 84992K, used 10733K [0x0000000782e00000, 0x0000000788100000, 0x00000007d6480000)
  object space 84992K, 12% used [0x0000000782e00000,0x000000078387b4f8,0x0000000788100000)
 PSPermGen       total 21504K, used 16514K [0x000000077dc00000, 0x000000077f100000, 0x0000000782e00000)
  object space 21504K, 76% used [0x000000077dc00000,0x000000077ec20b20,0x000000077f100000)

Card table byte_map: [0x00007f94e2578000,0x00007f94e298b000] byte_map_base: 0x00007f94de98a000

Polling page: 0x00007f94e4cde000

Code Cache  [0x00007f94d9000000, 0x00007f94d9270000, 0x00007f94dc000000)
 total_blobs=603 nmethods=106 adapters=451 free_code_cache=48351Kb largest_free_block=49479104

Compilation events (10 events):
Event: 5.023 Thread 0x00007f94dc090000  100 % !         com.thoughtworks.xstream.core.util.Base64Encoder::decode @ 111 (197 bytes)
Event: 5.043 Thread 0x00007f94dc090000 nmethod 100% 0x00007f94d90bd510 code [0x00007f94d90bd700, 0x00007f94d90be1f0]
Event: 5.126 Thread 0x00007f94dc093000  101             com.sun.org.apache.xerces.internal.dom.DeferredDocumentImpl::getNodeValueString (417 bytes)
Event: 5.158 Thread 0x00007f94dc090000  102             java.util.ArrayList::size (5 bytes)
Event: 5.158 Thread 0x00007f94dc090000 nmethod 102 0x00007f94d90bfb50 code [0x00007f94d90bfc80, 0x00007f94d90bfcd8]
Event: 5.200 Thread 0x00007f94dc093000 nmethod 101 0x00007f94d90cc390 code [0x00007f94d90cc720, 0x00007f94d90ce1d8]
Event: 5.211 Thread 0x00007f94dc090000  105             java.util.ArrayList::indexOf (67 bytes)
Event: 5.216 Thread 0x00007f94dc093000  106             com.sun.org.apache.xerces.internal.impl.XMLDocumentFragmentScannerImpl::scanDocument (272 bytes)
Event: 5.223 Thread 0x00007f94dc090000 nmethod 105 0x00007f94d90c1550 code [0x00007f94d90c16c0, 0x00007f94d90c1c98]
Event: 5.227 Thread 0x00007f94dc093000 nmethod 106 0x00007f94d90c09d0 code [0x00007f94d90c0bc0, 0x00007f94d90c1030]

GC Heap History (2 events):
Event: 5.060 GC heap before
{Heap before GC invocations=1 (full 0):
 PSYoungGen      total 37888K, used 32768K [0x00000007d6480000, 0x00000007d8e80000, 0x0000000800000000)
  eden space 32768K, 100% used [0x00000007d6480000,0x00000007d8480000,0x00000007d8480000)
  from space 5120K, 0% used [0x00000007d8980000,0x00000007d8980000,0x00000007d8e80000)
  to   space 5120K, 0% used [0x00000007d8480000,0x00000007d8480000,0x00000007d8980000)
 ParOldGen       total 84992K, used 0K [0x0000000782e00000, 0x0000000788100000, 0x00000007d6480000)
  object space 84992K, 0% used [0x0000000782e00000,0x0000000782e00000,0x0000000788100000)
 PSPermGen       total 21504K, used 16450K [0x000000077dc00000, 0x000000077f100000, 0x0000000782e00000)
  object space 21504K, 76% used [0x000000077dc00000,0x000000077ec109e0,0x000000077f100000)
Event: 5.090 GC heap after
Heap after GC invocations=1 (full 0):
 PSYoungGen      total 37888K, used 5094K [0x00000007d6480000, 0x00000007d8e80000, 0x0000000800000000)
  eden space 32768K, 0% used [0x00000007d6480000,0x00000007d6480000,0x00000007d8480000)
  from space 5120K, 99% used [0x00000007d8480000,0x00000007d8979840,0x00000007d8980000)
  to   space 5120K, 0% used [0x00000007d8980000,0x00000007d8980000,0x00000007d8e80000)
 ParOldGen       total 84992K, used 10733K [0x0000000782e00000, 0x0000000788100000, 0x00000007d6480000)
  object space 84992K, 12% used [0x0000000782e00000,0x000000078387b4f8,0x0000000788100000)
 PSPermGen       total 21504K, used 16450K [0x000000077dc00000, 0x000000077f100000, 0x0000000782e00000)
  object space 21504K, 76% used [0x000000077dc00000,0x000000077ec109e0,0x000000077f100000)
}

Deoptimization events (10 events):
Event: 0.812 Thread 0x00007f94dc177800 Uncommon trap: reason=class_check action=maybe_recompile pc=0x00007f94d9077158 method=java.lang.String.equals(Ljava/lang/Object;)Z @ 8
Event: 0.814 Thread 0x00007f94dc177800 Uncommon trap: reason=class_check action=maybe_recompile pc=0x00007f94d9077158 method=java.lang.String.equals(Ljava/lang/Object;)Z @ 8
Event: 0.815 Thread 0x00007f94dc177800 Uncommon trap: reason=class_check action=maybe_recompile pc=0x00007f94d9077158 method=java.lang.String.equals(Ljava/lang/Object;)Z @ 8
Event: 4.903 Thread 0x00007f94dc177800 Uncommon trap: reason=null_check action=make_not_entrant pc=0x00007f94d90b3c44 method=com.thoughtworks.xstream.core.util.WeakCache.get(Ljava/lang/Object;)Ljava/lang/Object; @ 10
Event: 5.189 Thread 0x00007f94dc177800 Uncommon trap: reason=unreached action=reinterpret pc=0x00007f94d90beb70 method=com.thoughtworks.xstream.io.xml.XmlFriendlyNameCoder.encodeName(Ljava/lang/String;)Ljava/lang/String; @ 15
Event: 5.210 Thread 0x00007f94dc177800 Uncommon trap: reason=predicate action=maybe_recompile pc=0x00007f94d909f814 method=java.util.ArrayList.indexOf(Ljava/lang/Object;)I @ 44
Event: 5.216 Thread 0x00007f94dc177800 Uncommon trap: reason=class_check action=maybe_recompile pc=0x00007f94d909eec8 method=com.sun.org.apache.xerces.internal.impl.XMLDocumentScannerImpl.next()I @ 4
Event: 5.216 Thread 0x00007f94dc177800 Uncommon trap: reason=class_check action=maybe_recompile pc=0x00007f94d909eec8 method=com.sun.org.apache.xerces.internal.impl.XMLDocumentScannerImpl.next()I @ 4
Event: 5.217 Thread 0x00007f94dc177800 Uncommon trap: reason=null_check action=make_not_entrant pc=0x00007f94d909e358 method=com.sun.org.apache.xerces.internal.dom.DeferredDocumentImpl.clearChunkValue([[Ljava/lang/Object;II)Ljava/lang/String; @ 11
Event: 5.217 Thread 0x00007f94dc177800 Uncommon trap: reason=class_check action=maybe_recompile pc=0x00007f94d909eec8 method=com.sun.org.apache.xerces.internal.impl.XMLDocumentScannerImpl.next()I @ 4

Internal exceptions (10 events):
Event: 4.741 Thread 0x00007f94dc177800 Threw 0x00000007d73e0ed0 at /HUDSON/workspace/7u-2-build-linux-amd64@2/jdk7u51/527/hotspot/src/share/vm/prims/jvm.cpp:1244
Event: 4.742 Thread 0x00007f94dc177800 Threw 0x00000007d73e3378 at /HUDSON/workspace/7u-2-build-linux-amd64@2/jdk7u51/527/hotspot/src/share/vm/prims/jvm.cpp:1244
Event: 4.743 Thread 0x00007f94dc177800 Threw 0x00000007d73e53c0 at /HUDSON/workspace/7u-2-build-linux-amd64@2/jdk7u51/527/hotspot/src/share/vm/prims/jvm.cpp:1244
Event: 4.744 Thread 0x00007f94dc177800 Threw 0x00000007d73e7c60 at /HUDSON/workspace/7u-2-build-linux-amd64@2/jdk7u51/527/hotspot/src/share/vm/prims/jvm.cpp:1244
Event: 4.745 Thread 0x00007f94dc177800 Threw 0x00000007d73e9d00 at /HUDSON/workspace/7u-2-build-linux-amd64@2/jdk7u51/527/hotspot/src/share/vm/prims/jvm.cpp:1244
Event: 4.749 Thread 0x00007f94dc177800 Threw 0x00000007d73f0878 at /HUDSON/workspace/7u-2-build-linux-amd64@2/jdk7u51/527/hotspot/src/share/vm/prims/jvm.cpp:1244
Event: 4.903 Thread 0x00007f94dc177800 Implicit null exception at 0x00007f94d90b358c to 0x00007f94d90b3c35
Event: 5.134 Thread 0x00007f94dc177800 Threw 0x00000007d6be9860 at /HUDSON/workspace/7u-2-build-linux-amd64@2/jdk7u51/527/hotspot/src/share/vm/prims/jvm.cpp:1244
Event: 5.144 Thread 0x00007f94dc177800 Threw 0x00000007d6bfb820 at /HUDSON/workspace/7u-2-build-linux-amd64@2/jdk7u51/527/hotspot/src/share/vm/prims/jvm.cpp:1244
Event: 5.217 Thread 0x00007f94dc177800 Implicit null exception at 0x00007f94d909e0da to 0x00007f94d909e341

Events (10 events):
Event: 5.222 loading class 0x00007f949801e3b0
Event: 5.222 loading class 0x00007f949801e3b0 done
Event: 5.239 loading class 0x00007f949402a240
Event: 5.239 loading class 0x00007f949402a240 done
Event: 5.239 loading class 0x00007f949403fae0
Event: 5.239 loading class 0x00007f949403fae0 done
Event: 5.246 loading class 0x00007f9498033eb0
Event: 5.246 loading class 0x00007f9498033eb0 done
Event: 5.247 loading class 0x00007f94940cbb90
Event: 5.247 loading class 0x00007f94940cbb90 done


Dynamic libraries:
00400000-00401000 r-xp 00000000 09:02 1851940                            /usr/java/jdk1.7.0_51/bin/java
00600000-00601000 rw-p 00000000 09:02 1851940                            /usr/java/jdk1.7.0_51/bin/java
01582000-015a3000 rw-p 00000000 00:00 0                                  [heap]
77dc00000-77f100000 rw-p 00000000 00:00 0 
77f100000-782e00000 rw-p 00000000 00:00 0 
782e00000-788100000 rw-p 00000000 00:00 0 
788100000-7d6480000 rw-p 00000000 00:00 0 
7d6480000-7d8e80000 rw-p 00000000 00:00 0 
7d8e80000-800000000 rw-p 00000000 00:00 0 
3fb9200000-3fb9220000 r-xp 00000000 09:02 399595                         /lib64/ld-2.12.so
3fb941f000-3fb9420000 r--p 0001f000 09:02 399595                         /lib64/ld-2.12.so
3fb9420000-3fb9421000 rw-p 00020000 09:02 399595                         /lib64/ld-2.12.so
3fb9421000-3fb9422000 rw-p 00000000 00:00 0 
3fb9600000-3fb9683000 r-xp 00000000 09:02 399600                         /lib64/libm-2.12.so
3fb9683000-3fb9882000 ---p 00083000 09:02 399600                         /lib64/libm-2.12.so
3fb9882000-3fb9883000 r--p 00082000 09:02 399600                         /lib64/libm-2.12.so
3fb9883000-3fb9884000 rw-p 00083000 09:02 399600                         /lib64/libm-2.12.so
3fb9a00000-3fb9b8b000 r-xp 00000000 09:02 399596                         /lib64/libc-2.12.so
3fb9b8b000-3fb9d8a000 ---p 0018b000 09:02 399596                         /lib64/libc-2.12.so
3fb9d8a000-3fb9d8e000 r--p 0018a000 09:02 399596                         /lib64/libc-2.12.so
3fb9d8e000-3fb9d8f000 rw-p 0018e000 09:02 399596                         /lib64/libc-2.12.so
3fb9d8f000-3fb9d94000 rw-p 00000000 00:00 0 
3fb9e00000-3fb9e17000 r-xp 00000000 09:02 399598                         /lib64/libpthread-2.12.so
3fb9e17000-3fba017000 ---p 00017000 09:02 399598                         /lib64/libpthread-2.12.so
3fba017000-3fba018000 r--p 00017000 09:02 399598                         /lib64/libpthread-2.12.so
3fba018000-3fba019000 rw-p 00018000 09:02 399598                         /lib64/libpthread-2.12.so
3fba019000-3fba01d000 rw-p 00000000 00:00 0 
3fba200000-3fba202000 r-xp 00000000 09:02 399599                         /lib64/libdl-2.12.so
3fba202000-3fba402000 ---p 00002000 09:02 399599                         /lib64/libdl-2.12.so
3fba402000-3fba403000 r--p 00002000 09:02 399599                         /lib64/libdl-2.12.so
3fba403000-3fba404000 rw-p 00003000 09:02 399599                         /lib64/libdl-2.12.so
3fbaa00000-3fbaa07000 r-xp 00000000 09:02 399602                         /lib64/librt-2.12.so
3fbaa07000-3fbac06000 ---p 00007000 09:02 399602                         /lib64/librt-2.12.so
3fbac06000-3fbac07000 r--p 00006000 09:02 399602                         /lib64/librt-2.12.so
3fbac07000-3fbac08000 rw-p 00007000 09:02 399602                         /lib64/librt-2.12.so
3fbc600000-3fbc61d000 r-xp 00000000 09:02 1736896                        /usr/lib64/libxcb.so.1.1.0
3fbc61d000-3fbc81d000 ---p 0001d000 09:02 1736896                        /usr/lib64/libxcb.so.1.1.0
3fbc81d000-3fbc81e000 rw-p 0001d000 09:02 1736896                        /usr/lib64/libxcb.so.1.1.0
3fbca00000-3fbcb37000 r-xp 00000000 09:02 1736897                        /usr/lib64/libX11.so.6.3.0
3fbcb37000-3fbcd37000 ---p 00137000 09:02 1736897                        /usr/lib64/libX11.so.6.3.0
3fbcd37000-3fbcd3d000 rw-p 00137000 09:02 1736897                        /usr/lib64/libX11.so.6.3.0
3fbce00000-3fbce02000 r-xp 00000000 09:02 1736895                        /usr/lib64/libXau.so.6.0.0
3fbce02000-3fbd002000 ---p 00002000 09:02 1736895                        /usr/lib64/libXau.so.6.0.0
3fbd002000-3fbd003000 rw-p 00002000 09:02 1736895                        /usr/lib64/libXau.so.6.0.0
3fbde00000-3fbde12000 r-xp 00000000 09:02 1736903                        /usr/lib64/libXext.so.6.4.0
3fbde12000-3fbe012000 ---p 00012000 09:02 1736903                        /usr/lib64/libXext.so.6.4.0
3fbe012000-3fbe013000 rw-p 00012000 09:02 1736903                        /usr/lib64/libXext.so.6.4.0
3fbea00000-3fbea09000 r-xp 00000000 09:02 1736898                        /usr/lib64/libXrender.so.1.3.0
3fbea09000-3fbec09000 ---p 00009000 09:02 1736898                        /usr/lib64/libXrender.so.1.3.0
3fbec09000-3fbec0a000 rw-p 00009000 09:02 1736898                        /usr/lib64/libXrender.so.1.3.0
3fbee00000-3fbee0e000 r-xp 00000000 09:02 1736905                        /usr/lib64/libXi.so.6.1.0
3fbee0e000-3fbf00e000 ---p 0000e000 09:02 1736905                        /usr/lib64/libXi.so.6.1.0
3fbf00e000-3fbf00f000 rw-p 0000e000 09:02 1736905                        /usr/lib64/libXi.so.6.1.0
3fc0a00000-3fc0a05000 r-xp 00000000 09:02 1736907                        /usr/lib64/libXfixes.so.3.1.0
3fc0a05000-3fc0c05000 ---p 00005000 09:02 1736907                        /usr/lib64/libXfixes.so.3.1.0
3fc0c05000-3fc0c06000 rw-p 00005000 09:02 1736907                        /usr/lib64/libXfixes.so.3.1.0
3fc2600000-3fc2609000 r-xp 00000000 09:02 1736908                        /usr/lib64/libXcursor.so.1.0.2
3fc2609000-3fc2809000 ---p 00009000 09:02 1736908                        /usr/lib64/libXcursor.so.1.0.2
3fc2809000-3fc280a000 rw-p 00009000 09:02 1736908                        /usr/lib64/libXcursor.so.1.0.2
3fc5e00000-3fc5e16000 r-xp 00000000 09:02 399616                         /lib64/libgcc_s-4.4.7-20120601.so.1
3fc5e16000-3fc6015000 ---p 00016000 09:02 399616                         /lib64/libgcc_s-4.4.7-20120601.so.1
3fc6015000-3fc6016000 rw-p 00015000 09:02 399616                         /lib64/libgcc_s-4.4.7-20120601.so.1
3fc8600000-3fc8605000 r-xp 00000000 09:02 1718247                        /usr/lib64/libXtst.so.6.1.0
3fc8605000-3fc8805000 ---p 00005000 09:02 1718247                        /usr/lib64/libXtst.so.6.1.0
3fc8805000-3fc8806000 rw-p 00005000 09:02 1718247                        /usr/lib64/libXtst.so.6.1.0
7f9474000000-7f9474021000 rw-p 00000000 00:00 0 
7f9474021000-7f9478000000 ---p 00000000 00:00 0 
7f9478000000-7f9478021000 rw-p 00000000 00:00 0 
7f9478021000-7f947c000000 ---p 00000000 00:00 0 
7f947c000000-7f947c021000 rw-p 00000000 00:00 0 
7f947c021000-7f9480000000 ---p 00000000 00:00 0 
7f9480000000-7f948042d000 rw-p 00000000 00:00 0 
7f948042d000-7f9484000000 ---p 00000000 00:00 0 
7f9484000000-7f9484021000 rw-p 00000000 00:00 0 
7f9484021000-7f9488000000 ---p 00000000 00:00 0 
7f9488000000-7f9488021000 rw-p 00000000 00:00 0 
7f9488021000-7f948c000000 ---p 00000000 00:00 0 
7f948c000000-7f948c021000 rw-p 00000000 00:00 0 
7f948c021000-7f9490000000 ---p 00000000 00:00 0 
7f9490000000-7f9490021000 rw-p 00000000 00:00 0 
7f9490021000-7f9494000000 ---p 00000000 00:00 0 
7f9494000000-7f949457a000 rw-p 00000000 00:00 0 
7f949457a000-7f9498000000 ---p 00000000 00:00 0 
7f9498000000-7f9498735000 rw-p 00000000 00:00 0 
7f9498735000-7f949c000000 ---p 00000000 00:00 0 
7f949c000000-7f949c021000 rw-p 00000000 00:00 0 
7f949c021000-7f94a0000000 ---p 00000000 00:00 0 
7f94a216f000-7f94a8000000 r--p 00000000 09:02 1705722                    /usr/lib/locale/locale-archive
7f94a8000000-7f94a8021000 rw-p 00000000 00:00 0 
7f94a8021000-7f94ac000000 ---p 00000000 00:00 0 
7f94ac000000-7f94ac021000 rw-p 00000000 00:00 0 
7f94ac021000-7f94b0000000 ---p 00000000 00:00 0 
7f94b0000000-7f94b0021000 rw-p 00000000 00:00 0 
7f94b0021000-7f94b4000000 ---p 00000000 00:00 0 
7f94b7ee0000-7f94bc000000 rw-p 00000000 00:00 0 
7f94bc000000-7f94bc021000 rw-p 00000000 00:00 0 
7f94bc021000-7f94c0000000 ---p 00000000 00:00 0 
7f94c4000000-7f94c4021000 rw-p 00000000 00:00 0 
7f94c4021000-7f94c8000000 ---p 00000000 00:00 0 
7f94cc000000-7f94cc021000 rw-p 00000000 00:00 0 
7f94cc021000-7f94d0000000 ---p 00000000 00:00 0 
7f94d3904000-7f94d3a6f000 rw-p 00000000 00:00 0 
7f94d3a6f000-7f94d3a72000 ---p 00000000 00:00 0 
7f94d3a72000-7f94d3b70000 rw-p 00000000 00:00 0 
7f94d3b70000-7f94d3bd8000 r-xp 00000000 09:02 1852112                    /usr/java/jdk1.7.0_51/jre/lib/amd64/libt2k.so
7f94d3bd8000-7f94d3dd8000 ---p 00068000 09:02 1852112                    /usr/java/jdk1.7.0_51/jre/lib/amd64/libt2k.so
7f94d3dd8000-7f94d3ddf000 rw-p 00068000 09:02 1852112                    /usr/java/jdk1.7.0_51/jre/lib/amd64/libt2k.so
7f94d3ddf000-7f94d3def000 rw-p 00000000 00:00 0 
7f94d3def000-7f94d3dff000 r-xp 00000000 09:02 1852104                    /usr/java/jdk1.7.0_51/jre/lib/amd64/libnio.so
7f94d3dff000-7f94d3fff000 ---p 00010000 09:02 1852104                    /usr/java/jdk1.7.0_51/jre/lib/amd64/libnio.so
7f94d3fff000-7f94d4000000 rw-p 00010000 09:02 1852104                    /usr/java/jdk1.7.0_51/jre/lib/amd64/libnio.so
7f94d4000000-7f94d4021000 rw-p 00000000 00:00 0 
7f94d4021000-7f94d8000000 ---p 00000000 00:00 0 
7f94d8043000-7f94d8046000 ---p 00000000 00:00 0 
7f94d8046000-7f94d8144000 rw-p 00000000 00:00 0 
7f94d8144000-7f94d815a000 r-xp 00000000 09:02 1852103                    /usr/java/jdk1.7.0_51/jre/lib/amd64/libnet.so
7f94d815a000-7f94d835a000 ---p 00016000 09:02 1852103                    /usr/java/jdk1.7.0_51/jre/lib/amd64/libnet.so
7f94d835a000-7f94d835b000 rw-p 00016000 09:02 1852103                    /usr/java/jdk1.7.0_51/jre/lib/amd64/libnet.so
7f94d835b000-7f94d83c0000 r-xp 00000000 09:02 1852075                    /usr/java/jdk1.7.0_51/jre/lib/amd64/libfontmanager.so
7f94d83c0000-7f94d85bf000 ---p 00065000 09:02 1852075                    /usr/java/jdk1.7.0_51/jre/lib/amd64/libfontmanager.so
7f94d85bf000-7f94d85c3000 rw-p 00064000 09:02 1852075                    /usr/java/jdk1.7.0_51/jre/lib/amd64/libfontmanager.so
7f94d85c3000-7f94d85d4000 rw-p 00000000 00:00 0 
7f94d85d4000-7f94d85d7000 ---p 00000000 00:00 0 
7f94d85d7000-7f94d86d5000 rw-p 00000000 00:00 0 
7f94d86d5000-7f94d86d8000 ---p 00000000 00:00 0 
7f94d86d8000-7f94d87d6000 rw-p 00000000 00:00 0 
7f94d87d6000-7f94d87d9000 ---p 00000000 00:00 0 
7f94d87d9000-7f94d88d7000 rw-p 00000000 00:00 0 
7f94d88d7000-7f94d88da000 ---p 00000000 00:00 0 
7f94d88da000-7f94d89d8000 rw-p 00000000 00:00 0 
7f94d89d8000-7f94d8a28000 r-xp 00000000 09:02 1852121                    /usr/java/jdk1.7.0_51/jre/lib/amd64/xawt/libmawt.so
7f94d8a28000-7f94d8c28000 ---p 00050000 09:02 1852121                    /usr/java/jdk1.7.0_51/jre/lib/amd64/xawt/libmawt.so
7f94d8c28000-7f94d8c2c000 rw-p 00050000 09:02 1852121                    /usr/java/jdk1.7.0_51/jre/lib/amd64/xawt/libmawt.so
7f94d8c2c000-7f94d8c2d000 rw-p 00000000 00:00 0 
7f94d8c2d000-7f94d8ccf000 r-xp 00000000 09:02 1852071                    /usr/java/jdk1.7.0_51/jre/lib/amd64/libawt.so
7f94d8ccf000-7f94d8ecf000 ---p 000a2000 09:02 1852071                    /usr/java/jdk1.7.0_51/jre/lib/amd64/libawt.so
7f94d8ecf000-7f94d8edb000 rw-p 000a2000 09:02 1852071                    /usr/java/jdk1.7.0_51/jre/lib/amd64/libawt.so
7f94d8edb000-7f94d8eff000 rw-p 00000000 00:00 0 
7f94d8eff000-7f94d8f00000 ---p 00000000 00:00 0 
7f94d8f00000-7f94d9000000 rw-p 00000000 00:00 0 
7f94d9000000-7f94d9270000 rwxp 00000000 00:00 0 
7f94d9270000-7f94dc191000 rw-p 00000000 00:00 0 
7f94dc191000-7f94e0000000 ---p 00000000 00:00 0 
7f94e004b000-7f94e0056000 r--s 000af000 09:02 1852359                    /usr/java/jdk1.7.0_51/jre/lib/resources.jar
7f94e0056000-7f94e0076000 rw-s 00000000 00:04 12615706                   /SYSV00000000 (deleted)
7f94e0076000-7f94e00a7000 rw-p 00000000 00:00 0 
7f94e00a7000-7f94e00b3000 r--s 0006a000 00:13 193274032643               /auto/users/lindell/classes/git/record_indexer/lib/xstream-1.4.2.jar
7f94e00b3000-7f94e00b8000 r--s 00309000 00:13 193274032642               /auto/users/lindell/classes/git/record_indexer/lib/sqlite-jdbc-3.7.2.jar
7f94e00b8000-7f94e00bb000 ---p 00000000 00:00 0 
7f94e00bb000-7f94e01b9000 rw-p 00000000 00:00 0 
7f94e01b9000-7f94e01bc000 ---p 00000000 00:00 0 
7f94e01bc000-7f94e02ba000 rw-p 00000000 00:00 0 
7f94e02ba000-7f94e02bd000 ---p 00000000 00:00 0 
7f94e02bd000-7f94e03bb000 rw-p 00000000 00:00 0 
7f94e03bb000-7f94e03be000 ---p 00000000 00:00 0 
7f94e03be000-7f94e04bc000 rw-p 00000000 00:00 0 
7f94e04bc000-7f94e04bf000 ---p 00000000 00:00 0 
7f94e04bf000-7f94e05bd000 rw-p 00000000 00:00 0 
7f94e05bd000-7f94e05c0000 ---p 00000000 00:00 0 
7f94e05c0000-7f94e06be000 rw-p 00000000 00:00 0 
7f94e06be000-7f94e06bf000 ---p 00000000 00:00 0 
7f94e06bf000-7f94e17be000 rw-p 00000000 00:00 0 
7f94e17be000-7f94e197b000 r--s 039bf000 09:02 1852817                    /usr/java/jdk1.7.0_51/jre/lib/rt.jar
7f94e197b000-7f94e1eaf000 rw-p 00000000 00:00 0 
7f94e1eaf000-7f94e1eb0000 ---p 00000000 00:00 0 
7f94e1eb0000-7f94e1fb0000 rw-p 00000000 00:00 0 
7f94e1fb0000-7f94e1fb1000 ---p 00000000 00:00 0 
7f94e1fb1000-7f94e20b1000 rw-p 00000000 00:00 0 
7f94e20b1000-7f94e20b2000 ---p 00000000 00:00 0 
7f94e20b2000-7f94e21b2000 rw-p 00000000 00:00 0 
7f94e21b2000-7f94e21b3000 ---p 00000000 00:00 0 
7f94e21b3000-7f94e22be000 rw-p 00000000 00:00 0 
7f94e22be000-7f94e22dc000 rw-p 00000000 00:00 0 
7f94e22dc000-7f94e2306000 rw-p 00000000 00:00 0 
7f94e2306000-7f94e2578000 rw-p 00000000 00:00 0 
7f94e2578000-7f94e2583000 rw-p 00000000 00:00 0 
7f94e2583000-7f94e25a1000 rw-p 00000000 00:00 0 
7f94e25a1000-7f94e25cb000 rw-p 00000000 00:00 0 
7f94e25cb000-7f94e283c000 rw-p 00000000 00:00 0 
7f94e283c000-7f94e2852000 rw-p 00000000 00:00 0 
7f94e2852000-7f94e298a000 rw-p 00000000 00:00 0 
7f94e298a000-7f94e2995000 rw-p 00000000 00:00 0 
7f94e2995000-7f94e2a4b000 rw-p 00000000 00:00 0 
7f94e2a4b000-7f94e2a65000 r-xp 00000000 09:02 1852115                    /usr/java/jdk1.7.0_51/jre/lib/amd64/libzip.so
7f94e2a65000-7f94e2c65000 ---p 0001a000 09:02 1852115                    /usr/java/jdk1.7.0_51/jre/lib/amd64/libzip.so
7f94e2c65000-7f94e2c66000 rw-p 0001a000 09:02 1852115                    /usr/java/jdk1.7.0_51/jre/lib/amd64/libzip.so
7f94e2c66000-7f94e32e4000 r--s 00000000 09:02 1048685                    /var/lib/sss/mc/passwd
7f94e32e4000-7f94e32eb000 r-xp 00000000 09:02 393435                     /lib64/libnss_sss.so.2
7f94e32eb000-7f94e34eb000 ---p 00007000 09:02 393435                     /lib64/libnss_sss.so.2
7f94e34eb000-7f94e34ec000 rw-p 00007000 09:02 393435                     /lib64/libnss_sss.so.2
7f94e34ec000-7f94e34f8000 r-xp 00000000 09:02 393246                     /lib64/libnss_files-2.12.so
7f94e34f8000-7f94e36f8000 ---p 0000c000 09:02 393246                     /lib64/libnss_files-2.12.so
7f94e36f8000-7f94e36f9000 r--p 0000c000 09:02 393246                     /lib64/libnss_files-2.12.so
7f94e36f9000-7f94e36fa000 rw-p 0000d000 09:02 393246                     /lib64/libnss_files-2.12.so
7f94e36fe000-7f94e3704000 r--s 00034000 00:13 193274032641               /auto/users/lindell/classes/git/record_indexer/lib/junit-4.8.2.jar
7f94e3704000-7f94e3708000 r--s 0002a000 00:13 197579983280               /auto/users/lindell/classes/git/record_indexer/lib/commons-io-2.4.jar
7f94e3708000-7f94e370f000 r--s 000aa000 00:13 77321292650                /auto/users/lindell/classes/git/record_indexer/lib/commons-io-2.4-javadoc.jar
7f94e370f000-7f94e3738000 r-xp 00000000 09:02 1852085                    /usr/java/jdk1.7.0_51/jre/lib/amd64/libjava.so
7f94e3738000-7f94e3938000 ---p 00029000 09:02 1852085                    /usr/java/jdk1.7.0_51/jre/lib/amd64/libjava.so
7f94e3938000-7f94e393a000 rw-p 00029000 09:02 1852085                    /usr/java/jdk1.7.0_51/jre/lib/amd64/libjava.so
7f94e393a000-7f94e3947000 r-xp 00000000 09:02 1852114                    /usr/java/jdk1.7.0_51/jre/lib/amd64/libverify.so
7f94e3947000-7f94e3b46000 ---p 0000d000 09:02 1852114                    /usr/java/jdk1.7.0_51/jre/lib/amd64/libverify.so
7f94e3b46000-7f94e3b48000 rw-p 0000c000 09:02 1852114                    /usr/java/jdk1.7.0_51/jre/lib/amd64/libverify.so
7f94e3b48000-7f94e3b4b000 ---p 00000000 00:00 0 
7f94e3b4b000-7f94e3c49000 rw-p 00000000 00:00 0 
7f94e3c49000-7f94e47ab000 r-xp 00000000 09:02 1852119                    /usr/java/jdk1.7.0_51/jre/lib/amd64/server/libjvm.so
7f94e47ab000-7f94e49ab000 ---p 00b62000 09:02 1852119                    /usr/java/jdk1.7.0_51/jre/lib/amd64/server/libjvm.so
7f94e49ab000-7f94e4a6e000 rw-p 00b62000 09:02 1852119                    /usr/java/jdk1.7.0_51/jre/lib/amd64/server/libjvm.so
7f94e4a6e000-7f94e4ab2000 rw-p 00000000 00:00 0 
7f94e4ab2000-7f94e4ac8000 r-xp 00000000 09:02 145503                     /usr/java/jdk1.7.0_51/lib/amd64/jli/libjli.so
7f94e4ac8000-7f94e4cc8000 ---p 00016000 09:02 145503                     /usr/java/jdk1.7.0_51/lib/amd64/jli/libjli.so
7f94e4cc8000-7f94e4cc9000 rw-p 00016000 09:02 145503                     /usr/java/jdk1.7.0_51/lib/amd64/jli/libjli.so
7f94e4cc9000-7f94e4cca000 rw-p 00000000 00:00 0 
7f94e4ccb000-7f94e4ccd000 rw-p 00000000 00:00 0 
7f94e4ccd000-7f94e4ccf000 r--s 0000c000 00:13 21489152252                /auto/users/lindell/bin/eclipse/plugins/org.hamcrest.core_1.3.0.v201303031735.jar
7f94e4ccf000-7f94e4cd5000 r--s 00036000 00:13 120261783877               /auto/users/lindell/bin/eclipse/plugins/org.junit_4.11.0.v201303080030/junit.jar
7f94e4cd5000-7f94e4cdd000 rw-s 00000000 09:03 7602180                    /tmp/hsperfdata_lindell/17739
7f94e4cdd000-7f94e4cde000 rw-p 00000000 00:00 0 
7f94e4cde000-7f94e4cdf000 r--p 00000000 00:00 0 
7f94e4cdf000-7f94e4ce0000 rw-p 00000000 00:00 0 
7fff1b392000-7fff1b3a7000 rw-p 00000000 00:00 0                          [stack]
7fff1b3e7000-7fff1b3e8000 r-xp 00000000 00:00 0                          [vdso]
ffffffffff600000-ffffffffff601000 r-xp 00000000 00:00 0                  [vsyscall]

VM Arguments:
jvm_args: -Dfile.encoding=UTF-8 
java_command: client.gui.RecordIndexer localhost 39640
Launcher Type: SUN_STANDARD

Environment Variables:
PATH=/auto/users/lindell/bin/eclipse:/auto/users/lindell/bin:/auto/app/anaconda/envs/py34/bin:/usr/lib64/qt-3.3/bin:/usr/local/bin:/usr/bin:/bin:/usr/local/sbin:/usr/sbin:/sbin
USERNAME=lindell
SHELL=/bin/bash
DISPLAY=:0.0

Signal Handlers:
SIGSEGV: [libjvm.so+0x993870], sa_mask[0]=0x7ffbfeff, sa_flags=0x10000004
SIGBUS: [libjvm.so+0x993870], sa_mask[0]=0x7ffbfeff, sa_flags=0x10000004
SIGFPE: [libjvm.so+0x8105b0], sa_mask[0]=0x7ffbfeff, sa_flags=0x10000004
SIGPIPE: [libjvm.so+0x8105b0], sa_mask[0]=0x7ffbfeff, sa_flags=0x10000004
SIGXFSZ: [libjvm.so+0x8105b0], sa_mask[0]=0x7ffbfeff, sa_flags=0x10000004
SIGILL: [libjvm.so+0x8105b0], sa_mask[0]=0x7ffbfeff, sa_flags=0x10000004
SIGUSR1: SIG_DFL, sa_mask[0]=0x00000000, sa_flags=0x00000000
SIGUSR2: [libjvm.so+0x811aa0], sa_mask[0]=0x00000004, sa_flags=0x10000004
SIGHUP: [libjvm.so+0x812a10], sa_mask[0]=0x7ffbfeff, sa_flags=0x10000004
SIGINT: [libjvm.so+0x812a10], sa_mask[0]=0x7ffbfeff, sa_flags=0x10000004
SIGTERM: [libjvm.so+0x812a10], sa_mask[0]=0x7ffbfeff, sa_flags=0x10000004
SIGQUIT: [libjvm.so+0x812a10], sa_mask[0]=0x7ffbfeff, sa_flags=0x10000004


---------------  S Y S T E M  ---------------

OS:Red Hat Enterprise Linux Server release 6.5 (Santiago)

uname:Linux 2.6.32-431.17.1.el6.x86_64 #1 SMP Fri Apr 11 17:27:00 EDT 2014 x86_64
libc:glibc 2.12 NPTL 2.12 
rlimit: STACK 10240k, CORE 0k, NPROC 1024, NOFILE 4096, AS infinity
load average:0.44 0.50 0.38

/proc/meminfo:
MemTotal:        8193028 kB
MemFree:         5353600 kB
Buffers:           80292 kB
Cached:           828660 kB
SwapCached:            0 kB
Active:          1929608 kB
Inactive:         671100 kB
Active(anon):    1692484 kB
Inactive(anon):    10744 kB
Active(file):     237124 kB
Inactive(file):   660356 kB
Unevictable:           0 kB
Mlocked:               0 kB
SwapTotal:       8387576 kB
SwapFree:        8387576 kB
Dirty:               136 kB
Writeback:             0 kB
AnonPages:       1661064 kB
Mapped:           202812 kB
Shmem:             11428 kB
Slab:              82248 kB
SReclaimable:      38368 kB
SUnreclaim:        43880 kB
KernelStack:        4192 kB
PageTables:        43276 kB
NFS_Unstable:          0 kB
Bounce:                0 kB
WritebackTmp:          0 kB
CommitLimit:    12484088 kB
Committed_AS:    3602396 kB
VmallocTotal:   34359738367 kB
VmallocUsed:       66620 kB
VmallocChunk:   34353958908 kB
HardwareCorrupted:     0 kB
AnonHugePages:   1087488 kB
HugePages_Total:       0
HugePages_Free:        0
HugePages_Rsvd:        0
HugePages_Surp:        0
Hugepagesize:       2048 kB
DirectMap4k:      104420 kB
DirectMap2M:     8284160 kB


CPU:total 4 (2 cores per cpu, 1 threads per core) family 15 model 33 stepping 2, cmov, cx8, fxsr, mmx, sse, sse2, sse3, mmxext, 3dnowpref, tsc

/proc/cpuinfo:
processor	: 0
vendor_id	: AuthenticAMD
cpu family	: 15
model		: 33
model name	: Dual Core AMD Opteron(tm) Processor 270
stepping	: 2
cpu MHz		: 1994.715
cache size	: 1024 KB
physical id	: 0
siblings	: 2
core id		: 0
cpu cores	: 2
apicid		: 0
initial apicid	: 0
fpu		: yes
fpu_exception	: yes
cpuid level	: 1
wp		: yes
flags		: fpu vme de pse tsc msr pae mce cx8 apic sep mtrr pge mca cmov pat pse36 clflush mmx fxsr sse sse2 ht syscall nx mmxext fxsr_opt lm 3dnowext 3dnow rep_good pni lahf_lm cmp_legacy
bogomips	: 3989.43
TLB size	: 1024 4K pages
clflush size	: 64
cache_alignment	: 64
address sizes	: 40 bits physical, 48 bits virtual
power management: ts fid vid ttp

processor	: 1
vendor_id	: AuthenticAMD
cpu family	: 15
model		: 33
model name	: Dual Core AMD Opteron(tm) Processor 270
stepping	: 2
cpu MHz		: 1994.715
cache size	: 1024 KB
physical id	: 0
siblings	: 2
core id		: 1
cpu cores	: 2
apicid		: 1
initial apicid	: 1
fpu		: yes
fpu_exception	: yes
cpuid level	: 1
wp		: yes
flags		: fpu vme de pse tsc msr pae mce cx8 apic sep mtrr pge mca cmov pat pse36 clflush mmx fxsr sse sse2 ht syscall nx mmxext fxsr_opt lm 3dnowext 3dnow rep_good pni lahf_lm cmp_legacy
bogomips	: 3988.56
TLB size	: 1024 4K pages
clflush size	: 64
cache_alignment	: 64
address sizes	: 40 bits physical, 48 bits virtual
power management: ts fid vid ttp

processor	: 2
vendor_id	: AuthenticAMD
cpu family	: 15
model		: 33
model name	: Dual Core AMD Opteron(tm) Processor 270
stepping	: 2
cpu MHz		: 1994.715
cache size	: 1024 KB
physical id	: 1
siblings	: 2
core id		: 0
cpu cores	: 2
apicid		: 2
initial apicid	: 2
fpu		: yes
fpu_exception	: yes
cpuid level	: 1
wp		: yes
flags		: fpu vme de pse tsc msr pae mce cx8 apic sep mtrr pge mca cmov pat pse36 clflush mmx fxsr sse sse2 ht syscall nx mmxext fxsr_opt lm 3dnowext 3dnow rep_good pni lahf_lm cmp_legacy
bogomips	: 3988.58
TLB size	: 1024 4K pages
clflush size	: 64
cache_alignment	: 64
address sizes	: 40 bits physical, 48 bits virtual
power management: ts fid vid ttp

processor	: 3
vendor_id	: AuthenticAMD
cpu family	: 15
model		: 33
model name	: Dual Core AMD Opteron(tm) Processor 270
stepping	: 2
cpu MHz		: 1994.715
cache size	: 1024 KB
physical id	: 1
siblings	: 2
core id		: 1
cpu cores	: 2
apicid		: 3
initial apicid	: 3
fpu		: yes
fpu_exception	: yes
cpuid level	: 1
wp		: yes
flags		: fpu vme de pse tsc msr pae mce cx8 apic sep mtrr pge mca cmov pat pse36 clflush mmx fxsr sse sse2 ht syscall nx mmxext fxsr_opt lm 3dnowext 3dnow rep_good pni lahf_lm cmp_legacy
bogomips	: 3988.58
TLB size	: 1024 4K pages
clflush size	: 64
cache_alignment	: 64
address sizes	: 40 bits physical, 48 bits virtual
power management: ts fid vid ttp



Memory: 4k page, physical 8193028k(5353600k free), swap 8387576k(8387576k free)

vm_info: Java HotSpot(TM) 64-Bit Server VM (24.51-b03) for linux-amd64 JRE (1.7.0_51-b13), built on Dec 18 2013 18:48:01 by "java_re" with gcc 4.3.0 20080428 (Red Hat 4.3.0-8)

time: Sat Jun 14 22:22:24 2014
elapsed time: 5 seconds

