#
# A fatal error has been detected by the Java Runtime Environment:
#
#  SIGSEGV (0xb) at pc=0x00007f1157b5cde7, pid=18013, tid=139712456898304
#
# JRE version: Java(TM) SE Runtime Environment (7.0_51-b13) (build 1.7.0_51-b13)
# Java VM: Java HotSpot(TM) 64-Bit Server VM (24.51-b03 mixed mode linux-amd64 compressed oops)
# Problematic frame:
# C  [libawt.so+0x30de7]  GetSDOps+0x47
#
# Failed to write core dump. Core dumps have been disabled. To enable core dumping, try "ulimit -c unlimited" before starting Java again
#
# If you would like to submit a bug report, please visit:
#   http://bugreport.sun.com/bugreport/crash.jsp
# The crash happened outside the Java Virtual Machine in native code.
# See problematic frame for where to report the bug.
#

---------------  T H R E A D  ---------------

Current thread (0x00007f1160167800):  JavaThread "AWT-EventQueue-0" [_thread_in_native, id=18036, stack(0x00007f11574d3000,0x00007f11575d4000)]

siginfo:si_signo=SIGSEGV: si_errno=0, si_code=1 (SEGV_MAPERR), si_addr=0x00007f61ac07b380

Registers:
RAX=0x00007f61ac07b360, RBX=0x00007f11601679e8, RCX=0x00007f11575cf1a0, RDX=0x0000000000000042
RSP=0x00007f11575cef20, RBP=0x00007f11575cef40, RSI=0x00007f11575cf398, RDI=0x00007f11601679e8
R8 =0x00007f11575cf388, R9 =0x0000000783333a58, R10=0x0000000000000058, R11=0x00007f11679ae008
R12=0x00007f11575cf398, R13=0x00007f61ac07b360, R14=0x0000000000000001, R15=0x00007f11575cf390
RIP=0x00007f1157b5cde7, EFLAGS=0x0000000000010202, CSGSFS=0x0000000000000033, ERR=0x0000000000000004
  TRAPNO=0x000000000000000e

Top of Stack: (sp=0x00007f11575cef20)
0x00007f11575cef20:   00007f11575cf388 00007f11575cf380
0x00007f11575cef30:   00007f11575cf398 00007f11601679e8
0x00007f11575cef40:   00007f11575cf220 00007f1157b5f9ab
0x00007f11575cef50:   000000000000002f 00007f11575cef08
0x00007f11575cef60:   00007f11575cef49 0000000800000002
0x00007f11575cef70:   00007f112000a300 00000007d6d3c410
0x00007f11575cef80:   00007f112000a378 00007f112000a378
0x00007f11575cef90:   00007f112000a370 00007f112000a370
0x00007f11575cefa0:   00000007fffffffe 00007f11575cf1a0
0x00007f11575cefb0:   0000000000000000 00007f1160167800
0x00007f11575cefc0:   407382aaaaaaaaab 4087000000000002
0x00007f11575cefd0:   4067caaaaaaaaaa7 4081a80000000000
0x00007f11575cefe0:   000000077dc1cd08 0000000000000000
0x00007f11575ceff0:   00007f11575cf0b0 00007f116734ca39
0x00007f11575cf000:   00007f1157dd6a70 00007f112000a348
0x00007f11575cf010:   00007f11575cf1ef 00007f112000a348
0x00007f11575cf020:   00007f116794de30 0000005000000000
0x00007f11575cf030:   0000000000000026 0000000000000000
0x00007f11575cf040:   0000000000000000 00007f112000a020
0x00007f11575cf050:   00007f11575cf070 00007f1167436379
0x00007f11575cf060:   00007f11575cf080 00007f11575cf0a0
0x00007f11575cf070:   00007f11575cf090 00007f1167436c01
0x00007f11575cf080:   00007f11575cf0a0 00007f11575cf100
0x00007f11575cf090:   00007f11575cf0e0 00007f11673385fe
0x00007f11575cf0a0:   00007f116792c6d0 00007f116012a610
0x00007f11575cf0b0:   0000000000000067 000000000000000e
0x00007f11575cf0c0:   00007f1100000000 00007f116012a611
0x00007f11575cf0d0:   00007f1160167800 00007f112000a348
0x00007f11575cf0e0:   00007f11575cf1a0 00007f116715d963
0x00007f11575cf0f0:   00007f112000a348 00007f11575cf3a0
0x00007f11575cf100:   00007f11679585f0 00007f116012a610
0x00007f11575cf110:   0000000000000066 00007f116734d74e 

Instructions: (pc=0x00007f1157b5cde7)
0x00007f1157b5cdc7:   00 00 00 48 8b 07 48 8b 15 ec 00 28 00 ff 90 28
0x00007f1157b5cdd7:   03 00 00 48 85 c0 49 89 c5 74 2e 45 84 f6 74 11
0x00007f1157b5cde7:   48 8b 40 20 48 85 c0 74 08 4c 89 ee 48 89 df ff
0x00007f1157b5cdf7:   d0 4c 89 e8 48 8b 1c 24 4c 8b 64 24 08 4c 8b 6c 

Register to memory mapping:

RAX=0x00007f61ac07b360 is an unknown value
RBX=0x00007f11601679e8 is an unknown value
RCX=0x00007f11575cf1a0 is pointing into the stack for thread: 0x00007f1160167800
RDX=0x0000000000000042 is an unknown value
RSP=0x00007f11575cef20 is pointing into the stack for thread: 0x00007f1160167800
RBP=0x00007f11575cef40 is pointing into the stack for thread: 0x00007f1160167800
RSI=0x00007f11575cf398 is pointing into the stack for thread: 0x00007f1160167800
RDI=0x00007f11601679e8 is an unknown value
R8 =0x00007f11575cf388 is pointing into the stack for thread: 0x00007f1160167800
R9 =0x0000000783333a58 is an oop
sun.awt.image.BufImgSurfaceData 
 - klass: 'sun/awt/image/BufImgSurfaceData'
R10=0x0000000000000058 is an unknown value
R11=0x00007f11679ae008: <offset 0xe3c008> in /usr/java/jdk1.7.0_51/jre/lib/amd64/server/libjvm.so at 0x00007f1166b72000
R12=0x00007f11575cf398 is pointing into the stack for thread: 0x00007f1160167800
R13=0x00007f61ac07b360 is an unknown value
R14=0x0000000000000001 is an unknown value
R15=0x00007f11575cf390 is pointing into the stack for thread: 0x00007f1160167800


Stack: [0x00007f11574d3000,0x00007f11575d4000],  sp=0x00007f11575cef20,  free space=1007k
Native frames: (J=compiled Java code, j=interpreted, Vv=VM code, C=native code)
C  [libawt.so+0x30de7]  GetSDOps+0x47
C  [libawt.so+0x339ab]  Java_sun_java2d_loops_ScaledBlit_Scale+0xbb
j  sun.java2d.loops.ScaledBlit.Scale(Lsun/java2d/SurfaceData;Lsun/java2d/SurfaceData;Ljava/awt/Composite;Lsun/java2d/pipe/Region;IIIIDDDD)V+0
j  sun.java2d.pipe.DrawImage.scaleSurfaceData(Lsun/java2d/SunGraphics2D;Lsun/java2d/pipe/Region;Lsun/java2d/SurfaceData;Lsun/java2d/SurfaceData;Lsun/java2d/loops/SurfaceType;Lsun/java2d/loops/SurfaceType;IIIIDDDD)Z+72
j  sun.java2d.pipe.DrawImage.renderImageScale(Lsun/java2d/SunGraphics2D;Ljava/awt/Image;Ljava/awt/Color;IIIIIDDDD)Z+97
j  sun.java2d.pipe.DrawImage.tryCopyOrScale(Lsun/java2d/SunGraphics2D;Ljava/awt/Image;IIIILjava/awt/Color;I[D)Z+176
j  sun.java2d.pipe.DrawImage.transformImage(Lsun/java2d/SunGraphics2D;Ljava/awt/Image;Ljava/awt/geom/AffineTransform;IIIIILjava/awt/Color;)V+97
j  sun.java2d.pipe.DrawImage.scaleImage(Lsun/java2d/SunGraphics2D;Ljava/awt/Image;IIIIIIIILjava/awt/Color;)Z+467
j  sun.java2d.pipe.DrawImage.copyImage(Lsun/java2d/SunGraphics2D;Ljava/awt/Image;IIIIIILjava/awt/Color;)Z+68
j  sun.java2d.pipe.DrawImage.copyImage(Lsun/java2d/SunGraphics2D;Ljava/awt/Image;IIIIIILjava/awt/Color;Ljava/awt/image/ImageObserver;)Z+23
j  sun.java2d.pipe.ValidatePipe.copyImage(Lsun/java2d/SunGraphics2D;Ljava/awt/Image;IIIIIILjava/awt/Color;Ljava/awt/image/ImageObserver;)Z+29
j  sun.java2d.SunGraphics2D.copyImage(Ljava/awt/Image;IIIIIILjava/awt/Color;Ljava/awt/image/ImageObserver;)Z+20
j  sun.java2d.SunGraphics2D.drawImage(Ljava/awt/Image;IIIIIIIILjava/awt/Color;Ljava/awt/image/ImageObserver;)Z+185
j  sun.java2d.SunGraphics2D.drawImage(Ljava/awt/Image;IIIIIIIILjava/awt/image/ImageObserver;)Z+19
j  client.gui.ImagePanel$DrawingImage.draw(Ljava/awt/Graphics2D;)V+52
j  client.gui.ImagePanel.paintComponent(Ljava/awt/Graphics;)V+93
j  javax.swing.JComponent.paint(Ljava/awt/Graphics;)V+286
j  javax.swing.JComponent.paintChildren(Ljava/awt/Graphics;)V+501
j  javax.swing.JSplitPane.paintChildren(Ljava/awt/Graphics;)V+2
j  javax.swing.JComponent.paint(Ljava/awt/Graphics;)V+318
j  javax.swing.JComponent.paintChildren(Ljava/awt/Graphics;)V+501
j  javax.swing.JComponent.paint(Ljava/awt/Graphics;)V+318
j  javax.swing.JComponent.paintChildren(Ljava/awt/Graphics;)V+501
j  javax.swing.JComponent.paint(Ljava/awt/Graphics;)V+318
j  javax.swing.JLayeredPane.paint(Ljava/awt/Graphics;)V+73
j  javax.swing.JComponent.paintChildren(Ljava/awt/Graphics;)V+501
j  javax.swing.JComponent.paintToOffscreen(Ljava/awt/Graphics;IIIIII)V+72
j  javax.swing.BufferStrategyPaintManager.paint(Ljavax/swing/JComponent;Ljavax/swing/JComponent;Ljava/awt/Graphics;IIII)Z+157
j  javax.swing.RepaintManager.paint(Ljavax/swing/JComponent;Ljavax/swing/JComponent;Ljava/awt/Graphics;IIII)V+52
j  javax.swing.JComponent.paint(Ljava/awt/Graphics;)V+221
j  java.awt.GraphicsCallback$PaintCallback.run(Ljava/awt/Component;Ljava/awt/Graphics;)V+2
j  sun.awt.SunGraphicsCallback.runOneComponent(Ljava/awt/Component;Ljava/awt/Rectangle;Ljava/awt/Graphics;Ljava/awt/Shape;I)V+155
j  sun.awt.SunGraphicsCallback.runComponents([Ljava/awt/Component;Ljava/awt/Graphics;I)V+194
j  java.awt.Container.paint(Ljava/awt/Graphics;)V+58
j  java.awt.Window.paint(Ljava/awt/Graphics;)V+68
j  javax.swing.RepaintManager$3.run()Ljava/lang/Void;+136
j  javax.swing.RepaintManager$3.run()Ljava/lang/Object;+1
v  ~StubRoutines::call_stub
V  [libjvm.so+0x5f8465]  JavaCalls::call_helper(JavaValue*, methodHandle*, JavaCallArguments*, Thread*)+0x365
V  [libjvm.so+0x5f6ec8]  JavaCalls::call(JavaValue*, methodHandle, JavaCallArguments*, Thread*)+0x28
V  [libjvm.so+0x67cc64]  JVM_DoPrivileged+0x2a4
j  java.security.AccessController.doPrivileged(Ljava/security/PrivilegedAction;Ljava/security/AccessControlContext;)Ljava/lang/Object;+0
j  java.security.ProtectionDomain$1.doIntersectionPrivilege(Ljava/security/PrivilegedAction;Ljava/security/AccessControlContext;Ljava/security/AccessControlContext;)Ljava/lang/Object;+28
j  javax.swing.RepaintManager.paintDirtyRegions(Ljava/util/Map;)V+154
j  javax.swing.RepaintManager.paintDirtyRegions()V+46
j  javax.swing.RepaintManager.prePaintDirtyRegions()V+73
j  javax.swing.RepaintManager.access$1100(Ljavax/swing/RepaintManager;)V+1
j  javax.swing.RepaintManager$ProcessingRunnable.run()V+37
j  java.awt.event.InvocationEvent.dispatch()V+47
j  java.awt.EventQueue.dispatchEventImpl(Ljava/awt/AWTEvent;Ljava/lang/Object;)V+21
j  java.awt.EventQueue.access$200(Ljava/awt/EventQueue;Ljava/awt/AWTEvent;Ljava/lang/Object;)V+3
j  java.awt.EventQueue$3.run()Ljava/lang/Void;+12
j  java.awt.EventQueue$3.run()Ljava/lang/Object;+1
v  ~StubRoutines::call_stub
V  [libjvm.so+0x5f8465]  JavaCalls::call_helper(JavaValue*, methodHandle*, JavaCallArguments*, Thread*)+0x365
V  [libjvm.so+0x5f6ec8]  JavaCalls::call(JavaValue*, methodHandle, JavaCallArguments*, Thread*)+0x28
V  [libjvm.so+0x67cc64]  JVM_DoPrivileged+0x2a4
j  java.security.AccessController.doPrivileged(Ljava/security/PrivilegedAction;Ljava/security/AccessControlContext;)Ljava/lang/Object;+0
j  java.security.ProtectionDomain$1.doIntersectionPrivilege(Ljava/security/PrivilegedAction;Ljava/security/AccessControlContext;Ljava/security/AccessControlContext;)Ljava/lang/Object;+28
j  java.awt.EventQueue.dispatchEvent(Ljava/awt/AWTEvent;)V+46
j  java.awt.EventDispatchThread.pumpOneEventForFilters(I)V+245
j  java.awt.EventDispatchThread.pumpEventsForFilter(ILjava/awt/Conditional;Ljava/awt/EventFilter;)V+35
j  java.awt.EventDispatchThread.pumpEventsForHierarchy(ILjava/awt/Conditional;Ljava/awt/Component;)V+11
j  java.awt.EventDispatchThread.pumpEvents(ILjava/awt/Conditional;)V+4
j  java.awt.EventDispatchThread.pumpEvents(Ljava/awt/Conditional;)V+3
j  java.awt.EventDispatchThread.run()V+9
v  ~StubRoutines::call_stub
V  [libjvm.so+0x5f8465]  JavaCalls::call_helper(JavaValue*, methodHandle*, JavaCallArguments*, Thread*)+0x365
V  [libjvm.so+0x5f6ec8]  JavaCalls::call(JavaValue*, methodHandle, JavaCallArguments*, Thread*)+0x28
V  [libjvm.so+0x5f7197]  JavaCalls::call_virtual(JavaValue*, KlassHandle, Symbol*, Symbol*, JavaCallArguments*, Thread*)+0x197
V  [libjvm.so+0x5f72b7]  JavaCalls::call_virtual(JavaValue*, Handle, KlassHandle, Symbol*, Symbol*, Thread*)+0x47
V  [libjvm.so+0x6731c5]  thread_entry(JavaThread*, Thread*)+0xe5
V  [libjvm.so+0x94d5ff]  JavaThread::thread_main_inner()+0xdf
V  [libjvm.so+0x94d705]  JavaThread::run()+0xf5
V  [libjvm.so+0x815538]  java_start(Thread*)+0x108

Java frames: (J=compiled Java code, j=interpreted, Vv=VM code)
j  sun.java2d.loops.ScaledBlit.Scale(Lsun/java2d/SurfaceData;Lsun/java2d/SurfaceData;Ljava/awt/Composite;Lsun/java2d/pipe/Region;IIIIDDDD)V+0
j  sun.java2d.pipe.DrawImage.scaleSurfaceData(Lsun/java2d/SunGraphics2D;Lsun/java2d/pipe/Region;Lsun/java2d/SurfaceData;Lsun/java2d/SurfaceData;Lsun/java2d/loops/SurfaceType;Lsun/java2d/loops/SurfaceType;IIIIDDDD)Z+72
j  sun.java2d.pipe.DrawImage.renderImageScale(Lsun/java2d/SunGraphics2D;Ljava/awt/Image;Ljava/awt/Color;IIIIIDDDD)Z+97
j  sun.java2d.pipe.DrawImage.tryCopyOrScale(Lsun/java2d/SunGraphics2D;Ljava/awt/Image;IIIILjava/awt/Color;I[D)Z+176
j  sun.java2d.pipe.DrawImage.transformImage(Lsun/java2d/SunGraphics2D;Ljava/awt/Image;Ljava/awt/geom/AffineTransform;IIIIILjava/awt/Color;)V+97
j  sun.java2d.pipe.DrawImage.scaleImage(Lsun/java2d/SunGraphics2D;Ljava/awt/Image;IIIIIIIILjava/awt/Color;)Z+467
j  sun.java2d.pipe.DrawImage.copyImage(Lsun/java2d/SunGraphics2D;Ljava/awt/Image;IIIIIILjava/awt/Color;)Z+68
j  sun.java2d.pipe.DrawImage.copyImage(Lsun/java2d/SunGraphics2D;Ljava/awt/Image;IIIIIILjava/awt/Color;Ljava/awt/image/ImageObserver;)Z+23
j  sun.java2d.pipe.ValidatePipe.copyImage(Lsun/java2d/SunGraphics2D;Ljava/awt/Image;IIIIIILjava/awt/Color;Ljava/awt/image/ImageObserver;)Z+29
j  sun.java2d.SunGraphics2D.copyImage(Ljava/awt/Image;IIIIIILjava/awt/Color;Ljava/awt/image/ImageObserver;)Z+20
j  sun.java2d.SunGraphics2D.drawImage(Ljava/awt/Image;IIIIIIIILjava/awt/Color;Ljava/awt/image/ImageObserver;)Z+185
j  sun.java2d.SunGraphics2D.drawImage(Ljava/awt/Image;IIIIIIIILjava/awt/image/ImageObserver;)Z+19
j  client.gui.ImagePanel$DrawingImage.draw(Ljava/awt/Graphics2D;)V+52
j  client.gui.ImagePanel.paintComponent(Ljava/awt/Graphics;)V+93
j  javax.swing.JComponent.paint(Ljava/awt/Graphics;)V+286
j  javax.swing.JComponent.paintChildren(Ljava/awt/Graphics;)V+501
j  javax.swing.JSplitPane.paintChildren(Ljava/awt/Graphics;)V+2
j  javax.swing.JComponent.paint(Ljava/awt/Graphics;)V+318
j  javax.swing.JComponent.paintChildren(Ljava/awt/Graphics;)V+501
j  javax.swing.JComponent.paint(Ljava/awt/Graphics;)V+318
j  javax.swing.JComponent.paintChildren(Ljava/awt/Graphics;)V+501
j  javax.swing.JComponent.paint(Ljava/awt/Graphics;)V+318
j  javax.swing.JLayeredPane.paint(Ljava/awt/Graphics;)V+73
j  javax.swing.JComponent.paintChildren(Ljava/awt/Graphics;)V+501
j  javax.swing.JComponent.paintToOffscreen(Ljava/awt/Graphics;IIIIII)V+72
j  javax.swing.BufferStrategyPaintManager.paint(Ljavax/swing/JComponent;Ljavax/swing/JComponent;Ljava/awt/Graphics;IIII)Z+157
j  javax.swing.RepaintManager.paint(Ljavax/swing/JComponent;Ljavax/swing/JComponent;Ljava/awt/Graphics;IIII)V+52
j  javax.swing.JComponent.paint(Ljava/awt/Graphics;)V+221
j  java.awt.GraphicsCallback$PaintCallback.run(Ljava/awt/Component;Ljava/awt/Graphics;)V+2
j  sun.awt.SunGraphicsCallback.runOneComponent(Ljava/awt/Component;Ljava/awt/Rectangle;Ljava/awt/Graphics;Ljava/awt/Shape;I)V+155
j  sun.awt.SunGraphicsCallback.runComponents([Ljava/awt/Component;Ljava/awt/Graphics;I)V+194
j  java.awt.Container.paint(Ljava/awt/Graphics;)V+58
j  java.awt.Window.paint(Ljava/awt/Graphics;)V+68
j  javax.swing.RepaintManager$3.run()Ljava/lang/Void;+136
j  javax.swing.RepaintManager$3.run()Ljava/lang/Object;+1
v  ~StubRoutines::call_stub
j  java.security.AccessController.doPrivileged(Ljava/security/PrivilegedAction;Ljava/security/AccessControlContext;)Ljava/lang/Object;+0
j  java.security.ProtectionDomain$1.doIntersectionPrivilege(Ljava/security/PrivilegedAction;Ljava/security/AccessControlContext;Ljava/security/AccessControlContext;)Ljava/lang/Object;+28
j  javax.swing.RepaintManager.paintDirtyRegions(Ljava/util/Map;)V+154
j  javax.swing.RepaintManager.paintDirtyRegions()V+46
j  javax.swing.RepaintManager.prePaintDirtyRegions()V+73
j  javax.swing.RepaintManager.access$1100(Ljavax/swing/RepaintManager;)V+1
j  javax.swing.RepaintManager$ProcessingRunnable.run()V+37
j  java.awt.event.InvocationEvent.dispatch()V+47
j  java.awt.EventQueue.dispatchEventImpl(Ljava/awt/AWTEvent;Ljava/lang/Object;)V+21
j  java.awt.EventQueue.access$200(Ljava/awt/EventQueue;Ljava/awt/AWTEvent;Ljava/lang/Object;)V+3
j  java.awt.EventQueue$3.run()Ljava/lang/Void;+12
j  java.awt.EventQueue$3.run()Ljava/lang/Object;+1
v  ~StubRoutines::call_stub
j  java.security.AccessController.doPrivileged(Ljava/security/PrivilegedAction;Ljava/security/AccessControlContext;)Ljava/lang/Object;+0
j  java.security.ProtectionDomain$1.doIntersectionPrivilege(Ljava/security/PrivilegedAction;Ljava/security/AccessControlContext;Ljava/security/AccessControlContext;)Ljava/lang/Object;+28
j  java.awt.EventQueue.dispatchEvent(Ljava/awt/AWTEvent;)V+46
j  java.awt.EventDispatchThread.pumpOneEventForFilters(I)V+245
j  java.awt.EventDispatchThread.pumpEventsForFilter(ILjava/awt/Conditional;Ljava/awt/EventFilter;)V+35
j  java.awt.EventDispatchThread.pumpEventsForHierarchy(ILjava/awt/Conditional;Ljava/awt/Component;)V+11
j  java.awt.EventDispatchThread.pumpEvents(ILjava/awt/Conditional;)V+4
j  java.awt.EventDispatchThread.pumpEvents(Ljava/awt/Conditional;)V+3
j  java.awt.EventDispatchThread.run()V+9
v  ~StubRoutines::call_stub

---------------  P R O C E S S  ---------------

Java Threads: ( => current thread )
  0x00007f1100204800 JavaThread "Keep-Alive-Timer" daemon [_thread_blocked, id=18038, stack(0x00007f11569b1000,0x00007f1156ab2000)]
  0x00007f110017a000 JavaThread "TimerQueue" daemon [_thread_blocked, id=18037, stack(0x00007f1156ab2000,0x00007f1156bb3000)]
  0x00007f1160009000 JavaThread "DestroyJavaVM" [_thread_blocked, id=18019, stack(0x00007f1166a71000,0x00007f1166b72000)]
=>0x00007f1160167800 JavaThread "AWT-EventQueue-0" [_thread_in_native, id=18036, stack(0x00007f11574d3000,0x00007f11575d4000)]
  0x00007f1160166000 JavaThread "AWT-Shutdown" [_thread_blocked, id=18035, stack(0x00007f11575d4000,0x00007f11576d5000)]
  0x00007f116015c000 JavaThread "AWT-XAWT" daemon [_thread_in_native, id=18034, stack(0x00007f11576d5000,0x00007f11577d6000)]
  0x00007f1160132000 JavaThread "Java2D Disposer" daemon [_thread_blocked, id=18033, stack(0x00007f11577d6000,0x00007f11578d7000)]
  0x00007f1160095800 JavaThread "Service Thread" daemon [_thread_blocked, id=18031, stack(0x00007f1157eff000,0x00007f1158000000)]
  0x00007f1160093000 JavaThread "C2 CompilerThread1" daemon [_thread_blocked, id=18030, stack(0x00007f115c06d000,0x00007f115c16e000)]
  0x00007f1160090000 JavaThread "C2 CompilerThread0" daemon [_thread_blocked, id=18029, stack(0x00007f115c16e000,0x00007f115c26f000)]
  0x00007f1160086000 JavaThread "Signal Dispatcher" daemon [_thread_blocked, id=18028, stack(0x00007f115c26f000,0x00007f115c370000)]
  0x00007f116006f000 JavaThread "Finalizer" daemon [_thread_blocked, id=18026, stack(0x00007f115c370000,0x00007f115c471000)]
  0x00007f116006b000 JavaThread "Reference Handler" daemon [_thread_blocked, id=18025, stack(0x00007f115c471000,0x00007f115c572000)]

Other Threads:
  0x00007f1160068800 VMThread [stack: 0x00007f115c572000,0x00007f115c673000] [id=18024]
  0x00007f11600a0000 WatcherThread [stack: 0x00007f1157dfe000,0x00007f1157eff000] [id=18032]

VM state:not at safepoint (normal execution)

VM Mutex/Monitor currently owned by a thread: None

Heap
 PSYoungGen      total 37888K, used 18048K [0x00000007d6480000, 0x00000007d8e80000, 0x0000000800000000)
  eden space 32768K, 39% used [0x00000007d6480000,0x00000007d7125410,0x00000007d8480000)
  from space 5120K, 99% used [0x00000007d8480000,0x00000007d897acd0,0x00000007d8980000)
  to   space 5120K, 0% used [0x00000007d8980000,0x00000007d8980000,0x00000007d8e80000)
 ParOldGen       total 84992K, used 10692K [0x0000000782e00000, 0x0000000788100000, 0x00000007d6480000)
  object space 84992K, 12% used [0x0000000782e00000,0x0000000783871348,0x0000000788100000)
 PSPermGen       total 21504K, used 16507K [0x000000077dc00000, 0x000000077f100000, 0x0000000782e00000)
  object space 21504K, 76% used [0x000000077dc00000,0x000000077ec1ecf0,0x000000077f100000)

Card table byte_map: [0x00007f11654a1000,0x00007f11658b4000] byte_map_base: 0x00007f11618b3000

Polling page: 0x00007f1167c07000

Code Cache  [0x00007f115d000000, 0x00007f115d270000, 0x00007f1160000000)
 total_blobs=605 nmethods=108 adapters=451 free_code_cache=48348Kb largest_free_block=49470784

Compilation events (10 events):
Event: 6.029 Thread 0x00007f1160093000  104             java.util.ArrayList::indexOf (67 bytes)
Event: 6.031 Thread 0x00007f1160090000  105             java.util.HashMap::containsKey (14 bytes)
Event: 6.037 Thread 0x00007f1160090000 nmethod 105 0x00007f115d0c7c10 code [0x00007f115d0c7d80, 0x00007f115d0c7f88]
Event: 6.037 Thread 0x00007f1160090000  106             com.sun.org.apache.xerces.internal.impl.XMLDocumentFragmentScannerImpl::scanDocument (272 bytes)
Event: 6.042 Thread 0x00007f1160093000 nmethod 104 0x00007f115d0c7210 code [0x00007f115d0c7380, 0x00007f115d0c7958]
Event: 6.042 Thread 0x00007f1160093000  107             java.util.concurrent.locks.ReentrantLock$NonfairSync::lock (25 bytes)
Event: 6.046 Thread 0x00007f1160093000 nmethod 107 0x00007f115d0c6d90 code [0x00007f115d0c6f00, 0x00007f115d0c7088]
Event: 6.046 Thread 0x00007f1160093000  108             java.util.concurrent.locks.ReentrantLock::lock (8 bytes)
Event: 6.047 Thread 0x00007f1160090000 nmethod 106 0x00007f115d0c0190 code [0x00007f115d0c0380, 0x00007f115d0c07f0]
Event: 6.049 Thread 0x00007f1160093000 nmethod 108 0x00007f115d0c6890 code [0x00007f115d0c6a00, 0x00007f115d0c6ba8]

GC Heap History (2 events):
Event: 5.873 GC heap before
{Heap before GC invocations=1 (full 0):
 PSYoungGen      total 37888K, used 32768K [0x00000007d6480000, 0x00000007d8e80000, 0x0000000800000000)
  eden space 32768K, 100% used [0x00000007d6480000,0x00000007d8480000,0x00000007d8480000)
  from space 5120K, 0% used [0x00000007d8980000,0x00000007d8980000,0x00000007d8e80000)
  to   space 5120K, 0% used [0x00000007d8480000,0x00000007d8480000,0x00000007d8980000)
 ParOldGen       total 84992K, used 0K [0x0000000782e00000, 0x0000000788100000, 0x00000007d6480000)
  object space 84992K, 0% used [0x0000000782e00000,0x0000000782e00000,0x0000000788100000)
 PSPermGen       total 21504K, used 16444K [0x000000077dc00000, 0x000000077f100000, 0x0000000782e00000)
  object space 21504K, 76% used [0x000000077dc00000,0x000000077ec0f218,0x000000077f100000)
Event: 5.906 GC heap after
Heap after GC invocations=1 (full 0):
 PSYoungGen      total 37888K, used 5099K [0x00000007d6480000, 0x00000007d8e80000, 0x0000000800000000)
  eden space 32768K, 0% used [0x00000007d6480000,0x00000007d6480000,0x00000007d8480000)
  from space 5120K, 99% used [0x00000007d8480000,0x00000007d897acd0,0x00000007d8980000)
  to   space 5120K, 0% used [0x00000007d8980000,0x00000007d8980000,0x00000007d8e80000)
 ParOldGen       total 84992K, used 10692K [0x0000000782e00000, 0x0000000788100000, 0x00000007d6480000)
  object space 84992K, 12% used [0x0000000782e00000,0x0000000783871348,0x0000000788100000)
 PSPermGen       total 21504K, used 16444K [0x000000077dc00000, 0x000000077f100000, 0x0000000782e00000)
  object space 21504K, 76% used [0x000000077dc00000,0x000000077ec0f218,0x000000077f100000)
}

Deoptimization events (10 events):
Event: 0.835 Thread 0x00007f1160167800 Uncommon trap: reason=class_check action=maybe_recompile pc=0x00007f115d077158 method=java.lang.String.equals(Ljava/lang/Object;)Z @ 8
Event: 0.835 Thread 0x00007f1160167800 Uncommon trap: reason=class_check action=maybe_recompile pc=0x00007f115d077158 method=java.lang.String.equals(Ljava/lang/Object;)Z @ 8
Event: 5.454 Thread 0x00007f1160167800 Uncommon trap: reason=class_check action=maybe_recompile pc=0x00007f115d09e748 method=com.sun.org.apache.xerces.internal.impl.XMLDocumentScannerImpl.next()I @ 4
Event: 5.725 Thread 0x00007f1160167800 Uncommon trap: reason=null_check action=make_not_entrant pc=0x00007f115d0b0284 method=com.thoughtworks.xstream.core.util.WeakCache.get(Ljava/lang/Object;)Ljava/lang/Object; @ 10
Event: 6.009 Thread 0x00007f1160167800 Uncommon trap: reason=unreached action=reinterpret pc=0x00007f115d0b1f70 method=com.thoughtworks.xstream.io.xml.XmlFriendlyNameCoder.encodeName(Ljava/lang/String;)Ljava/lang/String; @ 15
Event: 6.029 Thread 0x00007f1160167800 Uncommon trap: reason=predicate action=maybe_recompile pc=0x00007f115d09b614 method=java.util.ArrayList.indexOf(Ljava/lang/Object;)I @ 44
Event: 6.032 Thread 0x00007f1160167800 Uncommon trap: reason=class_check action=maybe_recompile pc=0x00007f115d09e748 method=com.sun.org.apache.xerces.internal.impl.XMLDocumentScannerImpl.next()I @ 4
Event: 6.032 Thread 0x00007f1160167800 Uncommon trap: reason=class_check action=maybe_recompile pc=0x00007f115d09e748 method=com.sun.org.apache.xerces.internal.impl.XMLDocumentScannerImpl.next()I @ 4
Event: 6.032 Thread 0x00007f1160167800 Uncommon trap: reason=null_check action=make_not_entrant pc=0x00007f115d0a0998 method=com.sun.org.apache.xerces.internal.dom.DeferredDocumentImpl.clearChunkValue([[Ljava/lang/Object;II)Ljava/lang/String; @ 11
Event: 6.032 Thread 0x00007f1160167800 Uncommon trap: reason=class_check action=maybe_recompile pc=0x00007f115d09e748 method=com.sun.org.apache.xerces.internal.impl.XMLDocumentScannerImpl.next()I @ 4

Internal exceptions (10 events):
Event: 5.563 Thread 0x00007f1160167800 Threw 0x00000007d73e7728 at /HUDSON/workspace/7u-2-build-linux-amd64@2/jdk7u51/527/hotspot/src/share/vm/prims/jvm.cpp:1244
Event: 5.564 Thread 0x00007f1160167800 Threw 0x00000007d73e9a70 at /HUDSON/workspace/7u-2-build-linux-amd64@2/jdk7u51/527/hotspot/src/share/vm/prims/jvm.cpp:1244
Event: 5.565 Thread 0x00007f1160167800 Threw 0x00000007d73ebab8 at /HUDSON/workspace/7u-2-build-linux-amd64@2/jdk7u51/527/hotspot/src/share/vm/prims/jvm.cpp:1244
Event: 5.565 Thread 0x00007f1160167800 Threw 0x00000007d73ee358 at /HUDSON/workspace/7u-2-build-linux-amd64@2/jdk7u51/527/hotspot/src/share/vm/prims/jvm.cpp:1244
Event: 5.566 Thread 0x00007f1160167800 Threw 0x00000007d73f03f8 at /HUDSON/workspace/7u-2-build-linux-amd64@2/jdk7u51/527/hotspot/src/share/vm/prims/jvm.cpp:1244
Event: 5.571 Thread 0x00007f1160167800 Threw 0x00000007d73f6f70 at /HUDSON/workspace/7u-2-build-linux-amd64@2/jdk7u51/527/hotspot/src/share/vm/prims/jvm.cpp:1244
Event: 5.724 Thread 0x00007f1160167800 Implicit null exception at 0x00007f115d0afbcc to 0x00007f115d0b0275
Event: 5.954 Thread 0x00007f1160167800 Threw 0x00000007d6bf00c0 at /HUDSON/workspace/7u-2-build-linux-amd64@2/jdk7u51/527/hotspot/src/share/vm/prims/jvm.cpp:1244
Event: 5.964 Thread 0x00007f1160167800 Threw 0x00000007d6c02080 at /HUDSON/workspace/7u-2-build-linux-amd64@2/jdk7u51/527/hotspot/src/share/vm/prims/jvm.cpp:1244
Event: 6.032 Thread 0x00007f1160167800 Implicit null exception at 0x00007f115d0a071a to 0x00007f115d0a0981

Events (10 events):
Event: 6.037 loading class 0x00007f110007c640
Event: 6.037 loading class 0x00007f110007c640 done
Event: 6.055 loading class 0x00007f1120074e00
Event: 6.055 loading class 0x00007f1120074e00 done
Event: 6.055 loading class 0x00007f1100071c80
Event: 6.055 loading class 0x00007f1100071c80 done
Event: 6.062 loading class 0x00007f110012c360
Event: 6.062 loading class 0x00007f110012c360 done
Event: 6.063 loading class 0x00007f1118003210
Event: 6.063 loading class 0x00007f1118003210 done


Dynamic libraries:
00400000-00401000 r-xp 00000000 09:02 1851940                            /usr/java/jdk1.7.0_51/bin/java
00600000-00601000 rw-p 00000000 09:02 1851940                            /usr/java/jdk1.7.0_51/bin/java
022a5000-022c6000 rw-p 00000000 00:00 0                                  [heap]
77dc00000-77f100000 rw-p 00000000 00:00 0 
77f100000-782e00000 rw-p 00000000 00:00 0 
782e00000-788100000 rw-p 00000000 00:00 0 
788100000-7d6480000 rw-p 00000000 00:00 0 
7d6480000-7d8e80000 rw-p 00000000 00:00 0 
7d8e80000-800000000 rw-p 00000000 00:00 0 
3fb9200000-3fb9220000 r-xp 00000000 09:02 399595                         /lib64/ld-2.12.so
3fb941f000-3fb9420000 r--p 0001f000 09:02 399595                         /lib64/ld-2.12.so
3fb9420000-3fb9421000 rw-p 00020000 09:02 399595                         /lib64/ld-2.12.so
3fb9421000-3fb9422000 rw-p 00000000 00:00 0 
3fb9600000-3fb9683000 r-xp 00000000 09:02 399600                         /lib64/libm-2.12.so
3fb9683000-3fb9882000 ---p 00083000 09:02 399600                         /lib64/libm-2.12.so
3fb9882000-3fb9883000 r--p 00082000 09:02 399600                         /lib64/libm-2.12.so
3fb9883000-3fb9884000 rw-p 00083000 09:02 399600                         /lib64/libm-2.12.so
3fb9a00000-3fb9b8b000 r-xp 00000000 09:02 399596                         /lib64/libc-2.12.so
3fb9b8b000-3fb9d8a000 ---p 0018b000 09:02 399596                         /lib64/libc-2.12.so
3fb9d8a000-3fb9d8e000 r--p 0018a000 09:02 399596                         /lib64/libc-2.12.so
3fb9d8e000-3fb9d8f000 rw-p 0018e000 09:02 399596                         /lib64/libc-2.12.so
3fb9d8f000-3fb9d94000 rw-p 00000000 00:00 0 
3fb9e00000-3fb9e17000 r-xp 00000000 09:02 399598                         /lib64/libpthread-2.12.so
3fb9e17000-3fba017000 ---p 00017000 09:02 399598                         /lib64/libpthread-2.12.so
3fba017000-3fba018000 r--p 00017000 09:02 399598                         /lib64/libpthread-2.12.so
3fba018000-3fba019000 rw-p 00018000 09:02 399598                         /lib64/libpthread-2.12.so
3fba019000-3fba01d000 rw-p 00000000 00:00 0 
3fba200000-3fba202000 r-xp 00000000 09:02 399599                         /lib64/libdl-2.12.so
3fba202000-3fba402000 ---p 00002000 09:02 399599                         /lib64/libdl-2.12.so
3fba402000-3fba403000 r--p 00002000 09:02 399599                         /lib64/libdl-2.12.so
3fba403000-3fba404000 rw-p 00003000 09:02 399599                         /lib64/libdl-2.12.so
3fbaa00000-3fbaa07000 r-xp 00000000 09:02 399602                         /lib64/librt-2.12.so
3fbaa07000-3fbac06000 ---p 00007000 09:02 399602                         /lib64/librt-2.12.so
3fbac06000-3fbac07000 r--p 00006000 09:02 399602                         /lib64/librt-2.12.so
3fbac07000-3fbac08000 rw-p 00007000 09:02 399602                         /lib64/librt-2.12.so
3fbc600000-3fbc61d000 r-xp 00000000 09:02 1736896                        /usr/lib64/libxcb.so.1.1.0
3fbc61d000-3fbc81d000 ---p 0001d000 09:02 1736896                        /usr/lib64/libxcb.so.1.1.0
3fbc81d000-3fbc81e000 rw-p 0001d000 09:02 1736896                        /usr/lib64/libxcb.so.1.1.0
3fbca00000-3fbcb37000 r-xp 00000000 09:02 1736897                        /usr/lib64/libX11.so.6.3.0
3fbcb37000-3fbcd37000 ---p 00137000 09:02 1736897                        /usr/lib64/libX11.so.6.3.0
3fbcd37000-3fbcd3d000 rw-p 00137000 09:02 1736897                        /usr/lib64/libX11.so.6.3.0
3fbce00000-3fbce02000 r-xp 00000000 09:02 1736895                        /usr/lib64/libXau.so.6.0.0
3fbce02000-3fbd002000 ---p 00002000 09:02 1736895                        /usr/lib64/libXau.so.6.0.0
3fbd002000-3fbd003000 rw-p 00002000 09:02 1736895                        /usr/lib64/libXau.so.6.0.0
3fbde00000-3fbde12000 r-xp 00000000 09:02 1736903                        /usr/lib64/libXext.so.6.4.0
3fbde12000-3fbe012000 ---p 00012000 09:02 1736903                        /usr/lib64/libXext.so.6.4.0
3fbe012000-3fbe013000 rw-p 00012000 09:02 1736903                        /usr/lib64/libXext.so.6.4.0
3fbea00000-3fbea09000 r-xp 00000000 09:02 1736898                        /usr/lib64/libXrender.so.1.3.0
3fbea09000-3fbec09000 ---p 00009000 09:02 1736898                        /usr/lib64/libXrender.so.1.3.0
3fbec09000-3fbec0a000 rw-p 00009000 09:02 1736898                        /usr/lib64/libXrender.so.1.3.0
3fbee00000-3fbee0e000 r-xp 00000000 09:02 1736905                        /usr/lib64/libXi.so.6.1.0
3fbee0e000-3fbf00e000 ---p 0000e000 09:02 1736905                        /usr/lib64/libXi.so.6.1.0
3fbf00e000-3fbf00f000 rw-p 0000e000 09:02 1736905                        /usr/lib64/libXi.so.6.1.0
3fc0a00000-3fc0a05000 r-xp 00000000 09:02 1736907                        /usr/lib64/libXfixes.so.3.1.0
3fc0a05000-3fc0c05000 ---p 00005000 09:02 1736907                        /usr/lib64/libXfixes.so.3.1.0
3fc0c05000-3fc0c06000 rw-p 00005000 09:02 1736907                        /usr/lib64/libXfixes.so.3.1.0
3fc2600000-3fc2609000 r-xp 00000000 09:02 1736908                        /usr/lib64/libXcursor.so.1.0.2
3fc2609000-3fc2809000 ---p 00009000 09:02 1736908                        /usr/lib64/libXcursor.so.1.0.2
3fc2809000-3fc280a000 rw-p 00009000 09:02 1736908                        /usr/lib64/libXcursor.so.1.0.2
3fc5e00000-3fc5e16000 r-xp 00000000 09:02 399616                         /lib64/libgcc_s-4.4.7-20120601.so.1
3fc5e16000-3fc6015000 ---p 00016000 09:02 399616                         /lib64/libgcc_s-4.4.7-20120601.so.1
3fc6015000-3fc6016000 rw-p 00015000 09:02 399616                         /lib64/libgcc_s-4.4.7-20120601.so.1
3fc8600000-3fc8605000 r-xp 00000000 09:02 1718247                        /usr/lib64/libXtst.so.6.1.0
3fc8605000-3fc8805000 ---p 00005000 09:02 1718247                        /usr/lib64/libXtst.so.6.1.0
3fc8805000-3fc8806000 rw-p 00005000 09:02 1718247                        /usr/lib64/libXtst.so.6.1.0
7f10f8000000-7f10f8021000 rw-p 00000000 00:00 0 
7f10f8021000-7f10fc000000 ---p 00000000 00:00 0 
7f1100000000-7f110040a000 rw-p 00000000 00:00 0 
7f110040a000-7f1104000000 ---p 00000000 00:00 0 
7f1104000000-7f1104021000 rw-p 00000000 00:00 0 
7f1104021000-7f1108000000 ---p 00000000 00:00 0 
7f1108000000-7f1108021000 rw-p 00000000 00:00 0 
7f1108021000-7f110c000000 ---p 00000000 00:00 0 
7f110c000000-7f110c021000 rw-p 00000000 00:00 0 
7f110c021000-7f1110000000 ---p 00000000 00:00 0 
7f1110000000-7f1110021000 rw-p 00000000 00:00 0 
7f1110021000-7f1114000000 ---p 00000000 00:00 0 
7f1114000000-7f1114021000 rw-p 00000000 00:00 0 
7f1114021000-7f1118000000 ---p 00000000 00:00 0 
7f1118000000-7f1118535000 rw-p 00000000 00:00 0 
7f1118535000-7f111c000000 ---p 00000000 00:00 0 
7f111c000000-7f111c021000 rw-p 00000000 00:00 0 
7f111c021000-7f1120000000 ---p 00000000 00:00 0 
7f1120000000-7f11207a8000 rw-p 00000000 00:00 0 
7f11207a8000-7f1124000000 ---p 00000000 00:00 0 
7f112616f000-7f112c000000 r--p 00000000 09:02 1705722                    /usr/lib/locale/locale-archive
7f112c000000-7f112c021000 rw-p 00000000 00:00 0 
7f112c021000-7f1130000000 ---p 00000000 00:00 0 
7f1130000000-7f1130021000 rw-p 00000000 00:00 0 
7f1130021000-7f1134000000 ---p 00000000 00:00 0 
7f1134000000-7f1134021000 rw-p 00000000 00:00 0 
7f1134021000-7f1138000000 ---p 00000000 00:00 0 
7f113bee0000-7f1140000000 rw-p 00000000 00:00 0 
7f1140000000-7f1140021000 rw-p 00000000 00:00 0 
7f1140021000-7f1144000000 ---p 00000000 00:00 0 
7f1144000000-7f1144021000 rw-p 00000000 00:00 0 
7f1144021000-7f1148000000 ---p 00000000 00:00 0 
7f1148000000-7f1148021000 rw-p 00000000 00:00 0 
7f1148021000-7f114c000000 ---p 00000000 00:00 0 
7f1150000000-7f1150021000 rw-p 00000000 00:00 0 
7f1150021000-7f1154000000 ---p 00000000 00:00 0 
7f1156846000-7f11569b1000 rw-p 00000000 00:00 0 
7f11569b1000-7f11569b4000 ---p 00000000 00:00 0 
7f11569b4000-7f1156ab2000 rw-p 00000000 00:00 0 
7f1156ab2000-7f1156ab5000 ---p 00000000 00:00 0 
7f1156ab5000-7f1156bb3000 rw-p 00000000 00:00 0 
7f1156bb3000-7f1156c1b000 r-xp 00000000 09:02 1852112                    /usr/java/jdk1.7.0_51/jre/lib/amd64/libt2k.so
7f1156c1b000-7f1156e1b000 ---p 00068000 09:02 1852112                    /usr/java/jdk1.7.0_51/jre/lib/amd64/libt2k.so
7f1156e1b000-7f1156e22000 rw-p 00068000 09:02 1852112                    /usr/java/jdk1.7.0_51/jre/lib/amd64/libt2k.so
7f1156e22000-7f1156e32000 rw-p 00000000 00:00 0 
7f1156e32000-7f1156e42000 r-xp 00000000 09:02 1852104                    /usr/java/jdk1.7.0_51/jre/lib/amd64/libnio.so
7f1156e42000-7f1157042000 ---p 00010000 09:02 1852104                    /usr/java/jdk1.7.0_51/jre/lib/amd64/libnio.so
7f1157042000-7f1157043000 rw-p 00010000 09:02 1852104                    /usr/java/jdk1.7.0_51/jre/lib/amd64/libnio.so
7f1157043000-7f1157059000 r-xp 00000000 09:02 1852103                    /usr/java/jdk1.7.0_51/jre/lib/amd64/libnet.so
7f1157059000-7f1157259000 ---p 00016000 09:02 1852103                    /usr/java/jdk1.7.0_51/jre/lib/amd64/libnet.so
7f1157259000-7f115725a000 rw-p 00016000 09:02 1852103                    /usr/java/jdk1.7.0_51/jre/lib/amd64/libnet.so
7f115725a000-7f11572bf000 r-xp 00000000 09:02 1852075                    /usr/java/jdk1.7.0_51/jre/lib/amd64/libfontmanager.so
7f11572bf000-7f11574be000 ---p 00065000 09:02 1852075                    /usr/java/jdk1.7.0_51/jre/lib/amd64/libfontmanager.so
7f11574be000-7f11574c2000 rw-p 00064000 09:02 1852075                    /usr/java/jdk1.7.0_51/jre/lib/amd64/libfontmanager.so
7f11574c2000-7f11574d3000 rw-p 00000000 00:00 0 
7f11574d3000-7f11574d6000 ---p 00000000 00:00 0 
7f11574d6000-7f11575d4000 rw-p 00000000 00:00 0 
7f11575d4000-7f11575d7000 ---p 00000000 00:00 0 
7f11575d7000-7f11576d5000 rw-p 00000000 00:00 0 
7f11576d5000-7f11576d8000 ---p 00000000 00:00 0 
7f11576d8000-7f11577d6000 rw-p 00000000 00:00 0 
7f11577d6000-7f11577d9000 ---p 00000000 00:00 0 
7f11577d9000-7f11578d7000 rw-p 00000000 00:00 0 
7f11578d7000-7f1157927000 r-xp 00000000 09:02 1852121                    /usr/java/jdk1.7.0_51/jre/lib/amd64/xawt/libmawt.so
7f1157927000-7f1157b27000 ---p 00050000 09:02 1852121                    /usr/java/jdk1.7.0_51/jre/lib/amd64/xawt/libmawt.so
7f1157b27000-7f1157b2b000 rw-p 00050000 09:02 1852121                    /usr/java/jdk1.7.0_51/jre/lib/amd64/xawt/libmawt.so
7f1157b2b000-7f1157b2c000 rw-p 00000000 00:00 0 
7f1157b2c000-7f1157bce000 r-xp 00000000 09:02 1852071                    /usr/java/jdk1.7.0_51/jre/lib/amd64/libawt.so
7f1157bce000-7f1157dce000 ---p 000a2000 09:02 1852071                    /usr/java/jdk1.7.0_51/jre/lib/amd64/libawt.so
7f1157dce000-7f1157dda000 rw-p 000a2000 09:02 1852071                    /usr/java/jdk1.7.0_51/jre/lib/amd64/libawt.so
7f1157dda000-7f1157dfe000 rw-p 00000000 00:00 0 
7f1157dfe000-7f1157dff000 ---p 00000000 00:00 0 
7f1157dff000-7f1157eff000 rw-p 00000000 00:00 0 
7f1157eff000-7f1157f02000 ---p 00000000 00:00 0 
7f1157f02000-7f1158000000 rw-p 00000000 00:00 0 
7f1158000000-7f1158021000 rw-p 00000000 00:00 0 
7f1158021000-7f115c000000 ---p 00000000 00:00 0 
7f115c06d000-7f115c070000 ---p 00000000 00:00 0 
7f115c070000-7f115c16e000 rw-p 00000000 00:00 0 
7f115c16e000-7f115c171000 ---p 00000000 00:00 0 
7f115c171000-7f115c26f000 rw-p 00000000 00:00 0 
7f115c26f000-7f115c272000 ---p 00000000 00:00 0 
7f115c272000-7f115c370000 rw-p 00000000 00:00 0 
7f115c370000-7f115c373000 ---p 00000000 00:00 0 
7f115c373000-7f115c471000 rw-p 00000000 00:00 0 
7f115c471000-7f115c474000 ---p 00000000 00:00 0 
7f115c474000-7f115c572000 rw-p 00000000 00:00 0 
7f115c572000-7f115c573000 ---p 00000000 00:00 0 
7f115c573000-7f115d000000 rw-p 00000000 00:00 0 
7f115d000000-7f115d270000 rwxp 00000000 00:00 0 
7f115d270000-7f1160181000 rw-p 00000000 00:00 0 
7f1160181000-7f1164000000 ---p 00000000 00:00 0 
7f1164008000-7f1164013000 r--s 000af000 09:02 1852359                    /usr/java/jdk1.7.0_51/jre/lib/resources.jar
7f1164013000-7f1164033000 rw-s 00000000 00:04 13008924                   /SYSV00000000 (deleted)
7f1164033000-7f1164064000 rw-p 00000000 00:00 0 
7f1164064000-7f1164070000 r--s 0006a000 00:13 193274032643               /auto/users/lindell/classes/git/record_indexer/lib/xstream-1.4.2.jar
7f1164070000-7f1164075000 r--s 00309000 00:13 193274032642               /auto/users/lindell/classes/git/record_indexer/lib/sqlite-jdbc-3.7.2.jar
7f1164075000-7f11646e7000 rw-p 00000000 00:00 0 
7f11646e7000-7f11648a4000 r--s 039bf000 09:02 1852817                    /usr/java/jdk1.7.0_51/jre/lib/rt.jar
7f11648a4000-7f1164dd8000 rw-p 00000000 00:00 0 
7f1164dd8000-7f1164dd9000 ---p 00000000 00:00 0 
7f1164dd9000-7f1164ed9000 rw-p 00000000 00:00 0 
7f1164ed9000-7f1164eda000 ---p 00000000 00:00 0 
7f1164eda000-7f1164fda000 rw-p 00000000 00:00 0 
7f1164fda000-7f1164fdb000 ---p 00000000 00:00 0 
7f1164fdb000-7f11650db000 rw-p 00000000 00:00 0 
7f11650db000-7f11650dc000 ---p 00000000 00:00 0 
7f11650dc000-7f11651e7000 rw-p 00000000 00:00 0 
7f11651e7000-7f1165205000 rw-p 00000000 00:00 0 
7f1165205000-7f116522f000 rw-p 00000000 00:00 0 
7f116522f000-7f11654a1000 rw-p 00000000 00:00 0 
7f11654a1000-7f11654ac000 rw-p 00000000 00:00 0 
7f11654ac000-7f11654ca000 rw-p 00000000 00:00 0 
7f11654ca000-7f11654f4000 rw-p 00000000 00:00 0 
7f11654f4000-7f1165765000 rw-p 00000000 00:00 0 
7f1165765000-7f116577b000 rw-p 00000000 00:00 0 
7f116577b000-7f11658b3000 rw-p 00000000 00:00 0 
7f11658b3000-7f11658be000 rw-p 00000000 00:00 0 
7f11658be000-7f1165974000 rw-p 00000000 00:00 0 
7f1165974000-7f116598e000 r-xp 00000000 09:02 1852115                    /usr/java/jdk1.7.0_51/jre/lib/amd64/libzip.so
7f116598e000-7f1165b8e000 ---p 0001a000 09:02 1852115                    /usr/java/jdk1.7.0_51/jre/lib/amd64/libzip.so
7f1165b8e000-7f1165b8f000 rw-p 0001a000 09:02 1852115                    /usr/java/jdk1.7.0_51/jre/lib/amd64/libzip.so
7f1165b8f000-7f116620d000 r--s 00000000 09:02 1048685                    /var/lib/sss/mc/passwd
7f116620d000-7f1166214000 r-xp 00000000 09:02 393435                     /lib64/libnss_sss.so.2
7f1166214000-7f1166414000 ---p 00007000 09:02 393435                     /lib64/libnss_sss.so.2
7f1166414000-7f1166415000 rw-p 00007000 09:02 393435                     /lib64/libnss_sss.so.2
7f1166415000-7f1166421000 r-xp 00000000 09:02 393246                     /lib64/libnss_files-2.12.so
7f1166421000-7f1166621000 ---p 0000c000 09:02 393246                     /lib64/libnss_files-2.12.so
7f1166621000-7f1166622000 r--p 0000c000 09:02 393246                     /lib64/libnss_files-2.12.so
7f1166622000-7f1166623000 rw-p 0000d000 09:02 393246                     /lib64/libnss_files-2.12.so
7f1166627000-7f116662d000 r--s 00034000 00:13 193274032641               /auto/users/lindell/classes/git/record_indexer/lib/junit-4.8.2.jar
7f116662d000-7f1166631000 r--s 0002a000 00:13 197579983280               /auto/users/lindell/classes/git/record_indexer/lib/commons-io-2.4.jar
7f1166631000-7f1166638000 r--s 000aa000 00:13 77321292650                /auto/users/lindell/classes/git/record_indexer/lib/commons-io-2.4-javadoc.jar
7f1166638000-7f1166661000 r-xp 00000000 09:02 1852085                    /usr/java/jdk1.7.0_51/jre/lib/amd64/libjava.so
7f1166661000-7f1166861000 ---p 00029000 09:02 1852085                    /usr/java/jdk1.7.0_51/jre/lib/amd64/libjava.so
7f1166861000-7f1166863000 rw-p 00029000 09:02 1852085                    /usr/java/jdk1.7.0_51/jre/lib/amd64/libjava.so
7f1166863000-7f1166870000 r-xp 00000000 09:02 1852114                    /usr/java/jdk1.7.0_51/jre/lib/amd64/libverify.so
7f1166870000-7f1166a6f000 ---p 0000d000 09:02 1852114                    /usr/java/jdk1.7.0_51/jre/lib/amd64/libverify.so
7f1166a6f000-7f1166a71000 rw-p 0000c000 09:02 1852114                    /usr/java/jdk1.7.0_51/jre/lib/amd64/libverify.so
7f1166a71000-7f1166a74000 ---p 00000000 00:00 0 
7f1166a74000-7f1166b72000 rw-p 00000000 00:00 0 
7f1166b72000-7f11676d4000 r-xp 00000000 09:02 1852119                    /usr/java/jdk1.7.0_51/jre/lib/amd64/server/libjvm.so
7f11676d4000-7f11678d4000 ---p 00b62000 09:02 1852119                    /usr/java/jdk1.7.0_51/jre/lib/amd64/server/libjvm.so
7f11678d4000-7f1167997000 rw-p 00b62000 09:02 1852119                    /usr/java/jdk1.7.0_51/jre/lib/amd64/server/libjvm.so
7f1167997000-7f11679db000 rw-p 00000000 00:00 0 
7f11679db000-7f11679f1000 r-xp 00000000 09:02 145503                     /usr/java/jdk1.7.0_51/lib/amd64/jli/libjli.so
7f11679f1000-7f1167bf1000 ---p 00016000 09:02 145503                     /usr/java/jdk1.7.0_51/lib/amd64/jli/libjli.so
7f1167bf1000-7f1167bf2000 rw-p 00016000 09:02 145503                     /usr/java/jdk1.7.0_51/lib/amd64/jli/libjli.so
7f1167bf2000-7f1167bf3000 rw-p 00000000 00:00 0 
7f1167bf4000-7f1167bf6000 rw-p 00000000 00:00 0 
7f1167bf6000-7f1167bf8000 r--s 0000c000 00:13 21489152252                /auto/users/lindell/bin/eclipse/plugins/org.hamcrest.core_1.3.0.v201303031735.jar
7f1167bf8000-7f1167bfe000 r--s 00036000 00:13 120261783877               /auto/users/lindell/bin/eclipse/plugins/org.junit_4.11.0.v201303080030/junit.jar
7f1167bfe000-7f1167c06000 rw-s 00000000 09:03 7602181                    /tmp/hsperfdata_lindell/18013
7f1167c06000-7f1167c07000 rw-p 00000000 00:00 0 
7f1167c07000-7f1167c08000 r--p 00000000 00:00 0 
7f1167c08000-7f1167c09000 rw-p 00000000 00:00 0 
7fff2d3c7000-7fff2d3dc000 rw-p 00000000 00:00 0                          [stack]
7fff2d3ff000-7fff2d400000 r-xp 00000000 00:00 0                          [vdso]
ffffffffff600000-ffffffffff601000 r-xp 00000000 00:00 0                  [vsyscall]

VM Arguments:
jvm_args: -Dfile.encoding=UTF-8 
java_command: client.gui.RecordIndexer localhost 39640
Launcher Type: SUN_STANDARD

Environment Variables:
PATH=/auto/users/lindell/bin/eclipse:/auto/users/lindell/bin:/auto/app/anaconda/envs/py34/bin:/usr/lib64/qt-3.3/bin:/usr/local/bin:/usr/bin:/bin:/usr/local/sbin:/usr/sbin:/sbin
USERNAME=lindell
SHELL=/bin/bash
DISPLAY=:0.0

Signal Handlers:
SIGSEGV: [libjvm.so+0x993870], sa_mask[0]=0x7ffbfeff, sa_flags=0x10000004
SIGBUS: [libjvm.so+0x993870], sa_mask[0]=0x7ffbfeff, sa_flags=0x10000004
SIGFPE: [libjvm.so+0x8105b0], sa_mask[0]=0x7ffbfeff, sa_flags=0x10000004
SIGPIPE: [libjvm.so+0x8105b0], sa_mask[0]=0x7ffbfeff, sa_flags=0x10000004
SIGXFSZ: [libjvm.so+0x8105b0], sa_mask[0]=0x7ffbfeff, sa_flags=0x10000004
SIGILL: [libjvm.so+0x8105b0], sa_mask[0]=0x7ffbfeff, sa_flags=0x10000004
SIGUSR1: SIG_DFL, sa_mask[0]=0x00000000, sa_flags=0x00000000
SIGUSR2: [libjvm.so+0x811aa0], sa_mask[0]=0x00000004, sa_flags=0x10000004
SIGHUP: [libjvm.so+0x812a10], sa_mask[0]=0x7ffbfeff, sa_flags=0x10000004
SIGINT: [libjvm.so+0x812a10], sa_mask[0]=0x7ffbfeff, sa_flags=0x10000004
SIGTERM: [libjvm.so+0x812a10], sa_mask[0]=0x7ffbfeff, sa_flags=0x10000004
SIGQUIT: [libjvm.so+0x812a10], sa_mask[0]=0x7ffbfeff, sa_flags=0x10000004


---------------  S Y S T E M  ---------------

OS:Red Hat Enterprise Linux Server release 6.5 (Santiago)

uname:Linux 2.6.32-431.17.1.el6.x86_64 #1 SMP Fri Apr 11 17:27:00 EDT 2014 x86_64
libc:glibc 2.12 NPTL 2.12 
rlimit: STACK 10240k, CORE 0k, NPROC 1024, NOFILE 4096, AS infinity
load average:0.15 0.50 0.42

/proc/meminfo:
MemTotal:        8193028 kB
MemFree:         5260492 kB
Buffers:           80752 kB
Cached:           829144 kB
SwapCached:            0 kB
Active:          2021128 kB
Inactive:         671892 kB
Active(anon):    1783852 kB
Inactive(anon):    10864 kB
Active(file):     237276 kB
Inactive(file):   661028 kB
Unevictable:           0 kB
Mlocked:               0 kB
SwapTotal:       8387576 kB
SwapFree:        8387576 kB
Dirty:               184 kB
Writeback:             0 kB
AnonPages:       1746276 kB
Mapped:           203644 kB
Shmem:             11548 kB
Slab:              82424 kB
SReclaimable:      38504 kB
SUnreclaim:        43920 kB
KernelStack:        4480 kB
PageTables:        44052 kB
NFS_Unstable:          0 kB
Bounce:                0 kB
WritebackTmp:          0 kB
CommitLimit:    12484088 kB
Committed_AS:    3855296 kB
VmallocTotal:   34359738367 kB
VmallocUsed:       66620 kB
VmallocChunk:   34353958908 kB
HardwareCorrupted:     0 kB
AnonHugePages:   1148928 kB
HugePages_Total:       0
HugePages_Free:        0
HugePages_Rsvd:        0
HugePages_Surp:        0
Hugepagesize:       2048 kB
DirectMap4k:      104420 kB
DirectMap2M:     8284160 kB


CPU:total 4 (2 cores per cpu, 1 threads per core) family 15 model 33 stepping 2, cmov, cx8, fxsr, mmx, sse, sse2, sse3, mmxext, 3dnowpref, tsc

/proc/cpuinfo:
processor	: 0
vendor_id	: AuthenticAMD
cpu family	: 15
model		: 33
model name	: Dual Core AMD Opteron(tm) Processor 270
stepping	: 2
cpu MHz		: 1994.715
cache size	: 1024 KB
physical id	: 0
siblings	: 2
core id		: 0
cpu cores	: 2
apicid		: 0
initial apicid	: 0
fpu		: yes
fpu_exception	: yes
cpuid level	: 1
wp		: yes
flags		: fpu vme de pse tsc msr pae mce cx8 apic sep mtrr pge mca cmov pat pse36 clflush mmx fxsr sse sse2 ht syscall nx mmxext fxsr_opt lm 3dnowext 3dnow rep_good pni lahf_lm cmp_legacy
bogomips	: 3989.43
TLB size	: 1024 4K pages
clflush size	: 64
cache_alignment	: 64
address sizes	: 40 bits physical, 48 bits virtual
power management: ts fid vid ttp

processor	: 1
vendor_id	: AuthenticAMD
cpu family	: 15
model		: 33
model name	: Dual Core AMD Opteron(tm) Processor 270
stepping	: 2
cpu MHz		: 1994.715
cache size	: 1024 KB
physical id	: 0
siblings	: 2
core id		: 1
cpu cores	: 2
apicid		: 1
initial apicid	: 1
fpu		: yes
fpu_exception	: yes
cpuid level	: 1
wp		: yes
flags		: fpu vme de pse tsc msr pae mce cx8 apic sep mtrr pge mca cmov pat pse36 clflush mmx fxsr sse sse2 ht syscall nx mmxext fxsr_opt lm 3dnowext 3dnow rep_good pni lahf_lm cmp_legacy
bogomips	: 3988.56
TLB size	: 1024 4K pages
clflush size	: 64
cache_alignment	: 64
address sizes	: 40 bits physical, 48 bits virtual
power management: ts fid vid ttp

processor	: 2
vendor_id	: AuthenticAMD
cpu family	: 15
model		: 33
model name	: Dual Core AMD Opteron(tm) Processor 270
stepping	: 2
cpu MHz		: 1994.715
cache size	: 1024 KB
physical id	: 1
siblings	: 2
core id		: 0
cpu cores	: 2
apicid		: 2
initial apicid	: 2
fpu		: yes
fpu_exception	: yes
cpuid level	: 1
wp		: yes
flags		: fpu vme de pse tsc msr pae mce cx8 apic sep mtrr pge mca cmov pat pse36 clflush mmx fxsr sse sse2 ht syscall nx mmxext fxsr_opt lm 3dnowext 3dnow rep_good pni lahf_lm cmp_legacy
bogomips	: 3988.58
TLB size	: 1024 4K pages
clflush size	: 64
cache_alignment	: 64
address sizes	: 40 bits physical, 48 bits virtual
power management: ts fid vid ttp

processor	: 3
vendor_id	: AuthenticAMD
cpu family	: 15
model		: 33
model name	: Dual Core AMD Opteron(tm) Processor 270
stepping	: 2
cpu MHz		: 1994.715
cache size	: 1024 KB
physical id	: 1
siblings	: 2
core id		: 1
cpu cores	: 2
apicid		: 3
initial apicid	: 3
fpu		: yes
fpu_exception	: yes
cpuid level	: 1
wp		: yes
flags		: fpu vme de pse tsc msr pae mce cx8 apic sep mtrr pge mca cmov pat pse36 clflush mmx fxsr sse sse2 ht syscall nx mmxext fxsr_opt lm 3dnowext 3dnow rep_good pni lahf_lm cmp_legacy
bogomips	: 3988.58
TLB size	: 1024 4K pages
clflush size	: 64
cache_alignment	: 64
address sizes	: 40 bits physical, 48 bits virtual
power management: ts fid vid ttp



Memory: 4k page, physical 8193028k(5260492k free), swap 8387576k(8387576k free)

vm_info: Java HotSpot(TM) 64-Bit Server VM (24.51-b03) for linux-amd64 JRE (1.7.0_51-b13), built on Dec 18 2013 18:48:01 by "java_re" with gcc 4.3.0 20080428 (Red Hat 4.3.0-8)

time: Sat Jun 14 22:25:43 2014
elapsed time: 6 seconds

