#
# A fatal error has been detected by the Java Runtime Environment:
#
#  SIGSEGV (0xb) at pc=0x00007f0fd8f8cde7, pid=15817, tid=139706035615488
#
# JRE version: Java(TM) SE Runtime Environment (7.0_51-b13) (build 1.7.0_51-b13)
# Java VM: Java HotSpot(TM) 64-Bit Server VM (24.51-b03 mixed mode linux-amd64 compressed oops)
# Problematic frame:
# C  [libawt.so+0x30de7]  GetSDOps+0x47
#
# Failed to write core dump. Core dumps have been disabled. To enable core dumping, try "ulimit -c unlimited" before starting Java again
#
# If you would like to submit a bug report, please visit:
#   http://bugreport.sun.com/bugreport/crash.jsp
# The crash happened outside the Java Virtual Machine in native code.
# See problematic frame for where to report the bug.
#

---------------  T H R E A D  ---------------

Current thread (0x00007f0fe4197000):  JavaThread "AWT-EventQueue-0" [_thread_in_native, id=15849, stack(0x00007f0fd8903000,0x00007f0fd8a04000)]

siginfo:si_signo=SIGSEGV: si_errno=0, si_code=1 (SEGV_MAPERR), si_addr=0x00007f61ac07b380

Registers:
RAX=0x00007f61ac07b360, RBX=0x00007f0fe41971e8, RCX=0x0000000000000003, RDX=0x00007f0feb534a50
RSP=0x00007f0fd89feea0, RBP=0x00007f0fd89feec0, RSI=0x000000077e770a50, RDI=0x00007f0fe41971e8
R8 =0x00007f0fd89ff308, R9 =0x00007f0fd89ff300, R10=0x00007f0fdb18752d, R11=0x00007f0feafa4d30
R12=0x00007f0fd89ff318, R13=0x00007f61ac07b360, R14=0x0000000000000001, R15=0x00007f0fd89ff310
RIP=0x00007f0fd8f8cde7, EFLAGS=0x0000000000010202, CSGSFS=0x0000000000000033, ERR=0x0000000000000004
  TRAPNO=0x000000000000000e

Top of Stack: (sp=0x00007f0fd89feea0)
0x00007f0fd89feea0:   00007f0fd89ff308 00007f0fd89ff300
0x00007f0fd89feeb0:   00007f0fd89ff318 00007f0fe41971e8
0x00007f0fd89feec0:   00007f0fd89ff1a0 00007f0fd8f8f9ab
0x00007f0fd89feed0:   000000000000002f 00007f0fd89fee88
0x00007f0fd89feee0:   00007f0fd89feec9 0000000800000002
0x00007f0fd89feef0:   00007f0fe4197a00 00000007d6ae3f80
0x00007f0fd89fef00:   00007f0fe4197a28 00007f0fe4197a28
0x00007f0fd89fef10:   00007f0fe4197a20 00007f0fe4197a20
0x00007f0fd89fef20:   00000007fffffffe 00007f0fd89ff120
0x00007f0fd89fef30:   0000000000000000 00007f0fe4197000
0x00007f0fd89fef40:   407832aaaaaaaaac 40855d5555555556
0x00007f0fd89fef50:   4070955555555555 4080055555555554
0x00007f0fd89fef60:   000000077dc1d280 0000000000000000
0x00007f0fd89fef70:   00007f0fd89ff030 00007f0feaed7a39
0x00007f0fd89fef80:   00007f0fd9206a70 00007f0fe41979f8
0x00007f0fd89fef90:   00007f0fd89ff16f 00007f0fe41979f8
0x00007f0fd89fefa0:   00007f0feb4d8e30 0000005000000000
0x00007f0fd89fefb0:   0000000000000026 0000000000000000
0x00007f0fd89fefc0:   0000000000000000 00007f0f9400a8e0
0x00007f0fd89fefd0:   00007f0fd89feff0 00007f0feafc1379
0x00007f0fd89fefe0:   00007f0fd89ff000 00007f0fd89ff020
0x00007f0fd89feff0:   00007f0fd89ff010 00007f0feafc1c01
0x00007f0fd89ff000:   00007f0fd89ff020 00007f0fd89ff080
0x00007f0fd89ff010:   00007f0fd89ff060 00007f0feaec35fe
0x00007f0fd89ff020:   00007f0feb4b76d0 00007f0fe41414c0
0x00007f0fd89ff030:   0000000000000067 000000000000000e
0x00007f0fd89ff040:   00007f0f00000000 00007f0fe41414c1
0x00007f0fd89ff050:   00007f0fe4197000 00007f0fe41979f8
0x00007f0fd89ff060:   00007f0fd89ff120 00007f0feace8963
0x00007f0fd89ff070:   00007f0fe41979f8 00007f0fd89ff320
0x00007f0fd89ff080:   00007f0feb4e35f0 00007f0fe41414c0
0x00007f0fd89ff090:   0000000000000066 00007f0feaed874e 

Instructions: (pc=0x00007f0fd8f8cde7)
0x00007f0fd8f8cdc7:   00 00 00 48 8b 07 48 8b 15 ec 00 28 00 ff 90 28
0x00007f0fd8f8cdd7:   03 00 00 48 85 c0 49 89 c5 74 2e 45 84 f6 74 11
0x00007f0fd8f8cde7:   48 8b 40 20 48 85 c0 74 08 4c 89 ee 48 89 df ff
0x00007f0fd8f8cdf7:   d0 4c 89 e8 48 8b 1c 24 4c 8b 64 24 08 4c 8b 6c 

Register to memory mapping:

RAX=0x00007f61ac07b360 is an unknown value
RBX=0x00007f0fe41971e8 is an unknown value
RCX=0x0000000000000003 is an unknown value
RDX=0x00007f0feb534a50: <offset 0xe37a50> in /usr/java/jdk1.7.0_51/jre/lib/amd64/server/libjvm.so at 0x00007f0fea6fd000
RSP=0x00007f0fd89feea0 is pointing into the stack for thread: 0x00007f0fe4197000
RBP=0x00007f0fd89feec0 is pointing into the stack for thread: 0x00007f0fe4197000
RSI=0x000000077e770a50 is an oop
{instance class} 
 - klass: {other class}
RDI=0x00007f0fe41971e8 is an unknown value
R8 =0x00007f0fd89ff308 is pointing into the stack for thread: 0x00007f0fe4197000
R9 =0x00007f0fd89ff300 is pointing into the stack for thread: 0x00007f0fe4197000
R10=0x00007f0fdb18752d is at code_begin+1197 in an Interpreter codelet
method entry point (kind = native)  [0x00007f0fdb187080, 0x00007f0fdb187e80]  3584 bytes
R11=0x00007f0feafa4d30: <offset 0x8a7d30> in /usr/java/jdk1.7.0_51/jre/lib/amd64/server/libjvm.so at 0x00007f0fea6fd000
R12=0x00007f0fd89ff318 is pointing into the stack for thread: 0x00007f0fe4197000
R13=0x00007f61ac07b360 is an unknown value
R14=0x0000000000000001 is an unknown value
R15=0x00007f0fd89ff310 is pointing into the stack for thread: 0x00007f0fe4197000


Stack: [0x00007f0fd8903000,0x00007f0fd8a04000],  sp=0x00007f0fd89feea0,  free space=1007k
Native frames: (J=compiled Java code, j=interpreted, Vv=VM code, C=native code)
C  [libawt.so+0x30de7]  GetSDOps+0x47
C  [libawt.so+0x339ab]  Java_sun_java2d_loops_ScaledBlit_Scale+0xbb
j  sun.java2d.loops.ScaledBlit.Scale(Lsun/java2d/SurfaceData;Lsun/java2d/SurfaceData;Ljava/awt/Composite;Lsun/java2d/pipe/Region;IIIIDDDD)V+0
j  sun.java2d.pipe.DrawImage.scaleSurfaceData(Lsun/java2d/SunGraphics2D;Lsun/java2d/pipe/Region;Lsun/java2d/SurfaceData;Lsun/java2d/SurfaceData;Lsun/java2d/loops/SurfaceType;Lsun/java2d/loops/SurfaceType;IIIIDDDD)Z+72
j  sun.java2d.pipe.DrawImage.renderImageScale(Lsun/java2d/SunGraphics2D;Ljava/awt/Image;Ljava/awt/Color;IIIIIDDDD)Z+97
j  sun.java2d.pipe.DrawImage.tryCopyOrScale(Lsun/java2d/SunGraphics2D;Ljava/awt/Image;IIIILjava/awt/Color;I[D)Z+176
j  sun.java2d.pipe.DrawImage.transformImage(Lsun/java2d/SunGraphics2D;Ljava/awt/Image;Ljava/awt/geom/AffineTransform;IIIIILjava/awt/Color;)V+97
j  sun.java2d.pipe.DrawImage.scaleImage(Lsun/java2d/SunGraphics2D;Ljava/awt/Image;IIIIIIIILjava/awt/Color;)Z+467
j  sun.java2d.pipe.DrawImage.copyImage(Lsun/java2d/SunGraphics2D;Ljava/awt/Image;IIIIIILjava/awt/Color;)Z+68
j  sun.java2d.pipe.DrawImage.copyImage(Lsun/java2d/SunGraphics2D;Ljava/awt/Image;IIIIIILjava/awt/Color;Ljava/awt/image/ImageObserver;)Z+23
j  sun.java2d.pipe.ValidatePipe.copyImage(Lsun/java2d/SunGraphics2D;Ljava/awt/Image;IIIIIILjava/awt/Color;Ljava/awt/image/ImageObserver;)Z+29
j  sun.java2d.SunGraphics2D.copyImage(Ljava/awt/Image;IIIIIILjava/awt/Color;Ljava/awt/image/ImageObserver;)Z+20
j  sun.java2d.SunGraphics2D.drawImage(Ljava/awt/Image;IIIIIIIILjava/awt/Color;Ljava/awt/image/ImageObserver;)Z+185
j  sun.java2d.SunGraphics2D.drawImage(Ljava/awt/Image;IIIIIIIILjava/awt/image/ImageObserver;)Z+19
j  client.gui.ImagePanel$DrawingImage.draw(Ljava/awt/Graphics2D;)V+52
j  client.gui.ImagePanel.paintComponent(Ljava/awt/Graphics;)V+93
j  javax.swing.JComponent.paint(Ljava/awt/Graphics;)V+286
j  javax.swing.JComponent.paintChildren(Ljava/awt/Graphics;)V+501
j  javax.swing.JSplitPane.paintChildren(Ljava/awt/Graphics;)V+2
j  javax.swing.JComponent.paint(Ljava/awt/Graphics;)V+318
j  javax.swing.JComponent.paintChildren(Ljava/awt/Graphics;)V+501
j  javax.swing.JComponent.paint(Ljava/awt/Graphics;)V+318
j  javax.swing.JComponent.paintChildren(Ljava/awt/Graphics;)V+501
j  javax.swing.JComponent.paint(Ljava/awt/Graphics;)V+318
j  javax.swing.JLayeredPane.paint(Ljava/awt/Graphics;)V+73
j  javax.swing.JComponent.paintChildren(Ljava/awt/Graphics;)V+501
j  javax.swing.JComponent.paintToOffscreen(Ljava/awt/Graphics;IIIIII)V+72
j  javax.swing.BufferStrategyPaintManager.paint(Ljavax/swing/JComponent;Ljavax/swing/JComponent;Ljava/awt/Graphics;IIII)Z+157
j  javax.swing.RepaintManager.paint(Ljavax/swing/JComponent;Ljavax/swing/JComponent;Ljava/awt/Graphics;IIII)V+52
j  javax.swing.JComponent.paint(Ljava/awt/Graphics;)V+221
j  java.awt.GraphicsCallback$PaintCallback.run(Ljava/awt/Component;Ljava/awt/Graphics;)V+2
j  sun.awt.SunGraphicsCallback.runOneComponent(Ljava/awt/Component;Ljava/awt/Rectangle;Ljava/awt/Graphics;Ljava/awt/Shape;I)V+155
j  sun.awt.SunGraphicsCallback.runComponents([Ljava/awt/Component;Ljava/awt/Graphics;I)V+194
j  java.awt.Container.paint(Ljava/awt/Graphics;)V+58
j  java.awt.Window.paint(Ljava/awt/Graphics;)V+68
j  javax.swing.RepaintManager$3.run()Ljava/lang/Void;+136
j  javax.swing.RepaintManager$3.run()Ljava/lang/Object;+1
v  ~StubRoutines::call_stub
V  [libjvm.so+0x5f8465]  JavaCalls::call_helper(JavaValue*, methodHandle*, JavaCallArguments*, Thread*)+0x365
V  [libjvm.so+0x5f6ec8]  JavaCalls::call(JavaValue*, methodHandle, JavaCallArguments*, Thread*)+0x28
V  [libjvm.so+0x67cc64]  JVM_DoPrivileged+0x2a4
j  java.security.AccessController.doPrivileged(Ljava/security/PrivilegedAction;Ljava/security/AccessControlContext;)Ljava/lang/Object;+0
j  java.security.ProtectionDomain$1.doIntersectionPrivilege(Ljava/security/PrivilegedAction;Ljava/security/AccessControlContext;Ljava/security/AccessControlContext;)Ljava/lang/Object;+28
j  javax.swing.RepaintManager.paintDirtyRegions(Ljava/util/Map;)V+154
j  javax.swing.RepaintManager.paintDirtyRegions()V+46
j  javax.swing.RepaintManager.prePaintDirtyRegions()V+73
j  javax.swing.RepaintManager.access$1100(Ljavax/swing/RepaintManager;)V+1
j  javax.swing.RepaintManager$ProcessingRunnable.run()V+37
j  java.awt.event.InvocationEvent.dispatch()V+47
j  java.awt.EventQueue.dispatchEventImpl(Ljava/awt/AWTEvent;Ljava/lang/Object;)V+21
j  java.awt.EventQueue.access$200(Ljava/awt/EventQueue;Ljava/awt/AWTEvent;Ljava/lang/Object;)V+3
j  java.awt.EventQueue$3.run()Ljava/lang/Void;+12
j  java.awt.EventQueue$3.run()Ljava/lang/Object;+1
v  ~StubRoutines::call_stub
V  [libjvm.so+0x5f8465]  JavaCalls::call_helper(JavaValue*, methodHandle*, JavaCallArguments*, Thread*)+0x365
V  [libjvm.so+0x5f6ec8]  JavaCalls::call(JavaValue*, methodHandle, JavaCallArguments*, Thread*)+0x28
V  [libjvm.so+0x67cc64]  JVM_DoPrivileged+0x2a4
j  java.security.AccessController.doPrivileged(Ljava/security/PrivilegedAction;Ljava/security/AccessControlContext;)Ljava/lang/Object;+0
j  java.security.ProtectionDomain$1.doIntersectionPrivilege(Ljava/security/PrivilegedAction;Ljava/security/AccessControlContext;Ljava/security/AccessControlContext;)Ljava/lang/Object;+28
j  java.awt.EventQueue.dispatchEvent(Ljava/awt/AWTEvent;)V+46
j  java.awt.EventDispatchThread.pumpOneEventForFilters(I)V+245
j  java.awt.EventDispatchThread.pumpEventsForFilter(ILjava/awt/Conditional;Ljava/awt/EventFilter;)V+35
j  java.awt.EventDispatchThread.pumpEventsForHierarchy(ILjava/awt/Conditional;Ljava/awt/Component;)V+11
j  java.awt.EventDispatchThread.pumpEvents(ILjava/awt/Conditional;)V+4
j  java.awt.EventDispatchThread.pumpEvents(Ljava/awt/Conditional;)V+3
j  java.awt.EventDispatchThread.run()V+9
v  ~StubRoutines::call_stub
V  [libjvm.so+0x5f8465]  JavaCalls::call_helper(JavaValue*, methodHandle*, JavaCallArguments*, Thread*)+0x365
V  [libjvm.so+0x5f6ec8]  JavaCalls::call(JavaValue*, methodHandle, JavaCallArguments*, Thread*)+0x28
V  [libjvm.so+0x5f7197]  JavaCalls::call_virtual(JavaValue*, KlassHandle, Symbol*, Symbol*, JavaCallArguments*, Thread*)+0x197
V  [libjvm.so+0x5f72b7]  JavaCalls::call_virtual(JavaValue*, Handle, KlassHandle, Symbol*, Symbol*, Thread*)+0x47
V  [libjvm.so+0x6731c5]  thread_entry(JavaThread*, Thread*)+0xe5
V  [libjvm.so+0x94d5ff]  JavaThread::thread_main_inner()+0xdf
V  [libjvm.so+0x94d705]  JavaThread::run()+0xf5
V  [libjvm.so+0x815538]  java_start(Thread*)+0x108

Java frames: (J=compiled Java code, j=interpreted, Vv=VM code)
j  sun.java2d.loops.ScaledBlit.Scale(Lsun/java2d/SurfaceData;Lsun/java2d/SurfaceData;Ljava/awt/Composite;Lsun/java2d/pipe/Region;IIIIDDDD)V+0
j  sun.java2d.pipe.DrawImage.scaleSurfaceData(Lsun/java2d/SunGraphics2D;Lsun/java2d/pipe/Region;Lsun/java2d/SurfaceData;Lsun/java2d/SurfaceData;Lsun/java2d/loops/SurfaceType;Lsun/java2d/loops/SurfaceType;IIIIDDDD)Z+72
j  sun.java2d.pipe.DrawImage.renderImageScale(Lsun/java2d/SunGraphics2D;Ljava/awt/Image;Ljava/awt/Color;IIIIIDDDD)Z+97
j  sun.java2d.pipe.DrawImage.tryCopyOrScale(Lsun/java2d/SunGraphics2D;Ljava/awt/Image;IIIILjava/awt/Color;I[D)Z+176
j  sun.java2d.pipe.DrawImage.transformImage(Lsun/java2d/SunGraphics2D;Ljava/awt/Image;Ljava/awt/geom/AffineTransform;IIIIILjava/awt/Color;)V+97
j  sun.java2d.pipe.DrawImage.scaleImage(Lsun/java2d/SunGraphics2D;Ljava/awt/Image;IIIIIIIILjava/awt/Color;)Z+467
j  sun.java2d.pipe.DrawImage.copyImage(Lsun/java2d/SunGraphics2D;Ljava/awt/Image;IIIIIILjava/awt/Color;)Z+68
j  sun.java2d.pipe.DrawImage.copyImage(Lsun/java2d/SunGraphics2D;Ljava/awt/Image;IIIIIILjava/awt/Color;Ljava/awt/image/ImageObserver;)Z+23
j  sun.java2d.pipe.ValidatePipe.copyImage(Lsun/java2d/SunGraphics2D;Ljava/awt/Image;IIIIIILjava/awt/Color;Ljava/awt/image/ImageObserver;)Z+29
j  sun.java2d.SunGraphics2D.copyImage(Ljava/awt/Image;IIIIIILjava/awt/Color;Ljava/awt/image/ImageObserver;)Z+20
j  sun.java2d.SunGraphics2D.drawImage(Ljava/awt/Image;IIIIIIIILjava/awt/Color;Ljava/awt/image/ImageObserver;)Z+185
j  sun.java2d.SunGraphics2D.drawImage(Ljava/awt/Image;IIIIIIIILjava/awt/image/ImageObserver;)Z+19
j  client.gui.ImagePanel$DrawingImage.draw(Ljava/awt/Graphics2D;)V+52
j  client.gui.ImagePanel.paintComponent(Ljava/awt/Graphics;)V+93
j  javax.swing.JComponent.paint(Ljava/awt/Graphics;)V+286
j  javax.swing.JComponent.paintChildren(Ljava/awt/Graphics;)V+501
j  javax.swing.JSplitPane.paintChildren(Ljava/awt/Graphics;)V+2
j  javax.swing.JComponent.paint(Ljava/awt/Graphics;)V+318
j  javax.swing.JComponent.paintChildren(Ljava/awt/Graphics;)V+501
j  javax.swing.JComponent.paint(Ljava/awt/Graphics;)V+318
j  javax.swing.JComponent.paintChildren(Ljava/awt/Graphics;)V+501
j  javax.swing.JComponent.paint(Ljava/awt/Graphics;)V+318
j  javax.swing.JLayeredPane.paint(Ljava/awt/Graphics;)V+73
j  javax.swing.JComponent.paintChildren(Ljava/awt/Graphics;)V+501
j  javax.swing.JComponent.paintToOffscreen(Ljava/awt/Graphics;IIIIII)V+72
j  javax.swing.BufferStrategyPaintManager.paint(Ljavax/swing/JComponent;Ljavax/swing/JComponent;Ljava/awt/Graphics;IIII)Z+157
j  javax.swing.RepaintManager.paint(Ljavax/swing/JComponent;Ljavax/swing/JComponent;Ljava/awt/Graphics;IIII)V+52
j  javax.swing.JComponent.paint(Ljava/awt/Graphics;)V+221
j  java.awt.GraphicsCallback$PaintCallback.run(Ljava/awt/Component;Ljava/awt/Graphics;)V+2
j  sun.awt.SunGraphicsCallback.runOneComponent(Ljava/awt/Component;Ljava/awt/Rectangle;Ljava/awt/Graphics;Ljava/awt/Shape;I)V+155
j  sun.awt.SunGraphicsCallback.runComponents([Ljava/awt/Component;Ljava/awt/Graphics;I)V+194
j  java.awt.Container.paint(Ljava/awt/Graphics;)V+58
j  java.awt.Window.paint(Ljava/awt/Graphics;)V+68
j  javax.swing.RepaintManager$3.run()Ljava/lang/Void;+136
j  javax.swing.RepaintManager$3.run()Ljava/lang/Object;+1
v  ~StubRoutines::call_stub
j  java.security.AccessController.doPrivileged(Ljava/security/PrivilegedAction;Ljava/security/AccessControlContext;)Ljava/lang/Object;+0
j  java.security.ProtectionDomain$1.doIntersectionPrivilege(Ljava/security/PrivilegedAction;Ljava/security/AccessControlContext;Ljava/security/AccessControlContext;)Ljava/lang/Object;+28
j  javax.swing.RepaintManager.paintDirtyRegions(Ljava/util/Map;)V+154
j  javax.swing.RepaintManager.paintDirtyRegions()V+46
j  javax.swing.RepaintManager.prePaintDirtyRegions()V+73
j  javax.swing.RepaintManager.access$1100(Ljavax/swing/RepaintManager;)V+1
j  javax.swing.RepaintManager$ProcessingRunnable.run()V+37
j  java.awt.event.InvocationEvent.dispatch()V+47
j  java.awt.EventQueue.dispatchEventImpl(Ljava/awt/AWTEvent;Ljava/lang/Object;)V+21
j  java.awt.EventQueue.access$200(Ljava/awt/EventQueue;Ljava/awt/AWTEvent;Ljava/lang/Object;)V+3
j  java.awt.EventQueue$3.run()Ljava/lang/Void;+12
j  java.awt.EventQueue$3.run()Ljava/lang/Object;+1
v  ~StubRoutines::call_stub
j  java.security.AccessController.doPrivileged(Ljava/security/PrivilegedAction;Ljava/security/AccessControlContext;)Ljava/lang/Object;+0
j  java.security.ProtectionDomain$1.doIntersectionPrivilege(Ljava/security/PrivilegedAction;Ljava/security/AccessControlContext;Ljava/security/AccessControlContext;)Ljava/lang/Object;+28
j  java.awt.EventQueue.dispatchEvent(Ljava/awt/AWTEvent;)V+46
j  java.awt.EventDispatchThread.pumpOneEventForFilters(I)V+245
j  java.awt.EventDispatchThread.pumpEventsForFilter(ILjava/awt/Conditional;Ljava/awt/EventFilter;)V+35
j  java.awt.EventDispatchThread.pumpEventsForHierarchy(ILjava/awt/Conditional;Ljava/awt/Component;)V+11
j  java.awt.EventDispatchThread.pumpEvents(ILjava/awt/Conditional;)V+4
j  java.awt.EventDispatchThread.pumpEvents(Ljava/awt/Conditional;)V+3
j  java.awt.EventDispatchThread.run()V+9
v  ~StubRoutines::call_stub

---------------  P R O C E S S  ---------------

Java Threads: ( => current thread )
  0x00007f0f7c196000 JavaThread "Keep-Alive-Timer" daemon [_thread_blocked, id=15875, stack(0x00007f0fd8040000,0x00007f0fd8141000)]
  0x00007f0f7c165000 JavaThread "TimerQueue" daemon [_thread_blocked, id=15851, stack(0x00007f0fd8141000,0x00007f0fd8242000)]
  0x00007f0fe400b800 JavaThread "DestroyJavaVM" [_thread_blocked, id=15823, stack(0x00007f0fea5fc000,0x00007f0fea6fd000)]
=>0x00007f0fe4197000 JavaThread "AWT-EventQueue-0" [_thread_in_native, id=15849, stack(0x00007f0fd8903000,0x00007f0fd8a04000)]
  0x00007f0fe4195800 JavaThread "AWT-Shutdown" [_thread_blocked, id=15848, stack(0x00007f0fd8a04000,0x00007f0fd8b05000)]
  0x00007f0fe4193800 JavaThread "AWT-XAWT" daemon [_thread_in_native, id=15847, stack(0x00007f0fd8b05000,0x00007f0fd8c06000)]
  0x00007f0fe414b000 JavaThread "Java2D Disposer" daemon [_thread_blocked, id=15846, stack(0x00007f0fd8c06000,0x00007f0fd8d07000)]
  0x00007f0fe40a7800 JavaThread "Service Thread" daemon [_thread_blocked, id=15844, stack(0x00007f0fd932f000,0x00007f0fd9430000)]
  0x00007f0fe40a5000 JavaThread "C2 CompilerThread1" daemon [_thread_blocked, id=15843, stack(0x00007f0fd9430000,0x00007f0fd9531000)]
  0x00007f0fe40a2000 JavaThread "C2 CompilerThread0" daemon [_thread_blocked, id=15842, stack(0x00007f0fd9531000,0x00007f0fd9632000)]
  0x00007f0fa4001000 JavaThread "JDWP Command Reader" daemon [_thread_in_native, id=15838, stack(0x00007f0fd9632000,0x00007f0fd9733000)]
  0x00007f0fe40a0000 JavaThread "JDWP Event Helper Thread" daemon [_thread_blocked, id=15837, stack(0x00007f0fd9733000,0x00007f0fd9834000)]
  0x00007f0fe409c800 JavaThread "JDWP Transport Listener: dt_socket" daemon [_thread_blocked, id=15834, stack(0x00007f0fd9834000,0x00007f0fd9935000)]
  0x00007f0fe4087000 JavaThread "Signal Dispatcher" daemon [_thread_blocked, id=15832, stack(0x00007f0fd9b39000,0x00007f0fd9c3a000)]
  0x00007f0fe4071000 JavaThread "Finalizer" daemon [_thread_blocked, id=15831, stack(0x00007f0fd9c3a000,0x00007f0fd9d3b000)]
  0x00007f0fe406d000 JavaThread "Reference Handler" daemon [_thread_blocked, id=15830, stack(0x00007f0fd9d3b000,0x00007f0fd9e3c000)]

Other Threads:
  0x00007f0fe406b000 VMThread [stack: 0x00007f0fd9e3c000,0x00007f0fd9f3d000] [id=15829]
  0x00007f0fe40ba800 WatcherThread [stack: 0x00007f0fd922e000,0x00007f0fd932f000] [id=15845]

VM state:not at safepoint (normal execution)

VM Mutex/Monitor currently owned by a thread: None

Heap
 PSYoungGen      total 37888K, used 15724K [0x00000007d6480000, 0x00000007d8e80000, 0x0000000800000000)
  eden space 32768K, 32% used [0x00000007d6480000,0x00000007d6ee04a8,0x00000007d8480000)
  from space 5120K, 99% used [0x00000007d8980000,0x00000007d8e7ace0,0x00000007d8e80000)
  to   space 5120K, 0% used [0x00000007d8480000,0x00000007d8480000,0x00000007d8980000)
 ParOldGen       total 84992K, used 20328K [0x0000000782e00000, 0x0000000788100000, 0x00000007d6480000)
  object space 84992K, 23% used [0x0000000782e00000,0x00000007841da180,0x0000000788100000)
 PSPermGen       total 21504K, used 17240K [0x000000077dc00000, 0x000000077f100000, 0x0000000782e00000)
  object space 21504K, 80% used [0x000000077dc00000,0x000000077ecd60c8,0x000000077f100000)

Card table byte_map: [0x00007f0fe8bee000,0x00007f0fe9001000] byte_map_base: 0x00007f0fe5000000

Polling page: 0x00007f0feb792000

Code Cache  [0x00007f0fdb16f000, 0x00007f0fdb3df000, 0x00007f0fde16f000)
 total_blobs=639 nmethods=147 adapters=454 free_code_cache=48175Kb largest_free_block=49307520

Compilation events (10 events):
Event: 12.789 Thread 0x00007f0fe40a2000  143             com.thoughtworks.xstream.mapper.MapperWrapper::shouldSerializeMember (12 bytes)
Event: 12.790 Thread 0x00007f0fe40a2000 nmethod 143 0x00007f0fdb260010 code [0x00007f0fdb260160, 0x00007f0fdb2601f8]
Event: 15.344 Thread 0x00007f0fe40a5000  145             java.util.concurrent.locks.ReentrantLock::lock (8 bytes)
Event: 15.344 Thread 0x00007f0fe40a2000  146             java.util.concurrent.locks.ReentrantLock$NonfairSync::lock (25 bytes)
Event: 15.348 Thread 0x00007f0fe40a2000 nmethod 146 0x00007f0fdb21fa90 code [0x00007f0fdb21fc00, 0x00007f0fdb21fd88]
Event: 15.348 Thread 0x00007f0fe40a5000 nmethod 145 0x00007f0fdb21f510 code [0x00007f0fdb21f680, 0x00007f0fdb21f868]
Event: 15.489 Thread 0x00007f0fe40a2000  147             java.awt.Component::getParent_NoClientCode (5 bytes)
Event: 15.489 Thread 0x00007f0fe40a2000 nmethod 147 0x00007f0fdb267950 code [0x00007f0fdb267a80, 0x00007f0fdb267af8]
Event: 15.496 Thread 0x00007f0fe40a5000  148             java.awt.Component::getParent (5 bytes)
Event: 15.497 Thread 0x00007f0fe40a5000 nmethod 148 0x00007f0fdb21f050 code [0x00007f0fdb21f180, 0x00007f0fdb21f1f8]

GC Heap History (4 events):
Event: 5.912 GC heap before
{Heap before GC invocations=1 (full 0):
 PSYoungGen      total 37888K, used 32723K [0x00000007d6480000, 0x00000007d8e80000, 0x0000000800000000)
  eden space 32768K, 99% used [0x00000007d6480000,0x00000007d8474e48,0x00000007d8480000)
  from space 5120K, 0% used [0x00000007d8980000,0x00000007d8980000,0x00000007d8e80000)
  to   space 5120K, 0% used [0x00000007d8480000,0x00000007d8480000,0x00000007d8980000)
 ParOldGen       total 84992K, used 0K [0x0000000782e00000, 0x0000000788100000, 0x00000007d6480000)
  object space 84992K, 0% used [0x0000000782e00000,0x0000000782e00000,0x0000000788100000)
 PSPermGen       total 21504K, used 16621K [0x000000077dc00000, 0x000000077f100000, 0x0000000782e00000)
  object space 21504K, 77% used [0x000000077dc00000,0x000000077ec3b738,0x000000077f100000)
Event: 5.954 GC heap after
Heap after GC invocations=1 (full 0):
 PSYoungGen      total 37888K, used 5096K [0x00000007d6480000, 0x00000007d8e80000, 0x0000000800000000)
  eden space 32768K, 0% used [0x00000007d6480000,0x00000007d6480000,0x00000007d8480000)
  from space 5120K, 99% used [0x00000007d8480000,0x00000007d897a080,0x00000007d8980000)
  to   space 5120K, 0% used [0x00000007d8980000,0x00000007d8980000,0x00000007d8e80000)
 ParOldGen       total 84992K, used 10475K [0x0000000782e00000, 0x0000000788100000, 0x00000007d6480000)
  object space 84992K, 12% used [0x0000000782e00000,0x000000078383aca8,0x0000000788100000)
 PSPermGen       total 21504K, used 16621K [0x000000077dc00000, 0x000000077f100000, 0x0000000782e00000)
  object space 21504K, 77% used [0x000000077dc00000,0x000000077ec3b738,0x000000077f100000)
}
Event: 12.725 GC heap before
{Heap before GC invocations=2 (full 0):
 PSYoungGen      total 37888K, used 37864K [0x00000007d6480000, 0x00000007d8e80000, 0x0000000800000000)
  eden space 32768K, 100% used [0x00000007d6480000,0x00000007d8480000,0x00000007d8480000)
  from space 5120K, 99% used [0x00000007d8480000,0x00000007d897a080,0x00000007d8980000)
  to   space 5120K, 0% used [0x00000007d8980000,0x00000007d8980000,0x00000007d8e80000)
 ParOldGen       total 84992K, used 10475K [0x0000000782e00000, 0x0000000788100000, 0x00000007d6480000)
  object space 84992K, 12% used [0x0000000782e00000,0x000000078383aca8,0x0000000788100000)
 PSPermGen       total 21504K, used 16835K [0x000000077dc00000, 0x000000077f100000, 0x0000000782e00000)
  object space 21504K, 78% used [0x000000077dc00000,0x000000077ec70eb0,0x000000077f100000)
Event: 12.748 GC heap after
Heap after GC invocations=2 (full 0):
 PSYoungGen      total 37888K, used 5099K [0x00000007d6480000, 0x00000007d8e80000, 0x0000000800000000)
  eden space 32768K, 0% used [0x00000007d6480000,0x00000007d6480000,0x00000007d8480000)
  from space 5120K, 99% used [0x00000007d8980000,0x00000007d8e7ace0,0x00000007d8e80000)
  to   space 5120K, 0% used [0x00000007d8480000,0x00000007d8480000,0x00000007d8980000)
 ParOldGen       total 84992K, used 20328K [0x0000000782e00000, 0x0000000788100000, 0x00000007d6480000)
  object space 84992K, 23% used [0x0000000782e00000,0x00000007841da180,0x0000000788100000)
 PSPermGen       total 21504K, used 16835K [0x000000077dc00000, 0x000000077f100000, 0x0000000782e00000)
  object space 21504K, 78% used [0x000000077dc00000,0x000000077ec70eb0,0x000000077f100000)
}

Deoptimization events (10 events):
Event: 12.433 Thread 0x00007f0fe4197000 Uncommon trap: reason=class_check action=maybe_recompile pc=0x00007f0fdb217208 method=java.util.ArrayList.indexOf(Ljava/lang/Object;)I @ 51
Event: 12.433 Thread 0x00007f0fe4197000 Uncommon trap: reason=class_check action=maybe_recompile pc=0x00007f0fdb217208 method=java.util.ArrayList.indexOf(Ljava/lang/Object;)I @ 51
Event: 12.443 Thread 0x00007f0fe4197000 Uncommon trap: reason=class_check action=maybe_recompile pc=0x00007f0fdb2156ac method=com.sun.org.apache.xerces.internal.impl.XMLDocumentScannerImpl.next()I @ 4
Event: 12.445 Thread 0x00007f0fe4197000 Uncommon trap: reason=class_check action=maybe_recompile pc=0x00007f0fdb2156ac method=com.sun.org.apache.xerces.internal.impl.XMLDocumentScannerImpl.next()I @ 4
Event: 12.445 Thread 0x00007f0fe4197000 Uncommon trap: reason=null_check action=make_not_entrant pc=0x00007f0fdb20be24 method=com.sun.org.apache.xerces.internal.dom.DeferredDocumentImpl.clearChunkValue([[Ljava/lang/Object;II)Ljava/lang/String; @ 11
Event: 12.512 Thread 0x00007f0fe4197000 Uncommon trap: reason=class_check action=maybe_recompile pc=0x00007f0fdb2156ac method=com.sun.org.apache.xerces.internal.impl.XMLDocumentScannerImpl.next()I @ 4
Event: 15.380 Thread 0x00007f0fe4197000 Uncommon trap: reason=unreached action=reinterpret pc=0x00007f0fdb2611dc method=java.lang.ref.ReferenceQueue.poll()Ljava/lang/ref/Reference; @ 4
Event: 15.405 Thread 0x00007f0fe4197000 Uncommon trap: reason=unreached action=reinterpret pc=0x00007f0fdb22b1e0 method=com.thoughtworks.xstream.io.xml.XmlFriendlyNameCoder.encodeName(Ljava/lang/String;)Ljava/lang/String; @ 15
Event: 15.430 Thread 0x00007f0fe4197000 Uncommon trap: reason=class_check action=maybe_recompile pc=0x00007f0fdb2156ac method=com.sun.org.apache.xerces.internal.impl.XMLDocumentScannerImpl.next()I @ 4
Event: 15.453 Thread 0x00007f0fe4197000 Uncommon trap: reason=unreached action=reinterpret pc=0x00007f0fdb1e792c method=java.lang.ref.ReferenceQueue.poll()Ljava/lang/ref/Reference; @ 4

Internal exceptions (10 events):
Event: 5.577 Thread 0x00007f0fe4197000 Threw 0x00000007d748aca0 at /HUDSON/workspace/7u-2-build-linux-amd64@2/jdk7u51/527/hotspot/src/share/vm/prims/jvm.cpp:1244
Event: 5.579 Thread 0x00007f0fe4197000 Threw 0x00000007d748cce8 at /HUDSON/workspace/7u-2-build-linux-amd64@2/jdk7u51/527/hotspot/src/share/vm/prims/jvm.cpp:1244
Event: 5.580 Thread 0x00007f0fe4197000 Threw 0x00000007d748f588 at /HUDSON/workspace/7u-2-build-linux-amd64@2/jdk7u51/527/hotspot/src/share/vm/prims/jvm.cpp:1244
Event: 5.580 Thread 0x00007f0fe4197000 Threw 0x00000007d7491628 at /HUDSON/workspace/7u-2-build-linux-amd64@2/jdk7u51/527/hotspot/src/share/vm/prims/jvm.cpp:1244
Event: 5.585 Thread 0x00007f0fe4197000 Threw 0x00000007d74981a0 at /HUDSON/workspace/7u-2-build-linux-amd64@2/jdk7u51/527/hotspot/src/share/vm/prims/jvm.cpp:1244
Event: 5.775 Thread 0x00007f0fe4197000 Implicit null exception at 0x00007f0fdb2253b4 to 0x00007f0fdb225bad
Event: 6.020 Thread 0x00007f0fe4197000 Threw 0x00000007d6cc3278 at /HUDSON/workspace/7u-2-build-linux-amd64@2/jdk7u51/527/hotspot/src/share/vm/prims/jvm.cpp:1244
Event: 6.031 Thread 0x00007f0fe4197000 Threw 0x00000007d6cd5238 at /HUDSON/workspace/7u-2-build-linux-amd64@2/jdk7u51/527/hotspot/src/share/vm/prims/jvm.cpp:1244
Event: 12.445 Thread 0x00007f0fe4197000 Implicit null exception at 0x00007f0fdb20b97a to 0x00007f0fdb20be05
Event: 15.366 Thread 0x00007f0fe4197000 Threw 0x00000007d69d19a8 at /HUDSON/workspace/7u-2-build-linux-amd64@2/jdk7u51/527/hotspot/src/share/vm/prims/jvm.cpp:1244

Events (10 events):
Event: 15.453 Thread 0x00007f0fe4197000 DEOPT PACKING pc=0x00007f0fdb1e792c sp=0x00007f0fd89ffae0
Event: 15.453 Thread 0x00007f0fe4197000 DEOPT UNPACKING pc=0x00007f0fdb1a8045 sp=0x00007f0fd89ff9b8 mode 2
Event: 15.467 loading class 0x00007f0f940c8190
Event: 15.468 loading class 0x00007f0f940c8190 done
Event: 15.468 loading class 0x00007f0f94077ce0
Event: 15.468 loading class 0x00007f0f94077ce0 done
Event: 15.476 loading class 0x00007f0f7c0aa420
Event: 15.476 loading class 0x00007f0f7c0aa420 done
Event: 15.476 loading class 0x00007f0f7c0acc50
Event: 15.476 loading class 0x00007f0f7c0acc50 done


Dynamic libraries:
00400000-00401000 r-xp 00000000 09:02 1851940                            /usr/java/jdk1.7.0_51/bin/java
00600000-00601000 rw-p 00000000 09:02 1851940                            /usr/java/jdk1.7.0_51/bin/java
01f54000-01f75000 rw-p 00000000 00:00 0                                  [heap]
77dc00000-77f100000 rw-p 00000000 00:00 0 
77f100000-782e00000 rw-p 00000000 00:00 0 
782e00000-788100000 rw-p 00000000 00:00 0 
788100000-7d6480000 rw-p 00000000 00:00 0 
7d6480000-7d8e80000 rw-p 00000000 00:00 0 
7d8e80000-800000000 rw-p 00000000 00:00 0 
3fb9200000-3fb9220000 r-xp 00000000 09:02 399595                         /lib64/ld-2.12.so
3fb941f000-3fb9420000 r--p 0001f000 09:02 399595                         /lib64/ld-2.12.so
3fb9420000-3fb9421000 rw-p 00020000 09:02 399595                         /lib64/ld-2.12.so
3fb9421000-3fb9422000 rw-p 00000000 00:00 0 
3fb9600000-3fb9683000 r-xp 00000000 09:02 399600                         /lib64/libm-2.12.so
3fb9683000-3fb9882000 ---p 00083000 09:02 399600                         /lib64/libm-2.12.so
3fb9882000-3fb9883000 r--p 00082000 09:02 399600                         /lib64/libm-2.12.so
3fb9883000-3fb9884000 rw-p 00083000 09:02 399600                         /lib64/libm-2.12.so
3fb9a00000-3fb9b8b000 r-xp 00000000 09:02 399596                         /lib64/libc-2.12.so
3fb9b8b000-3fb9d8a000 ---p 0018b000 09:02 399596                         /lib64/libc-2.12.so
3fb9d8a000-3fb9d8e000 r--p 0018a000 09:02 399596                         /lib64/libc-2.12.so
3fb9d8e000-3fb9d8f000 rw-p 0018e000 09:02 399596                         /lib64/libc-2.12.so
3fb9d8f000-3fb9d94000 rw-p 00000000 00:00 0 
3fb9e00000-3fb9e17000 r-xp 00000000 09:02 399598                         /lib64/libpthread-2.12.so
3fb9e17000-3fba017000 ---p 00017000 09:02 399598                         /lib64/libpthread-2.12.so
3fba017000-3fba018000 r--p 00017000 09:02 399598                         /lib64/libpthread-2.12.so
3fba018000-3fba019000 rw-p 00018000 09:02 399598                         /lib64/libpthread-2.12.so
3fba019000-3fba01d000 rw-p 00000000 00:00 0 
3fba200000-3fba202000 r-xp 00000000 09:02 399599                         /lib64/libdl-2.12.so
3fba202000-3fba402000 ---p 00002000 09:02 399599                         /lib64/libdl-2.12.so
3fba402000-3fba403000 r--p 00002000 09:02 399599                         /lib64/libdl-2.12.so
3fba403000-3fba404000 rw-p 00003000 09:02 399599                         /lib64/libdl-2.12.so
3fbaa00000-3fbaa07000 r-xp 00000000 09:02 399602                         /lib64/librt-2.12.so
3fbaa07000-3fbac06000 ---p 00007000 09:02 399602                         /lib64/librt-2.12.so
3fbac06000-3fbac07000 r--p 00006000 09:02 399602                         /lib64/librt-2.12.so
3fbac07000-3fbac08000 rw-p 00007000 09:02 399602                         /lib64/librt-2.12.so
3fbc600000-3fbc61d000 r-xp 00000000 09:02 1736896                        /usr/lib64/libxcb.so.1.1.0
3fbc61d000-3fbc81d000 ---p 0001d000 09:02 1736896                        /usr/lib64/libxcb.so.1.1.0
3fbc81d000-3fbc81e000 rw-p 0001d000 09:02 1736896                        /usr/lib64/libxcb.so.1.1.0
3fbca00000-3fbcb37000 r-xp 00000000 09:02 1736897                        /usr/lib64/libX11.so.6.3.0
3fbcb37000-3fbcd37000 ---p 00137000 09:02 1736897                        /usr/lib64/libX11.so.6.3.0
3fbcd37000-3fbcd3d000 rw-p 00137000 09:02 1736897                        /usr/lib64/libX11.so.6.3.0
3fbce00000-3fbce02000 r-xp 00000000 09:02 1736895                        /usr/lib64/libXau.so.6.0.0
3fbce02000-3fbd002000 ---p 00002000 09:02 1736895                        /usr/lib64/libXau.so.6.0.0
3fbd002000-3fbd003000 rw-p 00002000 09:02 1736895                        /usr/lib64/libXau.so.6.0.0
3fbde00000-3fbde12000 r-xp 00000000 09:02 1736903                        /usr/lib64/libXext.so.6.4.0
3fbde12000-3fbe012000 ---p 00012000 09:02 1736903                        /usr/lib64/libXext.so.6.4.0
3fbe012000-3fbe013000 rw-p 00012000 09:02 1736903                        /usr/lib64/libXext.so.6.4.0
3fbea00000-3fbea09000 r-xp 00000000 09:02 1736898                        /usr/lib64/libXrender.so.1.3.0
3fbea09000-3fbec09000 ---p 00009000 09:02 1736898                        /usr/lib64/libXrender.so.1.3.0
3fbec09000-3fbec0a000 rw-p 00009000 09:02 1736898                        /usr/lib64/libXrender.so.1.3.0
3fbee00000-3fbee0e000 r-xp 00000000 09:02 1736905                        /usr/lib64/libXi.so.6.1.0
3fbee0e000-3fbf00e000 ---p 0000e000 09:02 1736905                        /usr/lib64/libXi.so.6.1.0
3fbf00e000-3fbf00f000 rw-p 0000e000 09:02 1736905                        /usr/lib64/libXi.so.6.1.0
3fc0a00000-3fc0a05000 r-xp 00000000 09:02 1736907                        /usr/lib64/libXfixes.so.3.1.0
3fc0a05000-3fc0c05000 ---p 00005000 09:02 1736907                        /usr/lib64/libXfixes.so.3.1.0
3fc0c05000-3fc0c06000 rw-p 00005000 09:02 1736907                        /usr/lib64/libXfixes.so.3.1.0
3fc2600000-3fc2609000 r-xp 00000000 09:02 1736908                        /usr/lib64/libXcursor.so.1.0.2
3fc2609000-3fc2809000 ---p 00009000 09:02 1736908                        /usr/lib64/libXcursor.so.1.0.2
3fc2809000-3fc280a000 rw-p 00009000 09:02 1736908                        /usr/lib64/libXcursor.so.1.0.2
3fc5e00000-3fc5e16000 r-xp 00000000 09:02 399616                         /lib64/libgcc_s-4.4.7-20120601.so.1
3fc5e16000-3fc6015000 ---p 00016000 09:02 399616                         /lib64/libgcc_s-4.4.7-20120601.so.1
3fc6015000-3fc6016000 rw-p 00015000 09:02 399616                         /lib64/libgcc_s-4.4.7-20120601.so.1
3fc8600000-3fc8605000 r-xp 00000000 09:02 1718247                        /usr/lib64/libXtst.so.6.1.0
3fc8605000-3fc8805000 ---p 00005000 09:02 1718247                        /usr/lib64/libXtst.so.6.1.0
3fc8805000-3fc8806000 rw-p 00005000 09:02 1718247                        /usr/lib64/libXtst.so.6.1.0
7f0f70000000-7f0f70021000 rw-p 00000000 00:00 0 
7f0f70021000-7f0f74000000 ---p 00000000 00:00 0 
7f0f74000000-7f0f74021000 rw-p 00000000 00:00 0 
7f0f74021000-7f0f78000000 ---p 00000000 00:00 0 
7f0f78000000-7f0f78021000 rw-p 00000000 00:00 0 
7f0f78021000-7f0f7c000000 ---p 00000000 00:00 0 
7f0f7c000000-7f0f7c404000 rw-p 00000000 00:00 0 
7f0f7c404000-7f0f80000000 ---p 00000000 00:00 0 
7f0f80000000-7f0f80021000 rw-p 00000000 00:00 0 
7f0f80021000-7f0f84000000 ---p 00000000 00:00 0 
7f0f84000000-7f0f84021000 rw-p 00000000 00:00 0 
7f0f84021000-7f0f88000000 ---p 00000000 00:00 0 
7f0f88000000-7f0f88021000 rw-p 00000000 00:00 0 
7f0f88021000-7f0f8c000000 ---p 00000000 00:00 0 
7f0f8c000000-7f0f8c021000 rw-p 00000000 00:00 0 
7f0f8c021000-7f0f90000000 ---p 00000000 00:00 0 
7f0f90000000-7f0f9055a000 rw-p 00000000 00:00 0 
7f0f9055a000-7f0f94000000 ---p 00000000 00:00 0 
7f0f94000000-7f0f948f5000 rw-p 00000000 00:00 0 
7f0f948f5000-7f0f98000000 ---p 00000000 00:00 0 
7f0f98000000-7f0f98021000 rw-p 00000000 00:00 0 
7f0f98021000-7f0f9c000000 ---p 00000000 00:00 0 
7f0f9c000000-7f0f9c021000 rw-p 00000000 00:00 0 
7f0f9c021000-7f0fa0000000 ---p 00000000 00:00 0 
7f0fa0000000-7f0fa0021000 rw-p 00000000 00:00 0 
7f0fa0021000-7f0fa4000000 ---p 00000000 00:00 0 
7f0fa4000000-7f0fa4022000 rw-p 00000000 00:00 0 
7f0fa4022000-7f0fa8000000 ---p 00000000 00:00 0 
7f0fa8000000-7f0fa8021000 rw-p 00000000 00:00 0 
7f0fa8021000-7f0fac000000 ---p 00000000 00:00 0 
7f0fac000000-7f0fac021000 rw-p 00000000 00:00 0 
7f0fac021000-7f0fb0000000 ---p 00000000 00:00 0 
7f0fb0000000-7f0fb0021000 rw-p 00000000 00:00 0 
7f0fb0021000-7f0fb4000000 ---p 00000000 00:00 0 
7f0fb7ee0000-7f0fbc000000 rw-p 00000000 00:00 0 
7f0fbc000000-7f0fbc021000 rw-p 00000000 00:00 0 
7f0fbc021000-7f0fc0000000 ---p 00000000 00:00 0 
7f0fc4000000-7f0fc4021000 rw-p 00000000 00:00 0 
7f0fc4021000-7f0fc8000000 ---p 00000000 00:00 0 
7f0fcc000000-7f0fcc021000 rw-p 00000000 00:00 0 
7f0fcc021000-7f0fd0000000 ---p 00000000 00:00 0 
7f0fd3c16000-7f0fd3d81000 rw-p 00000000 00:00 0 
7f0fd3d81000-7f0fd3de9000 r-xp 00000000 09:02 1852112                    /usr/java/jdk1.7.0_51/jre/lib/amd64/libt2k.so
7f0fd3de9000-7f0fd3fe9000 ---p 00068000 09:02 1852112                    /usr/java/jdk1.7.0_51/jre/lib/amd64/libt2k.so
7f0fd3fe9000-7f0fd3ff0000 rw-p 00068000 09:02 1852112                    /usr/java/jdk1.7.0_51/jre/lib/amd64/libt2k.so
7f0fd3ff0000-7f0fd4000000 rw-p 00000000 00:00 0 
7f0fd4000000-7f0fd4021000 rw-p 00000000 00:00 0 
7f0fd4021000-7f0fd8000000 ---p 00000000 00:00 0 
7f0fd8040000-7f0fd8043000 ---p 00000000 00:00 0 
7f0fd8043000-7f0fd8141000 rw-p 00000000 00:00 0 
7f0fd8141000-7f0fd8144000 ---p 00000000 00:00 0 
7f0fd8144000-7f0fd8242000 rw-p 00000000 00:00 0 
7f0fd8242000-7f0fd8262000 rw-s 00000000 00:04 12025882                   /SYSV00000000 (deleted)
7f0fd8262000-7f0fd8272000 r-xp 00000000 09:02 1852104                    /usr/java/jdk1.7.0_51/jre/lib/amd64/libnio.so
7f0fd8272000-7f0fd8472000 ---p 00010000 09:02 1852104                    /usr/java/jdk1.7.0_51/jre/lib/amd64/libnio.so
7f0fd8472000-7f0fd8473000 rw-p 00010000 09:02 1852104                    /usr/java/jdk1.7.0_51/jre/lib/amd64/libnio.so
7f0fd8473000-7f0fd8489000 r-xp 00000000 09:02 1852103                    /usr/java/jdk1.7.0_51/jre/lib/amd64/libnet.so
7f0fd8489000-7f0fd8689000 ---p 00016000 09:02 1852103                    /usr/java/jdk1.7.0_51/jre/lib/amd64/libnet.so
7f0fd8689000-7f0fd868a000 rw-p 00016000 09:02 1852103                    /usr/java/jdk1.7.0_51/jre/lib/amd64/libnet.so
7f0fd868a000-7f0fd86ef000 r-xp 00000000 09:02 1852075                    /usr/java/jdk1.7.0_51/jre/lib/amd64/libfontmanager.so
7f0fd86ef000-7f0fd88ee000 ---p 00065000 09:02 1852075                    /usr/java/jdk1.7.0_51/jre/lib/amd64/libfontmanager.so
7f0fd88ee000-7f0fd88f2000 rw-p 00064000 09:02 1852075                    /usr/java/jdk1.7.0_51/jre/lib/amd64/libfontmanager.so
7f0fd88f2000-7f0fd8903000 rw-p 00000000 00:00 0 
7f0fd8903000-7f0fd8906000 ---p 00000000 00:00 0 
7f0fd8906000-7f0fd8a04000 rw-p 00000000 00:00 0 
7f0fd8a04000-7f0fd8a07000 ---p 00000000 00:00 0 
7f0fd8a07000-7f0fd8b05000 rw-p 00000000 00:00 0 
7f0fd8b05000-7f0fd8b08000 ---p 00000000 00:00 0 
7f0fd8b08000-7f0fd8c06000 rw-p 00000000 00:00 0 
7f0fd8c06000-7f0fd8c09000 ---p 00000000 00:00 0 
7f0fd8c09000-7f0fd8d07000 rw-p 00000000 00:00 0 
7f0fd8d07000-7f0fd8d57000 r-xp 00000000 09:02 1852121                    /usr/java/jdk1.7.0_51/jre/lib/amd64/xawt/libmawt.so
7f0fd8d57000-7f0fd8f57000 ---p 00050000 09:02 1852121                    /usr/java/jdk1.7.0_51/jre/lib/amd64/xawt/libmawt.so
7f0fd8f57000-7f0fd8f5b000 rw-p 00050000 09:02 1852121                    /usr/java/jdk1.7.0_51/jre/lib/amd64/xawt/libmawt.so
7f0fd8f5b000-7f0fd8f5c000 rw-p 00000000 00:00 0 
7f0fd8f5c000-7f0fd8ffe000 r-xp 00000000 09:02 1852071                    /usr/java/jdk1.7.0_51/jre/lib/amd64/libawt.so
7f0fd8ffe000-7f0fd91fe000 ---p 000a2000 09:02 1852071                    /usr/java/jdk1.7.0_51/jre/lib/amd64/libawt.so
7f0fd91fe000-7f0fd920a000 rw-p 000a2000 09:02 1852071                    /usr/java/jdk1.7.0_51/jre/lib/amd64/libawt.so
7f0fd920a000-7f0fd922e000 rw-p 00000000 00:00 0 
7f0fd922e000-7f0fd922f000 ---p 00000000 00:00 0 
7f0fd922f000-7f0fd932f000 rw-p 00000000 00:00 0 
7f0fd932f000-7f0fd9332000 ---p 00000000 00:00 0 
7f0fd9332000-7f0fd9430000 rw-p 00000000 00:00 0 
7f0fd9430000-7f0fd9433000 ---p 00000000 00:00 0 
7f0fd9433000-7f0fd9531000 rw-p 00000000 00:00 0 
7f0fd9531000-7f0fd9534000 ---p 00000000 00:00 0 
7f0fd9534000-7f0fd9632000 rw-p 00000000 00:00 0 
7f0fd9632000-7f0fd9635000 ---p 00000000 00:00 0 
7f0fd9635000-7f0fd9733000 rw-p 00000000 00:00 0 
7f0fd9733000-7f0fd9736000 ---p 00000000 00:00 0 
7f0fd9736000-7f0fd9834000 rw-p 00000000 00:00 0 
7f0fd9834000-7f0fd9837000 ---p 00000000 00:00 0 
7f0fd9837000-7f0fd9935000 rw-p 00000000 00:00 0 
7f0fd9935000-7f0fd9939000 r-xp 00000000 09:02 1852074                    /usr/java/jdk1.7.0_51/jre/lib/amd64/libdt_socket.so
7f0fd9939000-7f0fd9b38000 ---p 00004000 09:02 1852074                    /usr/java/jdk1.7.0_51/jre/lib/amd64/libdt_socket.so
7f0fd9b38000-7f0fd9b39000 rw-p 00003000 09:02 1852074                    /usr/java/jdk1.7.0_51/jre/lib/amd64/libdt_socket.so
7f0fd9b39000-7f0fd9b3c000 ---p 00000000 00:00 0 
7f0fd9b3c000-7f0fd9c3a000 rw-p 00000000 00:00 0 
7f0fd9c3a000-7f0fd9c3d000 ---p 00000000 00:00 0 
7f0fd9c3d000-7f0fd9d3b000 rw-p 00000000 00:00 0 
7f0fd9d3b000-7f0fd9d3e000 ---p 00000000 00:00 0 
7f0fd9d3e000-7f0fd9e3c000 rw-p 00000000 00:00 0 
7f0fd9e3c000-7f0fd9e3d000 ---p 00000000 00:00 0 
7f0fd9e3d000-7f0fdaf3c000 rw-p 00000000 00:00 0 
7f0fdaf3c000-7f0fdb0f9000 r--s 039bf000 09:02 1852817                    /usr/java/jdk1.7.0_51/jre/lib/rt.jar
7f0fdb0f9000-7f0fdb16f000 rw-p 00000000 00:00 0 
7f0fdb16f000-7f0fdb3df000 rwxp 00000000 00:00 0 
7f0fdb3df000-7f0fde16f000 rw-p 00000000 00:00 0 
7f0fde16f000-7f0fe4000000 r--p 00000000 09:02 1705722                    /usr/lib/locale/locale-archive
7f0fe4000000-7f0fe41b1000 rw-p 00000000 00:00 0 
7f0fe41b1000-7f0fe8000000 ---p 00000000 00:00 0 
7f0fe8014000-7f0fe801f000 r--s 000af000 09:02 1852359                    /usr/java/jdk1.7.0_51/jre/lib/resources.jar
7f0fe801f000-7f0fe8050000 rw-p 00000000 00:00 0 
7f0fe8050000-7f0fe805c000 r--s 0006a000 00:13 193274032643               /auto/users/lindell/classes/git/record_indexer/lib/xstream-1.4.2.jar
7f0fe805c000-7f0fe8061000 r--s 00309000 00:13 193274032642               /auto/users/lindell/classes/git/record_indexer/lib/sqlite-jdbc-3.7.2.jar
7f0fe8061000-7f0fe8067000 r--s 00034000 00:13 193274032641               /auto/users/lindell/classes/git/record_indexer/lib/junit-4.8.2.jar
7f0fe8067000-7f0fe8525000 rw-p 00000000 00:00 0 
7f0fe8525000-7f0fe8526000 ---p 00000000 00:00 0 
7f0fe8526000-7f0fe8626000 rw-p 00000000 00:00 0 
7f0fe8626000-7f0fe8627000 ---p 00000000 00:00 0 
7f0fe8627000-7f0fe8727000 rw-p 00000000 00:00 0 
7f0fe8727000-7f0fe8728000 ---p 00000000 00:00 0 
7f0fe8728000-7f0fe8828000 rw-p 00000000 00:00 0 
7f0fe8828000-7f0fe8829000 ---p 00000000 00:00 0 
7f0fe8829000-7f0fe8934000 rw-p 00000000 00:00 0 
7f0fe8934000-7f0fe8952000 rw-p 00000000 00:00 0 
7f0fe8952000-7f0fe897c000 rw-p 00000000 00:00 0 
7f0fe897c000-7f0fe8bee000 rw-p 00000000 00:00 0 
7f0fe8bee000-7f0fe8bf9000 rw-p 00000000 00:00 0 
7f0fe8bf9000-7f0fe8c17000 rw-p 00000000 00:00 0 
7f0fe8c17000-7f0fe8c41000 rw-p 00000000 00:00 0 
7f0fe8c41000-7f0fe8eb2000 rw-p 00000000 00:00 0 
7f0fe8eb2000-7f0fe8ec8000 rw-p 00000000 00:00 0 
7f0fe8ec8000-7f0fe9000000 rw-p 00000000 00:00 0 
7f0fe9000000-7f0fe900b000 rw-p 00000000 00:00 0 
7f0fe900b000-7f0fe90c1000 rw-p 00000000 00:00 0 
7f0fe90c1000-7f0fe90db000 r-xp 00000000 09:02 1852115                    /usr/java/jdk1.7.0_51/jre/lib/amd64/libzip.so
7f0fe90db000-7f0fe92db000 ---p 0001a000 09:02 1852115                    /usr/java/jdk1.7.0_51/jre/lib/amd64/libzip.so
7f0fe92db000-7f0fe92dc000 rw-p 0001a000 09:02 1852115                    /usr/java/jdk1.7.0_51/jre/lib/amd64/libzip.so
7f0fe92dc000-7f0fe995a000 r--s 00000000 09:02 1048685                    /var/lib/sss/mc/passwd
7f0fe995a000-7f0fe9961000 r-xp 00000000 09:02 393435                     /lib64/libnss_sss.so.2
7f0fe9961000-7f0fe9b61000 ---p 00007000 09:02 393435                     /lib64/libnss_sss.so.2
7f0fe9b61000-7f0fe9b62000 rw-p 00007000 09:02 393435                     /lib64/libnss_sss.so.2
7f0fe9b62000-7f0fe9b6e000 r-xp 00000000 09:02 393246                     /lib64/libnss_files-2.12.so
7f0fe9b6e000-7f0fe9d6e000 ---p 0000c000 09:02 393246                     /lib64/libnss_files-2.12.so
7f0fe9d6e000-7f0fe9d6f000 r--p 0000c000 09:02 393246                     /lib64/libnss_files-2.12.so
7f0fe9d6f000-7f0fe9d70000 rw-p 0000d000 09:02 393246                     /lib64/libnss_files-2.12.so
7f0fe9d74000-7f0fe9d78000 r--s 0002a000 00:13 197579983280               /auto/users/lindell/classes/git/record_indexer/lib/commons-io-2.4.jar
7f0fe9d78000-7f0fe9d7f000 r--s 000aa000 00:13 77321292650                /auto/users/lindell/classes/git/record_indexer/lib/commons-io-2.4-javadoc.jar
7f0fe9d7f000-7f0fe9d85000 r--s 00036000 00:13 120261783877               /auto/users/lindell/bin/eclipse/plugins/org.junit_4.11.0.v201303080030/junit.jar
7f0fe9d85000-7f0fe9d88000 r-xp 00000000 09:02 1852106                    /usr/java/jdk1.7.0_51/jre/lib/amd64/libnpt.so
7f0fe9d88000-7f0fe9f87000 ---p 00003000 09:02 1852106                    /usr/java/jdk1.7.0_51/jre/lib/amd64/libnpt.so
7f0fe9f87000-7f0fe9f88000 rw-p 00002000 09:02 1852106                    /usr/java/jdk1.7.0_51/jre/lib/amd64/libnpt.so
7f0fe9f88000-7f0fe9fc1000 r-xp 00000000 09:02 1852091                    /usr/java/jdk1.7.0_51/jre/lib/amd64/libjdwp.so
7f0fe9fc1000-7f0fea1c1000 ---p 00039000 09:02 1852091                    /usr/java/jdk1.7.0_51/jre/lib/amd64/libjdwp.so
7f0fea1c1000-7f0fea1c2000 rw-p 00039000 09:02 1852091                    /usr/java/jdk1.7.0_51/jre/lib/amd64/libjdwp.so
7f0fea1c2000-7f0fea1c3000 rw-p 00000000 00:00 0 
7f0fea1c3000-7f0fea1ec000 r-xp 00000000 09:02 1852085                    /usr/java/jdk1.7.0_51/jre/lib/amd64/libjava.so
7f0fea1ec000-7f0fea3ec000 ---p 00029000 09:02 1852085                    /usr/java/jdk1.7.0_51/jre/lib/amd64/libjava.so
7f0fea3ec000-7f0fea3ee000 rw-p 00029000 09:02 1852085                    /usr/java/jdk1.7.0_51/jre/lib/amd64/libjava.so
7f0fea3ee000-7f0fea3fb000 r-xp 00000000 09:02 1852114                    /usr/java/jdk1.7.0_51/jre/lib/amd64/libverify.so
7f0fea3fb000-7f0fea5fa000 ---p 0000d000 09:02 1852114                    /usr/java/jdk1.7.0_51/jre/lib/amd64/libverify.so
7f0fea5fa000-7f0fea5fc000 rw-p 0000c000 09:02 1852114                    /usr/java/jdk1.7.0_51/jre/lib/amd64/libverify.so
7f0fea5fc000-7f0fea5ff000 ---p 00000000 00:00 0 
7f0fea5ff000-7f0fea6fd000 rw-p 00000000 00:00 0 
7f0fea6fd000-7f0feb25f000 r-xp 00000000 09:02 1852119                    /usr/java/jdk1.7.0_51/jre/lib/amd64/server/libjvm.so
7f0feb25f000-7f0feb45f000 ---p 00b62000 09:02 1852119                    /usr/java/jdk1.7.0_51/jre/lib/amd64/server/libjvm.so
7f0feb45f000-7f0feb522000 rw-p 00b62000 09:02 1852119                    /usr/java/jdk1.7.0_51/jre/lib/amd64/server/libjvm.so
7f0feb522000-7f0feb566000 rw-p 00000000 00:00 0 
7f0feb566000-7f0feb57c000 r-xp 00000000 09:02 145503                     /usr/java/jdk1.7.0_51/lib/amd64/jli/libjli.so
7f0feb57c000-7f0feb77c000 ---p 00016000 09:02 145503                     /usr/java/jdk1.7.0_51/lib/amd64/jli/libjli.so
7f0feb77c000-7f0feb77d000 rw-p 00016000 09:02 145503                     /usr/java/jdk1.7.0_51/lib/amd64/jli/libjli.so
7f0feb77d000-7f0feb77f000 rw-p 00000000 00:00 0 
7f0feb77f000-7f0feb780000 rw-p 00000000 00:00 0 
7f0feb780000-7f0feb782000 r--s 0000c000 00:13 21489152252                /auto/users/lindell/bin/eclipse/plugins/org.hamcrest.core_1.3.0.v201303031735.jar
7f0feb782000-7f0feb789000 r--s 00000000 09:02 1705980                    /usr/lib64/gconv/gconv-modules.cache
7f0feb789000-7f0feb791000 rw-s 00000000 09:03 7602179                    /tmp/hsperfdata_lindell/15817
7f0feb791000-7f0feb792000 rw-p 00000000 00:00 0 
7f0feb792000-7f0feb793000 r--p 00000000 00:00 0 
7f0feb793000-7f0feb794000 rw-p 00000000 00:00 0 
7fffbbeef000-7fffbbf04000 rw-p 00000000 00:00 0                          [stack]
7fffbbf1f000-7fffbbf20000 r-xp 00000000 00:00 0                          [vdso]
ffffffffff600000-ffffffffff601000 r-xp 00000000 00:00 0                  [vsyscall]

VM Arguments:
jvm_args: -agentlib:jdwp=transport=dt_socket,suspend=y,address=localhost:47566 -Dfile.encoding=UTF-8 
java_command: client.gui.RecordIndexer localhost 39640
Launcher Type: SUN_STANDARD

Environment Variables:
PATH=/auto/users/lindell/bin/eclipse:/auto/users/lindell/bin:/auto/app/anaconda/envs/py34/bin:/usr/lib64/qt-3.3/bin:/usr/local/bin:/usr/bin:/bin:/usr/local/sbin:/usr/sbin:/sbin
USERNAME=lindell
SHELL=/bin/bash
DISPLAY=:0.0

Signal Handlers:
SIGSEGV: [libjvm.so+0x993870], sa_mask[0]=0x7ffbfeff, sa_flags=0x10000004
SIGBUS: [libjvm.so+0x993870], sa_mask[0]=0x7ffbfeff, sa_flags=0x10000004
SIGFPE: [libjvm.so+0x8105b0], sa_mask[0]=0x7ffbfeff, sa_flags=0x10000004
SIGPIPE: [libjvm.so+0x8105b0], sa_mask[0]=0x7ffbfeff, sa_flags=0x10000004
SIGXFSZ: [libjvm.so+0x8105b0], sa_mask[0]=0x7ffbfeff, sa_flags=0x10000004
SIGILL: [libjvm.so+0x8105b0], sa_mask[0]=0x7ffbfeff, sa_flags=0x10000004
SIGUSR1: SIG_DFL, sa_mask[0]=0x00000000, sa_flags=0x00000000
SIGUSR2: [libjvm.so+0x811aa0], sa_mask[0]=0x00000004, sa_flags=0x10000004
SIGHUP: [libjvm.so+0x812a10], sa_mask[0]=0x7ffbfeff, sa_flags=0x10000004
SIGINT: [libjvm.so+0x812a10], sa_mask[0]=0x7ffbfeff, sa_flags=0x10000004
SIGTERM: [libjvm.so+0x812a10], sa_mask[0]=0x7ffbfeff, sa_flags=0x10000004
SIGQUIT: [libjvm.so+0x812a10], sa_mask[0]=0x7ffbfeff, sa_flags=0x10000004


---------------  S Y S T E M  ---------------

OS:Red Hat Enterprise Linux Server release 6.5 (Santiago)

uname:Linux 2.6.32-431.17.1.el6.x86_64 #1 SMP Fri Apr 11 17:27:00 EDT 2014 x86_64
libc:glibc 2.12 NPTL 2.12 
rlimit: STACK 10240k, CORE 0k, NPROC 1024, NOFILE 4096, AS infinity
load average:0.28 0.25 0.18

/proc/meminfo:
MemTotal:        8193028 kB
MemFree:         5501652 kB
Buffers:           78112 kB
Cached:           820268 kB
SwapCached:            0 kB
Active:          1796500 kB
Inactive:         661176 kB
Active(anon):    1559980 kB
Inactive(anon):     6844 kB
Active(file):     236520 kB
Inactive(file):   654332 kB
Unevictable:           0 kB
Mlocked:               0 kB
SwapTotal:       8387576 kB
SwapFree:        8387576 kB
Dirty:               156 kB
Writeback:             0 kB
AnonPages:       1559492 kB
Mapped:           198752 kB
Shmem:              7528 kB
Slab:              81824 kB
SReclaimable:      37888 kB
SUnreclaim:        43936 kB
KernelStack:        4064 kB
PageTables:        42912 kB
NFS_Unstable:          0 kB
Bounce:                0 kB
WritebackTmp:          0 kB
CommitLimit:    12484088 kB
Committed_AS:    3283728 kB
VmallocTotal:   34359738367 kB
VmallocUsed:       66620 kB
VmallocChunk:   34353958908 kB
HardwareCorrupted:     0 kB
AnonHugePages:    987136 kB
HugePages_Total:       0
HugePages_Free:        0
HugePages_Rsvd:        0
HugePages_Surp:        0
Hugepagesize:       2048 kB
DirectMap4k:      104420 kB
DirectMap2M:     8284160 kB


CPU:total 4 (2 cores per cpu, 1 threads per core) family 15 model 33 stepping 2, cmov, cx8, fxsr, mmx, sse, sse2, sse3, mmxext, 3dnowpref, tsc

/proc/cpuinfo:
processor	: 0
vendor_id	: AuthenticAMD
cpu family	: 15
model		: 33
model name	: Dual Core AMD Opteron(tm) Processor 270
stepping	: 2
cpu MHz		: 1994.715
cache size	: 1024 KB
physical id	: 0
siblings	: 2
core id		: 0
cpu cores	: 2
apicid		: 0
initial apicid	: 0
fpu		: yes
fpu_exception	: yes
cpuid level	: 1
wp		: yes
flags		: fpu vme de pse tsc msr pae mce cx8 apic sep mtrr pge mca cmov pat pse36 clflush mmx fxsr sse sse2 ht syscall nx mmxext fxsr_opt lm 3dnowext 3dnow rep_good pni lahf_lm cmp_legacy
bogomips	: 3989.43
TLB size	: 1024 4K pages
clflush size	: 64
cache_alignment	: 64
address sizes	: 40 bits physical, 48 bits virtual
power management: ts fid vid ttp

processor	: 1
vendor_id	: AuthenticAMD
cpu family	: 15
model		: 33
model name	: Dual Core AMD Opteron(tm) Processor 270
stepping	: 2
cpu MHz		: 1994.715
cache size	: 1024 KB
physical id	: 0
siblings	: 2
core id		: 1
cpu cores	: 2
apicid		: 1
initial apicid	: 1
fpu		: yes
fpu_exception	: yes
cpuid level	: 1
wp		: yes
flags		: fpu vme de pse tsc msr pae mce cx8 apic sep mtrr pge mca cmov pat pse36 clflush mmx fxsr sse sse2 ht syscall nx mmxext fxsr_opt lm 3dnowext 3dnow rep_good pni lahf_lm cmp_legacy
bogomips	: 3988.56
TLB size	: 1024 4K pages
clflush size	: 64
cache_alignment	: 64
address sizes	: 40 bits physical, 48 bits virtual
power management: ts fid vid ttp

processor	: 2
vendor_id	: AuthenticAMD
cpu family	: 15
model		: 33
model name	: Dual Core AMD Opteron(tm) Processor 270
stepping	: 2
cpu MHz		: 1994.715
cache size	: 1024 KB
physical id	: 1
siblings	: 2
core id		: 0
cpu cores	: 2
apicid		: 2
initial apicid	: 2
fpu		: yes
fpu_exception	: yes
cpuid level	: 1
wp		: yes
flags		: fpu vme de pse tsc msr pae mce cx8 apic sep mtrr pge mca cmov pat pse36 clflush mmx fxsr sse sse2 ht syscall nx mmxext fxsr_opt lm 3dnowext 3dnow rep_good pni lahf_lm cmp_legacy
bogomips	: 3988.58
TLB size	: 1024 4K pages
clflush size	: 64
cache_alignment	: 64
address sizes	: 40 bits physical, 48 bits virtual
power management: ts fid vid ttp

processor	: 3
vendor_id	: AuthenticAMD
cpu family	: 15
model		: 33
model name	: Dual Core AMD Opteron(tm) Processor 270
stepping	: 2
cpu MHz		: 1994.715
cache size	: 1024 KB
physical id	: 1
siblings	: 2
core id		: 1
cpu cores	: 2
apicid		: 3
initial apicid	: 3
fpu		: yes
fpu_exception	: yes
cpuid level	: 1
wp		: yes
flags		: fpu vme de pse tsc msr pae mce cx8 apic sep mtrr pge mca cmov pat pse36 clflush mmx fxsr sse sse2 ht syscall nx mmxext fxsr_opt lm 3dnowext 3dnow rep_good pni lahf_lm cmp_legacy
bogomips	: 3988.58
TLB size	: 1024 4K pages
clflush size	: 64
cache_alignment	: 64
address sizes	: 40 bits physical, 48 bits virtual
power management: ts fid vid ttp



Memory: 4k page, physical 8193028k(5501652k free), swap 8387576k(8387576k free)

vm_info: Java HotSpot(TM) 64-Bit Server VM (24.51-b03) for linux-amd64 JRE (1.7.0_51-b13), built on Dec 18 2013 18:48:01 by "java_re" with gcc 4.3.0 20080428 (Red Hat 4.3.0-8)

time: Sat Jun 14 22:07:57 2014
elapsed time: 15 seconds

