#
# A fatal error has been detected by the Java Runtime Environment:
#
#  SIGSEGV (0xb) at pc=0x00007f4eecd5ede7, pid=18123, tid=139976951813888
#
# JRE version: Java(TM) SE Runtime Environment (7.0_51-b13) (build 1.7.0_51-b13)
# Java VM: Java HotSpot(TM) 64-Bit Server VM (24.51-b03 mixed mode linux-amd64 compressed oops)
# Problematic frame:
# C  [libawt.so+0x30de7]  GetSDOps+0x47
#
# Failed to write core dump. Core dumps have been disabled. To enable core dumping, try "ulimit -c unlimited" before starting Java again
#
# If you would like to submit a bug report, please visit:
#   http://bugreport.sun.com/bugreport/crash.jsp
# The crash happened outside the Java Virtual Machine in native code.
# See problematic frame for where to report the bug.
#

---------------  T H R E A D  ---------------

Current thread (0x00007f4ef016f800):  JavaThread "AWT-EventQueue-0" [_thread_in_native, id=18145, stack(0x00007f4eec6d5000,0x00007f4eec7d6000)]

siginfo:si_signo=SIGSEGV: si_errno=0, si_code=1 (SEGV_MAPERR), si_addr=0x00007f61ac07b380

Registers:
RAX=0x00007f61ac07b360, RBX=0x00007f4ef016f9e8, RCX=0x00007f4eec7d10a0, RDX=0x0000000000000042
RSP=0x00007f4eec7d0e20, RBP=0x00007f4eec7d0e40, RSI=0x00007f4eec7d1298, RDI=0x00007f4ef016f9e8
R8 =0x00007f4eec7d1288, R9 =0x0000000782e14bb0, R10=0x0000000000000054, R11=0x00007f4ef8ba1008
R12=0x00007f4eec7d1298, R13=0x00007f61ac07b360, R14=0x0000000000000001, R15=0x00007f4eec7d1290
RIP=0x00007f4eecd5ede7, EFLAGS=0x0000000000010202, CSGSFS=0x0000000000000033, ERR=0x0000000000000004
  TRAPNO=0x000000000000000e

Top of Stack: (sp=0x00007f4eec7d0e20)
0x00007f4eec7d0e20:   00007f4eec7d1288 00007f4eec7d1280
0x00007f4eec7d0e30:   00007f4eec7d1298 00007f4ef016f9e8
0x00007f4eec7d0e40:   00007f4eec7d1120 00007f4eecd619ab
0x00007f4eec7d0e50:   000000000000002f 00007f4eec7d0e08
0x00007f4eec7d0e60:   00007f4eec7d0e49 0000000800000002
0x00007f4eec7d0e70:   00007f4eb4001800 00000007d7141870
0x00007f4eec7d0e80:   00007f4eb4001838 00007f4eb4001838
0x00007f4eec7d0e90:   00007f4eb4001830 00007f4eb4001830
0x00007f4eec7d0ea0:   00000007fffffffe 00007f4eec7d10a0
0x00007f4eec7d0eb0:   0000000000000000 00007f4ef016f800
0x00007f4eec7d0ec0:   407382aaaaaaaaab 4087000000000002
0x00007f4eec7d0ed0:   4067caaaaaaaaaa7 4081a80000000000
0x00007f4eec7d0ee0:   000000077dc1cd08 0000000000000000
0x00007f4eec7d0ef0:   00007f4eec7d0fb0 00007f4ef853fa39
0x00007f4eec7d0f00:   00007f4eecfd8a70 00007f4eb4001808
0x00007f4eec7d0f10:   00007f4eec7d10ef 00007f4eb4001808
0x00007f4eec7d0f20:   00007f4ef8b40e30 0000005000000000
0x00007f4eec7d0f30:   0000000000000026 0000000000000000
0x00007f4eec7d0f40:   0000000000000000 00007f4eb40014e0
0x00007f4eec7d0f50:   00007f4eec7d0f70 00007f4ef8629379
0x00007f4eec7d0f60:   00007f4eec7d0f80 00007f4eec7d0fa0
0x00007f4eec7d0f70:   00007f4eec7d0f90 00007f4ef8629c01
0x00007f4eec7d0f80:   00007f4eec7d0fa0 00007f4eec7d1000
0x00007f4eec7d0f90:   00007f4eec7d0fe0 00007f4ef852b5fe
0x00007f4eec7d0fa0:   00007f4ef8b1f6d0 00007f4ef012a610
0x00007f4eec7d0fb0:   0000000000000067 000000000000000e
0x00007f4eec7d0fc0:   00007f4e00000000 00007f4ef012a611
0x00007f4eec7d0fd0:   00007f4ef016f800 00007f4eb4001808
0x00007f4eec7d0fe0:   00007f4eec7d10a0 00007f4ef8350963
0x00007f4eec7d0ff0:   00007f4eb4001808 00007f4eec7d12a0
0x00007f4eec7d1000:   00007f4ef8b4b5f0 00007f4ef012a610
0x00007f4eec7d1010:   0000000000000066 00007f4ef854074e 

Instructions: (pc=0x00007f4eecd5ede7)
0x00007f4eecd5edc7:   00 00 00 48 8b 07 48 8b 15 ec 00 28 00 ff 90 28
0x00007f4eecd5edd7:   03 00 00 48 85 c0 49 89 c5 74 2e 45 84 f6 74 11
0x00007f4eecd5ede7:   48 8b 40 20 48 85 c0 74 08 4c 89 ee 48 89 df ff
0x00007f4eecd5edf7:   d0 4c 89 e8 48 8b 1c 24 4c 8b 64 24 08 4c 8b 6c 

Register to memory mapping:

RAX=0x00007f61ac07b360 is an unknown value
RBX=0x00007f4ef016f9e8 is an unknown value
RCX=0x00007f4eec7d10a0 is pointing into the stack for thread: 0x00007f4ef016f800
RDX=0x0000000000000042 is an unknown value
RSP=0x00007f4eec7d0e20 is pointing into the stack for thread: 0x00007f4ef016f800
RBP=0x00007f4eec7d0e40 is pointing into the stack for thread: 0x00007f4ef016f800
RSI=0x00007f4eec7d1298 is pointing into the stack for thread: 0x00007f4ef016f800
RDI=0x00007f4ef016f9e8 is an unknown value
R8 =0x00007f4eec7d1288 is pointing into the stack for thread: 0x00007f4ef016f800
R9 =0x0000000782e14bb0 is an oop
sun.awt.image.BufImgSurfaceData 
 - klass: 'sun/awt/image/BufImgSurfaceData'
R10=0x0000000000000054 is an unknown value
R11=0x00007f4ef8ba1008: <offset 0xe3c008> in /usr/java/jdk1.7.0_51/jre/lib/amd64/server/libjvm.so at 0x00007f4ef7d65000
R12=0x00007f4eec7d1298 is pointing into the stack for thread: 0x00007f4ef016f800
R13=0x00007f61ac07b360 is an unknown value
R14=0x0000000000000001 is an unknown value
R15=0x00007f4eec7d1290 is pointing into the stack for thread: 0x00007f4ef016f800


Stack: [0x00007f4eec6d5000,0x00007f4eec7d6000],  sp=0x00007f4eec7d0e20,  free space=1007k
Native frames: (J=compiled Java code, j=interpreted, Vv=VM code, C=native code)
C  [libawt.so+0x30de7]  GetSDOps+0x47
C  [libawt.so+0x339ab]  Java_sun_java2d_loops_ScaledBlit_Scale+0xbb
j  sun.java2d.loops.ScaledBlit.Scale(Lsun/java2d/SurfaceData;Lsun/java2d/SurfaceData;Ljava/awt/Composite;Lsun/java2d/pipe/Region;IIIIDDDD)V+0
j  sun.java2d.pipe.DrawImage.scaleSurfaceData(Lsun/java2d/SunGraphics2D;Lsun/java2d/pipe/Region;Lsun/java2d/SurfaceData;Lsun/java2d/SurfaceData;Lsun/java2d/loops/SurfaceType;Lsun/java2d/loops/SurfaceType;IIIIDDDD)Z+72
j  sun.java2d.pipe.DrawImage.renderImageScale(Lsun/java2d/SunGraphics2D;Ljava/awt/Image;Ljava/awt/Color;IIIIIDDDD)Z+97
j  sun.java2d.pipe.DrawImage.tryCopyOrScale(Lsun/java2d/SunGraphics2D;Ljava/awt/Image;IIIILjava/awt/Color;I[D)Z+176
j  sun.java2d.pipe.DrawImage.transformImage(Lsun/java2d/SunGraphics2D;Ljava/awt/Image;Ljava/awt/geom/AffineTransform;IIIIILjava/awt/Color;)V+97
j  sun.java2d.pipe.DrawImage.scaleImage(Lsun/java2d/SunGraphics2D;Ljava/awt/Image;IIIIIIIILjava/awt/Color;)Z+467
j  sun.java2d.pipe.DrawImage.copyImage(Lsun/java2d/SunGraphics2D;Ljava/awt/Image;IIIIIILjava/awt/Color;)Z+68
j  sun.java2d.pipe.DrawImage.copyImage(Lsun/java2d/SunGraphics2D;Ljava/awt/Image;IIIIIILjava/awt/Color;Ljava/awt/image/ImageObserver;)Z+23
j  sun.java2d.pipe.ValidatePipe.copyImage(Lsun/java2d/SunGraphics2D;Ljava/awt/Image;IIIIIILjava/awt/Color;Ljava/awt/image/ImageObserver;)Z+29
j  sun.java2d.SunGraphics2D.copyImage(Ljava/awt/Image;IIIIIILjava/awt/Color;Ljava/awt/image/ImageObserver;)Z+20
j  sun.java2d.SunGraphics2D.drawImage(Ljava/awt/Image;IIIIIIIILjava/awt/Color;Ljava/awt/image/ImageObserver;)Z+185
j  sun.java2d.SunGraphics2D.drawImage(Ljava/awt/Image;IIIIIIIILjava/awt/image/ImageObserver;)Z+19
j  client.gui.ImagePanel$DrawingImage.draw(Ljava/awt/Graphics2D;)V+52
j  client.gui.ImagePanel.paintComponent(Ljava/awt/Graphics;)V+93
j  javax.swing.JComponent.paint(Ljava/awt/Graphics;)V+286
j  javax.swing.JComponent.paintChildren(Ljava/awt/Graphics;)V+501
j  javax.swing.JSplitPane.paintChildren(Ljava/awt/Graphics;)V+2
j  javax.swing.JComponent.paint(Ljava/awt/Graphics;)V+318
j  javax.swing.JComponent.paintChildren(Ljava/awt/Graphics;)V+501
j  javax.swing.JComponent.paint(Ljava/awt/Graphics;)V+318
j  javax.swing.JComponent.paintChildren(Ljava/awt/Graphics;)V+501
j  javax.swing.JComponent.paint(Ljava/awt/Graphics;)V+318
j  javax.swing.JLayeredPane.paint(Ljava/awt/Graphics;)V+73
j  javax.swing.JComponent.paintChildren(Ljava/awt/Graphics;)V+501
j  javax.swing.JComponent.paintToOffscreen(Ljava/awt/Graphics;IIIIII)V+72
j  javax.swing.BufferStrategyPaintManager.paint(Ljavax/swing/JComponent;Ljavax/swing/JComponent;Ljava/awt/Graphics;IIII)Z+157
j  javax.swing.RepaintManager.paint(Ljavax/swing/JComponent;Ljavax/swing/JComponent;Ljava/awt/Graphics;IIII)V+52
j  javax.swing.JComponent.paint(Ljava/awt/Graphics;)V+221
j  java.awt.GraphicsCallback$PaintCallback.run(Ljava/awt/Component;Ljava/awt/Graphics;)V+2
j  sun.awt.SunGraphicsCallback.runOneComponent(Ljava/awt/Component;Ljava/awt/Rectangle;Ljava/awt/Graphics;Ljava/awt/Shape;I)V+155
j  sun.awt.SunGraphicsCallback.runComponents([Ljava/awt/Component;Ljava/awt/Graphics;I)V+194
j  java.awt.Container.paint(Ljava/awt/Graphics;)V+58
j  java.awt.Window.paint(Ljava/awt/Graphics;)V+68
j  javax.swing.RepaintManager$3.run()Ljava/lang/Void;+136
j  javax.swing.RepaintManager$3.run()Ljava/lang/Object;+1
v  ~StubRoutines::call_stub
V  [libjvm.so+0x5f8465]  JavaCalls::call_helper(JavaValue*, methodHandle*, JavaCallArguments*, Thread*)+0x365
V  [libjvm.so+0x5f6ec8]  JavaCalls::call(JavaValue*, methodHandle, JavaCallArguments*, Thread*)+0x28
V  [libjvm.so+0x67cc64]  JVM_DoPrivileged+0x2a4
j  java.security.AccessController.doPrivileged(Ljava/security/PrivilegedAction;Ljava/security/AccessControlContext;)Ljava/lang/Object;+0
j  java.security.ProtectionDomain$1.doIntersectionPrivilege(Ljava/security/PrivilegedAction;Ljava/security/AccessControlContext;Ljava/security/AccessControlContext;)Ljava/lang/Object;+28
j  javax.swing.RepaintManager.paintDirtyRegions(Ljava/util/Map;)V+154
j  javax.swing.RepaintManager.paintDirtyRegions()V+46
j  javax.swing.RepaintManager.prePaintDirtyRegions()V+73
j  javax.swing.RepaintManager.access$1100(Ljavax/swing/RepaintManager;)V+1
j  javax.swing.RepaintManager$ProcessingRunnable.run()V+37
j  java.awt.event.InvocationEvent.dispatch()V+47
j  java.awt.EventQueue.dispatchEventImpl(Ljava/awt/AWTEvent;Ljava/lang/Object;)V+21
j  java.awt.EventQueue.access$200(Ljava/awt/EventQueue;Ljava/awt/AWTEvent;Ljava/lang/Object;)V+3
j  java.awt.EventQueue$3.run()Ljava/lang/Void;+12
j  java.awt.EventQueue$3.run()Ljava/lang/Object;+1
v  ~StubRoutines::call_stub
V  [libjvm.so+0x5f8465]  JavaCalls::call_helper(JavaValue*, methodHandle*, JavaCallArguments*, Thread*)+0x365
V  [libjvm.so+0x5f6ec8]  JavaCalls::call(JavaValue*, methodHandle, JavaCallArguments*, Thread*)+0x28
V  [libjvm.so+0x67cc64]  JVM_DoPrivileged+0x2a4
j  java.security.AccessController.doPrivileged(Ljava/security/PrivilegedAction;Ljava/security/AccessControlContext;)Ljava/lang/Object;+0
j  java.security.ProtectionDomain$1.doIntersectionPrivilege(Ljava/security/PrivilegedAction;Ljava/security/AccessControlContext;Ljava/security/AccessControlContext;)Ljava/lang/Object;+28
j  java.awt.EventQueue.dispatchEvent(Ljava/awt/AWTEvent;)V+46
j  java.awt.EventDispatchThread.pumpOneEventForFilters(I)V+245
j  java.awt.EventDispatchThread.pumpEventsForFilter(ILjava/awt/Conditional;Ljava/awt/EventFilter;)V+35
j  java.awt.EventDispatchThread.pumpEventsForHierarchy(ILjava/awt/Conditional;Ljava/awt/Component;)V+11
j  java.awt.EventDispatchThread.pumpEvents(ILjava/awt/Conditional;)V+4
j  java.awt.EventDispatchThread.pumpEvents(Ljava/awt/Conditional;)V+3
j  java.awt.EventDispatchThread.run()V+9
v  ~StubRoutines::call_stub
V  [libjvm.so+0x5f8465]  JavaCalls::call_helper(JavaValue*, methodHandle*, JavaCallArguments*, Thread*)+0x365
V  [libjvm.so+0x5f6ec8]  JavaCalls::call(JavaValue*, methodHandle, JavaCallArguments*, Thread*)+0x28
V  [libjvm.so+0x5f7197]  JavaCalls::call_virtual(JavaValue*, KlassHandle, Symbol*, Symbol*, JavaCallArguments*, Thread*)+0x197
V  [libjvm.so+0x5f72b7]  JavaCalls::call_virtual(JavaValue*, Handle, KlassHandle, Symbol*, Symbol*, Thread*)+0x47
V  [libjvm.so+0x6731c5]  thread_entry(JavaThread*, Thread*)+0xe5
V  [libjvm.so+0x94d5ff]  JavaThread::thread_main_inner()+0xdf
V  [libjvm.so+0x94d705]  JavaThread::run()+0xf5
V  [libjvm.so+0x815538]  java_start(Thread*)+0x108

Java frames: (J=compiled Java code, j=interpreted, Vv=VM code)
j  sun.java2d.loops.ScaledBlit.Scale(Lsun/java2d/SurfaceData;Lsun/java2d/SurfaceData;Ljava/awt/Composite;Lsun/java2d/pipe/Region;IIIIDDDD)V+0
j  sun.java2d.pipe.DrawImage.scaleSurfaceData(Lsun/java2d/SunGraphics2D;Lsun/java2d/pipe/Region;Lsun/java2d/SurfaceData;Lsun/java2d/SurfaceData;Lsun/java2d/loops/SurfaceType;Lsun/java2d/loops/SurfaceType;IIIIDDDD)Z+72
j  sun.java2d.pipe.DrawImage.renderImageScale(Lsun/java2d/SunGraphics2D;Ljava/awt/Image;Ljava/awt/Color;IIIIIDDDD)Z+97
j  sun.java2d.pipe.DrawImage.tryCopyOrScale(Lsun/java2d/SunGraphics2D;Ljava/awt/Image;IIIILjava/awt/Color;I[D)Z+176
j  sun.java2d.pipe.DrawImage.transformImage(Lsun/java2d/SunGraphics2D;Ljava/awt/Image;Ljava/awt/geom/AffineTransform;IIIIILjava/awt/Color;)V+97
j  sun.java2d.pipe.DrawImage.scaleImage(Lsun/java2d/SunGraphics2D;Ljava/awt/Image;IIIIIIIILjava/awt/Color;)Z+467
j  sun.java2d.pipe.DrawImage.copyImage(Lsun/java2d/SunGraphics2D;Ljava/awt/Image;IIIIIILjava/awt/Color;)Z+68
j  sun.java2d.pipe.DrawImage.copyImage(Lsun/java2d/SunGraphics2D;Ljava/awt/Image;IIIIIILjava/awt/Color;Ljava/awt/image/ImageObserver;)Z+23
j  sun.java2d.pipe.ValidatePipe.copyImage(Lsun/java2d/SunGraphics2D;Ljava/awt/Image;IIIIIILjava/awt/Color;Ljava/awt/image/ImageObserver;)Z+29
j  sun.java2d.SunGraphics2D.copyImage(Ljava/awt/Image;IIIIIILjava/awt/Color;Ljava/awt/image/ImageObserver;)Z+20
j  sun.java2d.SunGraphics2D.drawImage(Ljava/awt/Image;IIIIIIIILjava/awt/Color;Ljava/awt/image/ImageObserver;)Z+185
j  sun.java2d.SunGraphics2D.drawImage(Ljava/awt/Image;IIIIIIIILjava/awt/image/ImageObserver;)Z+19
j  client.gui.ImagePanel$DrawingImage.draw(Ljava/awt/Graphics2D;)V+52
j  client.gui.ImagePanel.paintComponent(Ljava/awt/Graphics;)V+93
j  javax.swing.JComponent.paint(Ljava/awt/Graphics;)V+286
j  javax.swing.JComponent.paintChildren(Ljava/awt/Graphics;)V+501
j  javax.swing.JSplitPane.paintChildren(Ljava/awt/Graphics;)V+2
j  javax.swing.JComponent.paint(Ljava/awt/Graphics;)V+318
j  javax.swing.JComponent.paintChildren(Ljava/awt/Graphics;)V+501
j  javax.swing.JComponent.paint(Ljava/awt/Graphics;)V+318
j  javax.swing.JComponent.paintChildren(Ljava/awt/Graphics;)V+501
j  javax.swing.JComponent.paint(Ljava/awt/Graphics;)V+318
j  javax.swing.JLayeredPane.paint(Ljava/awt/Graphics;)V+73
j  javax.swing.JComponent.paintChildren(Ljava/awt/Graphics;)V+501
j  javax.swing.JComponent.paintToOffscreen(Ljava/awt/Graphics;IIIIII)V+72
j  javax.swing.BufferStrategyPaintManager.paint(Ljavax/swing/JComponent;Ljavax/swing/JComponent;Ljava/awt/Graphics;IIII)Z+157
j  javax.swing.RepaintManager.paint(Ljavax/swing/JComponent;Ljavax/swing/JComponent;Ljava/awt/Graphics;IIII)V+52
j  javax.swing.JComponent.paint(Ljava/awt/Graphics;)V+221
j  java.awt.GraphicsCallback$PaintCallback.run(Ljava/awt/Component;Ljava/awt/Graphics;)V+2
j  sun.awt.SunGraphicsCallback.runOneComponent(Ljava/awt/Component;Ljava/awt/Rectangle;Ljava/awt/Graphics;Ljava/awt/Shape;I)V+155
j  sun.awt.SunGraphicsCallback.runComponents([Ljava/awt/Component;Ljava/awt/Graphics;I)V+194
j  java.awt.Container.paint(Ljava/awt/Graphics;)V+58
j  java.awt.Window.paint(Ljava/awt/Graphics;)V+68
j  javax.swing.RepaintManager$3.run()Ljava/lang/Void;+136
j  javax.swing.RepaintManager$3.run()Ljava/lang/Object;+1
v  ~StubRoutines::call_stub
j  java.security.AccessController.doPrivileged(Ljava/security/PrivilegedAction;Ljava/security/AccessControlContext;)Ljava/lang/Object;+0
j  java.security.ProtectionDomain$1.doIntersectionPrivilege(Ljava/security/PrivilegedAction;Ljava/security/AccessControlContext;Ljava/security/AccessControlContext;)Ljava/lang/Object;+28
j  javax.swing.RepaintManager.paintDirtyRegions(Ljava/util/Map;)V+154
j  javax.swing.RepaintManager.paintDirtyRegions()V+46
j  javax.swing.RepaintManager.prePaintDirtyRegions()V+73
j  javax.swing.RepaintManager.access$1100(Ljavax/swing/RepaintManager;)V+1
j  javax.swing.RepaintManager$ProcessingRunnable.run()V+37
j  java.awt.event.InvocationEvent.dispatch()V+47
j  java.awt.EventQueue.dispatchEventImpl(Ljava/awt/AWTEvent;Ljava/lang/Object;)V+21
j  java.awt.EventQueue.access$200(Ljava/awt/EventQueue;Ljava/awt/AWTEvent;Ljava/lang/Object;)V+3
j  java.awt.EventQueue$3.run()Ljava/lang/Void;+12
j  java.awt.EventQueue$3.run()Ljava/lang/Object;+1
v  ~StubRoutines::call_stub
j  java.security.AccessController.doPrivileged(Ljava/security/PrivilegedAction;Ljava/security/AccessControlContext;)Ljava/lang/Object;+0
j  java.security.ProtectionDomain$1.doIntersectionPrivilege(Ljava/security/PrivilegedAction;Ljava/security/AccessControlContext;Ljava/security/AccessControlContext;)Ljava/lang/Object;+28
j  java.awt.EventQueue.dispatchEvent(Ljava/awt/AWTEvent;)V+46
j  java.awt.EventDispatchThread.pumpOneEventForFilters(I)V+245
j  java.awt.EventDispatchThread.pumpEventsForFilter(ILjava/awt/Conditional;Ljava/awt/EventFilter;)V+35
j  java.awt.EventDispatchThread.pumpEventsForHierarchy(ILjava/awt/Conditional;Ljava/awt/Component;)V+11
j  java.awt.EventDispatchThread.pumpEvents(ILjava/awt/Conditional;)V+4
j  java.awt.EventDispatchThread.pumpEvents(Ljava/awt/Conditional;)V+3
j  java.awt.EventDispatchThread.run()V+9
v  ~StubRoutines::call_stub

---------------  P R O C E S S  ---------------

Java Threads: ( => current thread )
  0x00007f4e9c2a3800 JavaThread "Keep-Alive-Timer" daemon [_thread_blocked, id=18147, stack(0x00007f4edfb7f000,0x00007f4edfc80000)]
  0x00007f4e9c159800 JavaThread "TimerQueue" daemon [_thread_blocked, id=18146, stack(0x00007f4edfc80000,0x00007f4edfd81000)]
  0x00007f4ef0009000 JavaThread "DestroyJavaVM" [_thread_blocked, id=18128, stack(0x00007f4ef7c64000,0x00007f4ef7d65000)]
=>0x00007f4ef016f800 JavaThread "AWT-EventQueue-0" [_thread_in_native, id=18145, stack(0x00007f4eec6d5000,0x00007f4eec7d6000)]
  0x00007f4ef016e000 JavaThread "AWT-Shutdown" [_thread_blocked, id=18144, stack(0x00007f4eec7d6000,0x00007f4eec8d7000)]
  0x00007f4ef016c000 JavaThread "AWT-XAWT" daemon [_thread_in_native, id=18143, stack(0x00007f4eec8d7000,0x00007f4eec9d8000)]
  0x00007f4ef0132000 JavaThread "Java2D Disposer" daemon [_thread_blocked, id=18142, stack(0x00007f4eec9d8000,0x00007f4eecad9000)]
  0x00007f4ef0095800 JavaThread "Service Thread" daemon [_thread_blocked, id=18139, stack(0x00007f4ef41d4000,0x00007f4ef42d5000)]
  0x00007f4ef0093000 JavaThread "C2 CompilerThread1" daemon [_thread_blocked, id=18138, stack(0x00007f4ef42d5000,0x00007f4ef43d6000)]
  0x00007f4ef0090000 JavaThread "C2 CompilerThread0" daemon [_thread_blocked, id=18137, stack(0x00007f4ef43d6000,0x00007f4ef44d7000)]
  0x00007f4ef0086000 JavaThread "Signal Dispatcher" daemon [_thread_blocked, id=18136, stack(0x00007f4ef44d7000,0x00007f4ef45d8000)]
  0x00007f4ef006f000 JavaThread "Finalizer" daemon [_thread_blocked, id=18135, stack(0x00007f4ef45d8000,0x00007f4ef46d9000)]
  0x00007f4ef006b000 JavaThread "Reference Handler" daemon [_thread_blocked, id=18134, stack(0x00007f4ef46d9000,0x00007f4ef47da000)]

Other Threads:
  0x00007f4ef0068800 VMThread [stack: 0x00007f4ef47da000,0x00007f4ef48db000] [id=18133]
  0x00007f4ef00a0000 WatcherThread [stack: 0x00007f4ef40d3000,0x00007f4ef41d4000] [id=18140]

VM state:not at safepoint (normal execution)

VM Mutex/Monitor currently owned by a thread: None

Heap
 PSYoungGen      total 37888K, used 18552K [0x00000007d6480000, 0x00000007d8e80000, 0x0000000800000000)
  eden space 32768K, 41% used [0x00000007d6480000,0x00000007d71a4b28,0x00000007d8480000)
  from space 5120K, 99% used [0x00000007d8480000,0x00000007d8979850,0x00000007d8980000)
  to   space 5120K, 0% used [0x00000007d8980000,0x00000007d8980000,0x00000007d8e80000)
 ParOldGen       total 84992K, used 10750K [0x0000000782e00000, 0x0000000788100000, 0x00000007d6480000)
  object space 84992K, 12% used [0x0000000782e00000,0x000000078387fbe0,0x0000000788100000)
 PSPermGen       total 21504K, used 16861K [0x000000077dc00000, 0x000000077f100000, 0x0000000782e00000)
  object space 21504K, 78% used [0x000000077dc00000,0x000000077ec77538,0x000000077f100000)

Card table byte_map: [0x00007f4ef6694000,0x00007f4ef6aa7000] byte_map_base: 0x00007f4ef2aa6000

Polling page: 0x00007f4ef8dfa000

Code Cache  [0x00007f4eed000000, 0x00007f4eed270000, 0x00007f4ef0000000)
 total_blobs=612 nmethods=112 adapters=454 free_code_cache=48340Kb largest_free_block=49470592

Compilation events (10 events):
Event: 5.301 Thread 0x00007f4ef0093000 nmethod 107 0x00007f4eed0c6ad0 code [0x00007f4eed0c6c00, 0x00007f4eed0c6c78]
Event: 5.322 Thread 0x00007f4ef0090000  108             java.util.HashMap::containsKey (14 bytes)
Event: 5.324 Thread 0x00007f4ef0093000  109             com.sun.org.apache.xerces.internal.impl.XMLDocumentFragmentScannerImpl::scanDocument (272 bytes)
Event: 5.327 Thread 0x00007f4ef0090000 nmethod 108 0x00007f4eed0c1150 code [0x00007f4eed0c12c0, 0x00007f4eed0c14c8]
Event: 5.331 Thread 0x00007f4ef0090000  110             java.util.concurrent.locks.ReentrantLock::lock (8 bytes)
Event: 5.334 Thread 0x00007f4ef0090000 nmethod 110 0x00007f4eed0c0c50 code [0x00007f4eed0c0dc0, 0x00007f4eed0c0f68]
Event: 5.334 Thread 0x00007f4ef0093000 nmethod 109 0x00007f4eed0c9d50 code [0x00007f4eed0c9f40, 0x00007f4eed0ca3b0]
Event: 5.334 Thread 0x00007f4ef0090000  111             java.util.concurrent.locks.ReentrantLock$NonfairSync::lock (25 bytes)
Event: 5.337 Thread 0x00007f4ef0090000 nmethod 111 0x00007f4eed0c07d0 code [0x00007f4eed0c0940, 0x00007f4eed0c0ac8]
Event: 5.391 Thread 0x00007f4ef0093000  112   !         sun.awt.AppContext::get (121 bytes)

GC Heap History (2 events):
Event: 5.120 GC heap before
{Heap before GC invocations=1 (full 0):
 PSYoungGen      total 37888K, used 32768K [0x00000007d6480000, 0x00000007d8e80000, 0x0000000800000000)
  eden space 32768K, 100% used [0x00000007d6480000,0x00000007d8480000,0x00000007d8480000)
  from space 5120K, 0% used [0x00000007d8980000,0x00000007d8980000,0x00000007d8e80000)
  to   space 5120K, 0% used [0x00000007d8480000,0x00000007d8480000,0x00000007d8980000)
 ParOldGen       total 84992K, used 0K [0x0000000782e00000, 0x0000000788100000, 0x00000007d6480000)
  object space 84992K, 0% used [0x0000000782e00000,0x0000000782e00000,0x0000000788100000)
 PSPermGen       total 21504K, used 16441K [0x000000077dc00000, 0x000000077f100000, 0x0000000782e00000)
  object space 21504K, 76% used [0x000000077dc00000,0x000000077ec0e618,0x000000077f100000)
Event: 5.152 GC heap after
Heap after GC invocations=1 (full 0):
 PSYoungGen      total 37888K, used 5094K [0x00000007d6480000, 0x00000007d8e80000, 0x0000000800000000)
  eden space 32768K, 0% used [0x00000007d6480000,0x00000007d6480000,0x00000007d8480000)
  from space 5120K, 99% used [0x00000007d8480000,0x00000007d8979850,0x00000007d8980000)
  to   space 5120K, 0% used [0x00000007d8980000,0x00000007d8980000,0x00000007d8e80000)
 ParOldGen       total 84992K, used 10750K [0x0000000782e00000, 0x0000000788100000, 0x00000007d6480000)
  object space 84992K, 12% used [0x0000000782e00000,0x000000078387fbe0,0x0000000788100000)
 PSPermGen       total 21504K, used 16441K [0x000000077dc00000, 0x000000077f100000, 0x0000000782e00000)
  object space 21504K, 76% used [0x000000077dc00000,0x000000077ec0e618,0x000000077f100000)
}

Deoptimization events (10 events):
Event: 0.848 Thread 0x00007f4ef016f800 Uncommon trap: reason=class_check action=maybe_recompile pc=0x00007f4eed077158 method=java.lang.String.equals(Ljava/lang/Object;)Z @ 8
Event: 0.848 Thread 0x00007f4ef016f800 Uncommon trap: reason=class_check action=maybe_recompile pc=0x00007f4eed077158 method=java.lang.String.equals(Ljava/lang/Object;)Z @ 8
Event: 4.700 Thread 0x00007f4ef016f800 Uncommon trap: reason=class_check action=maybe_recompile pc=0x00007f4eed09b848 method=com.sun.org.apache.xerces.internal.impl.XMLDocumentScannerImpl.next()I @ 4
Event: 4.971 Thread 0x00007f4ef016f800 Uncommon trap: reason=null_check action=make_not_entrant pc=0x00007f4eed0af7c4 method=com.thoughtworks.xstream.core.util.WeakCache.get(Ljava/lang/Object;)Ljava/lang/Object; @ 10
Event: 5.258 Thread 0x00007f4ef016f800 Uncommon trap: reason=predicate action=maybe_recompile pc=0x00007f4eed09cf54 method=java.util.ArrayList.indexOf(Ljava/lang/Object;)I @ 44
Event: 5.303 Thread 0x00007f4ef016f800 Uncommon trap: reason=unreached action=reinterpret pc=0x00007f4eed0bf3b0 method=com.thoughtworks.xstream.io.xml.XmlFriendlyNameCoder.encodeName(Ljava/lang/String;)Ljava/lang/String; @ 15
Event: 5.324 Thread 0x00007f4ef016f800 Uncommon trap: reason=class_check action=maybe_recompile pc=0x00007f4eed09b848 method=com.sun.org.apache.xerces.internal.impl.XMLDocumentScannerImpl.next()I @ 4
Event: 5.324 Thread 0x00007f4ef016f800 Uncommon trap: reason=class_check action=maybe_recompile pc=0x00007f4eed09b848 method=com.sun.org.apache.xerces.internal.impl.XMLDocumentScannerImpl.next()I @ 4
Event: 5.324 Thread 0x00007f4ef016f800 Uncommon trap: reason=null_check action=make_not_entrant pc=0x00007f4eed09dd18 method=com.sun.org.apache.xerces.internal.dom.DeferredDocumentImpl.clearChunkValue([[Ljava/lang/Object;II)Ljava/lang/String; @ 11
Event: 5.324 Thread 0x00007f4ef016f800 Uncommon trap: reason=class_check action=maybe_recompile pc=0x00007f4eed09b848 method=com.sun.org.apache.xerces.internal.impl.XMLDocumentScannerImpl.next()I @ 4

Internal exceptions (10 events):
Event: 4.811 Thread 0x00007f4ef016f800 Threw 0x00000007d73e6b50 at /HUDSON/workspace/7u-2-build-linux-amd64@2/jdk7u51/527/hotspot/src/share/vm/prims/jvm.cpp:1244
Event: 4.812 Thread 0x00007f4ef016f800 Threw 0x00000007d73e8b98 at /HUDSON/workspace/7u-2-build-linux-amd64@2/jdk7u51/527/hotspot/src/share/vm/prims/jvm.cpp:1244
Event: 4.813 Thread 0x00007f4ef016f800 Threw 0x00000007d73eb438 at /HUDSON/workspace/7u-2-build-linux-amd64@2/jdk7u51/527/hotspot/src/share/vm/prims/jvm.cpp:1244
Event: 4.814 Thread 0x00007f4ef016f800 Threw 0x00000007d73ed4d8 at /HUDSON/workspace/7u-2-build-linux-amd64@2/jdk7u51/527/hotspot/src/share/vm/prims/jvm.cpp:1244
Event: 4.818 Thread 0x00007f4ef016f800 Threw 0x00000007d73f4050 at /HUDSON/workspace/7u-2-build-linux-amd64@2/jdk7u51/527/hotspot/src/share/vm/prims/jvm.cpp:1244
Event: 4.971 Thread 0x00007f4ef016f800 Implicit null exception at 0x00007f4eed0af10c to 0x00007f4eed0af7b5
Event: 5.196 Thread 0x00007f4ef016f800 Threw 0x00000007d6bed5e0 at /HUDSON/workspace/7u-2-build-linux-amd64@2/jdk7u51/527/hotspot/src/share/vm/prims/jvm.cpp:1244
Event: 5.205 Thread 0x00007f4ef016f800 Threw 0x00000007d6bff5a0 at /HUDSON/workspace/7u-2-build-linux-amd64@2/jdk7u51/527/hotspot/src/share/vm/prims/jvm.cpp:1244
Event: 5.265 Thread 0x00007f4ef016f800 Threw 0x00000007d6d00b40 at /HUDSON/workspace/7u-2-build-linux-amd64@2/jdk7u51/527/hotspot/src/share/vm/prims/jvm.cpp:1244
Event: 5.324 Thread 0x00007f4ef016f800 Implicit null exception at 0x00007f4eed09da9a to 0x00007f4eed09dd01

Events (10 events):
Event: 5.343 loading class 0x00007f4e9c0a4630
Event: 5.343 loading class 0x00007f4e9c0a4630 done
Event: 5.362 loading class 0x00007f4eb0031890
Event: 5.363 loading class 0x00007f4eb0031890 done
Event: 5.363 loading class 0x00007f4eb405efa0
Event: 5.363 loading class 0x00007f4eb405efa0 done
Event: 5.370 loading class 0x00007f4e9c076c80
Event: 5.370 loading class 0x00007f4e9c076c80 done
Event: 5.370 loading class 0x00007f4eb40d14b0
Event: 5.370 loading class 0x00007f4eb40d14b0 done


Dynamic libraries:
00400000-00401000 r-xp 00000000 09:02 1851940                            /usr/java/jdk1.7.0_51/bin/java
00600000-00601000 rw-p 00000000 09:02 1851940                            /usr/java/jdk1.7.0_51/bin/java
00daa000-00dcb000 rw-p 00000000 00:00 0                                  [heap]
77dc00000-77f100000 rw-p 00000000 00:00 0 
77f100000-782e00000 rw-p 00000000 00:00 0 
782e00000-788100000 rw-p 00000000 00:00 0 
788100000-7d6480000 rw-p 00000000 00:00 0 
7d6480000-7d8e80000 rw-p 00000000 00:00 0 
7d8e80000-800000000 rw-p 00000000 00:00 0 
3fb9200000-3fb9220000 r-xp 00000000 09:02 399595                         /lib64/ld-2.12.so
3fb941f000-3fb9420000 r--p 0001f000 09:02 399595                         /lib64/ld-2.12.so
3fb9420000-3fb9421000 rw-p 00020000 09:02 399595                         /lib64/ld-2.12.so
3fb9421000-3fb9422000 rw-p 00000000 00:00 0 
3fb9600000-3fb9683000 r-xp 00000000 09:02 399600                         /lib64/libm-2.12.so
3fb9683000-3fb9882000 ---p 00083000 09:02 399600                         /lib64/libm-2.12.so
3fb9882000-3fb9883000 r--p 00082000 09:02 399600                         /lib64/libm-2.12.so
3fb9883000-3fb9884000 rw-p 00083000 09:02 399600                         /lib64/libm-2.12.so
3fb9a00000-3fb9b8b000 r-xp 00000000 09:02 399596                         /lib64/libc-2.12.so
3fb9b8b000-3fb9d8a000 ---p 0018b000 09:02 399596                         /lib64/libc-2.12.so
3fb9d8a000-3fb9d8e000 r--p 0018a000 09:02 399596                         /lib64/libc-2.12.so
3fb9d8e000-3fb9d8f000 rw-p 0018e000 09:02 399596                         /lib64/libc-2.12.so
3fb9d8f000-3fb9d94000 rw-p 00000000 00:00 0 
3fb9e00000-3fb9e17000 r-xp 00000000 09:02 399598                         /lib64/libpthread-2.12.so
3fb9e17000-3fba017000 ---p 00017000 09:02 399598                         /lib64/libpthread-2.12.so
3fba017000-3fba018000 r--p 00017000 09:02 399598                         /lib64/libpthread-2.12.so
3fba018000-3fba019000 rw-p 00018000 09:02 399598                         /lib64/libpthread-2.12.so
3fba019000-3fba01d000 rw-p 00000000 00:00 0 
3fba200000-3fba202000 r-xp 00000000 09:02 399599                         /lib64/libdl-2.12.so
3fba202000-3fba402000 ---p 00002000 09:02 399599                         /lib64/libdl-2.12.so
3fba402000-3fba403000 r--p 00002000 09:02 399599                         /lib64/libdl-2.12.so
3fba403000-3fba404000 rw-p 00003000 09:02 399599                         /lib64/libdl-2.12.so
3fbaa00000-3fbaa07000 r-xp 00000000 09:02 399602                         /lib64/librt-2.12.so
3fbaa07000-3fbac06000 ---p 00007000 09:02 399602                         /lib64/librt-2.12.so
3fbac06000-3fbac07000 r--p 00006000 09:02 399602                         /lib64/librt-2.12.so
3fbac07000-3fbac08000 rw-p 00007000 09:02 399602                         /lib64/librt-2.12.so
3fbc600000-3fbc61d000 r-xp 00000000 09:02 1736896                        /usr/lib64/libxcb.so.1.1.0
3fbc61d000-3fbc81d000 ---p 0001d000 09:02 1736896                        /usr/lib64/libxcb.so.1.1.0
3fbc81d000-3fbc81e000 rw-p 0001d000 09:02 1736896                        /usr/lib64/libxcb.so.1.1.0
3fbca00000-3fbcb37000 r-xp 00000000 09:02 1736897                        /usr/lib64/libX11.so.6.3.0
3fbcb37000-3fbcd37000 ---p 00137000 09:02 1736897                        /usr/lib64/libX11.so.6.3.0
3fbcd37000-3fbcd3d000 rw-p 00137000 09:02 1736897                        /usr/lib64/libX11.so.6.3.0
3fbce00000-3fbce02000 r-xp 00000000 09:02 1736895                        /usr/lib64/libXau.so.6.0.0
3fbce02000-3fbd002000 ---p 00002000 09:02 1736895                        /usr/lib64/libXau.so.6.0.0
3fbd002000-3fbd003000 rw-p 00002000 09:02 1736895                        /usr/lib64/libXau.so.6.0.0
3fbde00000-3fbde12000 r-xp 00000000 09:02 1736903                        /usr/lib64/libXext.so.6.4.0
3fbde12000-3fbe012000 ---p 00012000 09:02 1736903                        /usr/lib64/libXext.so.6.4.0
3fbe012000-3fbe013000 rw-p 00012000 09:02 1736903                        /usr/lib64/libXext.so.6.4.0
3fbea00000-3fbea09000 r-xp 00000000 09:02 1736898                        /usr/lib64/libXrender.so.1.3.0
3fbea09000-3fbec09000 ---p 00009000 09:02 1736898                        /usr/lib64/libXrender.so.1.3.0
3fbec09000-3fbec0a000 rw-p 00009000 09:02 1736898                        /usr/lib64/libXrender.so.1.3.0
3fbee00000-3fbee0e000 r-xp 00000000 09:02 1736905                        /usr/lib64/libXi.so.6.1.0
3fbee0e000-3fbf00e000 ---p 0000e000 09:02 1736905                        /usr/lib64/libXi.so.6.1.0
3fbf00e000-3fbf00f000 rw-p 0000e000 09:02 1736905                        /usr/lib64/libXi.so.6.1.0
3fc0a00000-3fc0a05000 r-xp 00000000 09:02 1736907                        /usr/lib64/libXfixes.so.3.1.0
3fc0a05000-3fc0c05000 ---p 00005000 09:02 1736907                        /usr/lib64/libXfixes.so.3.1.0
3fc0c05000-3fc0c06000 rw-p 00005000 09:02 1736907                        /usr/lib64/libXfixes.so.3.1.0
3fc2600000-3fc2609000 r-xp 00000000 09:02 1736908                        /usr/lib64/libXcursor.so.1.0.2
3fc2609000-3fc2809000 ---p 00009000 09:02 1736908                        /usr/lib64/libXcursor.so.1.0.2
3fc2809000-3fc280a000 rw-p 00009000 09:02 1736908                        /usr/lib64/libXcursor.so.1.0.2
3fc5e00000-3fc5e16000 r-xp 00000000 09:02 399616                         /lib64/libgcc_s-4.4.7-20120601.so.1
3fc5e16000-3fc6015000 ---p 00016000 09:02 399616                         /lib64/libgcc_s-4.4.7-20120601.so.1
3fc6015000-3fc6016000 rw-p 00015000 09:02 399616                         /lib64/libgcc_s-4.4.7-20120601.so.1
3fc8600000-3fc8605000 r-xp 00000000 09:02 1718247                        /usr/lib64/libXtst.so.6.1.0
3fc8605000-3fc8805000 ---p 00005000 09:02 1718247                        /usr/lib64/libXtst.so.6.1.0
3fc8805000-3fc8806000 rw-p 00005000 09:02 1718247                        /usr/lib64/libXtst.so.6.1.0
7f4e90000000-7f4e90021000 rw-p 00000000 00:00 0 
7f4e90021000-7f4e94000000 ---p 00000000 00:00 0 
7f4e94000000-7f4e94021000 rw-p 00000000 00:00 0 
7f4e94021000-7f4e98000000 ---p 00000000 00:00 0 
7f4e98000000-7f4e98021000 rw-p 00000000 00:00 0 
7f4e98021000-7f4e9c000000 ---p 00000000 00:00 0 
7f4e9c000000-7f4e9c41b000 rw-p 00000000 00:00 0 
7f4e9c41b000-7f4ea0000000 ---p 00000000 00:00 0 
7f4ea0000000-7f4ea0021000 rw-p 00000000 00:00 0 
7f4ea0021000-7f4ea4000000 ---p 00000000 00:00 0 
7f4ea4000000-7f4ea4021000 rw-p 00000000 00:00 0 
7f4ea4021000-7f4ea8000000 ---p 00000000 00:00 0 
7f4ea8000000-7f4ea8021000 rw-p 00000000 00:00 0 
7f4ea8021000-7f4eac000000 ---p 00000000 00:00 0 
7f4eac000000-7f4eac021000 rw-p 00000000 00:00 0 
7f4eac021000-7f4eb0000000 ---p 00000000 00:00 0 
7f4eb0000000-7f4eb0506000 rw-p 00000000 00:00 0 
7f4eb0506000-7f4eb4000000 ---p 00000000 00:00 0 
7f4eb4000000-7f4eb470c000 rw-p 00000000 00:00 0 
7f4eb470c000-7f4eb8000000 ---p 00000000 00:00 0 
7f4eb8000000-7f4eb8021000 rw-p 00000000 00:00 0 
7f4eb8021000-7f4ebc000000 ---p 00000000 00:00 0 
7f4ebe16f000-7f4ec4000000 r--p 00000000 09:02 1705722                    /usr/lib/locale/locale-archive
7f4ec4000000-7f4ec4021000 rw-p 00000000 00:00 0 
7f4ec4021000-7f4ec8000000 ---p 00000000 00:00 0 
7f4ec8000000-7f4ec8021000 rw-p 00000000 00:00 0 
7f4ec8021000-7f4ecc000000 ---p 00000000 00:00 0 
7f4ecc000000-7f4ecc021000 rw-p 00000000 00:00 0 
7f4ecc021000-7f4ed0000000 ---p 00000000 00:00 0 
7f4ed3ee0000-7f4ed8000000 rw-p 00000000 00:00 0 
7f4ed8000000-7f4ed8021000 rw-p 00000000 00:00 0 
7f4ed8021000-7f4edc000000 ---p 00000000 00:00 0 
7f4edfa14000-7f4edfb7f000 rw-p 00000000 00:00 0 
7f4edfb7f000-7f4edfb82000 ---p 00000000 00:00 0 
7f4edfb82000-7f4edfc80000 rw-p 00000000 00:00 0 
7f4edfc80000-7f4edfc83000 ---p 00000000 00:00 0 
7f4edfc83000-7f4edfd81000 rw-p 00000000 00:00 0 
7f4edfd81000-7f4edfde9000 r-xp 00000000 09:02 1852112                    /usr/java/jdk1.7.0_51/jre/lib/amd64/libt2k.so
7f4edfde9000-7f4edffe9000 ---p 00068000 09:02 1852112                    /usr/java/jdk1.7.0_51/jre/lib/amd64/libt2k.so
7f4edffe9000-7f4edfff0000 rw-p 00068000 09:02 1852112                    /usr/java/jdk1.7.0_51/jre/lib/amd64/libt2k.so
7f4edfff0000-7f4ee0000000 rw-p 00000000 00:00 0 
7f4ee0000000-7f4ee0021000 rw-p 00000000 00:00 0 
7f4ee0021000-7f4ee4000000 ---p 00000000 00:00 0 
7f4ee4000000-7f4ee4021000 rw-p 00000000 00:00 0 
7f4ee4021000-7f4ee8000000 ---p 00000000 00:00 0 
7f4ee8000000-7f4ee8021000 rw-p 00000000 00:00 0 
7f4ee8021000-7f4eec000000 ---p 00000000 00:00 0 
7f4eec034000-7f4eec044000 r-xp 00000000 09:02 1852104                    /usr/java/jdk1.7.0_51/jre/lib/amd64/libnio.so
7f4eec044000-7f4eec244000 ---p 00010000 09:02 1852104                    /usr/java/jdk1.7.0_51/jre/lib/amd64/libnio.so
7f4eec244000-7f4eec245000 rw-p 00010000 09:02 1852104                    /usr/java/jdk1.7.0_51/jre/lib/amd64/libnio.so
7f4eec245000-7f4eec25b000 r-xp 00000000 09:02 1852103                    /usr/java/jdk1.7.0_51/jre/lib/amd64/libnet.so
7f4eec25b000-7f4eec45b000 ---p 00016000 09:02 1852103                    /usr/java/jdk1.7.0_51/jre/lib/amd64/libnet.so
7f4eec45b000-7f4eec45c000 rw-p 00016000 09:02 1852103                    /usr/java/jdk1.7.0_51/jre/lib/amd64/libnet.so
7f4eec45c000-7f4eec4c1000 r-xp 00000000 09:02 1852075                    /usr/java/jdk1.7.0_51/jre/lib/amd64/libfontmanager.so
7f4eec4c1000-7f4eec6c0000 ---p 00065000 09:02 1852075                    /usr/java/jdk1.7.0_51/jre/lib/amd64/libfontmanager.so
7f4eec6c0000-7f4eec6c4000 rw-p 00064000 09:02 1852075                    /usr/java/jdk1.7.0_51/jre/lib/amd64/libfontmanager.so
7f4eec6c4000-7f4eec6d5000 rw-p 00000000 00:00 0 
7f4eec6d5000-7f4eec6d8000 ---p 00000000 00:00 0 
7f4eec6d8000-7f4eec7d6000 rw-p 00000000 00:00 0 
7f4eec7d6000-7f4eec7d9000 ---p 00000000 00:00 0 
7f4eec7d9000-7f4eec8d7000 rw-p 00000000 00:00 0 
7f4eec8d7000-7f4eec8da000 ---p 00000000 00:00 0 
7f4eec8da000-7f4eec9d8000 rw-p 00000000 00:00 0 
7f4eec9d8000-7f4eec9db000 ---p 00000000 00:00 0 
7f4eec9db000-7f4eecad9000 rw-p 00000000 00:00 0 
7f4eecad9000-7f4eecb29000 r-xp 00000000 09:02 1852121                    /usr/java/jdk1.7.0_51/jre/lib/amd64/xawt/libmawt.so
7f4eecb29000-7f4eecd29000 ---p 00050000 09:02 1852121                    /usr/java/jdk1.7.0_51/jre/lib/amd64/xawt/libmawt.so
7f4eecd29000-7f4eecd2d000 rw-p 00050000 09:02 1852121                    /usr/java/jdk1.7.0_51/jre/lib/amd64/xawt/libmawt.so
7f4eecd2d000-7f4eecd2e000 rw-p 00000000 00:00 0 
7f4eecd2e000-7f4eecdd0000 r-xp 00000000 09:02 1852071                    /usr/java/jdk1.7.0_51/jre/lib/amd64/libawt.so
7f4eecdd0000-7f4eecfd0000 ---p 000a2000 09:02 1852071                    /usr/java/jdk1.7.0_51/jre/lib/amd64/libawt.so
7f4eecfd0000-7f4eecfdc000 rw-p 000a2000 09:02 1852071                    /usr/java/jdk1.7.0_51/jre/lib/amd64/libawt.so
7f4eecfdc000-7f4eed000000 rw-p 00000000 00:00 0 
7f4eed000000-7f4eed270000 rwxp 00000000 00:00 0 
7f4eed270000-7f4ef0189000 rw-p 00000000 00:00 0 
7f4ef0189000-7f4ef4000000 ---p 00000000 00:00 0 
7f4ef4066000-7f4ef4071000 r--s 000af000 09:02 1852359                    /usr/java/jdk1.7.0_51/jre/lib/resources.jar
7f4ef4071000-7f4ef4091000 rw-s 00000000 00:04 13172762                   /SYSV00000000 (deleted)
7f4ef4091000-7f4ef40c2000 rw-p 00000000 00:00 0 
7f4ef40c2000-7f4ef40ce000 r--s 0006a000 00:13 193274032643               /auto/users/lindell/classes/git/record_indexer/lib/xstream-1.4.2.jar
7f4ef40ce000-7f4ef40d3000 r--s 00309000 00:13 193274032642               /auto/users/lindell/classes/git/record_indexer/lib/sqlite-jdbc-3.7.2.jar
7f4ef40d3000-7f4ef40d4000 ---p 00000000 00:00 0 
7f4ef40d4000-7f4ef41d4000 rw-p 00000000 00:00 0 
7f4ef41d4000-7f4ef41d7000 ---p 00000000 00:00 0 
7f4ef41d7000-7f4ef42d5000 rw-p 00000000 00:00 0 
7f4ef42d5000-7f4ef42d8000 ---p 00000000 00:00 0 
7f4ef42d8000-7f4ef43d6000 rw-p 00000000 00:00 0 
7f4ef43d6000-7f4ef43d9000 ---p 00000000 00:00 0 
7f4ef43d9000-7f4ef44d7000 rw-p 00000000 00:00 0 
7f4ef44d7000-7f4ef44da000 ---p 00000000 00:00 0 
7f4ef44da000-7f4ef45d8000 rw-p 00000000 00:00 0 
7f4ef45d8000-7f4ef45db000 ---p 00000000 00:00 0 
7f4ef45db000-7f4ef46d9000 rw-p 00000000 00:00 0 
7f4ef46d9000-7f4ef46dc000 ---p 00000000 00:00 0 
7f4ef46dc000-7f4ef47da000 rw-p 00000000 00:00 0 
7f4ef47da000-7f4ef47db000 ---p 00000000 00:00 0 
7f4ef47db000-7f4ef58da000 rw-p 00000000 00:00 0 
7f4ef58da000-7f4ef5a97000 r--s 039bf000 09:02 1852817                    /usr/java/jdk1.7.0_51/jre/lib/rt.jar
7f4ef5a97000-7f4ef5fcb000 rw-p 00000000 00:00 0 
7f4ef5fcb000-7f4ef5fcc000 ---p 00000000 00:00 0 
7f4ef5fcc000-7f4ef60cc000 rw-p 00000000 00:00 0 
7f4ef60cc000-7f4ef60cd000 ---p 00000000 00:00 0 
7f4ef60cd000-7f4ef61cd000 rw-p 00000000 00:00 0 
7f4ef61cd000-7f4ef61ce000 ---p 00000000 00:00 0 
7f4ef61ce000-7f4ef62ce000 rw-p 00000000 00:00 0 
7f4ef62ce000-7f4ef62cf000 ---p 00000000 00:00 0 
7f4ef62cf000-7f4ef63da000 rw-p 00000000 00:00 0 
7f4ef63da000-7f4ef63f8000 rw-p 00000000 00:00 0 
7f4ef63f8000-7f4ef6422000 rw-p 00000000 00:00 0 
7f4ef6422000-7f4ef6694000 rw-p 00000000 00:00 0 
7f4ef6694000-7f4ef669f000 rw-p 00000000 00:00 0 
7f4ef669f000-7f4ef66bd000 rw-p 00000000 00:00 0 
7f4ef66bd000-7f4ef66e7000 rw-p 00000000 00:00 0 
7f4ef66e7000-7f4ef6958000 rw-p 00000000 00:00 0 
7f4ef6958000-7f4ef696e000 rw-p 00000000 00:00 0 
7f4ef696e000-7f4ef6aa6000 rw-p 00000000 00:00 0 
7f4ef6aa6000-7f4ef6ab1000 rw-p 00000000 00:00 0 
7f4ef6ab1000-7f4ef6b67000 rw-p 00000000 00:00 0 
7f4ef6b67000-7f4ef6b81000 r-xp 00000000 09:02 1852115                    /usr/java/jdk1.7.0_51/jre/lib/amd64/libzip.so
7f4ef6b81000-7f4ef6d81000 ---p 0001a000 09:02 1852115                    /usr/java/jdk1.7.0_51/jre/lib/amd64/libzip.so
7f4ef6d81000-7f4ef6d82000 rw-p 0001a000 09:02 1852115                    /usr/java/jdk1.7.0_51/jre/lib/amd64/libzip.so
7f4ef6d82000-7f4ef7400000 r--s 00000000 09:02 1048685                    /var/lib/sss/mc/passwd
7f4ef7400000-7f4ef7407000 r-xp 00000000 09:02 393435                     /lib64/libnss_sss.so.2
7f4ef7407000-7f4ef7607000 ---p 00007000 09:02 393435                     /lib64/libnss_sss.so.2
7f4ef7607000-7f4ef7608000 rw-p 00007000 09:02 393435                     /lib64/libnss_sss.so.2
7f4ef7608000-7f4ef7614000 r-xp 00000000 09:02 393246                     /lib64/libnss_files-2.12.so
7f4ef7614000-7f4ef7814000 ---p 0000c000 09:02 393246                     /lib64/libnss_files-2.12.so
7f4ef7814000-7f4ef7815000 r--p 0000c000 09:02 393246                     /lib64/libnss_files-2.12.so
7f4ef7815000-7f4ef7816000 rw-p 0000d000 09:02 393246                     /lib64/libnss_files-2.12.so
7f4ef781a000-7f4ef7820000 r--s 00034000 00:13 193274032641               /auto/users/lindell/classes/git/record_indexer/lib/junit-4.8.2.jar
7f4ef7820000-7f4ef7824000 r--s 0002a000 00:13 197579983280               /auto/users/lindell/classes/git/record_indexer/lib/commons-io-2.4.jar
7f4ef7824000-7f4ef782b000 r--s 000aa000 00:13 77321292650                /auto/users/lindell/classes/git/record_indexer/lib/commons-io-2.4-javadoc.jar
7f4ef782b000-7f4ef7854000 r-xp 00000000 09:02 1852085                    /usr/java/jdk1.7.0_51/jre/lib/amd64/libjava.so
7f4ef7854000-7f4ef7a54000 ---p 00029000 09:02 1852085                    /usr/java/jdk1.7.0_51/jre/lib/amd64/libjava.so
7f4ef7a54000-7f4ef7a56000 rw-p 00029000 09:02 1852085                    /usr/java/jdk1.7.0_51/jre/lib/amd64/libjava.so
7f4ef7a56000-7f4ef7a63000 r-xp 00000000 09:02 1852114                    /usr/java/jdk1.7.0_51/jre/lib/amd64/libverify.so
7f4ef7a63000-7f4ef7c62000 ---p 0000d000 09:02 1852114                    /usr/java/jdk1.7.0_51/jre/lib/amd64/libverify.so
7f4ef7c62000-7f4ef7c64000 rw-p 0000c000 09:02 1852114                    /usr/java/jdk1.7.0_51/jre/lib/amd64/libverify.so
7f4ef7c64000-7f4ef7c67000 ---p 00000000 00:00 0 
7f4ef7c67000-7f4ef7d65000 rw-p 00000000 00:00 0 
7f4ef7d65000-7f4ef88c7000 r-xp 00000000 09:02 1852119                    /usr/java/jdk1.7.0_51/jre/lib/amd64/server/libjvm.so
7f4ef88c7000-7f4ef8ac7000 ---p 00b62000 09:02 1852119                    /usr/java/jdk1.7.0_51/jre/lib/amd64/server/libjvm.so
7f4ef8ac7000-7f4ef8b8a000 rw-p 00b62000 09:02 1852119                    /usr/java/jdk1.7.0_51/jre/lib/amd64/server/libjvm.so
7f4ef8b8a000-7f4ef8bce000 rw-p 00000000 00:00 0 
7f4ef8bce000-7f4ef8be4000 r-xp 00000000 09:02 145503                     /usr/java/jdk1.7.0_51/lib/amd64/jli/libjli.so
7f4ef8be4000-7f4ef8de4000 ---p 00016000 09:02 145503                     /usr/java/jdk1.7.0_51/lib/amd64/jli/libjli.so
7f4ef8de4000-7f4ef8de5000 rw-p 00016000 09:02 145503                     /usr/java/jdk1.7.0_51/lib/amd64/jli/libjli.so
7f4ef8de5000-7f4ef8de6000 rw-p 00000000 00:00 0 
7f4ef8de7000-7f4ef8de9000 rw-p 00000000 00:00 0 
7f4ef8de9000-7f4ef8deb000 r--s 0000c000 00:13 21489152252                /auto/users/lindell/bin/eclipse/plugins/org.hamcrest.core_1.3.0.v201303031735.jar
7f4ef8deb000-7f4ef8df1000 r--s 00036000 00:13 120261783877               /auto/users/lindell/bin/eclipse/plugins/org.junit_4.11.0.v201303080030/junit.jar
7f4ef8df1000-7f4ef8df9000 rw-s 00000000 09:03 7602179                    /tmp/hsperfdata_lindell/18123
7f4ef8df9000-7f4ef8dfa000 rw-p 00000000 00:00 0 
7f4ef8dfa000-7f4ef8dfb000 r--p 00000000 00:00 0 
7f4ef8dfb000-7f4ef8dfc000 rw-p 00000000 00:00 0 
7fffac10c000-7fffac121000 rw-p 00000000 00:00 0                          [stack]
7fffac1b1000-7fffac1b2000 r-xp 00000000 00:00 0                          [vdso]
ffffffffff600000-ffffffffff601000 r-xp 00000000 00:00 0                  [vsyscall]

VM Arguments:
jvm_args: -Dfile.encoding=UTF-8 
java_command: client.gui.RecordIndexer localhost 39640
Launcher Type: SUN_STANDARD

Environment Variables:
PATH=/auto/users/lindell/bin/eclipse:/auto/users/lindell/bin:/auto/app/anaconda/envs/py34/bin:/usr/lib64/qt-3.3/bin:/usr/local/bin:/usr/bin:/bin:/usr/local/sbin:/usr/sbin:/sbin
USERNAME=lindell
SHELL=/bin/bash
DISPLAY=:0.0

Signal Handlers:
SIGSEGV: [libjvm.so+0x993870], sa_mask[0]=0x7ffbfeff, sa_flags=0x10000004
SIGBUS: [libjvm.so+0x993870], sa_mask[0]=0x7ffbfeff, sa_flags=0x10000004
SIGFPE: [libjvm.so+0x8105b0], sa_mask[0]=0x7ffbfeff, sa_flags=0x10000004
SIGPIPE: [libjvm.so+0x8105b0], sa_mask[0]=0x7ffbfeff, sa_flags=0x10000004
SIGXFSZ: [libjvm.so+0x8105b0], sa_mask[0]=0x7ffbfeff, sa_flags=0x10000004
SIGILL: [libjvm.so+0x8105b0], sa_mask[0]=0x7ffbfeff, sa_flags=0x10000004
SIGUSR1: SIG_DFL, sa_mask[0]=0x00000000, sa_flags=0x00000000
SIGUSR2: [libjvm.so+0x811aa0], sa_mask[0]=0x00000004, sa_flags=0x10000004
SIGHUP: [libjvm.so+0x812a10], sa_mask[0]=0x7ffbfeff, sa_flags=0x10000004
SIGINT: [libjvm.so+0x812a10], sa_mask[0]=0x7ffbfeff, sa_flags=0x10000004
SIGTERM: [libjvm.so+0x812a10], sa_mask[0]=0x7ffbfeff, sa_flags=0x10000004
SIGQUIT: [libjvm.so+0x812a10], sa_mask[0]=0x7ffbfeff, sa_flags=0x10000004


---------------  S Y S T E M  ---------------

OS:Red Hat Enterprise Linux Server release 6.5 (Santiago)

uname:Linux 2.6.32-431.17.1.el6.x86_64 #1 SMP Fri Apr 11 17:27:00 EDT 2014 x86_64
libc:glibc 2.12 NPTL 2.12 
rlimit: STACK 10240k, CORE 0k, NPROC 1024, NOFILE 4096, AS infinity
load average:0.21 0.44 0.40

/proc/meminfo:
MemTotal:        8193028 kB
MemFree:         5479188 kB
Buffers:           80932 kB
Cached:           825248 kB
SwapCached:            0 kB
Active:          1802436 kB
Inactive:         668216 kB
Active(anon):    1565196 kB
Inactive(anon):     6856 kB
Active(file):     237240 kB
Inactive(file):   661360 kB
Unevictable:           0 kB
Mlocked:               0 kB
SwapTotal:       8387576 kB
SwapFree:        8387576 kB
Dirty:               136 kB
Writeback:             0 kB
AnonPages:       1572920 kB
Mapped:           199164 kB
Shmem:              7540 kB
Slab:              82484 kB
SReclaimable:      38416 kB
SUnreclaim:        44068 kB
KernelStack:        4032 kB
PageTables:        42920 kB
NFS_Unstable:          0 kB
Bounce:                0 kB
WritebackTmp:          0 kB
CommitLimit:    12484088 kB
Committed_AS:    3317884 kB
VmallocTotal:   34359738367 kB
VmallocUsed:       66620 kB
VmallocChunk:   34353958908 kB
HardwareCorrupted:     0 kB
AnonHugePages:   1015808 kB
HugePages_Total:       0
HugePages_Free:        0
HugePages_Rsvd:        0
HugePages_Surp:        0
Hugepagesize:       2048 kB
DirectMap4k:      104420 kB
DirectMap2M:     8284160 kB


CPU:total 4 (2 cores per cpu, 1 threads per core) family 15 model 33 stepping 2, cmov, cx8, fxsr, mmx, sse, sse2, sse3, mmxext, 3dnowpref, tsc

/proc/cpuinfo:
processor	: 0
vendor_id	: AuthenticAMD
cpu family	: 15
model		: 33
model name	: Dual Core AMD Opteron(tm) Processor 270
stepping	: 2
cpu MHz		: 1994.715
cache size	: 1024 KB
physical id	: 0
siblings	: 2
core id		: 0
cpu cores	: 2
apicid		: 0
initial apicid	: 0
fpu		: yes
fpu_exception	: yes
cpuid level	: 1
wp		: yes
flags		: fpu vme de pse tsc msr pae mce cx8 apic sep mtrr pge mca cmov pat pse36 clflush mmx fxsr sse sse2 ht syscall nx mmxext fxsr_opt lm 3dnowext 3dnow rep_good pni lahf_lm cmp_legacy
bogomips	: 3989.43
TLB size	: 1024 4K pages
clflush size	: 64
cache_alignment	: 64
address sizes	: 40 bits physical, 48 bits virtual
power management: ts fid vid ttp

processor	: 1
vendor_id	: AuthenticAMD
cpu family	: 15
model		: 33
model name	: Dual Core AMD Opteron(tm) Processor 270
stepping	: 2
cpu MHz		: 1994.715
cache size	: 1024 KB
physical id	: 0
siblings	: 2
core id		: 1
cpu cores	: 2
apicid		: 1
initial apicid	: 1
fpu		: yes
fpu_exception	: yes
cpuid level	: 1
wp		: yes
flags		: fpu vme de pse tsc msr pae mce cx8 apic sep mtrr pge mca cmov pat pse36 clflush mmx fxsr sse sse2 ht syscall nx mmxext fxsr_opt lm 3dnowext 3dnow rep_good pni lahf_lm cmp_legacy
bogomips	: 3988.56
TLB size	: 1024 4K pages
clflush size	: 64
cache_alignment	: 64
address sizes	: 40 bits physical, 48 bits virtual
power management: ts fid vid ttp

processor	: 2
vendor_id	: AuthenticAMD
cpu family	: 15
model		: 33
model name	: Dual Core AMD Opteron(tm) Processor 270
stepping	: 2
cpu MHz		: 1994.715
cache size	: 1024 KB
physical id	: 1
siblings	: 2
core id		: 0
cpu cores	: 2
apicid		: 2
initial apicid	: 2
fpu		: yes
fpu_exception	: yes
cpuid level	: 1
wp		: yes
flags		: fpu vme de pse tsc msr pae mce cx8 apic sep mtrr pge mca cmov pat pse36 clflush mmx fxsr sse sse2 ht syscall nx mmxext fxsr_opt lm 3dnowext 3dnow rep_good pni lahf_lm cmp_legacy
bogomips	: 3988.58
TLB size	: 1024 4K pages
clflush size	: 64
cache_alignment	: 64
address sizes	: 40 bits physical, 48 bits virtual
power management: ts fid vid ttp

processor	: 3
vendor_id	: AuthenticAMD
cpu family	: 15
model		: 33
model name	: Dual Core AMD Opteron(tm) Processor 270
stepping	: 2
cpu MHz		: 1994.715
cache size	: 1024 KB
physical id	: 1
siblings	: 2
core id		: 1
cpu cores	: 2
apicid		: 3
initial apicid	: 3
fpu		: yes
fpu_exception	: yes
cpuid level	: 1
wp		: yes
flags		: fpu vme de pse tsc msr pae mce cx8 apic sep mtrr pge mca cmov pat pse36 clflush mmx fxsr sse sse2 ht syscall nx mmxext fxsr_opt lm 3dnowext 3dnow rep_good pni lahf_lm cmp_legacy
bogomips	: 3988.58
TLB size	: 1024 4K pages
clflush size	: 64
cache_alignment	: 64
address sizes	: 40 bits physical, 48 bits virtual
power management: ts fid vid ttp



Memory: 4k page, physical 8193028k(5479188k free), swap 8387576k(8387576k free)

vm_info: Java HotSpot(TM) 64-Bit Server VM (24.51-b03) for linux-amd64 JRE (1.7.0_51-b13), built on Dec 18 2013 18:48:01 by "java_re" with gcc 4.3.0 20080428 (Red Hat 4.3.0-8)

time: Sat Jun 14 22:27:11 2014
elapsed time: 5 seconds

