#
# A fatal error has been detected by the Java Runtime Environment:
#
#  SIGSEGV (0xb) at pc=0x00007ff607d5ede7, pid=16471, tid=140694666782464
#
# JRE version: Java(TM) SE Runtime Environment (7.0_51-b13) (build 1.7.0_51-b13)
# Java VM: Java HotSpot(TM) 64-Bit Server VM (24.51-b03 mixed mode linux-amd64 compressed oops)
# Problematic frame:
# C  [libawt.so+0x30de7]  GetSDOps+0x47
#
# Failed to write core dump. Core dumps have been disabled. To enable core dumping, try "ulimit -c unlimited" before starting Java again
#
# If you would like to submit a bug report, please visit:
#   http://bugreport.sun.com/bugreport/crash.jsp
# The crash happened outside the Java Virtual Machine in native code.
# See problematic frame for where to report the bug.
#

---------------  T H R E A D  ---------------

Current thread (0x00007ff618187000):  JavaThread "AWT-EventQueue-0" [_thread_in_native, id=16502, stack(0x00007ff60792a000,0x00007ff607a2b000)]

siginfo:si_signo=SIGSEGV: si_errno=0, si_code=1 (SEGV_MAPERR), si_addr=0x00007f61ac07b380

Registers:
RAX=0x00007f61ac07b360, RBX=0x00007ff6181871e8, RCX=0x0000000000000003, RDX=0x00007ff61e558a50
RSP=0x00007ff607a25da0, RBP=0x00007ff607a25dc0, RSI=0x000000077e76f550, RDI=0x00007ff6181871e8
R8 =0x00007ff607a26208, R9 =0x00007ff607a26200, R10=0x00007ff60f18752d, R11=0x00007ff61dfc8d30
R12=0x00007ff607a26218, R13=0x00007f61ac07b360, R14=0x0000000000000001, R15=0x00007ff607a26210
RIP=0x00007ff607d5ede7, EFLAGS=0x0000000000010202, CSGSFS=0x0000000000000033, ERR=0x0000000000000004
  TRAPNO=0x000000000000000e

Top of Stack: (sp=0x00007ff607a25da0)
0x00007ff607a25da0:   00007ff607a26208 00007ff607a26200
0x00007ff607a25db0:   00007ff607a26218 00007ff6181871e8
0x00007ff607a25dc0:   00007ff607a260a0 00007ff607d619ab
0x00007ff607a25dd0:   000000000000002f 00007ff607a25d88
0x00007ff607a25de0:   00007ff607a25dc9 0000000800000002
0x00007ff607a25df0:   00007ff618187a00 00000007d6f948b8
0x00007ff607a25e00:   00007ff618187a38 00007ff618187a38
0x00007ff607a25e10:   00007ff618187a30 00007ff618187a30
0x00007ff607a25e20:   00000007fffffffe 00007ff607a26020
0x00007ff607a25e30:   0000000000000000 00007ff618187000
0x00007ff607a25e40:   407832aaaaaaaaac 40855d5555555556
0x00007ff607a25e50:   4070955555555555 4080055555555554
0x00007ff607a25e60:   000000077dc1d280 0000000000000000
0x00007ff607a25e70:   00007ff607a25f30 00007ff61defba39
0x00007ff607a25e80:   00007ff607fd8a70 00007ff618187a08
0x00007ff607a25e90:   00007ff607a2606f 00007ff618187a08
0x00007ff607a25ea0:   00007ff61e4fce30 0000005000000000
0x00007ff607a25eb0:   0000000000000026 0000000000000000
0x00007ff607a25ec0:   0000000000000000 00007ff5cc00a8e0
0x00007ff607a25ed0:   00007ff607a25ef0 00007ff61dfe5379
0x00007ff607a25ee0:   00007ff607a25f00 00007ff607a25f20
0x00007ff607a25ef0:   00007ff607a25f10 00007ff61dfe5c01
0x00007ff607a25f00:   00007ff607a25f20 00007ff607a25f80
0x00007ff607a25f10:   00007ff607a25f60 00007ff61dee75fe
0x00007ff607a25f20:   00007ff61e4db6d0 00007ff6181414c0
0x00007ff607a25f30:   0000000000000067 000000000000000e
0x00007ff607a25f40:   00007ff600000000 00007ff6181414c1
0x00007ff607a25f50:   00007ff618187000 00007ff618187a08
0x00007ff607a25f60:   00007ff607a26020 00007ff61dd0c963
0x00007ff607a25f70:   00007ff618187a08 00007ff607a26220
0x00007ff607a25f80:   00007ff61e5075f0 00007ff6181414c0
0x00007ff607a25f90:   0000000000000066 00007ff61defc74e 

Instructions: (pc=0x00007ff607d5ede7)
0x00007ff607d5edc7:   00 00 00 48 8b 07 48 8b 15 ec 00 28 00 ff 90 28
0x00007ff607d5edd7:   03 00 00 48 85 c0 49 89 c5 74 2e 45 84 f6 74 11
0x00007ff607d5ede7:   48 8b 40 20 48 85 c0 74 08 4c 89 ee 48 89 df ff
0x00007ff607d5edf7:   d0 4c 89 e8 48 8b 1c 24 4c 8b 64 24 08 4c 8b 6c 

Register to memory mapping:

RAX=0x00007f61ac07b360 is an unknown value
RBX=0x00007ff6181871e8 is an unknown value
RCX=0x0000000000000003 is an unknown value
RDX=0x00007ff61e558a50: <offset 0xe37a50> in /usr/java/jdk1.7.0_51/jre/lib/amd64/server/libjvm.so at 0x00007ff61d721000
RSP=0x00007ff607a25da0 is pointing into the stack for thread: 0x00007ff618187000
RBP=0x00007ff607a25dc0 is pointing into the stack for thread: 0x00007ff618187000
RSI=0x000000077e76f550 is an oop
{instance class} 
 - klass: {other class}
RDI=0x00007ff6181871e8 is an unknown value
R8 =0x00007ff607a26208 is pointing into the stack for thread: 0x00007ff618187000
R9 =0x00007ff607a26200 is pointing into the stack for thread: 0x00007ff618187000
R10=0x00007ff60f18752d is at code_begin+1197 in an Interpreter codelet
method entry point (kind = native)  [0x00007ff60f187080, 0x00007ff60f187e80]  3584 bytes
R11=0x00007ff61dfc8d30: <offset 0x8a7d30> in /usr/java/jdk1.7.0_51/jre/lib/amd64/server/libjvm.so at 0x00007ff61d721000
R12=0x00007ff607a26218 is pointing into the stack for thread: 0x00007ff618187000
R13=0x00007f61ac07b360 is an unknown value
R14=0x0000000000000001 is an unknown value
R15=0x00007ff607a26210 is pointing into the stack for thread: 0x00007ff618187000


Stack: [0x00007ff60792a000,0x00007ff607a2b000],  sp=0x00007ff607a25da0,  free space=1007k
Native frames: (J=compiled Java code, j=interpreted, Vv=VM code, C=native code)
C  [libawt.so+0x30de7]  GetSDOps+0x47
C  [libawt.so+0x339ab]  Java_sun_java2d_loops_ScaledBlit_Scale+0xbb
j  sun.java2d.loops.ScaledBlit.Scale(Lsun/java2d/SurfaceData;Lsun/java2d/SurfaceData;Ljava/awt/Composite;Lsun/java2d/pipe/Region;IIIIDDDD)V+0
j  sun.java2d.pipe.DrawImage.scaleSurfaceData(Lsun/java2d/SunGraphics2D;Lsun/java2d/pipe/Region;Lsun/java2d/SurfaceData;Lsun/java2d/SurfaceData;Lsun/java2d/loops/SurfaceType;Lsun/java2d/loops/SurfaceType;IIIIDDDD)Z+72
j  sun.java2d.pipe.DrawImage.renderImageScale(Lsun/java2d/SunGraphics2D;Ljava/awt/Image;Ljava/awt/Color;IIIIIDDDD)Z+97
j  sun.java2d.pipe.DrawImage.tryCopyOrScale(Lsun/java2d/SunGraphics2D;Ljava/awt/Image;IIIILjava/awt/Color;I[D)Z+176
j  sun.java2d.pipe.DrawImage.transformImage(Lsun/java2d/SunGraphics2D;Ljava/awt/Image;Ljava/awt/geom/AffineTransform;IIIIILjava/awt/Color;)V+97
j  sun.java2d.pipe.DrawImage.scaleImage(Lsun/java2d/SunGraphics2D;Ljava/awt/Image;IIIIIIIILjava/awt/Color;)Z+467
j  sun.java2d.pipe.DrawImage.copyImage(Lsun/java2d/SunGraphics2D;Ljava/awt/Image;IIIIIILjava/awt/Color;)Z+68
j  sun.java2d.pipe.DrawImage.copyImage(Lsun/java2d/SunGraphics2D;Ljava/awt/Image;IIIIIILjava/awt/Color;Ljava/awt/image/ImageObserver;)Z+23
j  sun.java2d.pipe.ValidatePipe.copyImage(Lsun/java2d/SunGraphics2D;Ljava/awt/Image;IIIIIILjava/awt/Color;Ljava/awt/image/ImageObserver;)Z+29
j  sun.java2d.SunGraphics2D.copyImage(Ljava/awt/Image;IIIIIILjava/awt/Color;Ljava/awt/image/ImageObserver;)Z+20
j  sun.java2d.SunGraphics2D.drawImage(Ljava/awt/Image;IIIIIIIILjava/awt/Color;Ljava/awt/image/ImageObserver;)Z+185
j  sun.java2d.SunGraphics2D.drawImage(Ljava/awt/Image;IIIIIIIILjava/awt/image/ImageObserver;)Z+19
j  client.gui.ImagePanel$DrawingImage.draw(Ljava/awt/Graphics2D;)V+52
j  client.gui.ImagePanel.paintComponent(Ljava/awt/Graphics;)V+93
j  javax.swing.JComponent.paint(Ljava/awt/Graphics;)V+286
j  javax.swing.JComponent.paintChildren(Ljava/awt/Graphics;)V+501
j  javax.swing.JSplitPane.paintChildren(Ljava/awt/Graphics;)V+2
j  javax.swing.JComponent.paint(Ljava/awt/Graphics;)V+318
j  javax.swing.JComponent.paintChildren(Ljava/awt/Graphics;)V+501
j  javax.swing.JComponent.paint(Ljava/awt/Graphics;)V+318
j  javax.swing.JComponent.paintChildren(Ljava/awt/Graphics;)V+501
j  javax.swing.JComponent.paint(Ljava/awt/Graphics;)V+318
j  javax.swing.JLayeredPane.paint(Ljava/awt/Graphics;)V+73
j  javax.swing.JComponent.paintChildren(Ljava/awt/Graphics;)V+501
j  javax.swing.JComponent.paintToOffscreen(Ljava/awt/Graphics;IIIIII)V+72
j  javax.swing.BufferStrategyPaintManager.paint(Ljavax/swing/JComponent;Ljavax/swing/JComponent;Ljava/awt/Graphics;IIII)Z+157
j  javax.swing.RepaintManager.paint(Ljavax/swing/JComponent;Ljavax/swing/JComponent;Ljava/awt/Graphics;IIII)V+52
j  javax.swing.JComponent.paint(Ljava/awt/Graphics;)V+221
j  java.awt.GraphicsCallback$PaintCallback.run(Ljava/awt/Component;Ljava/awt/Graphics;)V+2
j  sun.awt.SunGraphicsCallback.runOneComponent(Ljava/awt/Component;Ljava/awt/Rectangle;Ljava/awt/Graphics;Ljava/awt/Shape;I)V+155
j  sun.awt.SunGraphicsCallback.runComponents([Ljava/awt/Component;Ljava/awt/Graphics;I)V+194
j  java.awt.Container.paint(Ljava/awt/Graphics;)V+58
j  java.awt.Window.paint(Ljava/awt/Graphics;)V+68
j  javax.swing.RepaintManager$3.run()Ljava/lang/Void;+136
j  javax.swing.RepaintManager$3.run()Ljava/lang/Object;+1
v  ~StubRoutines::call_stub
V  [libjvm.so+0x5f8465]  JavaCalls::call_helper(JavaValue*, methodHandle*, JavaCallArguments*, Thread*)+0x365
V  [libjvm.so+0x5f6ec8]  JavaCalls::call(JavaValue*, methodHandle, JavaCallArguments*, Thread*)+0x28
V  [libjvm.so+0x67cc64]  JVM_DoPrivileged+0x2a4
j  java.security.AccessController.doPrivileged(Ljava/security/PrivilegedAction;Ljava/security/AccessControlContext;)Ljava/lang/Object;+0
j  java.security.ProtectionDomain$1.doIntersectionPrivilege(Ljava/security/PrivilegedAction;Ljava/security/AccessControlContext;Ljava/security/AccessControlContext;)Ljava/lang/Object;+28
j  javax.swing.RepaintManager.paintDirtyRegions(Ljava/util/Map;)V+154
j  javax.swing.RepaintManager.paintDirtyRegions()V+46
j  javax.swing.RepaintManager.prePaintDirtyRegions()V+73
j  javax.swing.RepaintManager.access$1100(Ljavax/swing/RepaintManager;)V+1
j  javax.swing.RepaintManager$ProcessingRunnable.run()V+37
j  java.awt.event.InvocationEvent.dispatch()V+47
j  java.awt.EventQueue.dispatchEventImpl(Ljava/awt/AWTEvent;Ljava/lang/Object;)V+21
j  java.awt.EventQueue.access$200(Ljava/awt/EventQueue;Ljava/awt/AWTEvent;Ljava/lang/Object;)V+3
j  java.awt.EventQueue$3.run()Ljava/lang/Void;+12
j  java.awt.EventQueue$3.run()Ljava/lang/Object;+1
v  ~StubRoutines::call_stub
V  [libjvm.so+0x5f8465]  JavaCalls::call_helper(JavaValue*, methodHandle*, JavaCallArguments*, Thread*)+0x365
V  [libjvm.so+0x5f6ec8]  JavaCalls::call(JavaValue*, methodHandle, JavaCallArguments*, Thread*)+0x28
V  [libjvm.so+0x67cc64]  JVM_DoPrivileged+0x2a4
j  java.security.AccessController.doPrivileged(Ljava/security/PrivilegedAction;Ljava/security/AccessControlContext;)Ljava/lang/Object;+0
j  java.security.ProtectionDomain$1.doIntersectionPrivilege(Ljava/security/PrivilegedAction;Ljava/security/AccessControlContext;Ljava/security/AccessControlContext;)Ljava/lang/Object;+28
j  java.awt.EventQueue.dispatchEvent(Ljava/awt/AWTEvent;)V+46
j  java.awt.EventDispatchThread.pumpOneEventForFilters(I)V+245
j  java.awt.EventDispatchThread.pumpEventsForFilter(ILjava/awt/Conditional;Ljava/awt/EventFilter;)V+35
j  java.awt.EventDispatchThread.pumpEventsForHierarchy(ILjava/awt/Conditional;Ljava/awt/Component;)V+11
j  java.awt.EventDispatchThread.pumpEvents(ILjava/awt/Conditional;)V+4
j  java.awt.EventDispatchThread.pumpEvents(Ljava/awt/Conditional;)V+3
j  java.awt.EventDispatchThread.run()V+9
v  ~StubRoutines::call_stub
V  [libjvm.so+0x5f8465]  JavaCalls::call_helper(JavaValue*, methodHandle*, JavaCallArguments*, Thread*)+0x365
V  [libjvm.so+0x5f6ec8]  JavaCalls::call(JavaValue*, methodHandle, JavaCallArguments*, Thread*)+0x28
V  [libjvm.so+0x5f7197]  JavaCalls::call_virtual(JavaValue*, KlassHandle, Symbol*, Symbol*, JavaCallArguments*, Thread*)+0x197
V  [libjvm.so+0x5f72b7]  JavaCalls::call_virtual(JavaValue*, Handle, KlassHandle, Symbol*, Symbol*, Thread*)+0x47
V  [libjvm.so+0x6731c5]  thread_entry(JavaThread*, Thread*)+0xe5
V  [libjvm.so+0x94d5ff]  JavaThread::thread_main_inner()+0xdf
V  [libjvm.so+0x94d705]  JavaThread::run()+0xf5
V  [libjvm.so+0x815538]  java_start(Thread*)+0x108

Java frames: (J=compiled Java code, j=interpreted, Vv=VM code)
j  sun.java2d.loops.ScaledBlit.Scale(Lsun/java2d/SurfaceData;Lsun/java2d/SurfaceData;Ljava/awt/Composite;Lsun/java2d/pipe/Region;IIIIDDDD)V+0
j  sun.java2d.pipe.DrawImage.scaleSurfaceData(Lsun/java2d/SunGraphics2D;Lsun/java2d/pipe/Region;Lsun/java2d/SurfaceData;Lsun/java2d/SurfaceData;Lsun/java2d/loops/SurfaceType;Lsun/java2d/loops/SurfaceType;IIIIDDDD)Z+72
j  sun.java2d.pipe.DrawImage.renderImageScale(Lsun/java2d/SunGraphics2D;Ljava/awt/Image;Ljava/awt/Color;IIIIIDDDD)Z+97
j  sun.java2d.pipe.DrawImage.tryCopyOrScale(Lsun/java2d/SunGraphics2D;Ljava/awt/Image;IIIILjava/awt/Color;I[D)Z+176
j  sun.java2d.pipe.DrawImage.transformImage(Lsun/java2d/SunGraphics2D;Ljava/awt/Image;Ljava/awt/geom/AffineTransform;IIIIILjava/awt/Color;)V+97
j  sun.java2d.pipe.DrawImage.scaleImage(Lsun/java2d/SunGraphics2D;Ljava/awt/Image;IIIIIIIILjava/awt/Color;)Z+467
j  sun.java2d.pipe.DrawImage.copyImage(Lsun/java2d/SunGraphics2D;Ljava/awt/Image;IIIIIILjava/awt/Color;)Z+68
j  sun.java2d.pipe.DrawImage.copyImage(Lsun/java2d/SunGraphics2D;Ljava/awt/Image;IIIIIILjava/awt/Color;Ljava/awt/image/ImageObserver;)Z+23
j  sun.java2d.pipe.ValidatePipe.copyImage(Lsun/java2d/SunGraphics2D;Ljava/awt/Image;IIIIIILjava/awt/Color;Ljava/awt/image/ImageObserver;)Z+29
j  sun.java2d.SunGraphics2D.copyImage(Ljava/awt/Image;IIIIIILjava/awt/Color;Ljava/awt/image/ImageObserver;)Z+20
j  sun.java2d.SunGraphics2D.drawImage(Ljava/awt/Image;IIIIIIIILjava/awt/Color;Ljava/awt/image/ImageObserver;)Z+185
j  sun.java2d.SunGraphics2D.drawImage(Ljava/awt/Image;IIIIIIIILjava/awt/image/ImageObserver;)Z+19
j  client.gui.ImagePanel$DrawingImage.draw(Ljava/awt/Graphics2D;)V+52
j  client.gui.ImagePanel.paintComponent(Ljava/awt/Graphics;)V+93
j  javax.swing.JComponent.paint(Ljava/awt/Graphics;)V+286
j  javax.swing.JComponent.paintChildren(Ljava/awt/Graphics;)V+501
j  javax.swing.JSplitPane.paintChildren(Ljava/awt/Graphics;)V+2
j  javax.swing.JComponent.paint(Ljava/awt/Graphics;)V+318
j  javax.swing.JComponent.paintChildren(Ljava/awt/Graphics;)V+501
j  javax.swing.JComponent.paint(Ljava/awt/Graphics;)V+318
j  javax.swing.JComponent.paintChildren(Ljava/awt/Graphics;)V+501
j  javax.swing.JComponent.paint(Ljava/awt/Graphics;)V+318
j  javax.swing.JLayeredPane.paint(Ljava/awt/Graphics;)V+73
j  javax.swing.JComponent.paintChildren(Ljava/awt/Graphics;)V+501
j  javax.swing.JComponent.paintToOffscreen(Ljava/awt/Graphics;IIIIII)V+72
j  javax.swing.BufferStrategyPaintManager.paint(Ljavax/swing/JComponent;Ljavax/swing/JComponent;Ljava/awt/Graphics;IIII)Z+157
j  javax.swing.RepaintManager.paint(Ljavax/swing/JComponent;Ljavax/swing/JComponent;Ljava/awt/Graphics;IIII)V+52
j  javax.swing.JComponent.paint(Ljava/awt/Graphics;)V+221
j  java.awt.GraphicsCallback$PaintCallback.run(Ljava/awt/Component;Ljava/awt/Graphics;)V+2
j  sun.awt.SunGraphicsCallback.runOneComponent(Ljava/awt/Component;Ljava/awt/Rectangle;Ljava/awt/Graphics;Ljava/awt/Shape;I)V+155
j  sun.awt.SunGraphicsCallback.runComponents([Ljava/awt/Component;Ljava/awt/Graphics;I)V+194
j  java.awt.Container.paint(Ljava/awt/Graphics;)V+58
j  java.awt.Window.paint(Ljava/awt/Graphics;)V+68
j  javax.swing.RepaintManager$3.run()Ljava/lang/Void;+136
j  javax.swing.RepaintManager$3.run()Ljava/lang/Object;+1
v  ~StubRoutines::call_stub
j  java.security.AccessController.doPrivileged(Ljava/security/PrivilegedAction;Ljava/security/AccessControlContext;)Ljava/lang/Object;+0
j  java.security.ProtectionDomain$1.doIntersectionPrivilege(Ljava/security/PrivilegedAction;Ljava/security/AccessControlContext;Ljava/security/AccessControlContext;)Ljava/lang/Object;+28
j  javax.swing.RepaintManager.paintDirtyRegions(Ljava/util/Map;)V+154
j  javax.swing.RepaintManager.paintDirtyRegions()V+46
j  javax.swing.RepaintManager.prePaintDirtyRegions()V+73
j  javax.swing.RepaintManager.access$1100(Ljavax/swing/RepaintManager;)V+1
j  javax.swing.RepaintManager$ProcessingRunnable.run()V+37
j  java.awt.event.InvocationEvent.dispatch()V+47
j  java.awt.EventQueue.dispatchEventImpl(Ljava/awt/AWTEvent;Ljava/lang/Object;)V+21
j  java.awt.EventQueue.access$200(Ljava/awt/EventQueue;Ljava/awt/AWTEvent;Ljava/lang/Object;)V+3
j  java.awt.EventQueue$3.run()Ljava/lang/Void;+12
j  java.awt.EventQueue$3.run()Ljava/lang/Object;+1
v  ~StubRoutines::call_stub
j  java.security.AccessController.doPrivileged(Ljava/security/PrivilegedAction;Ljava/security/AccessControlContext;)Ljava/lang/Object;+0
j  java.security.ProtectionDomain$1.doIntersectionPrivilege(Ljava/security/PrivilegedAction;Ljava/security/AccessControlContext;Ljava/security/AccessControlContext;)Ljava/lang/Object;+28
j  java.awt.EventQueue.dispatchEvent(Ljava/awt/AWTEvent;)V+46
j  java.awt.EventDispatchThread.pumpOneEventForFilters(I)V+245
j  java.awt.EventDispatchThread.pumpEventsForFilter(ILjava/awt/Conditional;Ljava/awt/EventFilter;)V+35
j  java.awt.EventDispatchThread.pumpEventsForHierarchy(ILjava/awt/Conditional;Ljava/awt/Component;)V+11
j  java.awt.EventDispatchThread.pumpEvents(ILjava/awt/Conditional;)V+4
j  java.awt.EventDispatchThread.pumpEvents(Ljava/awt/Conditional;)V+3
j  java.awt.EventDispatchThread.run()V+9
v  ~StubRoutines::call_stub

---------------  P R O C E S S  ---------------

Java Threads: ( => current thread )
  0x00007ff5b8172000 JavaThread "TimerQueue" daemon [_thread_blocked, id=16505, stack(0x00007ff606ee9000,0x00007ff606fea000)]
  0x00007ff61800b800 JavaThread "DestroyJavaVM" [_thread_blocked, id=16472, stack(0x00007ff61d620000,0x00007ff61d721000)]
=>0x00007ff618187000 JavaThread "AWT-EventQueue-0" [_thread_in_native, id=16502, stack(0x00007ff60792a000,0x00007ff607a2b000)]
  0x00007ff618185800 JavaThread "AWT-Shutdown" [_thread_blocked, id=16501, stack(0x00007ff607a2b000,0x00007ff607b2c000)]
  0x00007ff618184000 JavaThread "AWT-XAWT" daemon [_thread_in_native, id=16500, stack(0x00007ff607b2c000,0x00007ff607c2d000)]
  0x00007ff61814b000 JavaThread "Java2D Disposer" daemon [_thread_blocked, id=16499, stack(0x00007ff607c2d000,0x00007ff607d2e000)]
  0x00007ff6180a7800 JavaThread "Service Thread" daemon [_thread_blocked, id=16495, stack(0x00007ff60c395000,0x00007ff60c496000)]
  0x00007ff6180a5000 JavaThread "C2 CompilerThread1" daemon [_thread_blocked, id=16494, stack(0x00007ff60c496000,0x00007ff60c597000)]
  0x00007ff6180a2000 JavaThread "C2 CompilerThread0" daemon [_thread_blocked, id=16493, stack(0x00007ff60c597000,0x00007ff60c698000)]
  0x00007ff5e0001000 JavaThread "JDWP Command Reader" daemon [_thread_in_native, id=16491, stack(0x00007ff60c698000,0x00007ff60c799000)]
  0x00007ff6180a0000 JavaThread "JDWP Event Helper Thread" daemon [_thread_blocked, id=16490, stack(0x00007ff60c799000,0x00007ff60c89a000)]
  0x00007ff61809c800 JavaThread "JDWP Transport Listener: dt_socket" daemon [_thread_blocked, id=16487, stack(0x00007ff60c89a000,0x00007ff60c99b000)]
  0x00007ff618087000 JavaThread "Signal Dispatcher" daemon [_thread_blocked, id=16485, stack(0x00007ff60cb9f000,0x00007ff60cca0000)]
  0x00007ff618071000 JavaThread "Finalizer" daemon [_thread_blocked, id=16484, stack(0x00007ff60cca0000,0x00007ff60cda1000)]
  0x00007ff61806d000 JavaThread "Reference Handler" daemon [_thread_blocked, id=16483, stack(0x00007ff60cda1000,0x00007ff60cea2000)]

Other Threads:
  0x00007ff61806b000 VMThread [stack: 0x00007ff60cea2000,0x00007ff60cfa3000] [id=16482]
  0x00007ff6180b2000 WatcherThread [stack: 0x00007ff60c294000,0x00007ff60c395000] [id=16496]

VM state:not at safepoint (normal execution)

VM Mutex/Monitor currently owned by a thread: None

Heap
 PSYoungGen      total 37888K, used 20673K [0x00000007d6480000, 0x00000007d8e80000, 0x0000000800000000)
  eden space 32768K, 47% used [0x00000007d6480000,0x00000007d73b2f48,0x00000007d8480000)
  from space 5120K, 99% used [0x00000007d8480000,0x00000007d897d860,0x00000007d8980000)
  to   space 5120K, 0% used [0x00000007d8980000,0x00000007d8980000,0x00000007d8e80000)
 ParOldGen       total 84992K, used 10458K [0x0000000782e00000, 0x0000000788100000, 0x00000007d6480000)
  object space 84992K, 12% used [0x0000000782e00000,0x0000000783836880,0x0000000788100000)
 PSPermGen       total 21504K, used 17054K [0x000000077dc00000, 0x000000077f100000, 0x0000000782e00000)
  object space 21504K, 79% used [0x000000077dc00000,0x000000077eca7ba0,0x000000077f100000)

Card table byte_map: [0x00007ff60ed5c000,0x00007ff60f16f000] byte_map_base: 0x00007ff60b16e000

Polling page: 0x00007ff61e7b6000

Code Cache  [0x00007ff60f16f000, 0x00007ff60f3df000, 0x00007ff61216f000)
 total_blobs=598 nmethods=106 adapters=454 free_code_cache=48295Kb largest_free_block=49421248

Compilation events (10 events):
Event: 6.997 Thread 0x00007ff6180a5000 nmethod 102 0x00007ff60f23bc10 code [0x00007ff60f23bdc0, 0x00007ff60f23c2a8]
Event: 6.997 Thread 0x00007ff6180a5000  103             java.util.HashMap::containsKey (14 bytes)
Event: 7.003 Thread 0x00007ff6180a5000 nmethod 103 0x00007ff60f227fd0 code [0x00007ff60f228140, 0x00007ff60f2283a8]
Event: 7.011 Thread 0x00007ff6180a2000 nmethod 100 0x00007ff60f248150 code [0x00007ff60f248520, 0x00007ff60f24b0e0]
Event: 7.092 Thread 0x00007ff6180a5000  104             java.util.concurrent.locks.ReentrantLock::lock (8 bytes)
Event: 7.092 Thread 0x00007ff6180a2000  105             java.util.concurrent.locks.ReentrantLock$NonfairSync::lock (25 bytes)
Event: 7.096 Thread 0x00007ff6180a2000 nmethod 105 0x00007ff60f23b750 code [0x00007ff60f23b8c0, 0x00007ff60f23ba48]
Event: 7.096 Thread 0x00007ff6180a5000 nmethod 104 0x00007ff60f23b1d0 code [0x00007ff60f23b340, 0x00007ff60f23b528]
Event: 162.873 Thread 0x00007ff6180a2000  106             com.sun.org.apache.xerces.internal.impl.XMLDocumentFragmentScannerImpl::scanDocument (272 bytes)
Event: 162.885 Thread 0x00007ff6180a2000 nmethod 106 0x00007ff60f245790 code [0x00007ff60f245980, 0x00007ff60f245f00]

GC Heap History (2 events):
Event: 6.852 GC heap before
{Heap before GC invocations=1 (full 0):
 PSYoungGen      total 37888K, used 32674K [0x00000007d6480000, 0x00000007d8e80000, 0x0000000800000000)
  eden space 32768K, 99% used [0x00000007d6480000,0x00000007d84689c0,0x00000007d8480000)
  from space 5120K, 0% used [0x00000007d8980000,0x00000007d8980000,0x00000007d8e80000)
  to   space 5120K, 0% used [0x00000007d8480000,0x00000007d8480000,0x00000007d8980000)
 ParOldGen       total 84992K, used 0K [0x0000000782e00000, 0x0000000788100000, 0x00000007d6480000)
  object space 84992K, 0% used [0x0000000782e00000,0x0000000782e00000,0x0000000788100000)
 PSPermGen       total 21504K, used 16616K [0x000000077dc00000, 0x000000077f100000, 0x0000000782e00000)
  object space 21504K, 77% used [0x000000077dc00000,0x000000077ec3a238,0x000000077f100000)
Event: 6.885 GC heap after
Heap after GC invocations=1 (full 0):
 PSYoungGen      total 37888K, used 5110K [0x00000007d6480000, 0x00000007d8e80000, 0x0000000800000000)
  eden space 32768K, 0% used [0x00000007d6480000,0x00000007d6480000,0x00000007d8480000)
  from space 5120K, 99% used [0x00000007d8480000,0x00000007d897d860,0x00000007d8980000)
  to   space 5120K, 0% used [0x00000007d8980000,0x00000007d8980000,0x00000007d8e80000)
 ParOldGen       total 84992K, used 10458K [0x0000000782e00000, 0x0000000788100000, 0x00000007d6480000)
  object space 84992K, 12% used [0x0000000782e00000,0x0000000783836880,0x0000000788100000)
 PSPermGen       total 21504K, used 16616K [0x000000077dc00000, 0x000000077f100000, 0x0000000782e00000)
  object space 21504K, 77% used [0x000000077dc00000,0x000000077ec3a238,0x000000077f100000)
}

Deoptimization events (5 events):
Event: 0.914 Thread 0x00007ff618187000 Uncommon trap: reason=class_check action=maybe_recompile pc=0x00007ff60f1e580c method=java.lang.String.equals(Ljava/lang/Object;)Z @ 8
Event: 0.914 Thread 0x00007ff618187000 Uncommon trap: reason=class_check action=maybe_recompile pc=0x00007ff60f1e580c method=java.lang.String.equals(Ljava/lang/Object;)Z @ 8
Event: 0.917 Thread 0x00007ff618187000 Uncommon trap: reason=class_check action=maybe_recompile pc=0x00007ff60f1e580c method=java.lang.String.equals(Ljava/lang/Object;)Z @ 8
Event: 0.917 Thread 0x00007ff618187000 Uncommon trap: reason=class_check action=maybe_recompile pc=0x00007ff60f1e580c method=java.lang.String.equals(Ljava/lang/Object;)Z @ 8
Event: 6.703 Thread 0x00007ff618187000 Uncommon trap: reason=null_check action=make_not_entrant pc=0x00007ff60f224640 method=com.thoughtworks.xstream.core.util.WeakCache.get(Ljava/lang/Object;)Ljava/lang/Object; @ 10

Internal exceptions (10 events):
Event: 6.512 Thread 0x00007ff618187000 Threw 0x00000007d7486958 at /HUDSON/workspace/7u-2-build-linux-amd64@2/jdk7u51/527/hotspot/src/share/vm/prims/jvm.cpp:1244
Event: 6.513 Thread 0x00007ff618187000 Threw 0x00000007d7488ca0 at /HUDSON/workspace/7u-2-build-linux-amd64@2/jdk7u51/527/hotspot/src/share/vm/prims/jvm.cpp:1244
Event: 6.514 Thread 0x00007ff618187000 Threw 0x00000007d748ace8 at /HUDSON/workspace/7u-2-build-linux-amd64@2/jdk7u51/527/hotspot/src/share/vm/prims/jvm.cpp:1244
Event: 6.514 Thread 0x00007ff618187000 Threw 0x00000007d748d588 at /HUDSON/workspace/7u-2-build-linux-amd64@2/jdk7u51/527/hotspot/src/share/vm/prims/jvm.cpp:1244
Event: 6.515 Thread 0x00007ff618187000 Threw 0x00000007d748f628 at /HUDSON/workspace/7u-2-build-linux-amd64@2/jdk7u51/527/hotspot/src/share/vm/prims/jvm.cpp:1244
Event: 6.520 Thread 0x00007ff618187000 Threw 0x00000007d74961a0 at /HUDSON/workspace/7u-2-build-linux-amd64@2/jdk7u51/527/hotspot/src/share/vm/prims/jvm.cpp:1244
Event: 6.703 Thread 0x00007ff618187000 Implicit null exception at 0x00007ff60f223e34 to 0x00007ff60f22462d
Event: 6.947 Thread 0x00007ff618187000 Threw 0x00000007d6cc3210 at /HUDSON/workspace/7u-2-build-linux-amd64@2/jdk7u51/527/hotspot/src/share/vm/prims/jvm.cpp:1244
Event: 6.958 Thread 0x00007ff618187000 Threw 0x00000007d6cd51d0 at /HUDSON/workspace/7u-2-build-linux-amd64@2/jdk7u51/527/hotspot/src/share/vm/prims/jvm.cpp:1244
Event: 154.932 Thread 0x00007ff618187000 Threw 0x00000007d6e917c0 at /HUDSON/workspace/7u-2-build-linux-amd64@2/jdk7u51/527/hotspot/src/share/vm/prims/jvm.cpp:1244

Events (10 events):
Event: 231.343 Executing VM operation: ChangeSingleStep
Event: 231.343 Executing VM operation: ChangeSingleStep done
Event: 231.369 loading class 0x00007ff5cc03cf60
Event: 231.369 loading class 0x00007ff5cc03cf60 done
Event: 231.370 loading class 0x00007ff5cc03fc60
Event: 231.370 loading class 0x00007ff5cc03fc60 done
Event: 231.378 loading class 0x00007ff5cc0e6b90
Event: 231.378 loading class 0x00007ff5cc0e6b90 done
Event: 231.379 loading class 0x00007ff5d0044550
Event: 231.379 loading class 0x00007ff5d0044550 done


Dynamic libraries:
00400000-00401000 r-xp 00000000 09:02 1851940                            /usr/java/jdk1.7.0_51/bin/java
00600000-00601000 rw-p 00000000 09:02 1851940                            /usr/java/jdk1.7.0_51/bin/java
00944000-00965000 rw-p 00000000 00:00 0                                  [heap]
77dc00000-77f100000 rw-p 00000000 00:00 0 
77f100000-782e00000 rw-p 00000000 00:00 0 
782e00000-788100000 rw-p 00000000 00:00 0 
788100000-7d6480000 rw-p 00000000 00:00 0 
7d6480000-7d8e80000 rw-p 00000000 00:00 0 
7d8e80000-800000000 rw-p 00000000 00:00 0 
3fb9200000-3fb9220000 r-xp 00000000 09:02 399595                         /lib64/ld-2.12.so
3fb941f000-3fb9420000 r--p 0001f000 09:02 399595                         /lib64/ld-2.12.so
3fb9420000-3fb9421000 rw-p 00020000 09:02 399595                         /lib64/ld-2.12.so
3fb9421000-3fb9422000 rw-p 00000000 00:00 0 
3fb9600000-3fb9683000 r-xp 00000000 09:02 399600                         /lib64/libm-2.12.so
3fb9683000-3fb9882000 ---p 00083000 09:02 399600                         /lib64/libm-2.12.so
3fb9882000-3fb9883000 r--p 00082000 09:02 399600                         /lib64/libm-2.12.so
3fb9883000-3fb9884000 rw-p 00083000 09:02 399600                         /lib64/libm-2.12.so
3fb9a00000-3fb9b8b000 r-xp 00000000 09:02 399596                         /lib64/libc-2.12.so
3fb9b8b000-3fb9d8a000 ---p 0018b000 09:02 399596                         /lib64/libc-2.12.so
3fb9d8a000-3fb9d8e000 r--p 0018a000 09:02 399596                         /lib64/libc-2.12.so
3fb9d8e000-3fb9d8f000 rw-p 0018e000 09:02 399596                         /lib64/libc-2.12.so
3fb9d8f000-3fb9d94000 rw-p 00000000 00:00 0 
3fb9e00000-3fb9e17000 r-xp 00000000 09:02 399598                         /lib64/libpthread-2.12.so
3fb9e17000-3fba017000 ---p 00017000 09:02 399598                         /lib64/libpthread-2.12.so
3fba017000-3fba018000 r--p 00017000 09:02 399598                         /lib64/libpthread-2.12.so
3fba018000-3fba019000 rw-p 00018000 09:02 399598                         /lib64/libpthread-2.12.so
3fba019000-3fba01d000 rw-p 00000000 00:00 0 
3fba200000-3fba202000 r-xp 00000000 09:02 399599                         /lib64/libdl-2.12.so
3fba202000-3fba402000 ---p 00002000 09:02 399599                         /lib64/libdl-2.12.so
3fba402000-3fba403000 r--p 00002000 09:02 399599                         /lib64/libdl-2.12.so
3fba403000-3fba404000 rw-p 00003000 09:02 399599                         /lib64/libdl-2.12.so
3fbaa00000-3fbaa07000 r-xp 00000000 09:02 399602                         /lib64/librt-2.12.so
3fbaa07000-3fbac06000 ---p 00007000 09:02 399602                         /lib64/librt-2.12.so
3fbac06000-3fbac07000 r--p 00006000 09:02 399602                         /lib64/librt-2.12.so
3fbac07000-3fbac08000 rw-p 00007000 09:02 399602                         /lib64/librt-2.12.so
3fbc600000-3fbc61d000 r-xp 00000000 09:02 1736896                        /usr/lib64/libxcb.so.1.1.0
3fbc61d000-3fbc81d000 ---p 0001d000 09:02 1736896                        /usr/lib64/libxcb.so.1.1.0
3fbc81d000-3fbc81e000 rw-p 0001d000 09:02 1736896                        /usr/lib64/libxcb.so.1.1.0
3fbca00000-3fbcb37000 r-xp 00000000 09:02 1736897                        /usr/lib64/libX11.so.6.3.0
3fbcb37000-3fbcd37000 ---p 00137000 09:02 1736897                        /usr/lib64/libX11.so.6.3.0
3fbcd37000-3fbcd3d000 rw-p 00137000 09:02 1736897                        /usr/lib64/libX11.so.6.3.0
3fbce00000-3fbce02000 r-xp 00000000 09:02 1736895                        /usr/lib64/libXau.so.6.0.0
3fbce02000-3fbd002000 ---p 00002000 09:02 1736895                        /usr/lib64/libXau.so.6.0.0
3fbd002000-3fbd003000 rw-p 00002000 09:02 1736895                        /usr/lib64/libXau.so.6.0.0
3fbde00000-3fbde12000 r-xp 00000000 09:02 1736903                        /usr/lib64/libXext.so.6.4.0
3fbde12000-3fbe012000 ---p 00012000 09:02 1736903                        /usr/lib64/libXext.so.6.4.0
3fbe012000-3fbe013000 rw-p 00012000 09:02 1736903                        /usr/lib64/libXext.so.6.4.0
3fbea00000-3fbea09000 r-xp 00000000 09:02 1736898                        /usr/lib64/libXrender.so.1.3.0
3fbea09000-3fbec09000 ---p 00009000 09:02 1736898                        /usr/lib64/libXrender.so.1.3.0
3fbec09000-3fbec0a000 rw-p 00009000 09:02 1736898                        /usr/lib64/libXrender.so.1.3.0
3fbee00000-3fbee0e000 r-xp 00000000 09:02 1736905                        /usr/lib64/libXi.so.6.1.0
3fbee0e000-3fbf00e000 ---p 0000e000 09:02 1736905                        /usr/lib64/libXi.so.6.1.0
3fbf00e000-3fbf00f000 rw-p 0000e000 09:02 1736905                        /usr/lib64/libXi.so.6.1.0
3fc0a00000-3fc0a05000 r-xp 00000000 09:02 1736907                        /usr/lib64/libXfixes.so.3.1.0
3fc0a05000-3fc0c05000 ---p 00005000 09:02 1736907                        /usr/lib64/libXfixes.so.3.1.0
3fc0c05000-3fc0c06000 rw-p 00005000 09:02 1736907                        /usr/lib64/libXfixes.so.3.1.0
3fc2600000-3fc2609000 r-xp 00000000 09:02 1736908                        /usr/lib64/libXcursor.so.1.0.2
3fc2609000-3fc2809000 ---p 00009000 09:02 1736908                        /usr/lib64/libXcursor.so.1.0.2
3fc2809000-3fc280a000 rw-p 00009000 09:02 1736908                        /usr/lib64/libXcursor.so.1.0.2
3fc5e00000-3fc5e16000 r-xp 00000000 09:02 399616                         /lib64/libgcc_s-4.4.7-20120601.so.1
3fc5e16000-3fc6015000 ---p 00016000 09:02 399616                         /lib64/libgcc_s-4.4.7-20120601.so.1
3fc6015000-3fc6016000 rw-p 00015000 09:02 399616                         /lib64/libgcc_s-4.4.7-20120601.so.1
3fc8600000-3fc8605000 r-xp 00000000 09:02 1718247                        /usr/lib64/libXtst.so.6.1.0
3fc8605000-3fc8805000 ---p 00005000 09:02 1718247                        /usr/lib64/libXtst.so.6.1.0
3fc8805000-3fc8806000 rw-p 00005000 09:02 1718247                        /usr/lib64/libXtst.so.6.1.0
7ff5ac000000-7ff5ac021000 rw-p 00000000 00:00 0 
7ff5ac021000-7ff5b0000000 ---p 00000000 00:00 0 
7ff5b0000000-7ff5b0021000 rw-p 00000000 00:00 0 
7ff5b0021000-7ff5b4000000 ---p 00000000 00:00 0 
7ff5b4000000-7ff5b4021000 rw-p 00000000 00:00 0 
7ff5b4021000-7ff5b8000000 ---p 00000000 00:00 0 
7ff5b8000000-7ff5b8425000 rw-p 00000000 00:00 0 
7ff5b8425000-7ff5bc000000 ---p 00000000 00:00 0 
7ff5bc000000-7ff5bc021000 rw-p 00000000 00:00 0 
7ff5bc021000-7ff5c0000000 ---p 00000000 00:00 0 
7ff5c0000000-7ff5c0021000 rw-p 00000000 00:00 0 
7ff5c0021000-7ff5c4000000 ---p 00000000 00:00 0 
7ff5c4000000-7ff5c4021000 rw-p 00000000 00:00 0 
7ff5c4021000-7ff5c8000000 ---p 00000000 00:00 0 
7ff5c8000000-7ff5c8021000 rw-p 00000000 00:00 0 
7ff5c8021000-7ff5cc000000 ---p 00000000 00:00 0 
7ff5cc000000-7ff5cc8de000 rw-p 00000000 00:00 0 
7ff5cc8de000-7ff5d0000000 ---p 00000000 00:00 0 
7ff5d0000000-7ff5d0564000 rw-p 00000000 00:00 0 
7ff5d0564000-7ff5d4000000 ---p 00000000 00:00 0 
7ff5d4000000-7ff5d4021000 rw-p 00000000 00:00 0 
7ff5d4021000-7ff5d8000000 ---p 00000000 00:00 0 
7ff5d8000000-7ff5d8021000 rw-p 00000000 00:00 0 
7ff5d8021000-7ff5dc000000 ---p 00000000 00:00 0 
7ff5dc000000-7ff5dc021000 rw-p 00000000 00:00 0 
7ff5dc021000-7ff5e0000000 ---p 00000000 00:00 0 
7ff5e0000000-7ff5e0023000 rw-p 00000000 00:00 0 
7ff5e0023000-7ff5e4000000 ---p 00000000 00:00 0 
7ff5e4000000-7ff5e4021000 rw-p 00000000 00:00 0 
7ff5e4021000-7ff5e8000000 ---p 00000000 00:00 0 
7ff5e8000000-7ff5e8021000 rw-p 00000000 00:00 0 
7ff5e8021000-7ff5ec000000 ---p 00000000 00:00 0 
7ff5ec000000-7ff5ec021000 rw-p 00000000 00:00 0 
7ff5ec021000-7ff5f0000000 ---p 00000000 00:00 0 
7ff5f3ee0000-7ff5f8000000 rw-p 00000000 00:00 0 
7ff5f8000000-7ff5f8021000 rw-p 00000000 00:00 0 
7ff5f8021000-7ff5fc000000 ---p 00000000 00:00 0 
7ff5fc000000-7ff5fc021000 rw-p 00000000 00:00 0 
7ff5fc021000-7ff600000000 ---p 00000000 00:00 0 
7ff600000000-7ff600021000 rw-p 00000000 00:00 0 
7ff600021000-7ff604000000 ---p 00000000 00:00 0 
7ff606c7d000-7ff606de8000 rw-p 00000000 00:00 0 
7ff606de8000-7ff606deb000 ---p 00000000 00:00 0 
7ff606deb000-7ff606ee9000 rw-p 00000000 00:00 0 
7ff606ee9000-7ff606eec000 ---p 00000000 00:00 0 
7ff606eec000-7ff606fea000 rw-p 00000000 00:00 0 
7ff606fea000-7ff60700a000 rw-s 00000000 00:04 12419098                   /SYSV00000000 (deleted)
7ff60700a000-7ff607072000 r-xp 00000000 09:02 1852112                    /usr/java/jdk1.7.0_51/jre/lib/amd64/libt2k.so
7ff607072000-7ff607272000 ---p 00068000 09:02 1852112                    /usr/java/jdk1.7.0_51/jre/lib/amd64/libt2k.so
7ff607272000-7ff607279000 rw-p 00068000 09:02 1852112                    /usr/java/jdk1.7.0_51/jre/lib/amd64/libt2k.so
7ff607279000-7ff607289000 rw-p 00000000 00:00 0 
7ff607289000-7ff607299000 r-xp 00000000 09:02 1852104                    /usr/java/jdk1.7.0_51/jre/lib/amd64/libnio.so
7ff607299000-7ff607499000 ---p 00010000 09:02 1852104                    /usr/java/jdk1.7.0_51/jre/lib/amd64/libnio.so
7ff607499000-7ff60749a000 rw-p 00010000 09:02 1852104                    /usr/java/jdk1.7.0_51/jre/lib/amd64/libnio.so
7ff60749a000-7ff6074b0000 r-xp 00000000 09:02 1852103                    /usr/java/jdk1.7.0_51/jre/lib/amd64/libnet.so
7ff6074b0000-7ff6076b0000 ---p 00016000 09:02 1852103                    /usr/java/jdk1.7.0_51/jre/lib/amd64/libnet.so
7ff6076b0000-7ff6076b1000 rw-p 00016000 09:02 1852103                    /usr/java/jdk1.7.0_51/jre/lib/amd64/libnet.so
7ff6076b1000-7ff607716000 r-xp 00000000 09:02 1852075                    /usr/java/jdk1.7.0_51/jre/lib/amd64/libfontmanager.so
7ff607716000-7ff607915000 ---p 00065000 09:02 1852075                    /usr/java/jdk1.7.0_51/jre/lib/amd64/libfontmanager.so
7ff607915000-7ff607919000 rw-p 00064000 09:02 1852075                    /usr/java/jdk1.7.0_51/jre/lib/amd64/libfontmanager.so
7ff607919000-7ff60792a000 rw-p 00000000 00:00 0 
7ff60792a000-7ff60792d000 ---p 00000000 00:00 0 
7ff60792d000-7ff607a2b000 rw-p 00000000 00:00 0 
7ff607a2b000-7ff607a2e000 ---p 00000000 00:00 0 
7ff607a2e000-7ff607b2c000 rw-p 00000000 00:00 0 
7ff607b2c000-7ff607b2f000 ---p 00000000 00:00 0 
7ff607b2f000-7ff607c2d000 rw-p 00000000 00:00 0 
7ff607c2d000-7ff607c30000 ---p 00000000 00:00 0 
7ff607c30000-7ff607d2e000 rw-p 00000000 00:00 0 
7ff607d2e000-7ff607dd0000 r-xp 00000000 09:02 1852071                    /usr/java/jdk1.7.0_51/jre/lib/amd64/libawt.so
7ff607dd0000-7ff607fd0000 ---p 000a2000 09:02 1852071                    /usr/java/jdk1.7.0_51/jre/lib/amd64/libawt.so
7ff607fd0000-7ff607fdc000 rw-p 000a2000 09:02 1852071                    /usr/java/jdk1.7.0_51/jre/lib/amd64/libawt.so
7ff607fdc000-7ff608000000 rw-p 00000000 00:00 0 
7ff608000000-7ff608021000 rw-p 00000000 00:00 0 
7ff608021000-7ff60c000000 ---p 00000000 00:00 0 
7ff60c00e000-7ff60c03f000 rw-p 00000000 00:00 0 
7ff60c03f000-7ff60c08f000 r-xp 00000000 09:02 1852121                    /usr/java/jdk1.7.0_51/jre/lib/amd64/xawt/libmawt.so
7ff60c08f000-7ff60c28f000 ---p 00050000 09:02 1852121                    /usr/java/jdk1.7.0_51/jre/lib/amd64/xawt/libmawt.so
7ff60c28f000-7ff60c293000 rw-p 00050000 09:02 1852121                    /usr/java/jdk1.7.0_51/jre/lib/amd64/xawt/libmawt.so
7ff60c293000-7ff60c294000 rw-p 00000000 00:00 0 
7ff60c294000-7ff60c295000 ---p 00000000 00:00 0 
7ff60c295000-7ff60c395000 rw-p 00000000 00:00 0 
7ff60c395000-7ff60c398000 ---p 00000000 00:00 0 
7ff60c398000-7ff60c496000 rw-p 00000000 00:00 0 
7ff60c496000-7ff60c499000 ---p 00000000 00:00 0 
7ff60c499000-7ff60c597000 rw-p 00000000 00:00 0 
7ff60c597000-7ff60c59a000 ---p 00000000 00:00 0 
7ff60c59a000-7ff60c698000 rw-p 00000000 00:00 0 
7ff60c698000-7ff60c69b000 ---p 00000000 00:00 0 
7ff60c69b000-7ff60c799000 rw-p 00000000 00:00 0 
7ff60c799000-7ff60c79c000 ---p 00000000 00:00 0 
7ff60c79c000-7ff60c89a000 rw-p 00000000 00:00 0 
7ff60c89a000-7ff60c89d000 ---p 00000000 00:00 0 
7ff60c89d000-7ff60c99b000 rw-p 00000000 00:00 0 
7ff60c99b000-7ff60c99f000 r-xp 00000000 09:02 1852074                    /usr/java/jdk1.7.0_51/jre/lib/amd64/libdt_socket.so
7ff60c99f000-7ff60cb9e000 ---p 00004000 09:02 1852074                    /usr/java/jdk1.7.0_51/jre/lib/amd64/libdt_socket.so
7ff60cb9e000-7ff60cb9f000 rw-p 00003000 09:02 1852074                    /usr/java/jdk1.7.0_51/jre/lib/amd64/libdt_socket.so
7ff60cb9f000-7ff60cba2000 ---p 00000000 00:00 0 
7ff60cba2000-7ff60cca0000 rw-p 00000000 00:00 0 
7ff60cca0000-7ff60cca3000 ---p 00000000 00:00 0 
7ff60cca3000-7ff60cda1000 rw-p 00000000 00:00 0 
7ff60cda1000-7ff60cda4000 ---p 00000000 00:00 0 
7ff60cda4000-7ff60cea2000 rw-p 00000000 00:00 0 
7ff60cea2000-7ff60cea3000 ---p 00000000 00:00 0 
7ff60cea3000-7ff60dfa2000 rw-p 00000000 00:00 0 
7ff60dfa2000-7ff60e15f000 r--s 039bf000 09:02 1852817                    /usr/java/jdk1.7.0_51/jre/lib/rt.jar
7ff60e15f000-7ff60e693000 rw-p 00000000 00:00 0 
7ff60e693000-7ff60e694000 ---p 00000000 00:00 0 
7ff60e694000-7ff60e794000 rw-p 00000000 00:00 0 
7ff60e794000-7ff60e795000 ---p 00000000 00:00 0 
7ff60e795000-7ff60e895000 rw-p 00000000 00:00 0 
7ff60e895000-7ff60e896000 ---p 00000000 00:00 0 
7ff60e896000-7ff60e996000 rw-p 00000000 00:00 0 
7ff60e996000-7ff60e997000 ---p 00000000 00:00 0 
7ff60e997000-7ff60eaa2000 rw-p 00000000 00:00 0 
7ff60eaa2000-7ff60eac0000 rw-p 00000000 00:00 0 
7ff60eac0000-7ff60eaea000 rw-p 00000000 00:00 0 
7ff60eaea000-7ff60ed5c000 rw-p 00000000 00:00 0 
7ff60ed5c000-7ff60ed67000 rw-p 00000000 00:00 0 
7ff60ed67000-7ff60ed85000 rw-p 00000000 00:00 0 
7ff60ed85000-7ff60edaf000 rw-p 00000000 00:00 0 
7ff60edaf000-7ff60f020000 rw-p 00000000 00:00 0 
7ff60f020000-7ff60f036000 rw-p 00000000 00:00 0 
7ff60f036000-7ff60f16e000 rw-p 00000000 00:00 0 
7ff60f16e000-7ff60f16f000 rw-p 00000000 00:00 0 
7ff60f16f000-7ff60f3df000 rwxp 00000000 00:00 0 
7ff60f3df000-7ff61216f000 rw-p 00000000 00:00 0 
7ff61216f000-7ff618000000 r--p 00000000 09:02 1705722                    /usr/lib/locale/locale-archive
7ff618000000-7ff6181a1000 rw-p 00000000 00:00 0 
7ff6181a1000-7ff61c000000 ---p 00000000 00:00 0 
7ff61c003000-7ff61c00e000 r--s 000af000 09:02 1852359                    /usr/java/jdk1.7.0_51/jre/lib/resources.jar
7ff61c00e000-7ff61c01a000 r--s 0006a000 00:13 193274032643               /auto/users/lindell/classes/git/record_indexer/lib/xstream-1.4.2.jar
7ff61c01a000-7ff61c01f000 r--s 00309000 00:13 193274032642               /auto/users/lindell/classes/git/record_indexer/lib/sqlite-jdbc-3.7.2.jar
7ff61c01f000-7ff61c025000 r--s 00034000 00:13 193274032641               /auto/users/lindell/classes/git/record_indexer/lib/junit-4.8.2.jar
7ff61c025000-7ff61c02f000 rw-p 00000000 00:00 0 
7ff61c02f000-7ff61c0e5000 rw-p 00000000 00:00 0 
7ff61c0e5000-7ff61c0ff000 r-xp 00000000 09:02 1852115                    /usr/java/jdk1.7.0_51/jre/lib/amd64/libzip.so
7ff61c0ff000-7ff61c2ff000 ---p 0001a000 09:02 1852115                    /usr/java/jdk1.7.0_51/jre/lib/amd64/libzip.so
7ff61c2ff000-7ff61c300000 rw-p 0001a000 09:02 1852115                    /usr/java/jdk1.7.0_51/jre/lib/amd64/libzip.so
7ff61c300000-7ff61c97e000 r--s 00000000 09:02 1048685                    /var/lib/sss/mc/passwd
7ff61c97e000-7ff61c985000 r-xp 00000000 09:02 393435                     /lib64/libnss_sss.so.2
7ff61c985000-7ff61cb85000 ---p 00007000 09:02 393435                     /lib64/libnss_sss.so.2
7ff61cb85000-7ff61cb86000 rw-p 00007000 09:02 393435                     /lib64/libnss_sss.so.2
7ff61cb86000-7ff61cb92000 r-xp 00000000 09:02 393246                     /lib64/libnss_files-2.12.so
7ff61cb92000-7ff61cd92000 ---p 0000c000 09:02 393246                     /lib64/libnss_files-2.12.so
7ff61cd92000-7ff61cd93000 r--p 0000c000 09:02 393246                     /lib64/libnss_files-2.12.so
7ff61cd93000-7ff61cd94000 rw-p 0000d000 09:02 393246                     /lib64/libnss_files-2.12.so
7ff61cd98000-7ff61cd9c000 r--s 0002a000 00:13 197579983280               /auto/users/lindell/classes/git/record_indexer/lib/commons-io-2.4.jar
7ff61cd9c000-7ff61cda3000 r--s 000aa000 00:13 77321292650                /auto/users/lindell/classes/git/record_indexer/lib/commons-io-2.4-javadoc.jar
7ff61cda3000-7ff61cda9000 r--s 00036000 00:13 120261783877               /auto/users/lindell/bin/eclipse/plugins/org.junit_4.11.0.v201303080030/junit.jar
7ff61cda9000-7ff61cdac000 r-xp 00000000 09:02 1852106                    /usr/java/jdk1.7.0_51/jre/lib/amd64/libnpt.so
7ff61cdac000-7ff61cfab000 ---p 00003000 09:02 1852106                    /usr/java/jdk1.7.0_51/jre/lib/amd64/libnpt.so
7ff61cfab000-7ff61cfac000 rw-p 00002000 09:02 1852106                    /usr/java/jdk1.7.0_51/jre/lib/amd64/libnpt.so
7ff61cfac000-7ff61cfe5000 r-xp 00000000 09:02 1852091                    /usr/java/jdk1.7.0_51/jre/lib/amd64/libjdwp.so
7ff61cfe5000-7ff61d1e5000 ---p 00039000 09:02 1852091                    /usr/java/jdk1.7.0_51/jre/lib/amd64/libjdwp.so
7ff61d1e5000-7ff61d1e6000 rw-p 00039000 09:02 1852091                    /usr/java/jdk1.7.0_51/jre/lib/amd64/libjdwp.so
7ff61d1e6000-7ff61d1e7000 rw-p 00000000 00:00 0 
7ff61d1e7000-7ff61d210000 r-xp 00000000 09:02 1852085                    /usr/java/jdk1.7.0_51/jre/lib/amd64/libjava.so
7ff61d210000-7ff61d410000 ---p 00029000 09:02 1852085                    /usr/java/jdk1.7.0_51/jre/lib/amd64/libjava.so
7ff61d410000-7ff61d412000 rw-p 00029000 09:02 1852085                    /usr/java/jdk1.7.0_51/jre/lib/amd64/libjava.so
7ff61d412000-7ff61d41f000 r-xp 00000000 09:02 1852114                    /usr/java/jdk1.7.0_51/jre/lib/amd64/libverify.so
7ff61d41f000-7ff61d61e000 ---p 0000d000 09:02 1852114                    /usr/java/jdk1.7.0_51/jre/lib/amd64/libverify.so
7ff61d61e000-7ff61d620000 rw-p 0000c000 09:02 1852114                    /usr/java/jdk1.7.0_51/jre/lib/amd64/libverify.so
7ff61d620000-7ff61d623000 ---p 00000000 00:00 0 
7ff61d623000-7ff61d721000 rw-p 00000000 00:00 0 
7ff61d721000-7ff61e283000 r-xp 00000000 09:02 1852119                    /usr/java/jdk1.7.0_51/jre/lib/amd64/server/libjvm.so
7ff61e283000-7ff61e483000 ---p 00b62000 09:02 1852119                    /usr/java/jdk1.7.0_51/jre/lib/amd64/server/libjvm.so
7ff61e483000-7ff61e546000 rw-p 00b62000 09:02 1852119                    /usr/java/jdk1.7.0_51/jre/lib/amd64/server/libjvm.so
7ff61e546000-7ff61e58a000 rw-p 00000000 00:00 0 
7ff61e58a000-7ff61e5a0000 r-xp 00000000 09:02 145503                     /usr/java/jdk1.7.0_51/lib/amd64/jli/libjli.so
7ff61e5a0000-7ff61e7a0000 ---p 00016000 09:02 145503                     /usr/java/jdk1.7.0_51/lib/amd64/jli/libjli.so
7ff61e7a0000-7ff61e7a1000 rw-p 00016000 09:02 145503                     /usr/java/jdk1.7.0_51/lib/amd64/jli/libjli.so
7ff61e7a1000-7ff61e7a3000 rw-p 00000000 00:00 0 
7ff61e7a3000-7ff61e7a4000 rw-p 00000000 00:00 0 
7ff61e7a4000-7ff61e7a6000 r--s 0000c000 00:13 21489152252                /auto/users/lindell/bin/eclipse/plugins/org.hamcrest.core_1.3.0.v201303031735.jar
7ff61e7a6000-7ff61e7ad000 r--s 00000000 09:02 1705980                    /usr/lib64/gconv/gconv-modules.cache
7ff61e7ad000-7ff61e7b5000 rw-s 00000000 09:03 7602180                    /tmp/hsperfdata_lindell/16471
7ff61e7b5000-7ff61e7b6000 rw-p 00000000 00:00 0 
7ff61e7b6000-7ff61e7b7000 r--p 00000000 00:00 0 
7ff61e7b7000-7ff61e7b8000 rw-p 00000000 00:00 0 
7fff15291000-7fff152a6000 rw-p 00000000 00:00 0                          [stack]
7fff15352000-7fff15353000 r-xp 00000000 00:00 0                          [vdso]
ffffffffff600000-ffffffffff601000 r-xp 00000000 00:00 0                  [vsyscall]

VM Arguments:
jvm_args: -agentlib:jdwp=transport=dt_socket,suspend=y,address=localhost:55799 -Dfile.encoding=UTF-8 
java_command: client.gui.RecordIndexer localhost 39640
Launcher Type: SUN_STANDARD

Environment Variables:
PATH=/auto/users/lindell/bin/eclipse:/auto/users/lindell/bin:/auto/app/anaconda/envs/py34/bin:/usr/lib64/qt-3.3/bin:/usr/local/bin:/usr/bin:/bin:/usr/local/sbin:/usr/sbin:/sbin
USERNAME=lindell
SHELL=/bin/bash
DISPLAY=:0.0

Signal Handlers:
SIGSEGV: [libjvm.so+0x993870], sa_mask[0]=0x7ffbfeff, sa_flags=0x10000004
SIGBUS: [libjvm.so+0x993870], sa_mask[0]=0x7ffbfeff, sa_flags=0x10000004
SIGFPE: [libjvm.so+0x8105b0], sa_mask[0]=0x7ffbfeff, sa_flags=0x10000004
SIGPIPE: [libjvm.so+0x8105b0], sa_mask[0]=0x7ffbfeff, sa_flags=0x10000004
SIGXFSZ: [libjvm.so+0x8105b0], sa_mask[0]=0x7ffbfeff, sa_flags=0x10000004
SIGILL: [libjvm.so+0x8105b0], sa_mask[0]=0x7ffbfeff, sa_flags=0x10000004
SIGUSR1: SIG_DFL, sa_mask[0]=0x00000000, sa_flags=0x00000000
SIGUSR2: [libjvm.so+0x811aa0], sa_mask[0]=0x00000004, sa_flags=0x10000004
SIGHUP: [libjvm.so+0x812a10], sa_mask[0]=0x7ffbfeff, sa_flags=0x10000004
SIGINT: [libjvm.so+0x812a10], sa_mask[0]=0x7ffbfeff, sa_flags=0x10000004
SIGTERM: [libjvm.so+0x812a10], sa_mask[0]=0x7ffbfeff, sa_flags=0x10000004
SIGQUIT: [libjvm.so+0x812a10], sa_mask[0]=0x7ffbfeff, sa_flags=0x10000004


---------------  S Y S T E M  ---------------

OS:Red Hat Enterprise Linux Server release 6.5 (Santiago)

uname:Linux 2.6.32-431.17.1.el6.x86_64 #1 SMP Fri Apr 11 17:27:00 EDT 2014 x86_64
libc:glibc 2.12 NPTL 2.12 
rlimit: STACK 10240k, CORE 0k, NPROC 1024, NOFILE 4096, AS infinity
load average:0.28 0.49 0.36

/proc/meminfo:
MemTotal:        8193028 kB
MemFree:         5345352 kB
Buffers:           79680 kB
Cached:           828352 kB
SwapCached:            0 kB
Active:          1942864 kB
Inactive:         670352 kB
Active(anon):    1705860 kB
Inactive(anon):    10728 kB
Active(file):     237004 kB
Inactive(file):   659624 kB
Unevictable:           0 kB
Mlocked:               0 kB
SwapTotal:       8387576 kB
SwapFree:        8387576 kB
Dirty:                64 kB
Writeback:             0 kB
AnonPages:       1705180 kB
Mapped:           203408 kB
Shmem:             11412 kB
Slab:              81996 kB
SReclaimable:      38192 kB
SUnreclaim:        43804 kB
KernelStack:        4272 kB
PageTables:        43540 kB
NFS_Unstable:          0 kB
Bounce:                0 kB
WritebackTmp:          0 kB
CommitLimit:    12484088 kB
Committed_AS:    3634352 kB
VmallocTotal:   34359738367 kB
VmallocUsed:       66620 kB
VmallocChunk:   34353958908 kB
HardwareCorrupted:     0 kB
AnonHugePages:   1136640 kB
HugePages_Total:       0
HugePages_Free:        0
HugePages_Rsvd:        0
HugePages_Surp:        0
Hugepagesize:       2048 kB
DirectMap4k:      104420 kB
DirectMap2M:     8284160 kB


CPU:total 4 (2 cores per cpu, 1 threads per core) family 15 model 33 stepping 2, cmov, cx8, fxsr, mmx, sse, sse2, sse3, mmxext, 3dnowpref, tsc

/proc/cpuinfo:
processor	: 0
vendor_id	: AuthenticAMD
cpu family	: 15
model		: 33
model name	: Dual Core AMD Opteron(tm) Processor 270
stepping	: 2
cpu MHz		: 1994.715
cache size	: 1024 KB
physical id	: 0
siblings	: 2
core id		: 0
cpu cores	: 2
apicid		: 0
initial apicid	: 0
fpu		: yes
fpu_exception	: yes
cpuid level	: 1
wp		: yes
flags		: fpu vme de pse tsc msr pae mce cx8 apic sep mtrr pge mca cmov pat pse36 clflush mmx fxsr sse sse2 ht syscall nx mmxext fxsr_opt lm 3dnowext 3dnow rep_good pni lahf_lm cmp_legacy
bogomips	: 3989.43
TLB size	: 1024 4K pages
clflush size	: 64
cache_alignment	: 64
address sizes	: 40 bits physical, 48 bits virtual
power management: ts fid vid ttp

processor	: 1
vendor_id	: AuthenticAMD
cpu family	: 15
model		: 33
model name	: Dual Core AMD Opteron(tm) Processor 270
stepping	: 2
cpu MHz		: 1994.715
cache size	: 1024 KB
physical id	: 0
siblings	: 2
core id		: 1
cpu cores	: 2
apicid		: 1
initial apicid	: 1
fpu		: yes
fpu_exception	: yes
cpuid level	: 1
wp		: yes
flags		: fpu vme de pse tsc msr pae mce cx8 apic sep mtrr pge mca cmov pat pse36 clflush mmx fxsr sse sse2 ht syscall nx mmxext fxsr_opt lm 3dnowext 3dnow rep_good pni lahf_lm cmp_legacy
bogomips	: 3988.56
TLB size	: 1024 4K pages
clflush size	: 64
cache_alignment	: 64
address sizes	: 40 bits physical, 48 bits virtual
power management: ts fid vid ttp

processor	: 2
vendor_id	: AuthenticAMD
cpu family	: 15
model		: 33
model name	: Dual Core AMD Opteron(tm) Processor 270
stepping	: 2
cpu MHz		: 1994.715
cache size	: 1024 KB
physical id	: 1
siblings	: 2
core id		: 0
cpu cores	: 2
apicid		: 2
initial apicid	: 2
fpu		: yes
fpu_exception	: yes
cpuid level	: 1
wp		: yes
flags		: fpu vme de pse tsc msr pae mce cx8 apic sep mtrr pge mca cmov pat pse36 clflush mmx fxsr sse sse2 ht syscall nx mmxext fxsr_opt lm 3dnowext 3dnow rep_good pni lahf_lm cmp_legacy
bogomips	: 3988.58
TLB size	: 1024 4K pages
clflush size	: 64
cache_alignment	: 64
address sizes	: 40 bits physical, 48 bits virtual
power management: ts fid vid ttp

processor	: 3
vendor_id	: AuthenticAMD
cpu family	: 15
model		: 33
model name	: Dual Core AMD Opteron(tm) Processor 270
stepping	: 2
cpu MHz		: 1994.715
cache size	: 1024 KB
physical id	: 1
siblings	: 2
core id		: 1
cpu cores	: 2
apicid		: 3
initial apicid	: 3
fpu		: yes
fpu_exception	: yes
cpuid level	: 1
wp		: yes
flags		: fpu vme de pse tsc msr pae mce cx8 apic sep mtrr pge mca cmov pat pse36 clflush mmx fxsr sse sse2 ht syscall nx mmxext fxsr_opt lm 3dnowext 3dnow rep_good pni lahf_lm cmp_legacy
bogomips	: 3988.58
TLB size	: 1024 4K pages
clflush size	: 64
cache_alignment	: 64
address sizes	: 40 bits physical, 48 bits virtual
power management: ts fid vid ttp



Memory: 4k page, physical 8193028k(5345352k free), swap 8387576k(8387576k free)

vm_info: Java HotSpot(TM) 64-Bit Server VM (24.51-b03) for linux-amd64 JRE (1.7.0_51-b13), built on Dec 18 2013 18:48:01 by "java_re" with gcc 4.3.0 20080428 (Red Hat 4.3.0-8)

time: Sat Jun 14 22:17:42 2014
elapsed time: 231 seconds

