#
# A fatal error has been detected by the Java Runtime Environment:
#
#  SIGSEGV (0xb) at pc=0x00007f7ccb253de7, pid=18605, tid=140173955081984
#
# JRE version: Java(TM) SE Runtime Environment (7.0_51-b13) (build 1.7.0_51-b13)
# Java VM: Java HotSpot(TM) 64-Bit Server VM (24.51-b03 mixed mode linux-amd64 compressed oops)
# Problematic frame:
# C  [libawt.so+0x30de7]  GetSDOps+0x47
#
# Failed to write core dump. Core dumps have been disabled. To enable core dumping, try "ulimit -c unlimited" before starting Java again
#
# If you would like to submit a bug report, please visit:
#   http://bugreport.sun.com/bugreport/crash.jsp
# The crash happened outside the Java Virtual Machine in native code.
# See problematic frame for where to report the bug.
#

---------------  T H R E A D  ---------------

Current thread (0x00007f7cdc177800):  JavaThread "AWT-EventQueue-0" [_thread_in_native, id=18627, stack(0x00007f7ccabca000,0x00007f7ccaccb000)]

siginfo:si_signo=SIGSEGV: si_errno=0, si_code=1 (SEGV_MAPERR), si_addr=0x00007f61ac07b380

Registers:
RAX=0x00007f61ac07b360, RBX=0x00007f7cdc1779e8, RCX=0x00007f7ccacc61a0, RDX=0x0000000000000042
RSP=0x00007f7ccacc5f20, RBP=0x00007f7ccacc5f40, RSI=0x00007f7ccacc6398, RDI=0x00007f7cdc1779e8
R8 =0x00007f7ccacc6388, R9 =0x00000007d89176f0, R10=0x0000000000000052, R11=0x00007f7ce3053008
R12=0x00007f7ccacc6398, R13=0x00007f61ac07b360, R14=0x0000000000000001, R15=0x00007f7ccacc6390
RIP=0x00007f7ccb253de7, EFLAGS=0x0000000000010202, CSGSFS=0x0000000000000033, ERR=0x0000000000000004
  TRAPNO=0x000000000000000e

Top of Stack: (sp=0x00007f7ccacc5f20)
0x00007f7ccacc5f20:   00007f7ccacc6388 00007f7ccacc6380
0x00007f7ccacc5f30:   00007f7ccacc6398 00007f7cdc1779e8
0x00007f7ccacc5f40:   00007f7ccacc6220 00007f7ccb2569ab
0x00007f7ccacc5f50:   000000000000002f 00007f7ccacc5f08
0x00007f7ccacc5f60:   00007f7ccacc5f49 0000000800000002
0x00007f7ccacc5f70:   00007f7c9c00a300 00000007d7142dc8
0x00007f7ccacc5f80:   00007f7c9c00a378 00007f7c9c00a378
0x00007f7ccacc5f90:   00007f7c9c00a370 00007f7c9c00a370
0x00007f7ccacc5fa0:   00000007fffffffe 00007f7ccacc61a0
0x00007f7ccacc5fb0:   0000000000000000 00007f7cdc177800
0x00007f7ccacc5fc0:   407382aaaaaaaaab 4087000000000002
0x00007f7ccacc5fd0:   4067caaaaaaaaaa7 4081a80000000000
0x00007f7ccacc5fe0:   000000077dc1cd08 0000000000000000
0x00007f7ccacc5ff0:   00007f7ccacc60b0 00007f7ce29f1a39
0x00007f7ccacc6000:   00007f7ccb4cda70 00007f7c9c00a348
0x00007f7ccacc6010:   00007f7ccacc61ef 00007f7c9c00a348
0x00007f7ccacc6020:   00007f7ce2ff2e30 0000005000000000
0x00007f7ccacc6030:   0000000000000026 0000000000000000
0x00007f7ccacc6040:   0000000000000000 00007f7c9c00a020
0x00007f7ccacc6050:   00007f7ccacc6070 00007f7ce2adb379
0x00007f7ccacc6060:   00007f7ccacc6080 00007f7ccacc60a0
0x00007f7ccacc6070:   00007f7ccacc6090 00007f7ce2adbc01
0x00007f7ccacc6080:   00007f7ccacc60a0 00007f7ccacc6100
0x00007f7ccacc6090:   00007f7ccacc60e0 00007f7ce29dd5fe
0x00007f7ccacc60a0:   00007f7ce2fd16d0 00007f7cdc12a610
0x00007f7ccacc60b0:   0000000000000067 000000000000000e
0x00007f7ccacc60c0:   00007f7c00000000 00007f7cdc12a611
0x00007f7ccacc60d0:   00007f7cdc177800 00007f7c9c00a348
0x00007f7ccacc60e0:   00007f7ccacc61a0 00007f7ce2802963
0x00007f7ccacc60f0:   00007f7c9c00a348 00007f7ccacc63a0
0x00007f7ccacc6100:   00007f7ce2ffd5f0 00007f7cdc12a610
0x00007f7ccacc6110:   0000000000000066 00007f7ce29f274e 

Instructions: (pc=0x00007f7ccb253de7)
0x00007f7ccb253dc7:   00 00 00 48 8b 07 48 8b 15 ec 00 28 00 ff 90 28
0x00007f7ccb253dd7:   03 00 00 48 85 c0 49 89 c5 74 2e 45 84 f6 74 11
0x00007f7ccb253de7:   48 8b 40 20 48 85 c0 74 08 4c 89 ee 48 89 df ff
0x00007f7ccb253df7:   d0 4c 89 e8 48 8b 1c 24 4c 8b 64 24 08 4c 8b 6c 

Register to memory mapping:

RAX=0x00007f61ac07b360 is an unknown value
RBX=0x00007f7cdc1779e8 is an unknown value
RCX=0x00007f7ccacc61a0 is pointing into the stack for thread: 0x00007f7cdc177800
RDX=0x0000000000000042 is an unknown value
RSP=0x00007f7ccacc5f20 is pointing into the stack for thread: 0x00007f7cdc177800
RBP=0x00007f7ccacc5f40 is pointing into the stack for thread: 0x00007f7cdc177800
RSI=0x00007f7ccacc6398 is pointing into the stack for thread: 0x00007f7cdc177800
RDI=0x00007f7cdc1779e8 is an unknown value
R8 =0x00007f7ccacc6388 is pointing into the stack for thread: 0x00007f7cdc177800
R9 =0x00000007d89176f0 is an oop
sun.awt.image.BufImgSurfaceData 
 - klass: 'sun/awt/image/BufImgSurfaceData'
R10=0x0000000000000052 is an unknown value
R11=0x00007f7ce3053008: <offset 0xe3c008> in /usr/java/jdk1.7.0_51/jre/lib/amd64/server/libjvm.so at 0x00007f7ce2217000
R12=0x00007f7ccacc6398 is pointing into the stack for thread: 0x00007f7cdc177800
R13=0x00007f61ac07b360 is an unknown value
R14=0x0000000000000001 is an unknown value
R15=0x00007f7ccacc6390 is pointing into the stack for thread: 0x00007f7cdc177800


Stack: [0x00007f7ccabca000,0x00007f7ccaccb000],  sp=0x00007f7ccacc5f20,  free space=1007k
Native frames: (J=compiled Java code, j=interpreted, Vv=VM code, C=native code)
C  [libawt.so+0x30de7]  GetSDOps+0x47
C  [libawt.so+0x339ab]  Java_sun_java2d_loops_ScaledBlit_Scale+0xbb
j  sun.java2d.loops.ScaledBlit.Scale(Lsun/java2d/SurfaceData;Lsun/java2d/SurfaceData;Ljava/awt/Composite;Lsun/java2d/pipe/Region;IIIIDDDD)V+0
j  sun.java2d.pipe.DrawImage.scaleSurfaceData(Lsun/java2d/SunGraphics2D;Lsun/java2d/pipe/Region;Lsun/java2d/SurfaceData;Lsun/java2d/SurfaceData;Lsun/java2d/loops/SurfaceType;Lsun/java2d/loops/SurfaceType;IIIIDDDD)Z+72
j  sun.java2d.pipe.DrawImage.renderImageScale(Lsun/java2d/SunGraphics2D;Ljava/awt/Image;Ljava/awt/Color;IIIIIDDDD)Z+97
j  sun.java2d.pipe.DrawImage.tryCopyOrScale(Lsun/java2d/SunGraphics2D;Ljava/awt/Image;IIIILjava/awt/Color;I[D)Z+176
j  sun.java2d.pipe.DrawImage.transformImage(Lsun/java2d/SunGraphics2D;Ljava/awt/Image;Ljava/awt/geom/AffineTransform;IIIIILjava/awt/Color;)V+97
j  sun.java2d.pipe.DrawImage.scaleImage(Lsun/java2d/SunGraphics2D;Ljava/awt/Image;IIIIIIIILjava/awt/Color;)Z+467
j  sun.java2d.pipe.DrawImage.copyImage(Lsun/java2d/SunGraphics2D;Ljava/awt/Image;IIIIIILjava/awt/Color;)Z+68
j  sun.java2d.pipe.DrawImage.copyImage(Lsun/java2d/SunGraphics2D;Ljava/awt/Image;IIIIIILjava/awt/Color;Ljava/awt/image/ImageObserver;)Z+23
j  sun.java2d.pipe.ValidatePipe.copyImage(Lsun/java2d/SunGraphics2D;Ljava/awt/Image;IIIIIILjava/awt/Color;Ljava/awt/image/ImageObserver;)Z+29
j  sun.java2d.SunGraphics2D.copyImage(Ljava/awt/Image;IIIIIILjava/awt/Color;Ljava/awt/image/ImageObserver;)Z+20
j  sun.java2d.SunGraphics2D.drawImage(Ljava/awt/Image;IIIIIIIILjava/awt/Color;Ljava/awt/image/ImageObserver;)Z+185
j  sun.java2d.SunGraphics2D.drawImage(Ljava/awt/Image;IIIIIIIILjava/awt/image/ImageObserver;)Z+19
j  client.gui.ImagePanel$DrawingImage.draw(Ljava/awt/Graphics2D;)V+52
j  client.gui.ImagePanel.paintComponent(Ljava/awt/Graphics;)V+93
j  javax.swing.JComponent.paint(Ljava/awt/Graphics;)V+286
j  javax.swing.JComponent.paintChildren(Ljava/awt/Graphics;)V+501
j  javax.swing.JSplitPane.paintChildren(Ljava/awt/Graphics;)V+2
j  javax.swing.JComponent.paint(Ljava/awt/Graphics;)V+318
j  javax.swing.JComponent.paintChildren(Ljava/awt/Graphics;)V+501
j  javax.swing.JComponent.paint(Ljava/awt/Graphics;)V+318
j  javax.swing.JComponent.paintChildren(Ljava/awt/Graphics;)V+501
j  javax.swing.JComponent.paint(Ljava/awt/Graphics;)V+318
j  javax.swing.JLayeredPane.paint(Ljava/awt/Graphics;)V+73
j  javax.swing.JComponent.paintChildren(Ljava/awt/Graphics;)V+501
j  javax.swing.JComponent.paintToOffscreen(Ljava/awt/Graphics;IIIIII)V+72
j  javax.swing.BufferStrategyPaintManager.paint(Ljavax/swing/JComponent;Ljavax/swing/JComponent;Ljava/awt/Graphics;IIII)Z+157
j  javax.swing.RepaintManager.paint(Ljavax/swing/JComponent;Ljavax/swing/JComponent;Ljava/awt/Graphics;IIII)V+52
j  javax.swing.JComponent.paint(Ljava/awt/Graphics;)V+221
j  java.awt.GraphicsCallback$PaintCallback.run(Ljava/awt/Component;Ljava/awt/Graphics;)V+2
j  sun.awt.SunGraphicsCallback.runOneComponent(Ljava/awt/Component;Ljava/awt/Rectangle;Ljava/awt/Graphics;Ljava/awt/Shape;I)V+155
j  sun.awt.SunGraphicsCallback.runComponents([Ljava/awt/Component;Ljava/awt/Graphics;I)V+194
j  java.awt.Container.paint(Ljava/awt/Graphics;)V+58
j  java.awt.Window.paint(Ljava/awt/Graphics;)V+68
j  javax.swing.RepaintManager$3.run()Ljava/lang/Void;+136
j  javax.swing.RepaintManager$3.run()Ljava/lang/Object;+1
v  ~StubRoutines::call_stub
V  [libjvm.so+0x5f8465]  JavaCalls::call_helper(JavaValue*, methodHandle*, JavaCallArguments*, Thread*)+0x365
V  [libjvm.so+0x5f6ec8]  JavaCalls::call(JavaValue*, methodHandle, JavaCallArguments*, Thread*)+0x28
V  [libjvm.so+0x67cc64]  JVM_DoPrivileged+0x2a4
j  java.security.AccessController.doPrivileged(Ljava/security/PrivilegedAction;Ljava/security/AccessControlContext;)Ljava/lang/Object;+0
j  java.security.ProtectionDomain$1.doIntersectionPrivilege(Ljava/security/PrivilegedAction;Ljava/security/AccessControlContext;Ljava/security/AccessControlContext;)Ljava/lang/Object;+28
j  javax.swing.RepaintManager.paintDirtyRegions(Ljava/util/Map;)V+154
j  javax.swing.RepaintManager.paintDirtyRegions()V+46
j  javax.swing.RepaintManager.prePaintDirtyRegions()V+73
j  javax.swing.RepaintManager.access$1100(Ljavax/swing/RepaintManager;)V+1
j  javax.swing.RepaintManager$ProcessingRunnable.run()V+37
j  java.awt.event.InvocationEvent.dispatch()V+47
j  java.awt.EventQueue.dispatchEventImpl(Ljava/awt/AWTEvent;Ljava/lang/Object;)V+21
j  java.awt.EventQueue.access$200(Ljava/awt/EventQueue;Ljava/awt/AWTEvent;Ljava/lang/Object;)V+3
j  java.awt.EventQueue$3.run()Ljava/lang/Void;+12
j  java.awt.EventQueue$3.run()Ljava/lang/Object;+1
v  ~StubRoutines::call_stub
V  [libjvm.so+0x5f8465]  JavaCalls::call_helper(JavaValue*, methodHandle*, JavaCallArguments*, Thread*)+0x365
V  [libjvm.so+0x5f6ec8]  JavaCalls::call(JavaValue*, methodHandle, JavaCallArguments*, Thread*)+0x28
V  [libjvm.so+0x67cc64]  JVM_DoPrivileged+0x2a4
j  java.security.AccessController.doPrivileged(Ljava/security/PrivilegedAction;Ljava/security/AccessControlContext;)Ljava/lang/Object;+0
j  java.security.ProtectionDomain$1.doIntersectionPrivilege(Ljava/security/PrivilegedAction;Ljava/security/AccessControlContext;Ljava/security/AccessControlContext;)Ljava/lang/Object;+28
j  java.awt.EventQueue.dispatchEvent(Ljava/awt/AWTEvent;)V+46
j  java.awt.EventDispatchThread.pumpOneEventForFilters(I)V+245
j  java.awt.EventDispatchThread.pumpEventsForFilter(ILjava/awt/Conditional;Ljava/awt/EventFilter;)V+35
j  java.awt.EventDispatchThread.pumpEventsForHierarchy(ILjava/awt/Conditional;Ljava/awt/Component;)V+11
j  java.awt.EventDispatchThread.pumpEvents(ILjava/awt/Conditional;)V+4
j  java.awt.EventDispatchThread.pumpEvents(Ljava/awt/Conditional;)V+3
j  java.awt.EventDispatchThread.run()V+9
v  ~StubRoutines::call_stub
V  [libjvm.so+0x5f8465]  JavaCalls::call_helper(JavaValue*, methodHandle*, JavaCallArguments*, Thread*)+0x365
V  [libjvm.so+0x5f6ec8]  JavaCalls::call(JavaValue*, methodHandle, JavaCallArguments*, Thread*)+0x28
V  [libjvm.so+0x5f7197]  JavaCalls::call_virtual(JavaValue*, KlassHandle, Symbol*, Symbol*, JavaCallArguments*, Thread*)+0x197
V  [libjvm.so+0x5f72b7]  JavaCalls::call_virtual(JavaValue*, Handle, KlassHandle, Symbol*, Symbol*, Thread*)+0x47
V  [libjvm.so+0x6731c5]  thread_entry(JavaThread*, Thread*)+0xe5
V  [libjvm.so+0x94d5ff]  JavaThread::thread_main_inner()+0xdf
V  [libjvm.so+0x94d705]  JavaThread::run()+0xf5
V  [libjvm.so+0x815538]  java_start(Thread*)+0x108

Java frames: (J=compiled Java code, j=interpreted, Vv=VM code)
j  sun.java2d.loops.ScaledBlit.Scale(Lsun/java2d/SurfaceData;Lsun/java2d/SurfaceData;Ljava/awt/Composite;Lsun/java2d/pipe/Region;IIIIDDDD)V+0
j  sun.java2d.pipe.DrawImage.scaleSurfaceData(Lsun/java2d/SunGraphics2D;Lsun/java2d/pipe/Region;Lsun/java2d/SurfaceData;Lsun/java2d/SurfaceData;Lsun/java2d/loops/SurfaceType;Lsun/java2d/loops/SurfaceType;IIIIDDDD)Z+72
j  sun.java2d.pipe.DrawImage.renderImageScale(Lsun/java2d/SunGraphics2D;Ljava/awt/Image;Ljava/awt/Color;IIIIIDDDD)Z+97
j  sun.java2d.pipe.DrawImage.tryCopyOrScale(Lsun/java2d/SunGraphics2D;Ljava/awt/Image;IIIILjava/awt/Color;I[D)Z+176
j  sun.java2d.pipe.DrawImage.transformImage(Lsun/java2d/SunGraphics2D;Ljava/awt/Image;Ljava/awt/geom/AffineTransform;IIIIILjava/awt/Color;)V+97
j  sun.java2d.pipe.DrawImage.scaleImage(Lsun/java2d/SunGraphics2D;Ljava/awt/Image;IIIIIIIILjava/awt/Color;)Z+467
j  sun.java2d.pipe.DrawImage.copyImage(Lsun/java2d/SunGraphics2D;Ljava/awt/Image;IIIIIILjava/awt/Color;)Z+68
j  sun.java2d.pipe.DrawImage.copyImage(Lsun/java2d/SunGraphics2D;Ljava/awt/Image;IIIIIILjava/awt/Color;Ljava/awt/image/ImageObserver;)Z+23
j  sun.java2d.pipe.ValidatePipe.copyImage(Lsun/java2d/SunGraphics2D;Ljava/awt/Image;IIIIIILjava/awt/Color;Ljava/awt/image/ImageObserver;)Z+29
j  sun.java2d.SunGraphics2D.copyImage(Ljava/awt/Image;IIIIIILjava/awt/Color;Ljava/awt/image/ImageObserver;)Z+20
j  sun.java2d.SunGraphics2D.drawImage(Ljava/awt/Image;IIIIIIIILjava/awt/Color;Ljava/awt/image/ImageObserver;)Z+185
j  sun.java2d.SunGraphics2D.drawImage(Ljava/awt/Image;IIIIIIIILjava/awt/image/ImageObserver;)Z+19
j  client.gui.ImagePanel$DrawingImage.draw(Ljava/awt/Graphics2D;)V+52
j  client.gui.ImagePanel.paintComponent(Ljava/awt/Graphics;)V+93
j  javax.swing.JComponent.paint(Ljava/awt/Graphics;)V+286
j  javax.swing.JComponent.paintChildren(Ljava/awt/Graphics;)V+501
j  javax.swing.JSplitPane.paintChildren(Ljava/awt/Graphics;)V+2
j  javax.swing.JComponent.paint(Ljava/awt/Graphics;)V+318
j  javax.swing.JComponent.paintChildren(Ljava/awt/Graphics;)V+501
j  javax.swing.JComponent.paint(Ljava/awt/Graphics;)V+318
j  javax.swing.JComponent.paintChildren(Ljava/awt/Graphics;)V+501
j  javax.swing.JComponent.paint(Ljava/awt/Graphics;)V+318
j  javax.swing.JLayeredPane.paint(Ljava/awt/Graphics;)V+73
j  javax.swing.JComponent.paintChildren(Ljava/awt/Graphics;)V+501
j  javax.swing.JComponent.paintToOffscreen(Ljava/awt/Graphics;IIIIII)V+72
j  javax.swing.BufferStrategyPaintManager.paint(Ljavax/swing/JComponent;Ljavax/swing/JComponent;Ljava/awt/Graphics;IIII)Z+157
j  javax.swing.RepaintManager.paint(Ljavax/swing/JComponent;Ljavax/swing/JComponent;Ljava/awt/Graphics;IIII)V+52
j  javax.swing.JComponent.paint(Ljava/awt/Graphics;)V+221
j  java.awt.GraphicsCallback$PaintCallback.run(Ljava/awt/Component;Ljava/awt/Graphics;)V+2
j  sun.awt.SunGraphicsCallback.runOneComponent(Ljava/awt/Component;Ljava/awt/Rectangle;Ljava/awt/Graphics;Ljava/awt/Shape;I)V+155
j  sun.awt.SunGraphicsCallback.runComponents([Ljava/awt/Component;Ljava/awt/Graphics;I)V+194
j  java.awt.Container.paint(Ljava/awt/Graphics;)V+58
j  java.awt.Window.paint(Ljava/awt/Graphics;)V+68
j  javax.swing.RepaintManager$3.run()Ljava/lang/Void;+136
j  javax.swing.RepaintManager$3.run()Ljava/lang/Object;+1
v  ~StubRoutines::call_stub
j  java.security.AccessController.doPrivileged(Ljava/security/PrivilegedAction;Ljava/security/AccessControlContext;)Ljava/lang/Object;+0
j  java.security.ProtectionDomain$1.doIntersectionPrivilege(Ljava/security/PrivilegedAction;Ljava/security/AccessControlContext;Ljava/security/AccessControlContext;)Ljava/lang/Object;+28
j  javax.swing.RepaintManager.paintDirtyRegions(Ljava/util/Map;)V+154
j  javax.swing.RepaintManager.paintDirtyRegions()V+46
j  javax.swing.RepaintManager.prePaintDirtyRegions()V+73
j  javax.swing.RepaintManager.access$1100(Ljavax/swing/RepaintManager;)V+1
j  javax.swing.RepaintManager$ProcessingRunnable.run()V+37
j  java.awt.event.InvocationEvent.dispatch()V+47
j  java.awt.EventQueue.dispatchEventImpl(Ljava/awt/AWTEvent;Ljava/lang/Object;)V+21
j  java.awt.EventQueue.access$200(Ljava/awt/EventQueue;Ljava/awt/AWTEvent;Ljava/lang/Object;)V+3
j  java.awt.EventQueue$3.run()Ljava/lang/Void;+12
j  java.awt.EventQueue$3.run()Ljava/lang/Object;+1
v  ~StubRoutines::call_stub
j  java.security.AccessController.doPrivileged(Ljava/security/PrivilegedAction;Ljava/security/AccessControlContext;)Ljava/lang/Object;+0
j  java.security.ProtectionDomain$1.doIntersectionPrivilege(Ljava/security/PrivilegedAction;Ljava/security/AccessControlContext;Ljava/security/AccessControlContext;)Ljava/lang/Object;+28
j  java.awt.EventQueue.dispatchEvent(Ljava/awt/AWTEvent;)V+46
j  java.awt.EventDispatchThread.pumpOneEventForFilters(I)V+245
j  java.awt.EventDispatchThread.pumpEventsForFilter(ILjava/awt/Conditional;Ljava/awt/EventFilter;)V+35
j  java.awt.EventDispatchThread.pumpEventsForHierarchy(ILjava/awt/Conditional;Ljava/awt/Component;)V+11
j  java.awt.EventDispatchThread.pumpEvents(ILjava/awt/Conditional;)V+4
j  java.awt.EventDispatchThread.pumpEvents(Ljava/awt/Conditional;)V+3
j  java.awt.EventDispatchThread.run()V+9
v  ~StubRoutines::call_stub

---------------  P R O C E S S  ---------------

Java Threads: ( => current thread )
  0x00007f7c882c8000 JavaThread "Keep-Alive-Timer" daemon [_thread_blocked, id=18629, stack(0x00007f7cca0a8000,0x00007f7cca1a9000)]
  0x00007f7c88179800 JavaThread "TimerQueue" daemon [_thread_blocked, id=18628, stack(0x00007f7cca1a9000,0x00007f7cca2aa000)]
  0x00007f7cdc009000 JavaThread "DestroyJavaVM" [_thread_blocked, id=18610, stack(0x00007f7ce2116000,0x00007f7ce2217000)]
=>0x00007f7cdc177800 JavaThread "AWT-EventQueue-0" [_thread_in_native, id=18627, stack(0x00007f7ccabca000,0x00007f7ccaccb000)]
  0x00007f7cdc176000 JavaThread "AWT-Shutdown" [_thread_blocked, id=18626, stack(0x00007f7ccaccb000,0x00007f7ccadcc000)]
  0x00007f7cdc164000 JavaThread "AWT-XAWT" daemon [_thread_in_native, id=18625, stack(0x00007f7ccadcc000,0x00007f7ccaecd000)]
  0x00007f7cdc132000 JavaThread "Java2D Disposer" daemon [_thread_blocked, id=18624, stack(0x00007f7ccaecd000,0x00007f7ccafce000)]
  0x00007f7cdc095800 JavaThread "Service Thread" daemon [_thread_blocked, id=18621, stack(0x00007f7ccb5f6000,0x00007f7ccb6f7000)]
  0x00007f7cdc093000 JavaThread "C2 CompilerThread1" daemon [_thread_blocked, id=18620, stack(0x00007f7ccb6f7000,0x00007f7ccb7f8000)]
  0x00007f7cdc090000 JavaThread "C2 CompilerThread0" daemon [_thread_blocked, id=18619, stack(0x00007f7ccb7f8000,0x00007f7ccb8f9000)]
  0x00007f7cdc086000 JavaThread "Signal Dispatcher" daemon [_thread_blocked, id=18618, stack(0x00007f7ccb8f9000,0x00007f7ccb9fa000)]
  0x00007f7cdc06f000 JavaThread "Finalizer" daemon [_thread_blocked, id=18617, stack(0x00007f7ccb9fa000,0x00007f7ccbafb000)]
  0x00007f7cdc06b000 JavaThread "Reference Handler" daemon [_thread_blocked, id=18616, stack(0x00007f7ccbafb000,0x00007f7ccbbfc000)]

Other Threads:
  0x00007f7cdc068800 VMThread [stack: 0x00007f7ccbbfc000,0x00007f7ccbcfd000] [id=18615]
  0x00007f7cdc0a0000 WatcherThread [stack: 0x00007f7ccb4f5000,0x00007f7ccb5f6000] [id=18622]

VM state:not at safepoint (normal execution)

VM Mutex/Monitor currently owned by a thread: None

Heap
 PSYoungGen      total 37888K, used 18552K [0x00000007d6480000, 0x00000007d8e80000, 0x0000000800000000)
  eden space 32768K, 41% used [0x00000007d6480000,0x00000007d71a4ae8,0x00000007d8480000)
  from space 5120K, 99% used [0x00000007d8480000,0x00000007d8979850,0x00000007d8980000)
  to   space 5120K, 0% used [0x00000007d8980000,0x00000007d8980000,0x00000007d8e80000)
 ParOldGen       total 84992K, used 10737K [0x0000000782e00000, 0x0000000788100000, 0x00000007d6480000)
  object space 84992K, 12% used [0x0000000782e00000,0x000000078387c4e8,0x0000000788100000)
 PSPermGen       total 21504K, used 16861K [0x000000077dc00000, 0x000000077f100000, 0x0000000782e00000)
  object space 21504K, 78% used [0x000000077dc00000,0x000000077ec77400,0x000000077f100000)

Card table byte_map: [0x00007f7ce0b46000,0x00007f7ce0f59000] byte_map_base: 0x00007f7cdcf58000

Polling page: 0x00007f7ce32ac000

Code Cache  [0x00007f7cd9000000, 0x00007f7cd9270000, 0x00007f7cdc000000)
 total_blobs=616 nmethods=116 adapters=454 free_code_cache=48332Kb largest_free_block=49464640

Compilation events (10 events):
Event: 5.187 Thread 0x00007f7cdc090000 nmethod 111 0x00007f7cd90cbf90 code [0x00007f7cd90cc100, 0x00007f7cd90cc288]
Event: 5.214 Thread 0x00007f7cdc093000  112             com.sun.org.apache.xerces.internal.impl.XMLDocumentFragmentScannerImpl::scanDocument (272 bytes)
Event: 5.224 Thread 0x00007f7cdc093000 nmethod 112 0x00007f7cd90c9810 code [0x00007f7cd90c9a00, 0x00007f7cd90c9e70]
Event: 5.232 Thread 0x00007f7cdc090000  113             java.util.ArrayList::size (5 bytes)
Event: 5.232 Thread 0x00007f7cdc090000 nmethod 113 0x00007f7cd90c6d10 code [0x00007f7cd90c6e40, 0x00007f7cd90c6e98]
Event: 5.269 Thread 0x00007f7cdc093000  114             java.awt.Component::getParent_NoClientCode (5 bytes)
Event: 5.270 Thread 0x00007f7cdc093000 nmethod 114 0x00007f7cd90c9610 code [0x00007f7cd90c9740, 0x00007f7cd90c97b8]
Event: 5.280 Thread 0x00007f7cdc090000  115             java.awt.Component::getParent (5 bytes)
Event: 5.281 Thread 0x00007f7cdc090000 nmethod 115 0x00007f7cd90c9410 code [0x00007f7cd90c9540, 0x00007f7cd90c95b8]
Event: 5.286 Thread 0x00007f7cdc093000  116   !         sun.awt.AppContext::get (121 bytes)

GC Heap History (2 events):
Event: 5.006 GC heap before
{Heap before GC invocations=1 (full 0):
 PSYoungGen      total 37888K, used 32768K [0x00000007d6480000, 0x00000007d8e80000, 0x0000000800000000)
  eden space 32768K, 100% used [0x00000007d6480000,0x00000007d8480000,0x00000007d8480000)
  from space 5120K, 0% used [0x00000007d8980000,0x00000007d8980000,0x00000007d8e80000)
  to   space 5120K, 0% used [0x00000007d8480000,0x00000007d8480000,0x00000007d8980000)
 ParOldGen       total 84992K, used 0K [0x0000000782e00000, 0x0000000788100000, 0x00000007d6480000)
  object space 84992K, 0% used [0x0000000782e00000,0x0000000782e00000,0x0000000788100000)
 PSPermGen       total 21504K, used 16441K [0x000000077dc00000, 0x000000077f100000, 0x0000000782e00000)
  object space 21504K, 76% used [0x000000077dc00000,0x000000077ec0e458,0x000000077f100000)
Event: 5.038 GC heap after
Heap after GC invocations=1 (full 0):
 PSYoungGen      total 37888K, used 5094K [0x00000007d6480000, 0x00000007d8e80000, 0x0000000800000000)
  eden space 32768K, 0% used [0x00000007d6480000,0x00000007d6480000,0x00000007d8480000)
  from space 5120K, 99% used [0x00000007d8480000,0x00000007d8979850,0x00000007d8980000)
  to   space 5120K, 0% used [0x00000007d8980000,0x00000007d8980000,0x00000007d8e80000)
 ParOldGen       total 84992K, used 10737K [0x0000000782e00000, 0x0000000788100000, 0x00000007d6480000)
  object space 84992K, 12% used [0x0000000782e00000,0x000000078387c4e8,0x0000000788100000)
 PSPermGen       total 21504K, used 16441K [0x000000077dc00000, 0x000000077f100000, 0x0000000782e00000)
  object space 21504K, 76% used [0x000000077dc00000,0x000000077ec0e458,0x000000077f100000)
}

Deoptimization events (10 events):
Event: 0.812 Thread 0x00007f7cdc177800 Uncommon trap: reason=class_check action=maybe_recompile pc=0x00007f7cd9077158 method=java.lang.String.equals(Ljava/lang/Object;)Z @ 8
Event: 0.812 Thread 0x00007f7cdc177800 Uncommon trap: reason=class_check action=maybe_recompile pc=0x00007f7cd9077158 method=java.lang.String.equals(Ljava/lang/Object;)Z @ 8
Event: 4.582 Thread 0x00007f7cdc177800 Uncommon trap: reason=class_check action=maybe_recompile pc=0x00007f7cd909e048 method=com.sun.org.apache.xerces.internal.impl.XMLDocumentScannerImpl.next()I @ 4
Event: 4.854 Thread 0x00007f7cdc177800 Uncommon trap: reason=null_check action=make_not_entrant pc=0x00007f7cd90acd44 method=com.thoughtworks.xstream.core.util.WeakCache.get(Ljava/lang/Object;)Ljava/lang/Object; @ 10
Event: 5.149 Thread 0x00007f7cdc177800 Uncommon trap: reason=predicate action=maybe_recompile pc=0x00007f7cd90a3b54 method=java.util.ArrayList.indexOf(Ljava/lang/Object;)I @ 44
Event: 5.193 Thread 0x00007f7cdc177800 Uncommon trap: reason=unreached action=reinterpret pc=0x00007f7cd90b1f30 method=com.thoughtworks.xstream.io.xml.XmlFriendlyNameCoder.encodeName(Ljava/lang/String;)Ljava/lang/String; @ 15
Event: 5.214 Thread 0x00007f7cdc177800 Uncommon trap: reason=class_check action=maybe_recompile pc=0x00007f7cd909e048 method=com.sun.org.apache.xerces.internal.impl.XMLDocumentScannerImpl.next()I @ 4
Event: 5.214 Thread 0x00007f7cdc177800 Uncommon trap: reason=class_check action=maybe_recompile pc=0x00007f7cd909e048 method=com.sun.org.apache.xerces.internal.impl.XMLDocumentScannerImpl.next()I @ 4
Event: 5.214 Thread 0x00007f7cdc177800 Uncommon trap: reason=null_check action=make_not_entrant pc=0x00007f7cd9092098 method=com.sun.org.apache.xerces.internal.dom.DeferredDocumentImpl.clearChunkValue([[Ljava/lang/Object;II)Ljava/lang/String; @ 11
Event: 5.215 Thread 0x00007f7cdc177800 Uncommon trap: reason=class_check action=maybe_recompile pc=0x00007f7cd909e048 method=com.sun.org.apache.xerces.internal.impl.XMLDocumentScannerImpl.next()I @ 4

Internal exceptions (10 events):
Event: 4.692 Thread 0x00007f7cdc177800 Threw 0x00000007d73e5ae8 at /HUDSON/workspace/7u-2-build-linux-amd64@2/jdk7u51/527/hotspot/src/share/vm/prims/jvm.cpp:1244
Event: 4.693 Thread 0x00007f7cdc177800 Threw 0x00000007d73e7be0 at /HUDSON/workspace/7u-2-build-linux-amd64@2/jdk7u51/527/hotspot/src/share/vm/prims/jvm.cpp:1244
Event: 4.694 Thread 0x00007f7cdc177800 Threw 0x00000007d73ea480 at /HUDSON/workspace/7u-2-build-linux-amd64@2/jdk7u51/527/hotspot/src/share/vm/prims/jvm.cpp:1244
Event: 4.694 Thread 0x00007f7cdc177800 Threw 0x00000007d73ec520 at /HUDSON/workspace/7u-2-build-linux-amd64@2/jdk7u51/527/hotspot/src/share/vm/prims/jvm.cpp:1244
Event: 4.698 Thread 0x00007f7cdc177800 Threw 0x00000007d73f3098 at /HUDSON/workspace/7u-2-build-linux-amd64@2/jdk7u51/527/hotspot/src/share/vm/prims/jvm.cpp:1244
Event: 4.854 Thread 0x00007f7cdc177800 Implicit null exception at 0x00007f7cd90ac68c to 0x00007f7cd90acd35
Event: 5.086 Thread 0x00007f7cdc177800 Threw 0x00000007d6bec6c0 at /HUDSON/workspace/7u-2-build-linux-amd64@2/jdk7u51/527/hotspot/src/share/vm/prims/jvm.cpp:1244
Event: 5.095 Thread 0x00007f7cdc177800 Threw 0x00000007d6bfe680 at /HUDSON/workspace/7u-2-build-linux-amd64@2/jdk7u51/527/hotspot/src/share/vm/prims/jvm.cpp:1244
Event: 5.155 Thread 0x00007f7cdc177800 Threw 0x00000007d6cffa48 at /HUDSON/workspace/7u-2-build-linux-amd64@2/jdk7u51/527/hotspot/src/share/vm/prims/jvm.cpp:1244
Event: 5.214 Thread 0x00007f7cdc177800 Implicit null exception at 0x00007f7cd9091e1a to 0x00007f7cd9092081

Events (10 events):
Event: 5.230 loading class 0x00007f7c880ac8a0
Event: 5.230 loading class 0x00007f7c880ac8a0 done
Event: 5.250 loading class 0x00007f7c9c0bcaf0
Event: 5.250 loading class 0x00007f7c9c0bcaf0 done
Event: 5.251 loading class 0x00007f7c88069c90
Event: 5.251 loading class 0x00007f7c88069c90 done
Event: 5.258 loading class 0x00007f7cdc16c8f0
Event: 5.258 loading class 0x00007f7cdc16c8f0 done
Event: 5.258 loading class 0x00007f7ca0034670
Event: 5.258 loading class 0x00007f7ca0034670 done


Dynamic libraries:
00400000-00401000 r-xp 00000000 09:02 1851940                            /usr/java/jdk1.7.0_51/bin/java
00600000-00601000 rw-p 00000000 09:02 1851940                            /usr/java/jdk1.7.0_51/bin/java
01a62000-01a83000 rw-p 00000000 00:00 0                                  [heap]
77dc00000-77f100000 rw-p 00000000 00:00 0 
77f100000-782e00000 rw-p 00000000 00:00 0 
782e00000-788100000 rw-p 00000000 00:00 0 
788100000-7d6480000 rw-p 00000000 00:00 0 
7d6480000-7d8e80000 rw-p 00000000 00:00 0 
7d8e80000-800000000 rw-p 00000000 00:00 0 
3fb9200000-3fb9220000 r-xp 00000000 09:02 399595                         /lib64/ld-2.12.so
3fb941f000-3fb9420000 r--p 0001f000 09:02 399595                         /lib64/ld-2.12.so
3fb9420000-3fb9421000 rw-p 00020000 09:02 399595                         /lib64/ld-2.12.so
3fb9421000-3fb9422000 rw-p 00000000 00:00 0 
3fb9600000-3fb9683000 r-xp 00000000 09:02 399600                         /lib64/libm-2.12.so
3fb9683000-3fb9882000 ---p 00083000 09:02 399600                         /lib64/libm-2.12.so
3fb9882000-3fb9883000 r--p 00082000 09:02 399600                         /lib64/libm-2.12.so
3fb9883000-3fb9884000 rw-p 00083000 09:02 399600                         /lib64/libm-2.12.so
3fb9a00000-3fb9b8b000 r-xp 00000000 09:02 399596                         /lib64/libc-2.12.so
3fb9b8b000-3fb9d8a000 ---p 0018b000 09:02 399596                         /lib64/libc-2.12.so
3fb9d8a000-3fb9d8e000 r--p 0018a000 09:02 399596                         /lib64/libc-2.12.so
3fb9d8e000-3fb9d8f000 rw-p 0018e000 09:02 399596                         /lib64/libc-2.12.so
3fb9d8f000-3fb9d94000 rw-p 00000000 00:00 0 
3fb9e00000-3fb9e17000 r-xp 00000000 09:02 399598                         /lib64/libpthread-2.12.so
3fb9e17000-3fba017000 ---p 00017000 09:02 399598                         /lib64/libpthread-2.12.so
3fba017000-3fba018000 r--p 00017000 09:02 399598                         /lib64/libpthread-2.12.so
3fba018000-3fba019000 rw-p 00018000 09:02 399598                         /lib64/libpthread-2.12.so
3fba019000-3fba01d000 rw-p 00000000 00:00 0 
3fba200000-3fba202000 r-xp 00000000 09:02 399599                         /lib64/libdl-2.12.so
3fba202000-3fba402000 ---p 00002000 09:02 399599                         /lib64/libdl-2.12.so
3fba402000-3fba403000 r--p 00002000 09:02 399599                         /lib64/libdl-2.12.so
3fba403000-3fba404000 rw-p 00003000 09:02 399599                         /lib64/libdl-2.12.so
3fbaa00000-3fbaa07000 r-xp 00000000 09:02 399602                         /lib64/librt-2.12.so
3fbaa07000-3fbac06000 ---p 00007000 09:02 399602                         /lib64/librt-2.12.so
3fbac06000-3fbac07000 r--p 00006000 09:02 399602                         /lib64/librt-2.12.so
3fbac07000-3fbac08000 rw-p 00007000 09:02 399602                         /lib64/librt-2.12.so
3fbc600000-3fbc61d000 r-xp 00000000 09:02 1736896                        /usr/lib64/libxcb.so.1.1.0
3fbc61d000-3fbc81d000 ---p 0001d000 09:02 1736896                        /usr/lib64/libxcb.so.1.1.0
3fbc81d000-3fbc81e000 rw-p 0001d000 09:02 1736896                        /usr/lib64/libxcb.so.1.1.0
3fbca00000-3fbcb37000 r-xp 00000000 09:02 1736897                        /usr/lib64/libX11.so.6.3.0
3fbcb37000-3fbcd37000 ---p 00137000 09:02 1736897                        /usr/lib64/libX11.so.6.3.0
3fbcd37000-3fbcd3d000 rw-p 00137000 09:02 1736897                        /usr/lib64/libX11.so.6.3.0
3fbce00000-3fbce02000 r-xp 00000000 09:02 1736895                        /usr/lib64/libXau.so.6.0.0
3fbce02000-3fbd002000 ---p 00002000 09:02 1736895                        /usr/lib64/libXau.so.6.0.0
3fbd002000-3fbd003000 rw-p 00002000 09:02 1736895                        /usr/lib64/libXau.so.6.0.0
3fbde00000-3fbde12000 r-xp 00000000 09:02 1736903                        /usr/lib64/libXext.so.6.4.0
3fbde12000-3fbe012000 ---p 00012000 09:02 1736903                        /usr/lib64/libXext.so.6.4.0
3fbe012000-3fbe013000 rw-p 00012000 09:02 1736903                        /usr/lib64/libXext.so.6.4.0
3fbea00000-3fbea09000 r-xp 00000000 09:02 1736898                        /usr/lib64/libXrender.so.1.3.0
3fbea09000-3fbec09000 ---p 00009000 09:02 1736898                        /usr/lib64/libXrender.so.1.3.0
3fbec09000-3fbec0a000 rw-p 00009000 09:02 1736898                        /usr/lib64/libXrender.so.1.3.0
3fbee00000-3fbee0e000 r-xp 00000000 09:02 1736905                        /usr/lib64/libXi.so.6.1.0
3fbee0e000-3fbf00e000 ---p 0000e000 09:02 1736905                        /usr/lib64/libXi.so.6.1.0
3fbf00e000-3fbf00f000 rw-p 0000e000 09:02 1736905                        /usr/lib64/libXi.so.6.1.0
3fc0a00000-3fc0a05000 r-xp 00000000 09:02 1736907                        /usr/lib64/libXfixes.so.3.1.0
3fc0a05000-3fc0c05000 ---p 00005000 09:02 1736907                        /usr/lib64/libXfixes.so.3.1.0
3fc0c05000-3fc0c06000 rw-p 00005000 09:02 1736907                        /usr/lib64/libXfixes.so.3.1.0
3fc2600000-3fc2609000 r-xp 00000000 09:02 1736908                        /usr/lib64/libXcursor.so.1.0.2
3fc2609000-3fc2809000 ---p 00009000 09:02 1736908                        /usr/lib64/libXcursor.so.1.0.2
3fc2809000-3fc280a000 rw-p 00009000 09:02 1736908                        /usr/lib64/libXcursor.so.1.0.2
3fc5e00000-3fc5e16000 r-xp 00000000 09:02 399616                         /lib64/libgcc_s-4.4.7-20120601.so.1
3fc5e16000-3fc6015000 ---p 00016000 09:02 399616                         /lib64/libgcc_s-4.4.7-20120601.so.1
3fc6015000-3fc6016000 rw-p 00015000 09:02 399616                         /lib64/libgcc_s-4.4.7-20120601.so.1
3fc8600000-3fc8605000 r-xp 00000000 09:02 1718247                        /usr/lib64/libXtst.so.6.1.0
3fc8605000-3fc8805000 ---p 00005000 09:02 1718247                        /usr/lib64/libXtst.so.6.1.0
3fc8805000-3fc8806000 rw-p 00005000 09:02 1718247                        /usr/lib64/libXtst.so.6.1.0
7f7c7c000000-7f7c7c021000 rw-p 00000000 00:00 0 
7f7c7c021000-7f7c80000000 ---p 00000000 00:00 0 
7f7c80000000-7f7c80021000 rw-p 00000000 00:00 0 
7f7c80021000-7f7c84000000 ---p 00000000 00:00 0 
7f7c84000000-7f7c84021000 rw-p 00000000 00:00 0 
7f7c84021000-7f7c88000000 ---p 00000000 00:00 0 
7f7c88000000-7f7c88445000 rw-p 00000000 00:00 0 
7f7c88445000-7f7c8c000000 ---p 00000000 00:00 0 
7f7c8c000000-7f7c8c021000 rw-p 00000000 00:00 0 
7f7c8c021000-7f7c90000000 ---p 00000000 00:00 0 
7f7c90000000-7f7c90021000 rw-p 00000000 00:00 0 
7f7c90021000-7f7c94000000 ---p 00000000 00:00 0 
7f7c94000000-7f7c94021000 rw-p 00000000 00:00 0 
7f7c94021000-7f7c98000000 ---p 00000000 00:00 0 
7f7c98000000-7f7c98021000 rw-p 00000000 00:00 0 
7f7c98021000-7f7c9c000000 ---p 00000000 00:00 0 
7f7c9c000000-7f7c9c6ca000 rw-p 00000000 00:00 0 
7f7c9c6ca000-7f7ca0000000 ---p 00000000 00:00 0 
7f7ca0000000-7f7ca0539000 rw-p 00000000 00:00 0 
7f7ca0539000-7f7ca4000000 ---p 00000000 00:00 0 
7f7ca4000000-7f7ca4021000 rw-p 00000000 00:00 0 
7f7ca4021000-7f7ca8000000 ---p 00000000 00:00 0 
7f7caa16f000-7f7cb0000000 r--p 00000000 09:02 1705722                    /usr/lib/locale/locale-archive
7f7cb0000000-7f7cb0021000 rw-p 00000000 00:00 0 
7f7cb0021000-7f7cb4000000 ---p 00000000 00:00 0 
7f7cb4000000-7f7cb4021000 rw-p 00000000 00:00 0 
7f7cb4021000-7f7cb8000000 ---p 00000000 00:00 0 
7f7cb8000000-7f7cb8021000 rw-p 00000000 00:00 0 
7f7cb8021000-7f7cbc000000 ---p 00000000 00:00 0 
7f7cbfee0000-7f7cc4000000 rw-p 00000000 00:00 0 
7f7cc4000000-7f7cc4021000 rw-p 00000000 00:00 0 
7f7cc4021000-7f7cc8000000 ---p 00000000 00:00 0 
7f7cc9f3d000-7f7cca0a8000 rw-p 00000000 00:00 0 
7f7cca0a8000-7f7cca0ab000 ---p 00000000 00:00 0 
7f7cca0ab000-7f7cca1a9000 rw-p 00000000 00:00 0 
7f7cca1a9000-7f7cca1ac000 ---p 00000000 00:00 0 
7f7cca1ac000-7f7cca2aa000 rw-p 00000000 00:00 0 
7f7cca2aa000-7f7cca312000 r-xp 00000000 09:02 1852112                    /usr/java/jdk1.7.0_51/jre/lib/amd64/libt2k.so
7f7cca312000-7f7cca512000 ---p 00068000 09:02 1852112                    /usr/java/jdk1.7.0_51/jre/lib/amd64/libt2k.so
7f7cca512000-7f7cca519000 rw-p 00068000 09:02 1852112                    /usr/java/jdk1.7.0_51/jre/lib/amd64/libt2k.so
7f7cca519000-7f7cca529000 rw-p 00000000 00:00 0 
7f7cca529000-7f7cca539000 r-xp 00000000 09:02 1852104                    /usr/java/jdk1.7.0_51/jre/lib/amd64/libnio.so
7f7cca539000-7f7cca739000 ---p 00010000 09:02 1852104                    /usr/java/jdk1.7.0_51/jre/lib/amd64/libnio.so
7f7cca739000-7f7cca73a000 rw-p 00010000 09:02 1852104                    /usr/java/jdk1.7.0_51/jre/lib/amd64/libnio.so
7f7cca73a000-7f7cca750000 r-xp 00000000 09:02 1852103                    /usr/java/jdk1.7.0_51/jre/lib/amd64/libnet.so
7f7cca750000-7f7cca950000 ---p 00016000 09:02 1852103                    /usr/java/jdk1.7.0_51/jre/lib/amd64/libnet.so
7f7cca950000-7f7cca951000 rw-p 00016000 09:02 1852103                    /usr/java/jdk1.7.0_51/jre/lib/amd64/libnet.so
7f7cca951000-7f7cca9b6000 r-xp 00000000 09:02 1852075                    /usr/java/jdk1.7.0_51/jre/lib/amd64/libfontmanager.so
7f7cca9b6000-7f7ccabb5000 ---p 00065000 09:02 1852075                    /usr/java/jdk1.7.0_51/jre/lib/amd64/libfontmanager.so
7f7ccabb5000-7f7ccabb9000 rw-p 00064000 09:02 1852075                    /usr/java/jdk1.7.0_51/jre/lib/amd64/libfontmanager.so
7f7ccabb9000-7f7ccabca000 rw-p 00000000 00:00 0 
7f7ccabca000-7f7ccabcd000 ---p 00000000 00:00 0 
7f7ccabcd000-7f7ccaccb000 rw-p 00000000 00:00 0 
7f7ccaccb000-7f7ccacce000 ---p 00000000 00:00 0 
7f7ccacce000-7f7ccadcc000 rw-p 00000000 00:00 0 
7f7ccadcc000-7f7ccadcf000 ---p 00000000 00:00 0 
7f7ccadcf000-7f7ccaecd000 rw-p 00000000 00:00 0 
7f7ccaecd000-7f7ccaed0000 ---p 00000000 00:00 0 
7f7ccaed0000-7f7ccafce000 rw-p 00000000 00:00 0 
7f7ccafce000-7f7ccb01e000 r-xp 00000000 09:02 1852121                    /usr/java/jdk1.7.0_51/jre/lib/amd64/xawt/libmawt.so
7f7ccb01e000-7f7ccb21e000 ---p 00050000 09:02 1852121                    /usr/java/jdk1.7.0_51/jre/lib/amd64/xawt/libmawt.so
7f7ccb21e000-7f7ccb222000 rw-p 00050000 09:02 1852121                    /usr/java/jdk1.7.0_51/jre/lib/amd64/xawt/libmawt.so
7f7ccb222000-7f7ccb223000 rw-p 00000000 00:00 0 
7f7ccb223000-7f7ccb2c5000 r-xp 00000000 09:02 1852071                    /usr/java/jdk1.7.0_51/jre/lib/amd64/libawt.so
7f7ccb2c5000-7f7ccb4c5000 ---p 000a2000 09:02 1852071                    /usr/java/jdk1.7.0_51/jre/lib/amd64/libawt.so
7f7ccb4c5000-7f7ccb4d1000 rw-p 000a2000 09:02 1852071                    /usr/java/jdk1.7.0_51/jre/lib/amd64/libawt.so
7f7ccb4d1000-7f7ccb4f5000 rw-p 00000000 00:00 0 
7f7ccb4f5000-7f7ccb4f6000 ---p 00000000 00:00 0 
7f7ccb4f6000-7f7ccb5f6000 rw-p 00000000 00:00 0 
7f7ccb5f6000-7f7ccb5f9000 ---p 00000000 00:00 0 
7f7ccb5f9000-7f7ccb6f7000 rw-p 00000000 00:00 0 
7f7ccb6f7000-7f7ccb6fa000 ---p 00000000 00:00 0 
7f7ccb6fa000-7f7ccb7f8000 rw-p 00000000 00:00 0 
7f7ccb7f8000-7f7ccb7fb000 ---p 00000000 00:00 0 
7f7ccb7fb000-7f7ccb8f9000 rw-p 00000000 00:00 0 
7f7ccb8f9000-7f7ccb8fc000 ---p 00000000 00:00 0 
7f7ccb8fc000-7f7ccb9fa000 rw-p 00000000 00:00 0 
7f7ccb9fa000-7f7ccb9fd000 ---p 00000000 00:00 0 
7f7ccb9fd000-7f7ccbafb000 rw-p 00000000 00:00 0 
7f7ccbafb000-7f7ccbafe000 ---p 00000000 00:00 0 
7f7ccbafe000-7f7ccbbfc000 rw-p 00000000 00:00 0 
7f7ccbbfc000-7f7ccbbfd000 ---p 00000000 00:00 0 
7f7ccbbfd000-7f7ccc000000 rw-p 00000000 00:00 0 
7f7ccc000000-7f7ccc021000 rw-p 00000000 00:00 0 
7f7ccc021000-7f7cd0000000 ---p 00000000 00:00 0 
7f7cd0000000-7f7cd0021000 rw-p 00000000 00:00 0 
7f7cd0021000-7f7cd4000000 ---p 00000000 00:00 0 
7f7cd4000000-7f7cd4021000 rw-p 00000000 00:00 0 
7f7cd4021000-7f7cd8000000 ---p 00000000 00:00 0 
7f7cd801a000-7f7cd8025000 r--s 000af000 09:02 1852359                    /usr/java/jdk1.7.0_51/jre/lib/resources.jar
7f7cd8025000-7f7cd8045000 rw-s 00000000 00:04 13828122                   /SYSV00000000 (deleted)
7f7cd8045000-7f7cd8d72000 rw-p 00000000 00:00 0 
7f7cd8d72000-7f7cd8f2f000 r--s 039bf000 09:02 1852817                    /usr/java/jdk1.7.0_51/jre/lib/rt.jar
7f7cd8f2f000-7f7cd9000000 rw-p 00000000 00:00 0 
7f7cd9000000-7f7cd9270000 rwxp 00000000 00:00 0 
7f7cd9270000-7f7cdc191000 rw-p 00000000 00:00 0 
7f7cdc191000-7f7ce0000000 ---p 00000000 00:00 0 
7f7ce0009000-7f7ce0015000 r--s 0006a000 00:13 193274032643               /auto/users/lindell/classes/git/record_indexer/lib/xstream-1.4.2.jar
7f7ce0015000-7f7ce001a000 r--s 00309000 00:13 193274032642               /auto/users/lindell/classes/git/record_indexer/lib/sqlite-jdbc-3.7.2.jar
7f7ce001a000-7f7ce047d000 rw-p 00000000 00:00 0 
7f7ce047d000-7f7ce047e000 ---p 00000000 00:00 0 
7f7ce047e000-7f7ce057e000 rw-p 00000000 00:00 0 
7f7ce057e000-7f7ce057f000 ---p 00000000 00:00 0 
7f7ce057f000-7f7ce067f000 rw-p 00000000 00:00 0 
7f7ce067f000-7f7ce0680000 ---p 00000000 00:00 0 
7f7ce0680000-7f7ce0780000 rw-p 00000000 00:00 0 
7f7ce0780000-7f7ce0781000 ---p 00000000 00:00 0 
7f7ce0781000-7f7ce088c000 rw-p 00000000 00:00 0 
7f7ce088c000-7f7ce08aa000 rw-p 00000000 00:00 0 
7f7ce08aa000-7f7ce08d4000 rw-p 00000000 00:00 0 
7f7ce08d4000-7f7ce0b46000 rw-p 00000000 00:00 0 
7f7ce0b46000-7f7ce0b51000 rw-p 00000000 00:00 0 
7f7ce0b51000-7f7ce0b6f000 rw-p 00000000 00:00 0 
7f7ce0b6f000-7f7ce0b99000 rw-p 00000000 00:00 0 
7f7ce0b99000-7f7ce0e0a000 rw-p 00000000 00:00 0 
7f7ce0e0a000-7f7ce0e20000 rw-p 00000000 00:00 0 
7f7ce0e20000-7f7ce0f58000 rw-p 00000000 00:00 0 
7f7ce0f58000-7f7ce0f63000 rw-p 00000000 00:00 0 
7f7ce0f63000-7f7ce1019000 rw-p 00000000 00:00 0 
7f7ce1019000-7f7ce1033000 r-xp 00000000 09:02 1852115                    /usr/java/jdk1.7.0_51/jre/lib/amd64/libzip.so
7f7ce1033000-7f7ce1233000 ---p 0001a000 09:02 1852115                    /usr/java/jdk1.7.0_51/jre/lib/amd64/libzip.so
7f7ce1233000-7f7ce1234000 rw-p 0001a000 09:02 1852115                    /usr/java/jdk1.7.0_51/jre/lib/amd64/libzip.so
7f7ce1234000-7f7ce18b2000 r--s 00000000 09:02 1048685                    /var/lib/sss/mc/passwd
7f7ce18b2000-7f7ce18b9000 r-xp 00000000 09:02 393435                     /lib64/libnss_sss.so.2
7f7ce18b9000-7f7ce1ab9000 ---p 00007000 09:02 393435                     /lib64/libnss_sss.so.2
7f7ce1ab9000-7f7ce1aba000 rw-p 00007000 09:02 393435                     /lib64/libnss_sss.so.2
7f7ce1aba000-7f7ce1ac6000 r-xp 00000000 09:02 393246                     /lib64/libnss_files-2.12.so
7f7ce1ac6000-7f7ce1cc6000 ---p 0000c000 09:02 393246                     /lib64/libnss_files-2.12.so
7f7ce1cc6000-7f7ce1cc7000 r--p 0000c000 09:02 393246                     /lib64/libnss_files-2.12.so
7f7ce1cc7000-7f7ce1cc8000 rw-p 0000d000 09:02 393246                     /lib64/libnss_files-2.12.so
7f7ce1ccc000-7f7ce1cd2000 r--s 00034000 00:13 193274032641               /auto/users/lindell/classes/git/record_indexer/lib/junit-4.8.2.jar
7f7ce1cd2000-7f7ce1cd6000 r--s 0002a000 00:13 197579983280               /auto/users/lindell/classes/git/record_indexer/lib/commons-io-2.4.jar
7f7ce1cd6000-7f7ce1cdd000 r--s 000aa000 00:13 77321292650                /auto/users/lindell/classes/git/record_indexer/lib/commons-io-2.4-javadoc.jar
7f7ce1cdd000-7f7ce1d06000 r-xp 00000000 09:02 1852085                    /usr/java/jdk1.7.0_51/jre/lib/amd64/libjava.so
7f7ce1d06000-7f7ce1f06000 ---p 00029000 09:02 1852085                    /usr/java/jdk1.7.0_51/jre/lib/amd64/libjava.so
7f7ce1f06000-7f7ce1f08000 rw-p 00029000 09:02 1852085                    /usr/java/jdk1.7.0_51/jre/lib/amd64/libjava.so
7f7ce1f08000-7f7ce1f15000 r-xp 00000000 09:02 1852114                    /usr/java/jdk1.7.0_51/jre/lib/amd64/libverify.so
7f7ce1f15000-7f7ce2114000 ---p 0000d000 09:02 1852114                    /usr/java/jdk1.7.0_51/jre/lib/amd64/libverify.so
7f7ce2114000-7f7ce2116000 rw-p 0000c000 09:02 1852114                    /usr/java/jdk1.7.0_51/jre/lib/amd64/libverify.so
7f7ce2116000-7f7ce2119000 ---p 00000000 00:00 0 
7f7ce2119000-7f7ce2217000 rw-p 00000000 00:00 0 
7f7ce2217000-7f7ce2d79000 r-xp 00000000 09:02 1852119                    /usr/java/jdk1.7.0_51/jre/lib/amd64/server/libjvm.so
7f7ce2d79000-7f7ce2f79000 ---p 00b62000 09:02 1852119                    /usr/java/jdk1.7.0_51/jre/lib/amd64/server/libjvm.so
7f7ce2f79000-7f7ce303c000 rw-p 00b62000 09:02 1852119                    /usr/java/jdk1.7.0_51/jre/lib/amd64/server/libjvm.so
7f7ce303c000-7f7ce3080000 rw-p 00000000 00:00 0 
7f7ce3080000-7f7ce3096000 r-xp 00000000 09:02 145503                     /usr/java/jdk1.7.0_51/lib/amd64/jli/libjli.so
7f7ce3096000-7f7ce3296000 ---p 00016000 09:02 145503                     /usr/java/jdk1.7.0_51/lib/amd64/jli/libjli.so
7f7ce3296000-7f7ce3297000 rw-p 00016000 09:02 145503                     /usr/java/jdk1.7.0_51/lib/amd64/jli/libjli.so
7f7ce3297000-7f7ce3298000 rw-p 00000000 00:00 0 
7f7ce3299000-7f7ce329b000 rw-p 00000000 00:00 0 
7f7ce329b000-7f7ce329d000 r--s 0000c000 00:13 21489152252                /auto/users/lindell/bin/eclipse/plugins/org.hamcrest.core_1.3.0.v201303031735.jar
7f7ce329d000-7f7ce32a3000 r--s 00036000 00:13 120261783877               /auto/users/lindell/bin/eclipse/plugins/org.junit_4.11.0.v201303080030/junit.jar
7f7ce32a3000-7f7ce32ab000 rw-s 00000000 09:03 7602179                    /tmp/hsperfdata_lindell/18605
7f7ce32ab000-7f7ce32ac000 rw-p 00000000 00:00 0 
7f7ce32ac000-7f7ce32ad000 r--p 00000000 00:00 0 
7f7ce32ad000-7f7ce32ae000 rw-p 00000000 00:00 0 
7fff0dc73000-7fff0dc88000 rw-p 00000000 00:00 0                          [stack]
7fff0ddff000-7fff0de00000 r-xp 00000000 00:00 0                          [vdso]
ffffffffff600000-ffffffffff601000 r-xp 00000000 00:00 0                  [vsyscall]

VM Arguments:
jvm_args: -Dfile.encoding=UTF-8 
java_command: client.gui.RecordIndexer localhost 39640
Launcher Type: SUN_STANDARD

Environment Variables:
PATH=/auto/users/lindell/bin/eclipse:/auto/users/lindell/bin:/auto/app/anaconda/envs/py34/bin:/usr/lib64/qt-3.3/bin:/usr/local/bin:/usr/bin:/bin:/usr/local/sbin:/usr/sbin:/sbin
USERNAME=lindell
SHELL=/bin/bash
DISPLAY=:0.0

Signal Handlers:
SIGSEGV: [libjvm.so+0x993870], sa_mask[0]=0x7ffbfeff, sa_flags=0x10000004
SIGBUS: [libjvm.so+0x993870], sa_mask[0]=0x7ffbfeff, sa_flags=0x10000004
SIGFPE: [libjvm.so+0x8105b0], sa_mask[0]=0x7ffbfeff, sa_flags=0x10000004
SIGPIPE: [libjvm.so+0x8105b0], sa_mask[0]=0x7ffbfeff, sa_flags=0x10000004
SIGXFSZ: [libjvm.so+0x8105b0], sa_mask[0]=0x7ffbfeff, sa_flags=0x10000004
SIGILL: [libjvm.so+0x8105b0], sa_mask[0]=0x7ffbfeff, sa_flags=0x10000004
SIGUSR1: SIG_DFL, sa_mask[0]=0x00000000, sa_flags=0x00000000
SIGUSR2: [libjvm.so+0x811aa0], sa_mask[0]=0x00000004, sa_flags=0x10000004
SIGHUP: [libjvm.so+0x812a10], sa_mask[0]=0x7ffbfeff, sa_flags=0x10000004
SIGINT: [libjvm.so+0x812a10], sa_mask[0]=0x7ffbfeff, sa_flags=0x10000004
SIGTERM: [libjvm.so+0x812a10], sa_mask[0]=0x7ffbfeff, sa_flags=0x10000004
SIGQUIT: [libjvm.so+0x812a10], sa_mask[0]=0x7ffbfeff, sa_flags=0x10000004


---------------  S Y S T E M  ---------------

OS:Red Hat Enterprise Linux Server release 6.5 (Santiago)

uname:Linux 2.6.32-431.17.1.el6.x86_64 #1 SMP Fri Apr 11 17:27:00 EDT 2014 x86_64
libc:glibc 2.12 NPTL 2.12 
rlimit: STACK 10240k, CORE 0k, NPROC 1024, NOFILE 4096, AS infinity
load average:0.70 0.53 0.44

/proc/meminfo:
MemTotal:        8193028 kB
MemFree:         5507028 kB
Buffers:           81848 kB
Cached:           825760 kB
SwapCached:            0 kB
Active:          1771468 kB
Inactive:         669516 kB
Active(anon):    1534100 kB
Inactive(anon):     6860 kB
Active(file):     237368 kB
Inactive(file):   662656 kB
Unevictable:           0 kB
Mlocked:               0 kB
SwapTotal:       8387576 kB
SwapFree:        8387576 kB
Dirty:              1420 kB
Writeback:             0 kB
AnonPages:       1502644 kB
Mapped:           199168 kB
Shmem:              7544 kB
Slab:              82560 kB
SReclaimable:      38516 kB
SUnreclaim:        44044 kB
KernelStack:        4008 kB
PageTables:        42800 kB
NFS_Unstable:          0 kB
Bounce:                0 kB
WritebackTmp:          0 kB
CommitLimit:    12484088 kB
Committed_AS:    3286876 kB
VmallocTotal:   34359738367 kB
VmallocUsed:       66620 kB
VmallocChunk:   34353958908 kB
HardwareCorrupted:     0 kB
AnonHugePages:    956416 kB
HugePages_Total:       0
HugePages_Free:        0
HugePages_Rsvd:        0
HugePages_Surp:        0
Hugepagesize:       2048 kB
DirectMap4k:      104420 kB
DirectMap2M:     8284160 kB


CPU:total 4 (2 cores per cpu, 1 threads per core) family 15 model 33 stepping 2, cmov, cx8, fxsr, mmx, sse, sse2, sse3, mmxext, 3dnowpref, tsc

/proc/cpuinfo:
processor	: 0
vendor_id	: AuthenticAMD
cpu family	: 15
model		: 33
model name	: Dual Core AMD Opteron(tm) Processor 270
stepping	: 2
cpu MHz		: 1994.715
cache size	: 1024 KB
physical id	: 0
siblings	: 2
core id		: 0
cpu cores	: 2
apicid		: 0
initial apicid	: 0
fpu		: yes
fpu_exception	: yes
cpuid level	: 1
wp		: yes
flags		: fpu vme de pse tsc msr pae mce cx8 apic sep mtrr pge mca cmov pat pse36 clflush mmx fxsr sse sse2 ht syscall nx mmxext fxsr_opt lm 3dnowext 3dnow rep_good pni lahf_lm cmp_legacy
bogomips	: 3989.43
TLB size	: 1024 4K pages
clflush size	: 64
cache_alignment	: 64
address sizes	: 40 bits physical, 48 bits virtual
power management: ts fid vid ttp

processor	: 1
vendor_id	: AuthenticAMD
cpu family	: 15
model		: 33
model name	: Dual Core AMD Opteron(tm) Processor 270
stepping	: 2
cpu MHz		: 1994.715
cache size	: 1024 KB
physical id	: 0
siblings	: 2
core id		: 1
cpu cores	: 2
apicid		: 1
initial apicid	: 1
fpu		: yes
fpu_exception	: yes
cpuid level	: 1
wp		: yes
flags		: fpu vme de pse tsc msr pae mce cx8 apic sep mtrr pge mca cmov pat pse36 clflush mmx fxsr sse sse2 ht syscall nx mmxext fxsr_opt lm 3dnowext 3dnow rep_good pni lahf_lm cmp_legacy
bogomips	: 3988.56
TLB size	: 1024 4K pages
clflush size	: 64
cache_alignment	: 64
address sizes	: 40 bits physical, 48 bits virtual
power management: ts fid vid ttp

processor	: 2
vendor_id	: AuthenticAMD
cpu family	: 15
model		: 33
model name	: Dual Core AMD Opteron(tm) Processor 270
stepping	: 2
cpu MHz		: 1994.715
cache size	: 1024 KB
physical id	: 1
siblings	: 2
core id		: 0
cpu cores	: 2
apicid		: 2
initial apicid	: 2
fpu		: yes
fpu_exception	: yes
cpuid level	: 1
wp		: yes
flags		: fpu vme de pse tsc msr pae mce cx8 apic sep mtrr pge mca cmov pat pse36 clflush mmx fxsr sse sse2 ht syscall nx mmxext fxsr_opt lm 3dnowext 3dnow rep_good pni lahf_lm cmp_legacy
bogomips	: 3988.58
TLB size	: 1024 4K pages
clflush size	: 64
cache_alignment	: 64
address sizes	: 40 bits physical, 48 bits virtual
power management: ts fid vid ttp

processor	: 3
vendor_id	: AuthenticAMD
cpu family	: 15
model		: 33
model name	: Dual Core AMD Opteron(tm) Processor 270
stepping	: 2
cpu MHz		: 1994.715
cache size	: 1024 KB
physical id	: 1
siblings	: 2
core id		: 1
cpu cores	: 2
apicid		: 3
initial apicid	: 3
fpu		: yes
fpu_exception	: yes
cpuid level	: 1
wp		: yes
flags		: fpu vme de pse tsc msr pae mce cx8 apic sep mtrr pge mca cmov pat pse36 clflush mmx fxsr sse sse2 ht syscall nx mmxext fxsr_opt lm 3dnowext 3dnow rep_good pni lahf_lm cmp_legacy
bogomips	: 3988.58
TLB size	: 1024 4K pages
clflush size	: 64
cache_alignment	: 64
address sizes	: 40 bits physical, 48 bits virtual
power management: ts fid vid ttp



Memory: 4k page, physical 8193028k(5507028k free), swap 8387576k(8387576k free)

vm_info: Java HotSpot(TM) 64-Bit Server VM (24.51-b03) for linux-amd64 JRE (1.7.0_51-b13), built on Dec 18 2013 18:48:01 by "java_re" with gcc 4.3.0 20080428 (Red Hat 4.3.0-8)

time: Sat Jun 14 22:35:03 2014
elapsed time: 5 seconds

