#
# A fatal error has been detected by the Java Runtime Environment:
#
#  SIGSEGV (0xb) at pc=0x00007f3f5fd5ede7, pid=16437, tid=139910162769664
#
# JRE version: Java(TM) SE Runtime Environment (7.0_51-b13) (build 1.7.0_51-b13)
# Java VM: Java HotSpot(TM) 64-Bit Server VM (24.51-b03 mixed mode linux-amd64 compressed oops)
# Problematic frame:
# C  [libawt.so+0x30de7]  GetSDOps+0x47
#
# Failed to write core dump. Core dumps have been disabled. To enable core dumping, try "ulimit -c unlimited" before starting Java again
#
# If you would like to submit a bug report, please visit:
#   http://bugreport.sun.com/bugreport/crash.jsp
# The crash happened outside the Java Virtual Machine in native code.
# See problematic frame for where to report the bug.
#

---------------  T H R E A D  ---------------

Current thread (0x00007f3f68167800):  JavaThread "AWT-EventQueue-0" [_thread_in_native, id=16460, stack(0x00007f3f5f7d6000,0x00007f3f5f8d7000)]

siginfo:si_signo=SIGSEGV: si_errno=0, si_code=1 (SEGV_MAPERR), si_addr=0x00007f61ac07b380

Registers:
RAX=0x00007f61ac07b360, RBX=0x00007f3f681679e8, RCX=0x00007f3f5f8d21a0, RDX=0x0000000000000042
RSP=0x00007f3f5f8d1f20, RBP=0x00007f3f5f8d1f40, RSI=0x00007f3f5f8d2398, RDI=0x00007f3f681679e8
R8 =0x00007f3f5f8d2388, R9 =0x00000007d86b1300, R10=0x0000000000000050, R11=0x00007f3f6fd48008
R12=0x00007f3f5f8d2398, R13=0x00007f61ac07b360, R14=0x0000000000000001, R15=0x00007f3f5f8d2390
RIP=0x00007f3f5fd5ede7, EFLAGS=0x0000000000010202, CSGSFS=0x0000000000000033, ERR=0x0000000000000004
  TRAPNO=0x000000000000000e

Top of Stack: (sp=0x00007f3f5f8d1f20)
0x00007f3f5f8d1f20:   00007f3f5f8d2388 00007f3f5f8d2380
0x00007f3f5f8d1f30:   00007f3f5f8d2398 00007f3f681679e8
0x00007f3f5f8d1f40:   00007f3f5f8d2220 00007f3f5fd619ab
0x00007f3f5f8d1f50:   000000000000002f 00007f3f5f8d1f08
0x00007f3f5f8d1f60:   00007f3f5f8d1f49 0000000800000002
0x00007f3f5f8d1f70:   00007f3f2800a300 00000007d7141c38
0x00007f3f5f8d1f80:   00007f3f2800a378 00007f3f2800a378
0x00007f3f5f8d1f90:   00007f3f2800a370 00007f3f2800a370
0x00007f3f5f8d1fa0:   00000007fffffffe 00007f3f5f8d21a0
0x00007f3f5f8d1fb0:   0000000000000000 00007f3f68167800
0x00007f3f5f8d1fc0:   407832aaaaaaaaac 40855d5555555556
0x00007f3f5f8d1fd0:   4070955555555555 4080055555555554
0x00007f3f5f8d1fe0:   000000077dc1cd08 0000000000000000
0x00007f3f5f8d1ff0:   00007f3f5f8d20b0 00007f3f6f6e6a39
0x00007f3f5f8d2000:   00007f3f5ffd8a70 00007f3f2800a348
0x00007f3f5f8d2010:   00007f3f5f8d21ef 00007f3f2800a348
0x00007f3f5f8d2020:   00007f3f6fce7e30 0000005000000000
0x00007f3f5f8d2030:   0000000000000026 0000000000000000
0x00007f3f5f8d2040:   0000000000000000 00007f3f2800a020
0x00007f3f5f8d2050:   00007f3f5f8d2070 00007f3f6f7d0379
0x00007f3f5f8d2060:   00007f3f5f8d2080 00007f3f5f8d20a0
0x00007f3f5f8d2070:   00007f3f5f8d2090 00007f3f6f7d0c01
0x00007f3f5f8d2080:   00007f3f5f8d20a0 00007f3f5f8d2100
0x00007f3f5f8d2090:   00007f3f5f8d20e0 00007f3f6f6d25fe
0x00007f3f5f8d20a0:   00007f3f6fcc66d0 00007f3f6812a610
0x00007f3f5f8d20b0:   0000000000000067 000000000000000e
0x00007f3f5f8d20c0:   00007f3f00000000 00007f3f6812a611
0x00007f3f5f8d20d0:   00007f3f68167800 00007f3f2800a348
0x00007f3f5f8d20e0:   00007f3f5f8d21a0 00007f3f6f4f7963
0x00007f3f5f8d20f0:   00007f3f2800a348 00007f3f5f8d23a0
0x00007f3f5f8d2100:   00007f3f6fcf25f0 00007f3f6812a610
0x00007f3f5f8d2110:   0000000000000066 00007f3f6f6e774e 

Instructions: (pc=0x00007f3f5fd5ede7)
0x00007f3f5fd5edc7:   00 00 00 48 8b 07 48 8b 15 ec 00 28 00 ff 90 28
0x00007f3f5fd5edd7:   03 00 00 48 85 c0 49 89 c5 74 2e 45 84 f6 74 11
0x00007f3f5fd5ede7:   48 8b 40 20 48 85 c0 74 08 4c 89 ee 48 89 df ff
0x00007f3f5fd5edf7:   d0 4c 89 e8 48 8b 1c 24 4c 8b 64 24 08 4c 8b 6c 

Register to memory mapping:

RAX=0x00007f61ac07b360 is an unknown value
RBX=0x00007f3f681679e8 is an unknown value
RCX=0x00007f3f5f8d21a0 is pointing into the stack for thread: 0x00007f3f68167800
RDX=0x0000000000000042 is an unknown value
RSP=0x00007f3f5f8d1f20 is pointing into the stack for thread: 0x00007f3f68167800
RBP=0x00007f3f5f8d1f40 is pointing into the stack for thread: 0x00007f3f68167800
RSI=0x00007f3f5f8d2398 is pointing into the stack for thread: 0x00007f3f68167800
RDI=0x00007f3f681679e8 is an unknown value
R8 =0x00007f3f5f8d2388 is pointing into the stack for thread: 0x00007f3f68167800
R9 =0x00000007d86b1300 is an oop
sun.awt.image.BufImgSurfaceData 
 - klass: 'sun/awt/image/BufImgSurfaceData'
R10=0x0000000000000050 is an unknown value
R11=0x00007f3f6fd48008: <offset 0xe3c008> in /usr/java/jdk1.7.0_51/jre/lib/amd64/server/libjvm.so at 0x00007f3f6ef0c000
R12=0x00007f3f5f8d2398 is pointing into the stack for thread: 0x00007f3f68167800
R13=0x00007f61ac07b360 is an unknown value
R14=0x0000000000000001 is an unknown value
R15=0x00007f3f5f8d2390 is pointing into the stack for thread: 0x00007f3f68167800


Stack: [0x00007f3f5f7d6000,0x00007f3f5f8d7000],  sp=0x00007f3f5f8d1f20,  free space=1007k
Native frames: (J=compiled Java code, j=interpreted, Vv=VM code, C=native code)
C  [libawt.so+0x30de7]  GetSDOps+0x47
C  [libawt.so+0x339ab]  Java_sun_java2d_loops_ScaledBlit_Scale+0xbb
j  sun.java2d.loops.ScaledBlit.Scale(Lsun/java2d/SurfaceData;Lsun/java2d/SurfaceData;Ljava/awt/Composite;Lsun/java2d/pipe/Region;IIIIDDDD)V+0
j  sun.java2d.pipe.DrawImage.scaleSurfaceData(Lsun/java2d/SunGraphics2D;Lsun/java2d/pipe/Region;Lsun/java2d/SurfaceData;Lsun/java2d/SurfaceData;Lsun/java2d/loops/SurfaceType;Lsun/java2d/loops/SurfaceType;IIIIDDDD)Z+72
j  sun.java2d.pipe.DrawImage.renderImageScale(Lsun/java2d/SunGraphics2D;Ljava/awt/Image;Ljava/awt/Color;IIIIIDDDD)Z+97
j  sun.java2d.pipe.DrawImage.tryCopyOrScale(Lsun/java2d/SunGraphics2D;Ljava/awt/Image;IIIILjava/awt/Color;I[D)Z+176
j  sun.java2d.pipe.DrawImage.transformImage(Lsun/java2d/SunGraphics2D;Ljava/awt/Image;Ljava/awt/geom/AffineTransform;IIIIILjava/awt/Color;)V+97
j  sun.java2d.pipe.DrawImage.scaleImage(Lsun/java2d/SunGraphics2D;Ljava/awt/Image;IIIIIIIILjava/awt/Color;)Z+467
j  sun.java2d.pipe.DrawImage.copyImage(Lsun/java2d/SunGraphics2D;Ljava/awt/Image;IIIIIILjava/awt/Color;)Z+68
j  sun.java2d.pipe.DrawImage.copyImage(Lsun/java2d/SunGraphics2D;Ljava/awt/Image;IIIIIILjava/awt/Color;Ljava/awt/image/ImageObserver;)Z+23
j  sun.java2d.pipe.ValidatePipe.copyImage(Lsun/java2d/SunGraphics2D;Ljava/awt/Image;IIIIIILjava/awt/Color;Ljava/awt/image/ImageObserver;)Z+29
j  sun.java2d.SunGraphics2D.copyImage(Ljava/awt/Image;IIIIIILjava/awt/Color;Ljava/awt/image/ImageObserver;)Z+20
j  sun.java2d.SunGraphics2D.drawImage(Ljava/awt/Image;IIIIIIIILjava/awt/Color;Ljava/awt/image/ImageObserver;)Z+185
j  sun.java2d.SunGraphics2D.drawImage(Ljava/awt/Image;IIIIIIIILjava/awt/image/ImageObserver;)Z+19
j  client.gui.ImagePanel$DrawingImage.draw(Ljava/awt/Graphics2D;)V+52
j  client.gui.ImagePanel.paintComponent(Ljava/awt/Graphics;)V+93
j  javax.swing.JComponent.paint(Ljava/awt/Graphics;)V+286
j  javax.swing.JComponent.paintChildren(Ljava/awt/Graphics;)V+501
j  javax.swing.JSplitPane.paintChildren(Ljava/awt/Graphics;)V+2
j  javax.swing.JComponent.paint(Ljava/awt/Graphics;)V+318
j  javax.swing.JComponent.paintChildren(Ljava/awt/Graphics;)V+501
j  javax.swing.JComponent.paint(Ljava/awt/Graphics;)V+318
j  javax.swing.JComponent.paintChildren(Ljava/awt/Graphics;)V+501
j  javax.swing.JComponent.paint(Ljava/awt/Graphics;)V+318
j  javax.swing.JLayeredPane.paint(Ljava/awt/Graphics;)V+73
j  javax.swing.JComponent.paintChildren(Ljava/awt/Graphics;)V+501
j  javax.swing.JComponent.paintToOffscreen(Ljava/awt/Graphics;IIIIII)V+72
j  javax.swing.BufferStrategyPaintManager.paint(Ljavax/swing/JComponent;Ljavax/swing/JComponent;Ljava/awt/Graphics;IIII)Z+157
j  javax.swing.RepaintManager.paint(Ljavax/swing/JComponent;Ljavax/swing/JComponent;Ljava/awt/Graphics;IIII)V+52
j  javax.swing.JComponent.paint(Ljava/awt/Graphics;)V+221
j  java.awt.GraphicsCallback$PaintCallback.run(Ljava/awt/Component;Ljava/awt/Graphics;)V+2
j  sun.awt.SunGraphicsCallback.runOneComponent(Ljava/awt/Component;Ljava/awt/Rectangle;Ljava/awt/Graphics;Ljava/awt/Shape;I)V+155
j  sun.awt.SunGraphicsCallback.runComponents([Ljava/awt/Component;Ljava/awt/Graphics;I)V+194
j  java.awt.Container.paint(Ljava/awt/Graphics;)V+58
j  java.awt.Window.paint(Ljava/awt/Graphics;)V+68
j  javax.swing.RepaintManager$3.run()Ljava/lang/Void;+136
j  javax.swing.RepaintManager$3.run()Ljava/lang/Object;+1
v  ~StubRoutines::call_stub
V  [libjvm.so+0x5f8465]  JavaCalls::call_helper(JavaValue*, methodHandle*, JavaCallArguments*, Thread*)+0x365
V  [libjvm.so+0x5f6ec8]  JavaCalls::call(JavaValue*, methodHandle, JavaCallArguments*, Thread*)+0x28
V  [libjvm.so+0x67cc64]  JVM_DoPrivileged+0x2a4
j  java.security.AccessController.doPrivileged(Ljava/security/PrivilegedAction;Ljava/security/AccessControlContext;)Ljava/lang/Object;+0
j  java.security.ProtectionDomain$1.doIntersectionPrivilege(Ljava/security/PrivilegedAction;Ljava/security/AccessControlContext;Ljava/security/AccessControlContext;)Ljava/lang/Object;+28
j  javax.swing.RepaintManager.paintDirtyRegions(Ljava/util/Map;)V+154
j  javax.swing.RepaintManager.paintDirtyRegions()V+46
j  javax.swing.RepaintManager.prePaintDirtyRegions()V+73
j  javax.swing.RepaintManager.access$1100(Ljavax/swing/RepaintManager;)V+1
j  javax.swing.RepaintManager$ProcessingRunnable.run()V+37
j  java.awt.event.InvocationEvent.dispatch()V+47
j  java.awt.EventQueue.dispatchEventImpl(Ljava/awt/AWTEvent;Ljava/lang/Object;)V+21
j  java.awt.EventQueue.access$200(Ljava/awt/EventQueue;Ljava/awt/AWTEvent;Ljava/lang/Object;)V+3
j  java.awt.EventQueue$3.run()Ljava/lang/Void;+12
j  java.awt.EventQueue$3.run()Ljava/lang/Object;+1
v  ~StubRoutines::call_stub
V  [libjvm.so+0x5f8465]  JavaCalls::call_helper(JavaValue*, methodHandle*, JavaCallArguments*, Thread*)+0x365
V  [libjvm.so+0x5f6ec8]  JavaCalls::call(JavaValue*, methodHandle, JavaCallArguments*, Thread*)+0x28
V  [libjvm.so+0x67cc64]  JVM_DoPrivileged+0x2a4
j  java.security.AccessController.doPrivileged(Ljava/security/PrivilegedAction;Ljava/security/AccessControlContext;)Ljava/lang/Object;+0
j  java.security.ProtectionDomain$1.doIntersectionPrivilege(Ljava/security/PrivilegedAction;Ljava/security/AccessControlContext;Ljava/security/AccessControlContext;)Ljava/lang/Object;+28
j  java.awt.EventQueue.dispatchEvent(Ljava/awt/AWTEvent;)V+46
j  java.awt.EventDispatchThread.pumpOneEventForFilters(I)V+245
j  java.awt.EventDispatchThread.pumpEventsForFilter(ILjava/awt/Conditional;Ljava/awt/EventFilter;)V+35
j  java.awt.EventDispatchThread.pumpEventsForHierarchy(ILjava/awt/Conditional;Ljava/awt/Component;)V+11
j  java.awt.EventDispatchThread.pumpEvents(ILjava/awt/Conditional;)V+4
j  java.awt.EventDispatchThread.pumpEvents(Ljava/awt/Conditional;)V+3
j  java.awt.EventDispatchThread.run()V+9
v  ~StubRoutines::call_stub
V  [libjvm.so+0x5f8465]  JavaCalls::call_helper(JavaValue*, methodHandle*, JavaCallArguments*, Thread*)+0x365
V  [libjvm.so+0x5f6ec8]  JavaCalls::call(JavaValue*, methodHandle, JavaCallArguments*, Thread*)+0x28
V  [libjvm.so+0x5f7197]  JavaCalls::call_virtual(JavaValue*, KlassHandle, Symbol*, Symbol*, JavaCallArguments*, Thread*)+0x197
V  [libjvm.so+0x5f72b7]  JavaCalls::call_virtual(JavaValue*, Handle, KlassHandle, Symbol*, Symbol*, Thread*)+0x47
V  [libjvm.so+0x6731c5]  thread_entry(JavaThread*, Thread*)+0xe5
V  [libjvm.so+0x94d5ff]  JavaThread::thread_main_inner()+0xdf
V  [libjvm.so+0x94d705]  JavaThread::run()+0xf5
V  [libjvm.so+0x815538]  java_start(Thread*)+0x108

Java frames: (J=compiled Java code, j=interpreted, Vv=VM code)
j  sun.java2d.loops.ScaledBlit.Scale(Lsun/java2d/SurfaceData;Lsun/java2d/SurfaceData;Ljava/awt/Composite;Lsun/java2d/pipe/Region;IIIIDDDD)V+0
j  sun.java2d.pipe.DrawImage.scaleSurfaceData(Lsun/java2d/SunGraphics2D;Lsun/java2d/pipe/Region;Lsun/java2d/SurfaceData;Lsun/java2d/SurfaceData;Lsun/java2d/loops/SurfaceType;Lsun/java2d/loops/SurfaceType;IIIIDDDD)Z+72
j  sun.java2d.pipe.DrawImage.renderImageScale(Lsun/java2d/SunGraphics2D;Ljava/awt/Image;Ljava/awt/Color;IIIIIDDDD)Z+97
j  sun.java2d.pipe.DrawImage.tryCopyOrScale(Lsun/java2d/SunGraphics2D;Ljava/awt/Image;IIIILjava/awt/Color;I[D)Z+176
j  sun.java2d.pipe.DrawImage.transformImage(Lsun/java2d/SunGraphics2D;Ljava/awt/Image;Ljava/awt/geom/AffineTransform;IIIIILjava/awt/Color;)V+97
j  sun.java2d.pipe.DrawImage.scaleImage(Lsun/java2d/SunGraphics2D;Ljava/awt/Image;IIIIIIIILjava/awt/Color;)Z+467
j  sun.java2d.pipe.DrawImage.copyImage(Lsun/java2d/SunGraphics2D;Ljava/awt/Image;IIIIIILjava/awt/Color;)Z+68
j  sun.java2d.pipe.DrawImage.copyImage(Lsun/java2d/SunGraphics2D;Ljava/awt/Image;IIIIIILjava/awt/Color;Ljava/awt/image/ImageObserver;)Z+23
j  sun.java2d.pipe.ValidatePipe.copyImage(Lsun/java2d/SunGraphics2D;Ljava/awt/Image;IIIIIILjava/awt/Color;Ljava/awt/image/ImageObserver;)Z+29
j  sun.java2d.SunGraphics2D.copyImage(Ljava/awt/Image;IIIIIILjava/awt/Color;Ljava/awt/image/ImageObserver;)Z+20
j  sun.java2d.SunGraphics2D.drawImage(Ljava/awt/Image;IIIIIIIILjava/awt/Color;Ljava/awt/image/ImageObserver;)Z+185
j  sun.java2d.SunGraphics2D.drawImage(Ljava/awt/Image;IIIIIIIILjava/awt/image/ImageObserver;)Z+19
j  client.gui.ImagePanel$DrawingImage.draw(Ljava/awt/Graphics2D;)V+52
j  client.gui.ImagePanel.paintComponent(Ljava/awt/Graphics;)V+93
j  javax.swing.JComponent.paint(Ljava/awt/Graphics;)V+286
j  javax.swing.JComponent.paintChildren(Ljava/awt/Graphics;)V+501
j  javax.swing.JSplitPane.paintChildren(Ljava/awt/Graphics;)V+2
j  javax.swing.JComponent.paint(Ljava/awt/Graphics;)V+318
j  javax.swing.JComponent.paintChildren(Ljava/awt/Graphics;)V+501
j  javax.swing.JComponent.paint(Ljava/awt/Graphics;)V+318
j  javax.swing.JComponent.paintChildren(Ljava/awt/Graphics;)V+501
j  javax.swing.JComponent.paint(Ljava/awt/Graphics;)V+318
j  javax.swing.JLayeredPane.paint(Ljava/awt/Graphics;)V+73
j  javax.swing.JComponent.paintChildren(Ljava/awt/Graphics;)V+501
j  javax.swing.JComponent.paintToOffscreen(Ljava/awt/Graphics;IIIIII)V+72
j  javax.swing.BufferStrategyPaintManager.paint(Ljavax/swing/JComponent;Ljavax/swing/JComponent;Ljava/awt/Graphics;IIII)Z+157
j  javax.swing.RepaintManager.paint(Ljavax/swing/JComponent;Ljavax/swing/JComponent;Ljava/awt/Graphics;IIII)V+52
j  javax.swing.JComponent.paint(Ljava/awt/Graphics;)V+221
j  java.awt.GraphicsCallback$PaintCallback.run(Ljava/awt/Component;Ljava/awt/Graphics;)V+2
j  sun.awt.SunGraphicsCallback.runOneComponent(Ljava/awt/Component;Ljava/awt/Rectangle;Ljava/awt/Graphics;Ljava/awt/Shape;I)V+155
j  sun.awt.SunGraphicsCallback.runComponents([Ljava/awt/Component;Ljava/awt/Graphics;I)V+194
j  java.awt.Container.paint(Ljava/awt/Graphics;)V+58
j  java.awt.Window.paint(Ljava/awt/Graphics;)V+68
j  javax.swing.RepaintManager$3.run()Ljava/lang/Void;+136
j  javax.swing.RepaintManager$3.run()Ljava/lang/Object;+1
v  ~StubRoutines::call_stub
j  java.security.AccessController.doPrivileged(Ljava/security/PrivilegedAction;Ljava/security/AccessControlContext;)Ljava/lang/Object;+0
j  java.security.ProtectionDomain$1.doIntersectionPrivilege(Ljava/security/PrivilegedAction;Ljava/security/AccessControlContext;Ljava/security/AccessControlContext;)Ljava/lang/Object;+28
j  javax.swing.RepaintManager.paintDirtyRegions(Ljava/util/Map;)V+154
j  javax.swing.RepaintManager.paintDirtyRegions()V+46
j  javax.swing.RepaintManager.prePaintDirtyRegions()V+73
j  javax.swing.RepaintManager.access$1100(Ljavax/swing/RepaintManager;)V+1
j  javax.swing.RepaintManager$ProcessingRunnable.run()V+37
j  java.awt.event.InvocationEvent.dispatch()V+47
j  java.awt.EventQueue.dispatchEventImpl(Ljava/awt/AWTEvent;Ljava/lang/Object;)V+21
j  java.awt.EventQueue.access$200(Ljava/awt/EventQueue;Ljava/awt/AWTEvent;Ljava/lang/Object;)V+3
j  java.awt.EventQueue$3.run()Ljava/lang/Void;+12
j  java.awt.EventQueue$3.run()Ljava/lang/Object;+1
v  ~StubRoutines::call_stub
j  java.security.AccessController.doPrivileged(Ljava/security/PrivilegedAction;Ljava/security/AccessControlContext;)Ljava/lang/Object;+0
j  java.security.ProtectionDomain$1.doIntersectionPrivilege(Ljava/security/PrivilegedAction;Ljava/security/AccessControlContext;Ljava/security/AccessControlContext;)Ljava/lang/Object;+28
j  java.awt.EventQueue.dispatchEvent(Ljava/awt/AWTEvent;)V+46
j  java.awt.EventDispatchThread.pumpOneEventForFilters(I)V+245
j  java.awt.EventDispatchThread.pumpEventsForFilter(ILjava/awt/Conditional;Ljava/awt/EventFilter;)V+35
j  java.awt.EventDispatchThread.pumpEventsForHierarchy(ILjava/awt/Conditional;Ljava/awt/Component;)V+11
j  java.awt.EventDispatchThread.pumpEvents(ILjava/awt/Conditional;)V+4
j  java.awt.EventDispatchThread.pumpEvents(Ljava/awt/Conditional;)V+3
j  java.awt.EventDispatchThread.run()V+9
v  ~StubRoutines::call_stub

---------------  P R O C E S S  ---------------

Java Threads: ( => current thread )
  0x00007f3f0c2af000 JavaThread "Keep-Alive-Timer" daemon [_thread_blocked, id=16462, stack(0x00007f3f5ecb4000,0x00007f3f5edb5000)]
  0x00007f3f0c161800 JavaThread "TimerQueue" daemon [_thread_blocked, id=16461, stack(0x00007f3f5edb5000,0x00007f3f5eeb6000)]
  0x00007f3f68009000 JavaThread "DestroyJavaVM" [_thread_blocked, id=16443, stack(0x00007f3f6ee0b000,0x00007f3f6ef0c000)]
=>0x00007f3f68167800 JavaThread "AWT-EventQueue-0" [_thread_in_native, id=16460, stack(0x00007f3f5f7d6000,0x00007f3f5f8d7000)]
  0x00007f3f68166000 JavaThread "AWT-Shutdown" [_thread_blocked, id=16459, stack(0x00007f3f5f8d7000,0x00007f3f5f9d8000)]
  0x00007f3f6815c000 JavaThread "AWT-XAWT" daemon [_thread_in_native, id=16458, stack(0x00007f3f5f9d8000,0x00007f3f5fad9000)]
  0x00007f3f68132000 JavaThread "Java2D Disposer" daemon [_thread_blocked, id=16457, stack(0x00007f3f640d0000,0x00007f3f641d1000)]
  0x00007f3f68095800 JavaThread "Service Thread" daemon [_thread_blocked, id=16455, stack(0x00007f3f642d2000,0x00007f3f643d3000)]
  0x00007f3f68093000 JavaThread "C2 CompilerThread1" daemon [_thread_blocked, id=16454, stack(0x00007f3f643d3000,0x00007f3f644d4000)]
  0x00007f3f68090000 JavaThread "C2 CompilerThread0" daemon [_thread_blocked, id=16453, stack(0x00007f3f644d4000,0x00007f3f645d5000)]
  0x00007f3f68086000 JavaThread "Signal Dispatcher" daemon [_thread_blocked, id=16452, stack(0x00007f3f645d5000,0x00007f3f646d6000)]
  0x00007f3f6806f000 JavaThread "Finalizer" daemon [_thread_blocked, id=16450, stack(0x00007f3f646d6000,0x00007f3f647d7000)]
  0x00007f3f6806b000 JavaThread "Reference Handler" daemon [_thread_blocked, id=16449, stack(0x00007f3f647d7000,0x00007f3f648d8000)]

Other Threads:
  0x00007f3f68068800 VMThread [stack: 0x00007f3f648d8000,0x00007f3f649d9000] [id=16448]
  0x00007f3f680a0000 WatcherThread [stack: 0x00007f3f641d1000,0x00007f3f642d2000] [id=16456]

VM state:not at safepoint (normal execution)

VM Mutex/Monitor currently owned by a thread: None

Heap
 PSYoungGen      total 37888K, used 18574K [0x00000007d6480000, 0x00000007d8e80000, 0x0000000800000000)
  eden space 32768K, 41% used [0x00000007d6480000,0x00000007d71a6050,0x00000007d8480000)
  from space 5120K, 99% used [0x00000007d8480000,0x00000007d897d840,0x00000007d8980000)
  to   space 5120K, 0% used [0x00000007d8980000,0x00000007d8980000,0x00000007d8e80000)
 ParOldGen       total 84992K, used 10723K [0x0000000782e00000, 0x0000000788100000, 0x00000007d6480000)
  object space 84992K, 12% used [0x0000000782e00000,0x0000000783878f90,0x0000000788100000)
 PSPermGen       total 21504K, used 16861K [0x000000077dc00000, 0x000000077f100000, 0x0000000782e00000)
  object space 21504K, 78% used [0x000000077dc00000,0x000000077ec775f8,0x000000077f100000)

Card table byte_map: [0x00007f3f6d83b000,0x00007f3f6dc4e000] byte_map_base: 0x00007f3f69c4d000

Polling page: 0x00007f3f6ffa1000

Code Cache  [0x00007f3f65000000, 0x00007f3f65270000, 0x00007f3f68000000)
 total_blobs=609 nmethods=109 adapters=454 free_code_cache=48347Kb largest_free_block=49486656

Compilation events (10 events):
Event: 5.038 Thread 0x00007f3f68090000  105             java.util.ArrayList::size (5 bytes)
Event: 5.039 Thread 0x00007f3f68090000 nmethod 105 0x00007f3f650c3290 code [0x00007f3f650c33c0, 0x00007f3f650c3418]
Event: 5.039 Thread 0x00007f3f68093000  106             java.lang.Class::getName (21 bytes)
Event: 5.040 Thread 0x00007f3f68093000 nmethod 106 0x00007f3f650bf8d0 code [0x00007f3f650bfa20, 0x00007f3f650bfac8]
Event: 5.067 Thread 0x00007f3f68090000  107             com.sun.org.apache.xerces.internal.impl.XMLDocumentFragmentScannerImpl::scanDocument (272 bytes)
Event: 5.077 Thread 0x00007f3f68090000 nmethod 107 0x00007f3f650c0790 code [0x00007f3f650c0980, 0x00007f3f650c0df0]
Event: 5.123 Thread 0x00007f3f68093000  108             java.awt.Component::getParent_NoClientCode (5 bytes)
Event: 5.124 Thread 0x00007f3f68093000 nmethod 108 0x00007f3f650ccb90 code [0x00007f3f650cccc0, 0x00007f3f650ccd38]
Event: 5.134 Thread 0x00007f3f68090000  109             java.awt.Component::getParent (5 bytes)
Event: 5.135 Thread 0x00007f3f68090000 nmethod 109 0x00007f3f650cc8d0 code [0x00007f3f650cca00, 0x00007f3f650cca78]

GC Heap History (2 events):
Event: 4.856 GC heap before
{Heap before GC invocations=1 (full 0):
 PSYoungGen      total 37888K, used 32768K [0x00000007d6480000, 0x00000007d8e80000, 0x0000000800000000)
  eden space 32768K, 100% used [0x00000007d6480000,0x00000007d8480000,0x00000007d8480000)
  from space 5120K, 0% used [0x00000007d8980000,0x00000007d8980000,0x00000007d8e80000)
  to   space 5120K, 0% used [0x00000007d8480000,0x00000007d8480000,0x00000007d8980000)
 ParOldGen       total 84992K, used 0K [0x0000000782e00000, 0x0000000788100000, 0x00000007d6480000)
  object space 84992K, 0% used [0x0000000782e00000,0x0000000782e00000,0x0000000788100000)
 PSPermGen       total 21504K, used 16441K [0x000000077dc00000, 0x000000077f100000, 0x0000000782e00000)
  object space 21504K, 76% used [0x000000077dc00000,0x000000077ec0e590,0x000000077f100000)
Event: 4.887 GC heap after
Heap after GC invocations=1 (full 0):
 PSYoungGen      total 37888K, used 5110K [0x00000007d6480000, 0x00000007d8e80000, 0x0000000800000000)
  eden space 32768K, 0% used [0x00000007d6480000,0x00000007d6480000,0x00000007d8480000)
  from space 5120K, 99% used [0x00000007d8480000,0x00000007d897d840,0x00000007d8980000)
  to   space 5120K, 0% used [0x00000007d8980000,0x00000007d8980000,0x00000007d8e80000)
 ParOldGen       total 84992K, used 10723K [0x0000000782e00000, 0x0000000788100000, 0x00000007d6480000)
  object space 84992K, 12% used [0x0000000782e00000,0x0000000783878f90,0x0000000788100000)
 PSPermGen       total 21504K, used 16441K [0x000000077dc00000, 0x000000077f100000, 0x0000000782e00000)
  object space 21504K, 76% used [0x000000077dc00000,0x000000077ec0e590,0x000000077f100000)
}

Deoptimization events (10 events):
Event: 0.812 Thread 0x00007f3f68167800 Uncommon trap: reason=class_check action=maybe_recompile pc=0x00007f3f65077158 method=java.lang.String.equals(Ljava/lang/Object;)Z @ 8
Event: 0.812 Thread 0x00007f3f68167800 Uncommon trap: reason=class_check action=maybe_recompile pc=0x00007f3f65077158 method=java.lang.String.equals(Ljava/lang/Object;)Z @ 8
Event: 4.431 Thread 0x00007f3f68167800 Uncommon trap: reason=class_check action=maybe_recompile pc=0x00007f3f6509d4c8 method=com.sun.org.apache.xerces.internal.impl.XMLDocumentScannerImpl.next()I @ 4
Event: 4.700 Thread 0x00007f3f68167800 Uncommon trap: reason=null_check action=make_not_entrant pc=0x00007f3f650ad1c4 method=com.thoughtworks.xstream.core.util.WeakCache.get(Ljava/lang/Object;)Ljava/lang/Object; @ 10
Event: 4.998 Thread 0x00007f3f68167800 Uncommon trap: reason=predicate action=maybe_recompile pc=0x00007f3f6509c154 method=java.util.ArrayList.indexOf(Ljava/lang/Object;)I @ 44
Event: 5.044 Thread 0x00007f3f68167800 Uncommon trap: reason=unreached action=reinterpret pc=0x00007f3f650bcb70 method=com.thoughtworks.xstream.io.xml.XmlFriendlyNameCoder.encodeName(Ljava/lang/String;)Ljava/lang/String; @ 15
Event: 5.067 Thread 0x00007f3f68167800 Uncommon trap: reason=class_check action=maybe_recompile pc=0x00007f3f6509d4c8 method=com.sun.org.apache.xerces.internal.impl.XMLDocumentScannerImpl.next()I @ 4
Event: 5.067 Thread 0x00007f3f68167800 Uncommon trap: reason=class_check action=maybe_recompile pc=0x00007f3f6509d4c8 method=com.sun.org.apache.xerces.internal.impl.XMLDocumentScannerImpl.next()I @ 4
Event: 5.067 Thread 0x00007f3f68167800 Uncommon trap: reason=null_check action=make_not_entrant pc=0x00007f3f6509a358 method=com.sun.org.apache.xerces.internal.dom.DeferredDocumentImpl.clearChunkValue([[Ljava/lang/Object;II)Ljava/lang/String; @ 11
Event: 5.068 Thread 0x00007f3f68167800 Uncommon trap: reason=class_check action=maybe_recompile pc=0x00007f3f6509d4c8 method=com.sun.org.apache.xerces.internal.impl.XMLDocumentScannerImpl.next()I @ 4

Internal exceptions (10 events):
Event: 4.542 Thread 0x00007f3f68167800 Threw 0x00000007d73e4cc0 at /HUDSON/workspace/7u-2-build-linux-amd64@2/jdk7u51/527/hotspot/src/share/vm/prims/jvm.cpp:1244
Event: 4.543 Thread 0x00007f3f68167800 Threw 0x00000007d73e6da0 at /HUDSON/workspace/7u-2-build-linux-amd64@2/jdk7u51/527/hotspot/src/share/vm/prims/jvm.cpp:1244
Event: 4.544 Thread 0x00007f3f68167800 Threw 0x00000007d73e9640 at /HUDSON/workspace/7u-2-build-linux-amd64@2/jdk7u51/527/hotspot/src/share/vm/prims/jvm.cpp:1244
Event: 4.545 Thread 0x00007f3f68167800 Threw 0x00000007d73eb6e0 at /HUDSON/workspace/7u-2-build-linux-amd64@2/jdk7u51/527/hotspot/src/share/vm/prims/jvm.cpp:1244
Event: 4.549 Thread 0x00007f3f68167800 Threw 0x00000007d73f2258 at /HUDSON/workspace/7u-2-build-linux-amd64@2/jdk7u51/527/hotspot/src/share/vm/prims/jvm.cpp:1244
Event: 4.700 Thread 0x00007f3f68167800 Implicit null exception at 0x00007f3f650acb0c to 0x00007f3f650ad1b5
Event: 4.934 Thread 0x00007f3f68167800 Threw 0x00000007d6b97e40 at /HUDSON/workspace/7u-2-build-linux-amd64@2/jdk7u51/527/hotspot/src/share/vm/prims/jvm.cpp:1244
Event: 4.944 Thread 0x00007f3f68167800 Threw 0x00000007d6ba9e00 at /HUDSON/workspace/7u-2-build-linux-amd64@2/jdk7u51/527/hotspot/src/share/vm/prims/jvm.cpp:1244
Event: 5.005 Thread 0x00007f3f68167800 Threw 0x00000007d6cab0e0 at /HUDSON/workspace/7u-2-build-linux-amd64@2/jdk7u51/527/hotspot/src/share/vm/prims/jvm.cpp:1244
Event: 5.067 Thread 0x00007f3f68167800 Implicit null exception at 0x00007f3f6509a0da to 0x00007f3f6509a341

Events (10 events):
Event: 5.083 loading class 0x00007f3f28040410
Event: 5.083 loading class 0x00007f3f28040410 done
Event: 5.103 loading class 0x00007f3f28054e40
Event: 5.103 loading class 0x00007f3f28054e40 done
Event: 5.103 loading class 0x00007f3f280969b0
Event: 5.104 loading class 0x00007f3f280969b0 done
Event: 5.110 loading class 0x00007f3f28064ac0
Event: 5.111 loading class 0x00007f3f28064ac0 done
Event: 5.111 loading class 0x00007f3f24034670
Event: 5.111 loading class 0x00007f3f24034670 done


Dynamic libraries:
00400000-00401000 r-xp 00000000 09:02 1851940                            /usr/java/jdk1.7.0_51/bin/java
00600000-00601000 rw-p 00000000 09:02 1851940                            /usr/java/jdk1.7.0_51/bin/java
01a6d000-01a8e000 rw-p 00000000 00:00 0                                  [heap]
77dc00000-77f100000 rw-p 00000000 00:00 0 
77f100000-782e00000 rw-p 00000000 00:00 0 
782e00000-788100000 rw-p 00000000 00:00 0 
788100000-7d6480000 rw-p 00000000 00:00 0 
7d6480000-7d8e80000 rw-p 00000000 00:00 0 
7d8e80000-800000000 rw-p 00000000 00:00 0 
3fb9200000-3fb9220000 r-xp 00000000 09:02 399595                         /lib64/ld-2.12.so
3fb941f000-3fb9420000 r--p 0001f000 09:02 399595                         /lib64/ld-2.12.so
3fb9420000-3fb9421000 rw-p 00020000 09:02 399595                         /lib64/ld-2.12.so
3fb9421000-3fb9422000 rw-p 00000000 00:00 0 
3fb9600000-3fb9683000 r-xp 00000000 09:02 399600                         /lib64/libm-2.12.so
3fb9683000-3fb9882000 ---p 00083000 09:02 399600                         /lib64/libm-2.12.so
3fb9882000-3fb9883000 r--p 00082000 09:02 399600                         /lib64/libm-2.12.so
3fb9883000-3fb9884000 rw-p 00083000 09:02 399600                         /lib64/libm-2.12.so
3fb9a00000-3fb9b8b000 r-xp 00000000 09:02 399596                         /lib64/libc-2.12.so
3fb9b8b000-3fb9d8a000 ---p 0018b000 09:02 399596                         /lib64/libc-2.12.so
3fb9d8a000-3fb9d8e000 r--p 0018a000 09:02 399596                         /lib64/libc-2.12.so
3fb9d8e000-3fb9d8f000 rw-p 0018e000 09:02 399596                         /lib64/libc-2.12.so
3fb9d8f000-3fb9d94000 rw-p 00000000 00:00 0 
3fb9e00000-3fb9e17000 r-xp 00000000 09:02 399598                         /lib64/libpthread-2.12.so
3fb9e17000-3fba017000 ---p 00017000 09:02 399598                         /lib64/libpthread-2.12.so
3fba017000-3fba018000 r--p 00017000 09:02 399598                         /lib64/libpthread-2.12.so
3fba018000-3fba019000 rw-p 00018000 09:02 399598                         /lib64/libpthread-2.12.so
3fba019000-3fba01d000 rw-p 00000000 00:00 0 
3fba200000-3fba202000 r-xp 00000000 09:02 399599                         /lib64/libdl-2.12.so
3fba202000-3fba402000 ---p 00002000 09:02 399599                         /lib64/libdl-2.12.so
3fba402000-3fba403000 r--p 00002000 09:02 399599                         /lib64/libdl-2.12.so
3fba403000-3fba404000 rw-p 00003000 09:02 399599                         /lib64/libdl-2.12.so
3fbaa00000-3fbaa07000 r-xp 00000000 09:02 399602                         /lib64/librt-2.12.so
3fbaa07000-3fbac06000 ---p 00007000 09:02 399602                         /lib64/librt-2.12.so
3fbac06000-3fbac07000 r--p 00006000 09:02 399602                         /lib64/librt-2.12.so
3fbac07000-3fbac08000 rw-p 00007000 09:02 399602                         /lib64/librt-2.12.so
3fbc600000-3fbc61d000 r-xp 00000000 09:02 1736896                        /usr/lib64/libxcb.so.1.1.0
3fbc61d000-3fbc81d000 ---p 0001d000 09:02 1736896                        /usr/lib64/libxcb.so.1.1.0
3fbc81d000-3fbc81e000 rw-p 0001d000 09:02 1736896                        /usr/lib64/libxcb.so.1.1.0
3fbca00000-3fbcb37000 r-xp 00000000 09:02 1736897                        /usr/lib64/libX11.so.6.3.0
3fbcb37000-3fbcd37000 ---p 00137000 09:02 1736897                        /usr/lib64/libX11.so.6.3.0
3fbcd37000-3fbcd3d000 rw-p 00137000 09:02 1736897                        /usr/lib64/libX11.so.6.3.0
3fbce00000-3fbce02000 r-xp 00000000 09:02 1736895                        /usr/lib64/libXau.so.6.0.0
3fbce02000-3fbd002000 ---p 00002000 09:02 1736895                        /usr/lib64/libXau.so.6.0.0
3fbd002000-3fbd003000 rw-p 00002000 09:02 1736895                        /usr/lib64/libXau.so.6.0.0
3fbde00000-3fbde12000 r-xp 00000000 09:02 1736903                        /usr/lib64/libXext.so.6.4.0
3fbde12000-3fbe012000 ---p 00012000 09:02 1736903                        /usr/lib64/libXext.so.6.4.0
3fbe012000-3fbe013000 rw-p 00012000 09:02 1736903                        /usr/lib64/libXext.so.6.4.0
3fbea00000-3fbea09000 r-xp 00000000 09:02 1736898                        /usr/lib64/libXrender.so.1.3.0
3fbea09000-3fbec09000 ---p 00009000 09:02 1736898                        /usr/lib64/libXrender.so.1.3.0
3fbec09000-3fbec0a000 rw-p 00009000 09:02 1736898                        /usr/lib64/libXrender.so.1.3.0
3fbee00000-3fbee0e000 r-xp 00000000 09:02 1736905                        /usr/lib64/libXi.so.6.1.0
3fbee0e000-3fbf00e000 ---p 0000e000 09:02 1736905                        /usr/lib64/libXi.so.6.1.0
3fbf00e000-3fbf00f000 rw-p 0000e000 09:02 1736905                        /usr/lib64/libXi.so.6.1.0
3fc0a00000-3fc0a05000 r-xp 00000000 09:02 1736907                        /usr/lib64/libXfixes.so.3.1.0
3fc0a05000-3fc0c05000 ---p 00005000 09:02 1736907                        /usr/lib64/libXfixes.so.3.1.0
3fc0c05000-3fc0c06000 rw-p 00005000 09:02 1736907                        /usr/lib64/libXfixes.so.3.1.0
3fc2600000-3fc2609000 r-xp 00000000 09:02 1736908                        /usr/lib64/libXcursor.so.1.0.2
3fc2609000-3fc2809000 ---p 00009000 09:02 1736908                        /usr/lib64/libXcursor.so.1.0.2
3fc2809000-3fc280a000 rw-p 00009000 09:02 1736908                        /usr/lib64/libXcursor.so.1.0.2
3fc5e00000-3fc5e16000 r-xp 00000000 09:02 399616                         /lib64/libgcc_s-4.4.7-20120601.so.1
3fc5e16000-3fc6015000 ---p 00016000 09:02 399616                         /lib64/libgcc_s-4.4.7-20120601.so.1
3fc6015000-3fc6016000 rw-p 00015000 09:02 399616                         /lib64/libgcc_s-4.4.7-20120601.so.1
3fc8600000-3fc8605000 r-xp 00000000 09:02 1718247                        /usr/lib64/libXtst.so.6.1.0
3fc8605000-3fc8805000 ---p 00005000 09:02 1718247                        /usr/lib64/libXtst.so.6.1.0
3fc8805000-3fc8806000 rw-p 00005000 09:02 1718247                        /usr/lib64/libXtst.so.6.1.0
7f3f00000000-7f3f00021000 rw-p 00000000 00:00 0 
7f3f00021000-7f3f04000000 ---p 00000000 00:00 0 
7f3f04000000-7f3f04021000 rw-p 00000000 00:00 0 
7f3f04021000-7f3f08000000 ---p 00000000 00:00 0 
7f3f08000000-7f3f08021000 rw-p 00000000 00:00 0 
7f3f08021000-7f3f0c000000 ---p 00000000 00:00 0 
7f3f0c000000-7f3f0c44c000 rw-p 00000000 00:00 0 
7f3f0c44c000-7f3f10000000 ---p 00000000 00:00 0 
7f3f10000000-7f3f10021000 rw-p 00000000 00:00 0 
7f3f10021000-7f3f14000000 ---p 00000000 00:00 0 
7f3f14000000-7f3f14021000 rw-p 00000000 00:00 0 
7f3f14021000-7f3f18000000 ---p 00000000 00:00 0 
7f3f18000000-7f3f18021000 rw-p 00000000 00:00 0 
7f3f18021000-7f3f1c000000 ---p 00000000 00:00 0 
7f3f1c000000-7f3f1c021000 rw-p 00000000 00:00 0 
7f3f1c021000-7f3f20000000 ---p 00000000 00:00 0 
7f3f20000000-7f3f20021000 rw-p 00000000 00:00 0 
7f3f20021000-7f3f24000000 ---p 00000000 00:00 0 
7f3f24000000-7f3f24540000 rw-p 00000000 00:00 0 
7f3f24540000-7f3f28000000 ---p 00000000 00:00 0 
7f3f28000000-7f3f2871c000 rw-p 00000000 00:00 0 
7f3f2871c000-7f3f2c000000 ---p 00000000 00:00 0 
7f3f2e16f000-7f3f34000000 r--p 00000000 09:02 1705722                    /usr/lib/locale/locale-archive
7f3f34000000-7f3f34021000 rw-p 00000000 00:00 0 
7f3f34021000-7f3f38000000 ---p 00000000 00:00 0 
7f3f38000000-7f3f38021000 rw-p 00000000 00:00 0 
7f3f38021000-7f3f3c000000 ---p 00000000 00:00 0 
7f3f3c000000-7f3f3c021000 rw-p 00000000 00:00 0 
7f3f3c021000-7f3f40000000 ---p 00000000 00:00 0 
7f3f43ee0000-7f3f48000000 rw-p 00000000 00:00 0 
7f3f48000000-7f3f48021000 rw-p 00000000 00:00 0 
7f3f48021000-7f3f4c000000 ---p 00000000 00:00 0 
7f3f50000000-7f3f50021000 rw-p 00000000 00:00 0 
7f3f50021000-7f3f54000000 ---p 00000000 00:00 0 
7f3f58000000-7f3f58021000 rw-p 00000000 00:00 0 
7f3f58021000-7f3f5c000000 ---p 00000000 00:00 0 
7f3f5eb49000-7f3f5ecb4000 rw-p 00000000 00:00 0 
7f3f5ecb4000-7f3f5ecb7000 ---p 00000000 00:00 0 
7f3f5ecb7000-7f3f5edb5000 rw-p 00000000 00:00 0 
7f3f5edb5000-7f3f5edb8000 ---p 00000000 00:00 0 
7f3f5edb8000-7f3f5eeb6000 rw-p 00000000 00:00 0 
7f3f5eeb6000-7f3f5ef1e000 r-xp 00000000 09:02 1852112                    /usr/java/jdk1.7.0_51/jre/lib/amd64/libt2k.so
7f3f5ef1e000-7f3f5f11e000 ---p 00068000 09:02 1852112                    /usr/java/jdk1.7.0_51/jre/lib/amd64/libt2k.so
7f3f5f11e000-7f3f5f125000 rw-p 00068000 09:02 1852112                    /usr/java/jdk1.7.0_51/jre/lib/amd64/libt2k.so
7f3f5f125000-7f3f5f135000 rw-p 00000000 00:00 0 
7f3f5f135000-7f3f5f145000 r-xp 00000000 09:02 1852104                    /usr/java/jdk1.7.0_51/jre/lib/amd64/libnio.so
7f3f5f145000-7f3f5f345000 ---p 00010000 09:02 1852104                    /usr/java/jdk1.7.0_51/jre/lib/amd64/libnio.so
7f3f5f345000-7f3f5f346000 rw-p 00010000 09:02 1852104                    /usr/java/jdk1.7.0_51/jre/lib/amd64/libnio.so
7f3f5f346000-7f3f5f35c000 r-xp 00000000 09:02 1852103                    /usr/java/jdk1.7.0_51/jre/lib/amd64/libnet.so
7f3f5f35c000-7f3f5f55c000 ---p 00016000 09:02 1852103                    /usr/java/jdk1.7.0_51/jre/lib/amd64/libnet.so
7f3f5f55c000-7f3f5f55d000 rw-p 00016000 09:02 1852103                    /usr/java/jdk1.7.0_51/jre/lib/amd64/libnet.so
7f3f5f55d000-7f3f5f5c2000 r-xp 00000000 09:02 1852075                    /usr/java/jdk1.7.0_51/jre/lib/amd64/libfontmanager.so
7f3f5f5c2000-7f3f5f7c1000 ---p 00065000 09:02 1852075                    /usr/java/jdk1.7.0_51/jre/lib/amd64/libfontmanager.so
7f3f5f7c1000-7f3f5f7c5000 rw-p 00064000 09:02 1852075                    /usr/java/jdk1.7.0_51/jre/lib/amd64/libfontmanager.so
7f3f5f7c5000-7f3f5f7d6000 rw-p 00000000 00:00 0 
7f3f5f7d6000-7f3f5f7d9000 ---p 00000000 00:00 0 
7f3f5f7d9000-7f3f5f8d7000 rw-p 00000000 00:00 0 
7f3f5f8d7000-7f3f5f8da000 ---p 00000000 00:00 0 
7f3f5f8da000-7f3f5f9d8000 rw-p 00000000 00:00 0 
7f3f5f9d8000-7f3f5f9db000 ---p 00000000 00:00 0 
7f3f5f9db000-7f3f5fad9000 rw-p 00000000 00:00 0 
7f3f5fad9000-7f3f5fb29000 r-xp 00000000 09:02 1852121                    /usr/java/jdk1.7.0_51/jre/lib/amd64/xawt/libmawt.so
7f3f5fb29000-7f3f5fd29000 ---p 00050000 09:02 1852121                    /usr/java/jdk1.7.0_51/jre/lib/amd64/xawt/libmawt.so
7f3f5fd29000-7f3f5fd2d000 rw-p 00050000 09:02 1852121                    /usr/java/jdk1.7.0_51/jre/lib/amd64/xawt/libmawt.so
7f3f5fd2d000-7f3f5fd2e000 rw-p 00000000 00:00 0 
7f3f5fd2e000-7f3f5fdd0000 r-xp 00000000 09:02 1852071                    /usr/java/jdk1.7.0_51/jre/lib/amd64/libawt.so
7f3f5fdd0000-7f3f5ffd0000 ---p 000a2000 09:02 1852071                    /usr/java/jdk1.7.0_51/jre/lib/amd64/libawt.so
7f3f5ffd0000-7f3f5ffdc000 rw-p 000a2000 09:02 1852071                    /usr/java/jdk1.7.0_51/jre/lib/amd64/libawt.so
7f3f5ffdc000-7f3f60000000 rw-p 00000000 00:00 0 
7f3f60000000-7f3f60021000 rw-p 00000000 00:00 0 
7f3f60021000-7f3f64000000 ---p 00000000 00:00 0 
7f3f640d0000-7f3f640d3000 ---p 00000000 00:00 0 
7f3f640d3000-7f3f641d1000 rw-p 00000000 00:00 0 
7f3f641d1000-7f3f641d2000 ---p 00000000 00:00 0 
7f3f641d2000-7f3f642d2000 rw-p 00000000 00:00 0 
7f3f642d2000-7f3f642d5000 ---p 00000000 00:00 0 
7f3f642d5000-7f3f643d3000 rw-p 00000000 00:00 0 
7f3f643d3000-7f3f643d6000 ---p 00000000 00:00 0 
7f3f643d6000-7f3f644d4000 rw-p 00000000 00:00 0 
7f3f644d4000-7f3f644d7000 ---p 00000000 00:00 0 
7f3f644d7000-7f3f645d5000 rw-p 00000000 00:00 0 
7f3f645d5000-7f3f645d8000 ---p 00000000 00:00 0 
7f3f645d8000-7f3f646d6000 rw-p 00000000 00:00 0 
7f3f646d6000-7f3f646d9000 ---p 00000000 00:00 0 
7f3f646d9000-7f3f647d7000 rw-p 00000000 00:00 0 
7f3f647d7000-7f3f647da000 ---p 00000000 00:00 0 
7f3f647da000-7f3f648d8000 rw-p 00000000 00:00 0 
7f3f648d8000-7f3f648d9000 ---p 00000000 00:00 0 
7f3f648d9000-7f3f65000000 rw-p 00000000 00:00 0 
7f3f65000000-7f3f65270000 rwxp 00000000 00:00 0 
7f3f65270000-7f3f68181000 rw-p 00000000 00:00 0 
7f3f68181000-7f3f6c000000 ---p 00000000 00:00 0 
7f3f6c03c000-7f3f6c047000 r--s 000af000 09:02 1852359                    /usr/java/jdk1.7.0_51/jre/lib/resources.jar
7f3f6c047000-7f3f6c067000 rw-s 00000000 00:04 12353562                   /SYSV00000000 (deleted)
7f3f6c067000-7f3f6c098000 rw-p 00000000 00:00 0 
7f3f6c098000-7f3f6c0a4000 r--s 0006a000 00:13 193274032643               /auto/users/lindell/classes/git/record_indexer/lib/xstream-1.4.2.jar
7f3f6c0a4000-7f3f6c0a9000 r--s 00309000 00:13 193274032642               /auto/users/lindell/classes/git/record_indexer/lib/sqlite-jdbc-3.7.2.jar
7f3f6c0a9000-7f3f6ca81000 rw-p 00000000 00:00 0 
7f3f6ca81000-7f3f6cc3e000 r--s 039bf000 09:02 1852817                    /usr/java/jdk1.7.0_51/jre/lib/rt.jar
7f3f6cc3e000-7f3f6d172000 rw-p 00000000 00:00 0 
7f3f6d172000-7f3f6d173000 ---p 00000000 00:00 0 
7f3f6d173000-7f3f6d273000 rw-p 00000000 00:00 0 
7f3f6d273000-7f3f6d274000 ---p 00000000 00:00 0 
7f3f6d274000-7f3f6d374000 rw-p 00000000 00:00 0 
7f3f6d374000-7f3f6d375000 ---p 00000000 00:00 0 
7f3f6d375000-7f3f6d475000 rw-p 00000000 00:00 0 
7f3f6d475000-7f3f6d476000 ---p 00000000 00:00 0 
7f3f6d476000-7f3f6d581000 rw-p 00000000 00:00 0 
7f3f6d581000-7f3f6d59f000 rw-p 00000000 00:00 0 
7f3f6d59f000-7f3f6d5c9000 rw-p 00000000 00:00 0 
7f3f6d5c9000-7f3f6d83b000 rw-p 00000000 00:00 0 
7f3f6d83b000-7f3f6d846000 rw-p 00000000 00:00 0 
7f3f6d846000-7f3f6d864000 rw-p 00000000 00:00 0 
7f3f6d864000-7f3f6d88e000 rw-p 00000000 00:00 0 
7f3f6d88e000-7f3f6daff000 rw-p 00000000 00:00 0 
7f3f6daff000-7f3f6db15000 rw-p 00000000 00:00 0 
7f3f6db15000-7f3f6dc4d000 rw-p 00000000 00:00 0 
7f3f6dc4d000-7f3f6dc58000 rw-p 00000000 00:00 0 
7f3f6dc58000-7f3f6dd0e000 rw-p 00000000 00:00 0 
7f3f6dd0e000-7f3f6dd28000 r-xp 00000000 09:02 1852115                    /usr/java/jdk1.7.0_51/jre/lib/amd64/libzip.so
7f3f6dd28000-7f3f6df28000 ---p 0001a000 09:02 1852115                    /usr/java/jdk1.7.0_51/jre/lib/amd64/libzip.so
7f3f6df28000-7f3f6df29000 rw-p 0001a000 09:02 1852115                    /usr/java/jdk1.7.0_51/jre/lib/amd64/libzip.so
7f3f6df29000-7f3f6e5a7000 r--s 00000000 09:02 1048685                    /var/lib/sss/mc/passwd
7f3f6e5a7000-7f3f6e5ae000 r-xp 00000000 09:02 393435                     /lib64/libnss_sss.so.2
7f3f6e5ae000-7f3f6e7ae000 ---p 00007000 09:02 393435                     /lib64/libnss_sss.so.2
7f3f6e7ae000-7f3f6e7af000 rw-p 00007000 09:02 393435                     /lib64/libnss_sss.so.2
7f3f6e7af000-7f3f6e7bb000 r-xp 00000000 09:02 393246                     /lib64/libnss_files-2.12.so
7f3f6e7bb000-7f3f6e9bb000 ---p 0000c000 09:02 393246                     /lib64/libnss_files-2.12.so
7f3f6e9bb000-7f3f6e9bc000 r--p 0000c000 09:02 393246                     /lib64/libnss_files-2.12.so
7f3f6e9bc000-7f3f6e9bd000 rw-p 0000d000 09:02 393246                     /lib64/libnss_files-2.12.so
7f3f6e9c1000-7f3f6e9c7000 r--s 00034000 00:13 193274032641               /auto/users/lindell/classes/git/record_indexer/lib/junit-4.8.2.jar
7f3f6e9c7000-7f3f6e9cb000 r--s 0002a000 00:13 197579983280               /auto/users/lindell/classes/git/record_indexer/lib/commons-io-2.4.jar
7f3f6e9cb000-7f3f6e9d2000 r--s 000aa000 00:13 77321292650                /auto/users/lindell/classes/git/record_indexer/lib/commons-io-2.4-javadoc.jar
7f3f6e9d2000-7f3f6e9fb000 r-xp 00000000 09:02 1852085                    /usr/java/jdk1.7.0_51/jre/lib/amd64/libjava.so
7f3f6e9fb000-7f3f6ebfb000 ---p 00029000 09:02 1852085                    /usr/java/jdk1.7.0_51/jre/lib/amd64/libjava.so
7f3f6ebfb000-7f3f6ebfd000 rw-p 00029000 09:02 1852085                    /usr/java/jdk1.7.0_51/jre/lib/amd64/libjava.so
7f3f6ebfd000-7f3f6ec0a000 r-xp 00000000 09:02 1852114                    /usr/java/jdk1.7.0_51/jre/lib/amd64/libverify.so
7f3f6ec0a000-7f3f6ee09000 ---p 0000d000 09:02 1852114                    /usr/java/jdk1.7.0_51/jre/lib/amd64/libverify.so
7f3f6ee09000-7f3f6ee0b000 rw-p 0000c000 09:02 1852114                    /usr/java/jdk1.7.0_51/jre/lib/amd64/libverify.so
7f3f6ee0b000-7f3f6ee0e000 ---p 00000000 00:00 0 
7f3f6ee0e000-7f3f6ef0c000 rw-p 00000000 00:00 0 
7f3f6ef0c000-7f3f6fa6e000 r-xp 00000000 09:02 1852119                    /usr/java/jdk1.7.0_51/jre/lib/amd64/server/libjvm.so
7f3f6fa6e000-7f3f6fc6e000 ---p 00b62000 09:02 1852119                    /usr/java/jdk1.7.0_51/jre/lib/amd64/server/libjvm.so
7f3f6fc6e000-7f3f6fd31000 rw-p 00b62000 09:02 1852119                    /usr/java/jdk1.7.0_51/jre/lib/amd64/server/libjvm.so
7f3f6fd31000-7f3f6fd75000 rw-p 00000000 00:00 0 
7f3f6fd75000-7f3f6fd8b000 r-xp 00000000 09:02 145503                     /usr/java/jdk1.7.0_51/lib/amd64/jli/libjli.so
7f3f6fd8b000-7f3f6ff8b000 ---p 00016000 09:02 145503                     /usr/java/jdk1.7.0_51/lib/amd64/jli/libjli.so
7f3f6ff8b000-7f3f6ff8c000 rw-p 00016000 09:02 145503                     /usr/java/jdk1.7.0_51/lib/amd64/jli/libjli.so
7f3f6ff8c000-7f3f6ff8d000 rw-p 00000000 00:00 0 
7f3f6ff8e000-7f3f6ff90000 rw-p 00000000 00:00 0 
7f3f6ff90000-7f3f6ff92000 r--s 0000c000 00:13 21489152252                /auto/users/lindell/bin/eclipse/plugins/org.hamcrest.core_1.3.0.v201303031735.jar
7f3f6ff92000-7f3f6ff98000 r--s 00036000 00:13 120261783877               /auto/users/lindell/bin/eclipse/plugins/org.junit_4.11.0.v201303080030/junit.jar
7f3f6ff98000-7f3f6ffa0000 rw-s 00000000 09:03 7602180                    /tmp/hsperfdata_lindell/16437
7f3f6ffa0000-7f3f6ffa1000 rw-p 00000000 00:00 0 
7f3f6ffa1000-7f3f6ffa2000 r--p 00000000 00:00 0 
7f3f6ffa2000-7f3f6ffa3000 rw-p 00000000 00:00 0 
7fff4fd84000-7fff4fd99000 rw-p 00000000 00:00 0                          [stack]
7fff4fdff000-7fff4fe00000 r-xp 00000000 00:00 0                          [vdso]
ffffffffff600000-ffffffffff601000 r-xp 00000000 00:00 0                  [vsyscall]

VM Arguments:
jvm_args: -Dfile.encoding=UTF-8 
java_command: client.gui.RecordIndexer localhost 39640
Launcher Type: SUN_STANDARD

Environment Variables:
PATH=/auto/users/lindell/bin/eclipse:/auto/users/lindell/bin:/auto/app/anaconda/envs/py34/bin:/usr/lib64/qt-3.3/bin:/usr/local/bin:/usr/bin:/bin:/usr/local/sbin:/usr/sbin:/sbin
USERNAME=lindell
SHELL=/bin/bash
DISPLAY=:0.0

Signal Handlers:
SIGSEGV: [libjvm.so+0x993870], sa_mask[0]=0x7ffbfeff, sa_flags=0x10000004
SIGBUS: [libjvm.so+0x993870], sa_mask[0]=0x7ffbfeff, sa_flags=0x10000004
SIGFPE: [libjvm.so+0x8105b0], sa_mask[0]=0x7ffbfeff, sa_flags=0x10000004
SIGPIPE: [libjvm.so+0x8105b0], sa_mask[0]=0x7ffbfeff, sa_flags=0x10000004
SIGXFSZ: [libjvm.so+0x8105b0], sa_mask[0]=0x7ffbfeff, sa_flags=0x10000004
SIGILL: [libjvm.so+0x8105b0], sa_mask[0]=0x7ffbfeff, sa_flags=0x10000004
SIGUSR1: SIG_DFL, sa_mask[0]=0x00000000, sa_flags=0x00000000
SIGUSR2: [libjvm.so+0x811aa0], sa_mask[0]=0x00000004, sa_flags=0x10000004
SIGHUP: [libjvm.so+0x812a10], sa_mask[0]=0x7ffbfeff, sa_flags=0x10000004
SIGINT: [libjvm.so+0x812a10], sa_mask[0]=0x7ffbfeff, sa_flags=0x10000004
SIGTERM: [libjvm.so+0x812a10], sa_mask[0]=0x7ffbfeff, sa_flags=0x10000004
SIGQUIT: [libjvm.so+0x812a10], sa_mask[0]=0x7ffbfeff, sa_flags=0x10000004


---------------  S Y S T E M  ---------------

OS:Red Hat Enterprise Linux Server release 6.5 (Santiago)

uname:Linux 2.6.32-431.17.1.el6.x86_64 #1 SMP Fri Apr 11 17:27:00 EDT 2014 x86_64
libc:glibc 2.12 NPTL 2.12 
rlimit: STACK 10240k, CORE 0k, NPROC 1024, NOFILE 4096, AS infinity
load average:0.45 0.50 0.30

/proc/meminfo:
MemTotal:        8193028 kB
MemFree:         5345212 kB
Buffers:           79264 kB
Cached:           828316 kB
SwapCached:            0 kB
Active:          1938120 kB
Inactive:         669996 kB
Active(anon):    1701216 kB
Inactive(anon):    10720 kB
Active(file):     236904 kB
Inactive(file):   659276 kB
Unevictable:           0 kB
Mlocked:               0 kB
SwapTotal:       8387576 kB
SwapFree:        8387576 kB
Dirty:               116 kB
Writeback:             8 kB
AnonPages:       1704784 kB
Mapped:           202948 kB
Shmem:             11404 kB
Slab:              82272 kB
SReclaimable:      38156 kB
SUnreclaim:        44116 kB
KernelStack:        4208 kB
PageTables:        43512 kB
NFS_Unstable:          0 kB
Bounce:                0 kB
WritebackTmp:          0 kB
CommitLimit:    12484088 kB
Committed_AS:    3622676 kB
VmallocTotal:   34359738367 kB
VmallocUsed:       66620 kB
VmallocChunk:   34353958908 kB
HardwareCorrupted:     0 kB
AnonHugePages:   1118208 kB
HugePages_Total:       0
HugePages_Free:        0
HugePages_Rsvd:        0
HugePages_Surp:        0
Hugepagesize:       2048 kB
DirectMap4k:      104420 kB
DirectMap2M:     8284160 kB


CPU:total 4 (2 cores per cpu, 1 threads per core) family 15 model 33 stepping 2, cmov, cx8, fxsr, mmx, sse, sse2, sse3, mmxext, 3dnowpref, tsc

/proc/cpuinfo:
processor	: 0
vendor_id	: AuthenticAMD
cpu family	: 15
model		: 33
model name	: Dual Core AMD Opteron(tm) Processor 270
stepping	: 2
cpu MHz		: 1994.715
cache size	: 1024 KB
physical id	: 0
siblings	: 2
core id		: 0
cpu cores	: 2
apicid		: 0
initial apicid	: 0
fpu		: yes
fpu_exception	: yes
cpuid level	: 1
wp		: yes
flags		: fpu vme de pse tsc msr pae mce cx8 apic sep mtrr pge mca cmov pat pse36 clflush mmx fxsr sse sse2 ht syscall nx mmxext fxsr_opt lm 3dnowext 3dnow rep_good pni lahf_lm cmp_legacy
bogomips	: 3989.43
TLB size	: 1024 4K pages
clflush size	: 64
cache_alignment	: 64
address sizes	: 40 bits physical, 48 bits virtual
power management: ts fid vid ttp

processor	: 1
vendor_id	: AuthenticAMD
cpu family	: 15
model		: 33
model name	: Dual Core AMD Opteron(tm) Processor 270
stepping	: 2
cpu MHz		: 1994.715
cache size	: 1024 KB
physical id	: 0
siblings	: 2
core id		: 1
cpu cores	: 2
apicid		: 1
initial apicid	: 1
fpu		: yes
fpu_exception	: yes
cpuid level	: 1
wp		: yes
flags		: fpu vme de pse tsc msr pae mce cx8 apic sep mtrr pge mca cmov pat pse36 clflush mmx fxsr sse sse2 ht syscall nx mmxext fxsr_opt lm 3dnowext 3dnow rep_good pni lahf_lm cmp_legacy
bogomips	: 3988.56
TLB size	: 1024 4K pages
clflush size	: 64
cache_alignment	: 64
address sizes	: 40 bits physical, 48 bits virtual
power management: ts fid vid ttp

processor	: 2
vendor_id	: AuthenticAMD
cpu family	: 15
model		: 33
model name	: Dual Core AMD Opteron(tm) Processor 270
stepping	: 2
cpu MHz		: 1994.715
cache size	: 1024 KB
physical id	: 1
siblings	: 2
core id		: 0
cpu cores	: 2
apicid		: 2
initial apicid	: 2
fpu		: yes
fpu_exception	: yes
cpuid level	: 1
wp		: yes
flags		: fpu vme de pse tsc msr pae mce cx8 apic sep mtrr pge mca cmov pat pse36 clflush mmx fxsr sse sse2 ht syscall nx mmxext fxsr_opt lm 3dnowext 3dnow rep_good pni lahf_lm cmp_legacy
bogomips	: 3988.58
TLB size	: 1024 4K pages
clflush size	: 64
cache_alignment	: 64
address sizes	: 40 bits physical, 48 bits virtual
power management: ts fid vid ttp

processor	: 3
vendor_id	: AuthenticAMD
cpu family	: 15
model		: 33
model name	: Dual Core AMD Opteron(tm) Processor 270
stepping	: 2
cpu MHz		: 1994.715
cache size	: 1024 KB
physical id	: 1
siblings	: 2
core id		: 1
cpu cores	: 2
apicid		: 3
initial apicid	: 3
fpu		: yes
fpu_exception	: yes
cpuid level	: 1
wp		: yes
flags		: fpu vme de pse tsc msr pae mce cx8 apic sep mtrr pge mca cmov pat pse36 clflush mmx fxsr sse sse2 ht syscall nx mmxext fxsr_opt lm 3dnowext 3dnow rep_good pni lahf_lm cmp_legacy
bogomips	: 3988.58
TLB size	: 1024 4K pages
clflush size	: 64
cache_alignment	: 64
address sizes	: 40 bits physical, 48 bits virtual
power management: ts fid vid ttp



Memory: 4k page, physical 8193028k(5345212k free), swap 8387576k(8387576k free)

vm_info: Java HotSpot(TM) 64-Bit Server VM (24.51-b03) for linux-amd64 JRE (1.7.0_51-b13), built on Dec 18 2013 18:48:01 by "java_re" with gcc 4.3.0 20080428 (Red Hat 4.3.0-8)

time: Sat Jun 14 22:13:43 2014
elapsed time: 5 seconds

