#
# A fatal error has been detected by the Java Runtime Environment:
#
#  SIGSEGV (0xb) at pc=0x00007ff8a540cde7, pid=15900, tid=140705895298816
#
# JRE version: Java(TM) SE Runtime Environment (7.0_51-b13) (build 1.7.0_51-b13)
# Java VM: Java HotSpot(TM) 64-Bit Server VM (24.51-b03 mixed mode linux-amd64 compressed oops)
# Problematic frame:
# C  [libawt.so+0x30de7]  GetSDOps+0x47
#
# Failed to write core dump. Core dumps have been disabled. To enable core dumping, try "ulimit -c unlimited" before starting Java again
#
# If you would like to submit a bug report, please visit:
#   http://bugreport.sun.com/bugreport/crash.jsp
# The crash happened outside the Java Virtual Machine in native code.
# See problematic frame for where to report the bug.
#

---------------  T H R E A D  ---------------

Current thread (0x00007ff8b017f000):  JavaThread "AWT-EventQueue-0" [_thread_in_native, id=15934, stack(0x00007ff8a4d83000,0x00007ff8a4e84000)]

siginfo:si_signo=SIGSEGV: si_errno=0, si_code=1 (SEGV_MAPERR), si_addr=0x00007f61ac07b380

Registers:
RAX=0x00007f61ac07b360, RBX=0x00007ff8b017f1e8, RCX=0x0000000000000003, RDX=0x00007ff8b79dba50
RSP=0x00007ff8a4e7ed20, RBP=0x00007ff8a4e7ed40, RSI=0x000000077e76b948, RDI=0x00007ff8b017f1e8
R8 =0x00007ff8a4e7f188, R9 =0x00007ff8a4e7f180, R10=0x00007ff8a718752d, R11=0x00007ff8b744bd30
R12=0x00007ff8a4e7f198, R13=0x00007f61ac07b360, R14=0x0000000000000001, R15=0x00007ff8a4e7f190
RIP=0x00007ff8a540cde7, EFLAGS=0x0000000000010202, CSGSFS=0x0000000000000033, ERR=0x0000000000000004
  TRAPNO=0x000000000000000e

Top of Stack: (sp=0x00007ff8a4e7ed20)
0x00007ff8a4e7ed20:   00007ff8a4e7f188 00007ff8a4e7f180
0x00007ff8a4e7ed30:   00007ff8a4e7f198 00007ff8b017f1e8
0x00007ff8a4e7ed40:   00007ff8a4e7f020 00007ff8a540f9ab
0x00007ff8a4e7ed50:   000000000000002f 00007ff8a4e7ed08
0x00007ff8a4e7ed60:   00007ff8a4e7ed49 0000000800000002
0x00007ff8a4e7ed70:   00007ff8b017fa00 00000007d72ebc88
0x00007ff8a4e7ed80:   00007ff8b017fa48 00007ff8b017fa48
0x00007ff8a4e7ed90:   00007ff8b017fa40 00007ff8b017fa40
0x00007ff8a4e7eda0:   00000007fffffffe 00007ff8a4e7efa0
0x00007ff8a4e7edb0:   0000000000000000 00007ff8b017f000
0x00007ff8a4e7edc0:   407832aaaaaaaaac 40855d5555555556
0x00007ff8a4e7edd0:   4070955555555555 4080055555555554
0x00007ff8a4e7ede0:   000000077dc1d280 0000000000000000
0x00007ff8a4e7edf0:   00007ff8a4e7eeb0 00007ff8b737ea39
0x00007ff8a4e7ee00:   00007ff8a5686a70 00007ff8b017fa18
0x00007ff8a4e7ee10:   00007ff8a4e7efef 00007ff8b017fa18
0x00007ff8a4e7ee20:   00007ff8b797fe30 0000005000000000
0x00007ff8a4e7ee30:   0000000000000026 0000000000000000
0x00007ff8a4e7ee40:   0000000000000000 00007ff85c00a8e0
0x00007ff8a4e7ee50:   00007ff8a4e7ee70 00007ff8b7468379
0x00007ff8a4e7ee60:   00007ff8a4e7ee80 00007ff8a4e7eea0
0x00007ff8a4e7ee70:   00007ff8a4e7ee90 00007ff8b7468c01
0x00007ff8a4e7ee80:   00007ff8a4e7eea0 00007ff8a4e7ef00
0x00007ff8a4e7ee90:   00007ff8a4e7eee0 00007ff8b736a5fe
0x00007ff8a4e7eea0:   00007ff8b795e6d0 00007ff8b01414c0
0x00007ff8a4e7eeb0:   0000000000000067 000000000000000e
0x00007ff8a4e7eec0:   00007ff800000000 00007ff8b01414c1
0x00007ff8a4e7eed0:   00007ff8b017f000 00007ff8b017fa18
0x00007ff8a4e7eee0:   00007ff8a4e7efa0 00007ff8b718f963
0x00007ff8a4e7eef0:   00007ff8b017fa18 00007ff8a4e7f1a0
0x00007ff8a4e7ef00:   00007ff8b798a5f0 00007ff8b01414c0
0x00007ff8a4e7ef10:   0000000000000066 00007ff8b737f74e 

Instructions: (pc=0x00007ff8a540cde7)
0x00007ff8a540cdc7:   00 00 00 48 8b 07 48 8b 15 ec 00 28 00 ff 90 28
0x00007ff8a540cdd7:   03 00 00 48 85 c0 49 89 c5 74 2e 45 84 f6 74 11
0x00007ff8a540cde7:   48 8b 40 20 48 85 c0 74 08 4c 89 ee 48 89 df ff
0x00007ff8a540cdf7:   d0 4c 89 e8 48 8b 1c 24 4c 8b 64 24 08 4c 8b 6c 

Register to memory mapping:

RAX=0x00007f61ac07b360 is an unknown value
RBX=0x00007ff8b017f1e8 is an unknown value
RCX=0x0000000000000003 is an unknown value
RDX=0x00007ff8b79dba50: <offset 0xe37a50> in /usr/java/jdk1.7.0_51/jre/lib/amd64/server/libjvm.so at 0x00007ff8b6ba4000
RSP=0x00007ff8a4e7ed20 is pointing into the stack for thread: 0x00007ff8b017f000
RBP=0x00007ff8a4e7ed40 is pointing into the stack for thread: 0x00007ff8b017f000
RSI=0x000000077e76b948 is an oop
{instance class} 
 - klass: {other class}
RDI=0x00007ff8b017f1e8 is an unknown value
R8 =0x00007ff8a4e7f188 is pointing into the stack for thread: 0x00007ff8b017f000
R9 =0x00007ff8a4e7f180 is pointing into the stack for thread: 0x00007ff8b017f000
R10=0x00007ff8a718752d is at code_begin+1197 in an Interpreter codelet
method entry point (kind = native)  [0x00007ff8a7187080, 0x00007ff8a7187e80]  3584 bytes
R11=0x00007ff8b744bd30: <offset 0x8a7d30> in /usr/java/jdk1.7.0_51/jre/lib/amd64/server/libjvm.so at 0x00007ff8b6ba4000
R12=0x00007ff8a4e7f198 is pointing into the stack for thread: 0x00007ff8b017f000
R13=0x00007f61ac07b360 is an unknown value
R14=0x0000000000000001 is an unknown value
R15=0x00007ff8a4e7f190 is pointing into the stack for thread: 0x00007ff8b017f000


Stack: [0x00007ff8a4d83000,0x00007ff8a4e84000],  sp=0x00007ff8a4e7ed20,  free space=1007k
Native frames: (J=compiled Java code, j=interpreted, Vv=VM code, C=native code)
C  [libawt.so+0x30de7]  GetSDOps+0x47
C  [libawt.so+0x339ab]  Java_sun_java2d_loops_ScaledBlit_Scale+0xbb
j  sun.java2d.loops.ScaledBlit.Scale(Lsun/java2d/SurfaceData;Lsun/java2d/SurfaceData;Ljava/awt/Composite;Lsun/java2d/pipe/Region;IIIIDDDD)V+0
j  sun.java2d.pipe.DrawImage.scaleSurfaceData(Lsun/java2d/SunGraphics2D;Lsun/java2d/pipe/Region;Lsun/java2d/SurfaceData;Lsun/java2d/SurfaceData;Lsun/java2d/loops/SurfaceType;Lsun/java2d/loops/SurfaceType;IIIIDDDD)Z+72
j  sun.java2d.pipe.DrawImage.renderImageScale(Lsun/java2d/SunGraphics2D;Ljava/awt/Image;Ljava/awt/Color;IIIIIDDDD)Z+97
j  sun.java2d.pipe.DrawImage.tryCopyOrScale(Lsun/java2d/SunGraphics2D;Ljava/awt/Image;IIIILjava/awt/Color;I[D)Z+176
j  sun.java2d.pipe.DrawImage.transformImage(Lsun/java2d/SunGraphics2D;Ljava/awt/Image;Ljava/awt/geom/AffineTransform;IIIIILjava/awt/Color;)V+97
j  sun.java2d.pipe.DrawImage.scaleImage(Lsun/java2d/SunGraphics2D;Ljava/awt/Image;IIIIIIIILjava/awt/Color;)Z+467
j  sun.java2d.pipe.DrawImage.copyImage(Lsun/java2d/SunGraphics2D;Ljava/awt/Image;IIIIIILjava/awt/Color;)Z+68
j  sun.java2d.pipe.DrawImage.copyImage(Lsun/java2d/SunGraphics2D;Ljava/awt/Image;IIIIIILjava/awt/Color;Ljava/awt/image/ImageObserver;)Z+23
j  sun.java2d.pipe.ValidatePipe.copyImage(Lsun/java2d/SunGraphics2D;Ljava/awt/Image;IIIIIILjava/awt/Color;Ljava/awt/image/ImageObserver;)Z+29
j  sun.java2d.SunGraphics2D.copyImage(Ljava/awt/Image;IIIIIILjava/awt/Color;Ljava/awt/image/ImageObserver;)Z+20
j  sun.java2d.SunGraphics2D.drawImage(Ljava/awt/Image;IIIIIIIILjava/awt/Color;Ljava/awt/image/ImageObserver;)Z+185
j  sun.java2d.SunGraphics2D.drawImage(Ljava/awt/Image;IIIIIIIILjava/awt/image/ImageObserver;)Z+19
j  client.gui.ImagePanel$DrawingImage.draw(Ljava/awt/Graphics2D;)V+52
j  client.gui.ImagePanel.paintComponent(Ljava/awt/Graphics;)V+93
j  javax.swing.JComponent.paint(Ljava/awt/Graphics;)V+286
j  javax.swing.JComponent.paintChildren(Ljava/awt/Graphics;)V+501
j  javax.swing.JSplitPane.paintChildren(Ljava/awt/Graphics;)V+2
j  javax.swing.JComponent.paint(Ljava/awt/Graphics;)V+318
j  javax.swing.JComponent.paintChildren(Ljava/awt/Graphics;)V+501
j  javax.swing.JComponent.paint(Ljava/awt/Graphics;)V+318
j  javax.swing.JComponent.paintChildren(Ljava/awt/Graphics;)V+501
j  javax.swing.JComponent.paint(Ljava/awt/Graphics;)V+318
j  javax.swing.JLayeredPane.paint(Ljava/awt/Graphics;)V+73
j  javax.swing.JComponent.paintChildren(Ljava/awt/Graphics;)V+501
j  javax.swing.JComponent.paintToOffscreen(Ljava/awt/Graphics;IIIIII)V+72
j  javax.swing.BufferStrategyPaintManager.paint(Ljavax/swing/JComponent;Ljavax/swing/JComponent;Ljava/awt/Graphics;IIII)Z+157
j  javax.swing.RepaintManager.paint(Ljavax/swing/JComponent;Ljavax/swing/JComponent;Ljava/awt/Graphics;IIII)V+52
j  javax.swing.JComponent.paint(Ljava/awt/Graphics;)V+221
j  java.awt.GraphicsCallback$PaintCallback.run(Ljava/awt/Component;Ljava/awt/Graphics;)V+2
j  sun.awt.SunGraphicsCallback.runOneComponent(Ljava/awt/Component;Ljava/awt/Rectangle;Ljava/awt/Graphics;Ljava/awt/Shape;I)V+155
j  sun.awt.SunGraphicsCallback.runComponents([Ljava/awt/Component;Ljava/awt/Graphics;I)V+194
j  java.awt.Container.paint(Ljava/awt/Graphics;)V+58
j  java.awt.Window.paint(Ljava/awt/Graphics;)V+68
j  javax.swing.RepaintManager$3.run()Ljava/lang/Void;+136
j  javax.swing.RepaintManager$3.run()Ljava/lang/Object;+1
v  ~StubRoutines::call_stub
V  [libjvm.so+0x5f8465]  JavaCalls::call_helper(JavaValue*, methodHandle*, JavaCallArguments*, Thread*)+0x365
V  [libjvm.so+0x5f6ec8]  JavaCalls::call(JavaValue*, methodHandle, JavaCallArguments*, Thread*)+0x28
V  [libjvm.so+0x67cc64]  JVM_DoPrivileged+0x2a4
j  java.security.AccessController.doPrivileged(Ljava/security/PrivilegedAction;Ljava/security/AccessControlContext;)Ljava/lang/Object;+0
j  java.security.ProtectionDomain$1.doIntersectionPrivilege(Ljava/security/PrivilegedAction;Ljava/security/AccessControlContext;Ljava/security/AccessControlContext;)Ljava/lang/Object;+28
j  javax.swing.RepaintManager.paintDirtyRegions(Ljava/util/Map;)V+154
j  javax.swing.RepaintManager.paintDirtyRegions()V+46
j  javax.swing.RepaintManager.prePaintDirtyRegions()V+73
j  javax.swing.RepaintManager.access$1100(Ljavax/swing/RepaintManager;)V+1
j  javax.swing.RepaintManager$ProcessingRunnable.run()V+37
j  java.awt.event.InvocationEvent.dispatch()V+47
j  java.awt.EventQueue.dispatchEventImpl(Ljava/awt/AWTEvent;Ljava/lang/Object;)V+21
j  java.awt.EventQueue.access$200(Ljava/awt/EventQueue;Ljava/awt/AWTEvent;Ljava/lang/Object;)V+3
j  java.awt.EventQueue$3.run()Ljava/lang/Void;+12
j  java.awt.EventQueue$3.run()Ljava/lang/Object;+1
v  ~StubRoutines::call_stub
V  [libjvm.so+0x5f8465]  JavaCalls::call_helper(JavaValue*, methodHandle*, JavaCallArguments*, Thread*)+0x365
V  [libjvm.so+0x5f6ec8]  JavaCalls::call(JavaValue*, methodHandle, JavaCallArguments*, Thread*)+0x28
V  [libjvm.so+0x67cc64]  JVM_DoPrivileged+0x2a4
j  java.security.AccessController.doPrivileged(Ljava/security/PrivilegedAction;Ljava/security/AccessControlContext;)Ljava/lang/Object;+0
j  java.security.ProtectionDomain$1.doIntersectionPrivilege(Ljava/security/PrivilegedAction;Ljava/security/AccessControlContext;Ljava/security/AccessControlContext;)Ljava/lang/Object;+28
j  java.awt.EventQueue.dispatchEvent(Ljava/awt/AWTEvent;)V+46
j  java.awt.EventDispatchThread.pumpOneEventForFilters(I)V+245
j  java.awt.EventDispatchThread.pumpEventsForFilter(ILjava/awt/Conditional;Ljava/awt/EventFilter;)V+35
j  java.awt.EventDispatchThread.pumpEventsForHierarchy(ILjava/awt/Conditional;Ljava/awt/Component;)V+11
j  java.awt.EventDispatchThread.pumpEvents(ILjava/awt/Conditional;)V+4
j  java.awt.EventDispatchThread.pumpEvents(Ljava/awt/Conditional;)V+3
j  java.awt.EventDispatchThread.run()V+9
v  ~StubRoutines::call_stub
V  [libjvm.so+0x5f8465]  JavaCalls::call_helper(JavaValue*, methodHandle*, JavaCallArguments*, Thread*)+0x365
V  [libjvm.so+0x5f6ec8]  JavaCalls::call(JavaValue*, methodHandle, JavaCallArguments*, Thread*)+0x28
V  [libjvm.so+0x5f7197]  JavaCalls::call_virtual(JavaValue*, KlassHandle, Symbol*, Symbol*, JavaCallArguments*, Thread*)+0x197
V  [libjvm.so+0x5f72b7]  JavaCalls::call_virtual(JavaValue*, Handle, KlassHandle, Symbol*, Symbol*, Thread*)+0x47
V  [libjvm.so+0x6731c5]  thread_entry(JavaThread*, Thread*)+0xe5
V  [libjvm.so+0x94d5ff]  JavaThread::thread_main_inner()+0xdf
V  [libjvm.so+0x94d705]  JavaThread::run()+0xf5
V  [libjvm.so+0x815538]  java_start(Thread*)+0x108

Java frames: (J=compiled Java code, j=interpreted, Vv=VM code)
j  sun.java2d.loops.ScaledBlit.Scale(Lsun/java2d/SurfaceData;Lsun/java2d/SurfaceData;Ljava/awt/Composite;Lsun/java2d/pipe/Region;IIIIDDDD)V+0
j  sun.java2d.pipe.DrawImage.scaleSurfaceData(Lsun/java2d/SunGraphics2D;Lsun/java2d/pipe/Region;Lsun/java2d/SurfaceData;Lsun/java2d/SurfaceData;Lsun/java2d/loops/SurfaceType;Lsun/java2d/loops/SurfaceType;IIIIDDDD)Z+72
j  sun.java2d.pipe.DrawImage.renderImageScale(Lsun/java2d/SunGraphics2D;Ljava/awt/Image;Ljava/awt/Color;IIIIIDDDD)Z+97
j  sun.java2d.pipe.DrawImage.tryCopyOrScale(Lsun/java2d/SunGraphics2D;Ljava/awt/Image;IIIILjava/awt/Color;I[D)Z+176
j  sun.java2d.pipe.DrawImage.transformImage(Lsun/java2d/SunGraphics2D;Ljava/awt/Image;Ljava/awt/geom/AffineTransform;IIIIILjava/awt/Color;)V+97
j  sun.java2d.pipe.DrawImage.scaleImage(Lsun/java2d/SunGraphics2D;Ljava/awt/Image;IIIIIIIILjava/awt/Color;)Z+467
j  sun.java2d.pipe.DrawImage.copyImage(Lsun/java2d/SunGraphics2D;Ljava/awt/Image;IIIIIILjava/awt/Color;)Z+68
j  sun.java2d.pipe.DrawImage.copyImage(Lsun/java2d/SunGraphics2D;Ljava/awt/Image;IIIIIILjava/awt/Color;Ljava/awt/image/ImageObserver;)Z+23
j  sun.java2d.pipe.ValidatePipe.copyImage(Lsun/java2d/SunGraphics2D;Ljava/awt/Image;IIIIIILjava/awt/Color;Ljava/awt/image/ImageObserver;)Z+29
j  sun.java2d.SunGraphics2D.copyImage(Ljava/awt/Image;IIIIIILjava/awt/Color;Ljava/awt/image/ImageObserver;)Z+20
j  sun.java2d.SunGraphics2D.drawImage(Ljava/awt/Image;IIIIIIIILjava/awt/Color;Ljava/awt/image/ImageObserver;)Z+185
j  sun.java2d.SunGraphics2D.drawImage(Ljava/awt/Image;IIIIIIIILjava/awt/image/ImageObserver;)Z+19
j  client.gui.ImagePanel$DrawingImage.draw(Ljava/awt/Graphics2D;)V+52
j  client.gui.ImagePanel.paintComponent(Ljava/awt/Graphics;)V+93
j  javax.swing.JComponent.paint(Ljava/awt/Graphics;)V+286
j  javax.swing.JComponent.paintChildren(Ljava/awt/Graphics;)V+501
j  javax.swing.JSplitPane.paintChildren(Ljava/awt/Graphics;)V+2
j  javax.swing.JComponent.paint(Ljava/awt/Graphics;)V+318
j  javax.swing.JComponent.paintChildren(Ljava/awt/Graphics;)V+501
j  javax.swing.JComponent.paint(Ljava/awt/Graphics;)V+318
j  javax.swing.JComponent.paintChildren(Ljava/awt/Graphics;)V+501
j  javax.swing.JComponent.paint(Ljava/awt/Graphics;)V+318
j  javax.swing.JLayeredPane.paint(Ljava/awt/Graphics;)V+73
j  javax.swing.JComponent.paintChildren(Ljava/awt/Graphics;)V+501
j  javax.swing.JComponent.paintToOffscreen(Ljava/awt/Graphics;IIIIII)V+72
j  javax.swing.BufferStrategyPaintManager.paint(Ljavax/swing/JComponent;Ljavax/swing/JComponent;Ljava/awt/Graphics;IIII)Z+157
j  javax.swing.RepaintManager.paint(Ljavax/swing/JComponent;Ljavax/swing/JComponent;Ljava/awt/Graphics;IIII)V+52
j  javax.swing.JComponent.paint(Ljava/awt/Graphics;)V+221
j  java.awt.GraphicsCallback$PaintCallback.run(Ljava/awt/Component;Ljava/awt/Graphics;)V+2
j  sun.awt.SunGraphicsCallback.runOneComponent(Ljava/awt/Component;Ljava/awt/Rectangle;Ljava/awt/Graphics;Ljava/awt/Shape;I)V+155
j  sun.awt.SunGraphicsCallback.runComponents([Ljava/awt/Component;Ljava/awt/Graphics;I)V+194
j  java.awt.Container.paint(Ljava/awt/Graphics;)V+58
j  java.awt.Window.paint(Ljava/awt/Graphics;)V+68
j  javax.swing.RepaintManager$3.run()Ljava/lang/Void;+136
j  javax.swing.RepaintManager$3.run()Ljava/lang/Object;+1
v  ~StubRoutines::call_stub
j  java.security.AccessController.doPrivileged(Ljava/security/PrivilegedAction;Ljava/security/AccessControlContext;)Ljava/lang/Object;+0
j  java.security.ProtectionDomain$1.doIntersectionPrivilege(Ljava/security/PrivilegedAction;Ljava/security/AccessControlContext;Ljava/security/AccessControlContext;)Ljava/lang/Object;+28
j  javax.swing.RepaintManager.paintDirtyRegions(Ljava/util/Map;)V+154
j  javax.swing.RepaintManager.paintDirtyRegions()V+46
j  javax.swing.RepaintManager.prePaintDirtyRegions()V+73
j  javax.swing.RepaintManager.access$1100(Ljavax/swing/RepaintManager;)V+1
j  javax.swing.RepaintManager$ProcessingRunnable.run()V+37
j  java.awt.event.InvocationEvent.dispatch()V+47
j  java.awt.EventQueue.dispatchEventImpl(Ljava/awt/AWTEvent;Ljava/lang/Object;)V+21
j  java.awt.EventQueue.access$200(Ljava/awt/EventQueue;Ljava/awt/AWTEvent;Ljava/lang/Object;)V+3
j  java.awt.EventQueue$3.run()Ljava/lang/Void;+12
j  java.awt.EventQueue$3.run()Ljava/lang/Object;+1
v  ~StubRoutines::call_stub
j  java.security.AccessController.doPrivileged(Ljava/security/PrivilegedAction;Ljava/security/AccessControlContext;)Ljava/lang/Object;+0
j  java.security.ProtectionDomain$1.doIntersectionPrivilege(Ljava/security/PrivilegedAction;Ljava/security/AccessControlContext;Ljava/security/AccessControlContext;)Ljava/lang/Object;+28
j  java.awt.EventQueue.dispatchEvent(Ljava/awt/AWTEvent;)V+46
j  java.awt.EventDispatchThread.pumpOneEventForFilters(I)V+245
j  java.awt.EventDispatchThread.pumpEventsForFilter(ILjava/awt/Conditional;Ljava/awt/EventFilter;)V+35
j  java.awt.EventDispatchThread.pumpEventsForHierarchy(ILjava/awt/Conditional;Ljava/awt/Component;)V+11
j  java.awt.EventDispatchThread.pumpEvents(ILjava/awt/Conditional;)V+4
j  java.awt.EventDispatchThread.pumpEvents(Ljava/awt/Conditional;)V+3
j  java.awt.EventDispatchThread.run()V+9
v  ~StubRoutines::call_stub

---------------  P R O C E S S  ---------------

Java Threads: ( => current thread )
  0x00007ff84816d000 JavaThread "TimerQueue" daemon [_thread_blocked, id=15937, stack(0x00007ff8a4362000,0x00007ff8a4463000)]
  0x00007ff8b000b800 JavaThread "DestroyJavaVM" [_thread_blocked, id=15908, stack(0x00007ff8b6aa3000,0x00007ff8b6ba4000)]
=>0x00007ff8b017f000 JavaThread "AWT-EventQueue-0" [_thread_in_native, id=15934, stack(0x00007ff8a4d83000,0x00007ff8a4e84000)]
  0x00007ff8b017d800 JavaThread "AWT-Shutdown" [_thread_blocked, id=15933, stack(0x00007ff8a4e84000,0x00007ff8a4f85000)]
  0x00007ff8b017c000 JavaThread "AWT-XAWT" daemon [_thread_in_native, id=15932, stack(0x00007ff8a4f85000,0x00007ff8a5086000)]
  0x00007ff8b014b000 JavaThread "Java2D Disposer" daemon [_thread_blocked, id=15931, stack(0x00007ff8a5086000,0x00007ff8a5187000)]
  0x00007ff8b00a7800 JavaThread "Service Thread" daemon [_thread_blocked, id=15929, stack(0x00007ff8a57af000,0x00007ff8a58b0000)]
  0x00007ff8b00a5000 JavaThread "C2 CompilerThread1" daemon [_thread_blocked, id=15928, stack(0x00007ff8a58b0000,0x00007ff8a59b1000)]
  0x00007ff8b00a2000 JavaThread "C2 CompilerThread0" daemon [_thread_blocked, id=15927, stack(0x00007ff8a59b1000,0x00007ff8a5ab2000)]
  0x00007ff870001000 JavaThread "JDWP Command Reader" daemon [_thread_in_native, id=15922, stack(0x00007ff8a5ab2000,0x00007ff8a5bb3000)]
  0x00007ff8b00a0000 JavaThread "JDWP Event Helper Thread" daemon [_thread_blocked, id=15921, stack(0x00007ff8a5bb3000,0x00007ff8a5cb4000)]
  0x00007ff8b009c800 JavaThread "JDWP Transport Listener: dt_socket" daemon [_thread_blocked, id=15918, stack(0x00007ff8a5cb4000,0x00007ff8a5db5000)]
  0x00007ff8b0087000 JavaThread "Signal Dispatcher" daemon [_thread_blocked, id=15916, stack(0x00007ff8a5fb9000,0x00007ff8a60ba000)]
  0x00007ff8b0071000 JavaThread "Finalizer" daemon [_thread_blocked, id=15915, stack(0x00007ff8a60ba000,0x00007ff8a61bb000)]
  0x00007ff8b006d000 JavaThread "Reference Handler" daemon [_thread_blocked, id=15914, stack(0x00007ff8a61bb000,0x00007ff8a62bc000)]

Other Threads:
  0x00007ff8b006b000 VMThread [stack: 0x00007ff8a62bc000,0x00007ff8a63bd000] [id=15913]
  0x00007ff8b00b2800 WatcherThread [stack: 0x00007ff8a56ae000,0x00007ff8a57af000] [id=15930]

VM state:not at safepoint (normal execution)

VM Mutex/Monitor currently owned by a thread: None

Heap
 PSYoungGen      total 37888K, used 20314K [0x00000007d6480000, 0x00000007d8e80000, 0x0000000800000000)
  eden space 32768K, 46% used [0x00000007d6480000,0x00000007d735db70,0x00000007d8480000)
  from space 5120K, 99% used [0x00000007d8480000,0x00000007d8979040,0x00000007d8980000)
  to   space 5120K, 0% used [0x00000007d8980000,0x00000007d8980000,0x00000007d8e80000)
 ParOldGen       total 84992K, used 10515K [0x0000000782e00000, 0x0000000788100000, 0x00000007d6480000)
  object space 84992K, 12% used [0x0000000782e00000,0x0000000783844c20,0x0000000788100000)
 PSPermGen       total 21504K, used 17079K [0x000000077dc00000, 0x000000077f100000, 0x0000000782e00000)
  object space 21504K, 79% used [0x000000077dc00000,0x000000077ecadf10,0x000000077f100000)

Card table byte_map: [0x00007ff8b5095000,0x00007ff8b54a8000] byte_map_base: 0x00007ff8b14a7000

Polling page: 0x00007ff8b7c39000

Code Cache  [0x00007ff8a716f000, 0x00007ff8a73df000, 0x00007ff8aa16f000)
 total_blobs=605 nmethods=113 adapters=454 free_code_cache=48285Kb largest_free_block=49402176

Compilation events (10 events):
Event: 7.276 Thread 0x00007ff8b00a2000 nmethod 108 0x00007ff8a723c210 code [0x00007ff8a723c360, 0x00007ff8a723c408]
Event: 7.312 Thread 0x00007ff8b00a2000  109             java.util.HashMap::containsKey (14 bytes)
Event: 7.318 Thread 0x00007ff8b00a2000 nmethod 109 0x00007ff8a723bb90 code [0x00007ff8a723bd00, 0x00007ff8a723bf68]
Event: 7.348 Thread 0x00007ff8b00a5000 nmethod 105 0x00007ff8a724cbd0 code [0x00007ff8a724cfa0, 0x00007ff8a724fb60]
Event: 15.014 Thread 0x00007ff8b00a2000  111             java.util.concurrent.atomic.AtomicInteger::get (5 bytes)
Event: 15.015 Thread 0x00007ff8b00a2000 nmethod 111 0x00007ff8a7220a90 code [0x00007ff8a7220bc0, 0x00007ff8a7220c18]
Event: 15.045 Thread 0x00007ff8b00a2000  112             java.awt.Component::getParent_NoClientCode (5 bytes)
Event: 15.046 Thread 0x00007ff8b00a2000 nmethod 112 0x00007ff8a722cf10 code [0x00007ff8a722d040, 0x00007ff8a722d0b8]
Event: 18.893 Thread 0x00007ff8b00a5000  113             com.sun.org.apache.xerces.internal.impl.XMLDocumentFragmentScannerImpl::scanDocument (272 bytes)
Event: 18.904 Thread 0x00007ff8b00a5000 nmethod 113 0x00007ff8a723ef90 code [0x00007ff8a723f180, 0x00007ff8a723f750]

GC Heap History (2 events):
Event: 7.182 GC heap before
{Heap before GC invocations=1 (full 0):
 PSYoungGen      total 37888K, used 32768K [0x00000007d6480000, 0x00000007d8e80000, 0x0000000800000000)
  eden space 32768K, 100% used [0x00000007d6480000,0x00000007d8480000,0x00000007d8480000)
  from space 5120K, 0% used [0x00000007d8980000,0x00000007d8980000,0x00000007d8e80000)
  to   space 5120K, 0% used [0x00000007d8480000,0x00000007d8480000,0x00000007d8980000)
 ParOldGen       total 84992K, used 0K [0x0000000782e00000, 0x0000000788100000, 0x00000007d6480000)
  object space 84992K, 0% used [0x0000000782e00000,0x0000000782e00000,0x0000000788100000)
 PSPermGen       total 21504K, used 16642K [0x000000077dc00000, 0x000000077f100000, 0x0000000782e00000)
  object space 21504K, 77% used [0x000000077dc00000,0x000000077ec40890,0x000000077f100000)
Event: 7.213 GC heap after
Heap after GC invocations=1 (full 0):
 PSYoungGen      total 37888K, used 5092K [0x00000007d6480000, 0x00000007d8e80000, 0x0000000800000000)
  eden space 32768K, 0% used [0x00000007d6480000,0x00000007d6480000,0x00000007d8480000)
  from space 5120K, 99% used [0x00000007d8480000,0x00000007d8979040,0x00000007d8980000)
  to   space 5120K, 0% used [0x00000007d8980000,0x00000007d8980000,0x00000007d8e80000)
 ParOldGen       total 84992K, used 10515K [0x0000000782e00000, 0x0000000788100000, 0x00000007d6480000)
  object space 84992K, 12% used [0x0000000782e00000,0x0000000783844c20,0x0000000788100000)
 PSPermGen       total 21504K, used 16642K [0x000000077dc00000, 0x000000077f100000, 0x0000000782e00000)
  object space 21504K, 77% used [0x000000077dc00000,0x000000077ec40890,0x000000077f100000)
}

Deoptimization events (5 events):
Event: 1.021 Thread 0x00007ff8b017f000 Uncommon trap: reason=class_check action=maybe_recompile pc=0x00007ff8a71e580c method=java.lang.String.equals(Ljava/lang/Object;)Z @ 8
Event: 1.022 Thread 0x00007ff8b017f000 Uncommon trap: reason=class_check action=maybe_recompile pc=0x00007ff8a71e580c method=java.lang.String.equals(Ljava/lang/Object;)Z @ 8
Event: 1.025 Thread 0x00007ff8b017f000 Uncommon trap: reason=class_check action=maybe_recompile pc=0x00007ff8a71e580c method=java.lang.String.equals(Ljava/lang/Object;)Z @ 8
Event: 1.025 Thread 0x00007ff8b017f000 Uncommon trap: reason=class_check action=maybe_recompile pc=0x00007ff8a71e580c method=java.lang.String.equals(Ljava/lang/Object;)Z @ 8
Event: 7.045 Thread 0x00007ff8b017f000 Uncommon trap: reason=null_check action=make_not_entrant pc=0x00007ff8a7222540 method=com.thoughtworks.xstream.core.util.WeakCache.get(Ljava/lang/Object;)Ljava/lang/Object; @ 10

Internal exceptions (10 events):
Event: 6.857 Thread 0x00007ff8b017f000 Threw 0x00000007d74abe90 at /HUDSON/workspace/7u-2-build-linux-amd64@2/jdk7u51/527/hotspot/src/share/vm/prims/jvm.cpp:1244
Event: 6.858 Thread 0x00007ff8b017f000 Threw 0x00000007d74ae1d8 at /HUDSON/workspace/7u-2-build-linux-amd64@2/jdk7u51/527/hotspot/src/share/vm/prims/jvm.cpp:1244
Event: 6.859 Thread 0x00007ff8b017f000 Threw 0x00000007d74b0220 at /HUDSON/workspace/7u-2-build-linux-amd64@2/jdk7u51/527/hotspot/src/share/vm/prims/jvm.cpp:1244
Event: 6.860 Thread 0x00007ff8b017f000 Threw 0x00000007d74b2ac0 at /HUDSON/workspace/7u-2-build-linux-amd64@2/jdk7u51/527/hotspot/src/share/vm/prims/jvm.cpp:1244
Event: 6.861 Thread 0x00007ff8b017f000 Threw 0x00000007d74b4b60 at /HUDSON/workspace/7u-2-build-linux-amd64@2/jdk7u51/527/hotspot/src/share/vm/prims/jvm.cpp:1244
Event: 6.865 Thread 0x00007ff8b017f000 Threw 0x00000007d74bb6d8 at /HUDSON/workspace/7u-2-build-linux-amd64@2/jdk7u51/527/hotspot/src/share/vm/prims/jvm.cpp:1244
Event: 7.045 Thread 0x00007ff8b017f000 Implicit null exception at 0x00007ff8a7221d34 to 0x00007ff8a722252d
Event: 7.272 Thread 0x00007ff8b017f000 Threw 0x00000007d6c6fc68 at /HUDSON/workspace/7u-2-build-linux-amd64@2/jdk7u51/527/hotspot/src/share/vm/prims/jvm.cpp:1244
Event: 7.283 Thread 0x00007ff8b017f000 Threw 0x00000007d6c81c28 at /HUDSON/workspace/7u-2-build-linux-amd64@2/jdk7u51/527/hotspot/src/share/vm/prims/jvm.cpp:1244
Event: 14.111 Thread 0x00007ff8b017f000 Threw 0x00000007d6e7a318 at /HUDSON/workspace/7u-2-build-linux-amd64@2/jdk7u51/527/hotspot/src/share/vm/prims/jvm.cpp:1244

Events (10 events):
Event: 67.283 Executing VM operation: ChangeSingleStep
Event: 67.283 Executing VM operation: ChangeSingleStep done
Event: 67.311 loading class 0x00007ff85c05cfa0
Event: 67.311 loading class 0x00007ff85c05cfa0 done
Event: 67.311 loading class 0x00007ff85c047c50
Event: 67.311 loading class 0x00007ff85c047c50 done
Event: 67.320 loading class 0x00007ff860018e10
Event: 67.320 loading class 0x00007ff860018e10 done
Event: 67.321 loading class 0x00007ff85c014850
Event: 67.321 loading class 0x00007ff85c014850 done


Dynamic libraries:
00400000-00401000 r-xp 00000000 09:02 1851940                            /usr/java/jdk1.7.0_51/bin/java
00600000-00601000 rw-p 00000000 09:02 1851940                            /usr/java/jdk1.7.0_51/bin/java
01bcf000-01bf0000 rw-p 00000000 00:00 0                                  [heap]
77dc00000-77f100000 rw-p 00000000 00:00 0 
77f100000-782e00000 rw-p 00000000 00:00 0 
782e00000-788100000 rw-p 00000000 00:00 0 
788100000-7d6480000 rw-p 00000000 00:00 0 
7d6480000-7d8e80000 rw-p 00000000 00:00 0 
7d8e80000-800000000 rw-p 00000000 00:00 0 
3fb9200000-3fb9220000 r-xp 00000000 09:02 399595                         /lib64/ld-2.12.so
3fb941f000-3fb9420000 r--p 0001f000 09:02 399595                         /lib64/ld-2.12.so
3fb9420000-3fb9421000 rw-p 00020000 09:02 399595                         /lib64/ld-2.12.so
3fb9421000-3fb9422000 rw-p 00000000 00:00 0 
3fb9600000-3fb9683000 r-xp 00000000 09:02 399600                         /lib64/libm-2.12.so
3fb9683000-3fb9882000 ---p 00083000 09:02 399600                         /lib64/libm-2.12.so
3fb9882000-3fb9883000 r--p 00082000 09:02 399600                         /lib64/libm-2.12.so
3fb9883000-3fb9884000 rw-p 00083000 09:02 399600                         /lib64/libm-2.12.so
3fb9a00000-3fb9b8b000 r-xp 00000000 09:02 399596                         /lib64/libc-2.12.so
3fb9b8b000-3fb9d8a000 ---p 0018b000 09:02 399596                         /lib64/libc-2.12.so
3fb9d8a000-3fb9d8e000 r--p 0018a000 09:02 399596                         /lib64/libc-2.12.so
3fb9d8e000-3fb9d8f000 rw-p 0018e000 09:02 399596                         /lib64/libc-2.12.so
3fb9d8f000-3fb9d94000 rw-p 00000000 00:00 0 
3fb9e00000-3fb9e17000 r-xp 00000000 09:02 399598                         /lib64/libpthread-2.12.so
3fb9e17000-3fba017000 ---p 00017000 09:02 399598                         /lib64/libpthread-2.12.so
3fba017000-3fba018000 r--p 00017000 09:02 399598                         /lib64/libpthread-2.12.so
3fba018000-3fba019000 rw-p 00018000 09:02 399598                         /lib64/libpthread-2.12.so
3fba019000-3fba01d000 rw-p 00000000 00:00 0 
3fba200000-3fba202000 r-xp 00000000 09:02 399599                         /lib64/libdl-2.12.so
3fba202000-3fba402000 ---p 00002000 09:02 399599                         /lib64/libdl-2.12.so
3fba402000-3fba403000 r--p 00002000 09:02 399599                         /lib64/libdl-2.12.so
3fba403000-3fba404000 rw-p 00003000 09:02 399599                         /lib64/libdl-2.12.so
3fbaa00000-3fbaa07000 r-xp 00000000 09:02 399602                         /lib64/librt-2.12.so
3fbaa07000-3fbac06000 ---p 00007000 09:02 399602                         /lib64/librt-2.12.so
3fbac06000-3fbac07000 r--p 00006000 09:02 399602                         /lib64/librt-2.12.so
3fbac07000-3fbac08000 rw-p 00007000 09:02 399602                         /lib64/librt-2.12.so
3fbc600000-3fbc61d000 r-xp 00000000 09:02 1736896                        /usr/lib64/libxcb.so.1.1.0
3fbc61d000-3fbc81d000 ---p 0001d000 09:02 1736896                        /usr/lib64/libxcb.so.1.1.0
3fbc81d000-3fbc81e000 rw-p 0001d000 09:02 1736896                        /usr/lib64/libxcb.so.1.1.0
3fbca00000-3fbcb37000 r-xp 00000000 09:02 1736897                        /usr/lib64/libX11.so.6.3.0
3fbcb37000-3fbcd37000 ---p 00137000 09:02 1736897                        /usr/lib64/libX11.so.6.3.0
3fbcd37000-3fbcd3d000 rw-p 00137000 09:02 1736897                        /usr/lib64/libX11.so.6.3.0
3fbce00000-3fbce02000 r-xp 00000000 09:02 1736895                        /usr/lib64/libXau.so.6.0.0
3fbce02000-3fbd002000 ---p 00002000 09:02 1736895                        /usr/lib64/libXau.so.6.0.0
3fbd002000-3fbd003000 rw-p 00002000 09:02 1736895                        /usr/lib64/libXau.so.6.0.0
3fbde00000-3fbde12000 r-xp 00000000 09:02 1736903                        /usr/lib64/libXext.so.6.4.0
3fbde12000-3fbe012000 ---p 00012000 09:02 1736903                        /usr/lib64/libXext.so.6.4.0
3fbe012000-3fbe013000 rw-p 00012000 09:02 1736903                        /usr/lib64/libXext.so.6.4.0
3fbea00000-3fbea09000 r-xp 00000000 09:02 1736898                        /usr/lib64/libXrender.so.1.3.0
3fbea09000-3fbec09000 ---p 00009000 09:02 1736898                        /usr/lib64/libXrender.so.1.3.0
3fbec09000-3fbec0a000 rw-p 00009000 09:02 1736898                        /usr/lib64/libXrender.so.1.3.0
3fbee00000-3fbee0e000 r-xp 00000000 09:02 1736905                        /usr/lib64/libXi.so.6.1.0
3fbee0e000-3fbf00e000 ---p 0000e000 09:02 1736905                        /usr/lib64/libXi.so.6.1.0
3fbf00e000-3fbf00f000 rw-p 0000e000 09:02 1736905                        /usr/lib64/libXi.so.6.1.0
3fc0a00000-3fc0a05000 r-xp 00000000 09:02 1736907                        /usr/lib64/libXfixes.so.3.1.0
3fc0a05000-3fc0c05000 ---p 00005000 09:02 1736907                        /usr/lib64/libXfixes.so.3.1.0
3fc0c05000-3fc0c06000 rw-p 00005000 09:02 1736907                        /usr/lib64/libXfixes.so.3.1.0
3fc2600000-3fc2609000 r-xp 00000000 09:02 1736908                        /usr/lib64/libXcursor.so.1.0.2
3fc2609000-3fc2809000 ---p 00009000 09:02 1736908                        /usr/lib64/libXcursor.so.1.0.2
3fc2809000-3fc280a000 rw-p 00009000 09:02 1736908                        /usr/lib64/libXcursor.so.1.0.2
3fc5e00000-3fc5e16000 r-xp 00000000 09:02 399616                         /lib64/libgcc_s-4.4.7-20120601.so.1
3fc5e16000-3fc6015000 ---p 00016000 09:02 399616                         /lib64/libgcc_s-4.4.7-20120601.so.1
3fc6015000-3fc6016000 rw-p 00015000 09:02 399616                         /lib64/libgcc_s-4.4.7-20120601.so.1
3fc8600000-3fc8605000 r-xp 00000000 09:02 1718247                        /usr/lib64/libXtst.so.6.1.0
3fc8605000-3fc8805000 ---p 00005000 09:02 1718247                        /usr/lib64/libXtst.so.6.1.0
3fc8805000-3fc8806000 rw-p 00005000 09:02 1718247                        /usr/lib64/libXtst.so.6.1.0
7ff83c000000-7ff83c021000 rw-p 00000000 00:00 0 
7ff83c021000-7ff840000000 ---p 00000000 00:00 0 
7ff840000000-7ff840021000 rw-p 00000000 00:00 0 
7ff840021000-7ff844000000 ---p 00000000 00:00 0 
7ff844000000-7ff844021000 rw-p 00000000 00:00 0 
7ff844021000-7ff848000000 ---p 00000000 00:00 0 
7ff848000000-7ff848451000 rw-p 00000000 00:00 0 
7ff848451000-7ff84c000000 ---p 00000000 00:00 0 
7ff84c000000-7ff84c021000 rw-p 00000000 00:00 0 
7ff84c021000-7ff850000000 ---p 00000000 00:00 0 
7ff850000000-7ff850021000 rw-p 00000000 00:00 0 
7ff850021000-7ff854000000 ---p 00000000 00:00 0 
7ff854000000-7ff854021000 rw-p 00000000 00:00 0 
7ff854021000-7ff858000000 ---p 00000000 00:00 0 
7ff858000000-7ff858021000 rw-p 00000000 00:00 0 
7ff858021000-7ff85c000000 ---p 00000000 00:00 0 
7ff85c000000-7ff85c8b1000 rw-p 00000000 00:00 0 
7ff85c8b1000-7ff860000000 ---p 00000000 00:00 0 
7ff860000000-7ff8605b5000 rw-p 00000000 00:00 0 
7ff8605b5000-7ff864000000 ---p 00000000 00:00 0 
7ff864000000-7ff864021000 rw-p 00000000 00:00 0 
7ff864021000-7ff868000000 ---p 00000000 00:00 0 
7ff868000000-7ff868021000 rw-p 00000000 00:00 0 
7ff868021000-7ff86c000000 ---p 00000000 00:00 0 
7ff86c000000-7ff86c021000 rw-p 00000000 00:00 0 
7ff86c021000-7ff870000000 ---p 00000000 00:00 0 
7ff870000000-7ff870021000 rw-p 00000000 00:00 0 
7ff870021000-7ff874000000 ---p 00000000 00:00 0 
7ff874000000-7ff874021000 rw-p 00000000 00:00 0 
7ff874021000-7ff878000000 ---p 00000000 00:00 0 
7ff878000000-7ff878021000 rw-p 00000000 00:00 0 
7ff878021000-7ff87c000000 ---p 00000000 00:00 0 
7ff87c000000-7ff87c021000 rw-p 00000000 00:00 0 
7ff87c021000-7ff880000000 ---p 00000000 00:00 0 
7ff883ee0000-7ff888000000 rw-p 00000000 00:00 0 
7ff888000000-7ff888021000 rw-p 00000000 00:00 0 
7ff888021000-7ff88c000000 ---p 00000000 00:00 0 
7ff890000000-7ff890021000 rw-p 00000000 00:00 0 
7ff890021000-7ff894000000 ---p 00000000 00:00 0 
7ff898000000-7ff898021000 rw-p 00000000 00:00 0 
7ff898021000-7ff89c000000 ---p 00000000 00:00 0 
7ff8a0000000-7ff8a0021000 rw-p 00000000 00:00 0 
7ff8a0021000-7ff8a4000000 ---p 00000000 00:00 0 
7ff8a40f6000-7ff8a4261000 rw-p 00000000 00:00 0 
7ff8a4261000-7ff8a4264000 ---p 00000000 00:00 0 
7ff8a4264000-7ff8a4362000 rw-p 00000000 00:00 0 
7ff8a4362000-7ff8a4365000 ---p 00000000 00:00 0 
7ff8a4365000-7ff8a4463000 rw-p 00000000 00:00 0 
7ff8a4463000-7ff8a44cb000 r-xp 00000000 09:02 1852112                    /usr/java/jdk1.7.0_51/jre/lib/amd64/libt2k.so
7ff8a44cb000-7ff8a46cb000 ---p 00068000 09:02 1852112                    /usr/java/jdk1.7.0_51/jre/lib/amd64/libt2k.so
7ff8a46cb000-7ff8a46d2000 rw-p 00068000 09:02 1852112                    /usr/java/jdk1.7.0_51/jre/lib/amd64/libt2k.so
7ff8a46d2000-7ff8a46e2000 rw-p 00000000 00:00 0 
7ff8a46e2000-7ff8a46f2000 r-xp 00000000 09:02 1852104                    /usr/java/jdk1.7.0_51/jre/lib/amd64/libnio.so
7ff8a46f2000-7ff8a48f2000 ---p 00010000 09:02 1852104                    /usr/java/jdk1.7.0_51/jre/lib/amd64/libnio.so
7ff8a48f2000-7ff8a48f3000 rw-p 00010000 09:02 1852104                    /usr/java/jdk1.7.0_51/jre/lib/amd64/libnio.so
7ff8a48f3000-7ff8a4909000 r-xp 00000000 09:02 1852103                    /usr/java/jdk1.7.0_51/jre/lib/amd64/libnet.so
7ff8a4909000-7ff8a4b09000 ---p 00016000 09:02 1852103                    /usr/java/jdk1.7.0_51/jre/lib/amd64/libnet.so
7ff8a4b09000-7ff8a4b0a000 rw-p 00016000 09:02 1852103                    /usr/java/jdk1.7.0_51/jre/lib/amd64/libnet.so
7ff8a4b0a000-7ff8a4b6f000 r-xp 00000000 09:02 1852075                    /usr/java/jdk1.7.0_51/jre/lib/amd64/libfontmanager.so
7ff8a4b6f000-7ff8a4d6e000 ---p 00065000 09:02 1852075                    /usr/java/jdk1.7.0_51/jre/lib/amd64/libfontmanager.so
7ff8a4d6e000-7ff8a4d72000 rw-p 00064000 09:02 1852075                    /usr/java/jdk1.7.0_51/jre/lib/amd64/libfontmanager.so
7ff8a4d72000-7ff8a4d83000 rw-p 00000000 00:00 0 
7ff8a4d83000-7ff8a4d86000 ---p 00000000 00:00 0 
7ff8a4d86000-7ff8a4e84000 rw-p 00000000 00:00 0 
7ff8a4e84000-7ff8a4e87000 ---p 00000000 00:00 0 
7ff8a4e87000-7ff8a4f85000 rw-p 00000000 00:00 0 
7ff8a4f85000-7ff8a4f88000 ---p 00000000 00:00 0 
7ff8a4f88000-7ff8a5086000 rw-p 00000000 00:00 0 
7ff8a5086000-7ff8a5089000 ---p 00000000 00:00 0 
7ff8a5089000-7ff8a5187000 rw-p 00000000 00:00 0 
7ff8a5187000-7ff8a51d7000 r-xp 00000000 09:02 1852121                    /usr/java/jdk1.7.0_51/jre/lib/amd64/xawt/libmawt.so
7ff8a51d7000-7ff8a53d7000 ---p 00050000 09:02 1852121                    /usr/java/jdk1.7.0_51/jre/lib/amd64/xawt/libmawt.so
7ff8a53d7000-7ff8a53db000 rw-p 00050000 09:02 1852121                    /usr/java/jdk1.7.0_51/jre/lib/amd64/xawt/libmawt.so
7ff8a53db000-7ff8a53dc000 rw-p 00000000 00:00 0 
7ff8a53dc000-7ff8a547e000 r-xp 00000000 09:02 1852071                    /usr/java/jdk1.7.0_51/jre/lib/amd64/libawt.so
7ff8a547e000-7ff8a567e000 ---p 000a2000 09:02 1852071                    /usr/java/jdk1.7.0_51/jre/lib/amd64/libawt.so
7ff8a567e000-7ff8a568a000 rw-p 000a2000 09:02 1852071                    /usr/java/jdk1.7.0_51/jre/lib/amd64/libawt.so
7ff8a568a000-7ff8a56ae000 rw-p 00000000 00:00 0 
7ff8a56ae000-7ff8a56af000 ---p 00000000 00:00 0 
7ff8a56af000-7ff8a57af000 rw-p 00000000 00:00 0 
7ff8a57af000-7ff8a57b2000 ---p 00000000 00:00 0 
7ff8a57b2000-7ff8a58b0000 rw-p 00000000 00:00 0 
7ff8a58b0000-7ff8a58b3000 ---p 00000000 00:00 0 
7ff8a58b3000-7ff8a59b1000 rw-p 00000000 00:00 0 
7ff8a59b1000-7ff8a59b4000 ---p 00000000 00:00 0 
7ff8a59b4000-7ff8a5ab2000 rw-p 00000000 00:00 0 
7ff8a5ab2000-7ff8a5ab5000 ---p 00000000 00:00 0 
7ff8a5ab5000-7ff8a5bb3000 rw-p 00000000 00:00 0 
7ff8a5bb3000-7ff8a5bb6000 ---p 00000000 00:00 0 
7ff8a5bb6000-7ff8a5cb4000 rw-p 00000000 00:00 0 
7ff8a5cb4000-7ff8a5cb7000 ---p 00000000 00:00 0 
7ff8a5cb7000-7ff8a5db5000 rw-p 00000000 00:00 0 
7ff8a5db5000-7ff8a5db9000 r-xp 00000000 09:02 1852074                    /usr/java/jdk1.7.0_51/jre/lib/amd64/libdt_socket.so
7ff8a5db9000-7ff8a5fb8000 ---p 00004000 09:02 1852074                    /usr/java/jdk1.7.0_51/jre/lib/amd64/libdt_socket.so
7ff8a5fb8000-7ff8a5fb9000 rw-p 00003000 09:02 1852074                    /usr/java/jdk1.7.0_51/jre/lib/amd64/libdt_socket.so
7ff8a5fb9000-7ff8a5fbc000 ---p 00000000 00:00 0 
7ff8a5fbc000-7ff8a60ba000 rw-p 00000000 00:00 0 
7ff8a60ba000-7ff8a60bd000 ---p 00000000 00:00 0 
7ff8a60bd000-7ff8a61bb000 rw-p 00000000 00:00 0 
7ff8a61bb000-7ff8a61be000 ---p 00000000 00:00 0 
7ff8a61be000-7ff8a62bc000 rw-p 00000000 00:00 0 
7ff8a62bc000-7ff8a62bd000 ---p 00000000 00:00 0 
7ff8a62bd000-7ff8a716f000 rw-p 00000000 00:00 0 
7ff8a716f000-7ff8a73df000 rwxp 00000000 00:00 0 
7ff8a73df000-7ff8aa16f000 rw-p 00000000 00:00 0 
7ff8aa16f000-7ff8b0000000 r--p 00000000 09:02 1705722                    /usr/lib/locale/locale-archive
7ff8b0000000-7ff8b0199000 rw-p 00000000 00:00 0 
7ff8b0199000-7ff8b4000000 ---p 00000000 00:00 0 
7ff8b401b000-7ff8b4026000 r--s 000af000 09:02 1852359                    /usr/java/jdk1.7.0_51/jre/lib/resources.jar
7ff8b4026000-7ff8b4046000 rw-s 00000000 00:04 12124186                   /SYSV00000000 (deleted)
7ff8b4046000-7ff8b4077000 rw-p 00000000 00:00 0 
7ff8b4077000-7ff8b4083000 r--s 0006a000 00:13 193274032643               /auto/users/lindell/classes/git/record_indexer/lib/xstream-1.4.2.jar
7ff8b4083000-7ff8b4088000 r--s 00309000 00:13 193274032642               /auto/users/lindell/classes/git/record_indexer/lib/sqlite-jdbc-3.7.2.jar
7ff8b4088000-7ff8b408e000 r--s 00034000 00:13 193274032641               /auto/users/lindell/classes/git/record_indexer/lib/junit-4.8.2.jar
7ff8b408e000-7ff8b42db000 rw-p 00000000 00:00 0 
7ff8b42db000-7ff8b4498000 r--s 039bf000 09:02 1852817                    /usr/java/jdk1.7.0_51/jre/lib/rt.jar
7ff8b4498000-7ff8b49cc000 rw-p 00000000 00:00 0 
7ff8b49cc000-7ff8b49cd000 ---p 00000000 00:00 0 
7ff8b49cd000-7ff8b4acd000 rw-p 00000000 00:00 0 
7ff8b4acd000-7ff8b4ace000 ---p 00000000 00:00 0 
7ff8b4ace000-7ff8b4bce000 rw-p 00000000 00:00 0 
7ff8b4bce000-7ff8b4bcf000 ---p 00000000 00:00 0 
7ff8b4bcf000-7ff8b4ccf000 rw-p 00000000 00:00 0 
7ff8b4ccf000-7ff8b4cd0000 ---p 00000000 00:00 0 
7ff8b4cd0000-7ff8b4ddb000 rw-p 00000000 00:00 0 
7ff8b4ddb000-7ff8b4df9000 rw-p 00000000 00:00 0 
7ff8b4df9000-7ff8b4e23000 rw-p 00000000 00:00 0 
7ff8b4e23000-7ff8b5095000 rw-p 00000000 00:00 0 
7ff8b5095000-7ff8b50a0000 rw-p 00000000 00:00 0 
7ff8b50a0000-7ff8b50be000 rw-p 00000000 00:00 0 
7ff8b50be000-7ff8b50e8000 rw-p 00000000 00:00 0 
7ff8b50e8000-7ff8b5359000 rw-p 00000000 00:00 0 
7ff8b5359000-7ff8b536f000 rw-p 00000000 00:00 0 
7ff8b536f000-7ff8b54a7000 rw-p 00000000 00:00 0 
7ff8b54a7000-7ff8b54b2000 rw-p 00000000 00:00 0 
7ff8b54b2000-7ff8b5568000 rw-p 00000000 00:00 0 
7ff8b5568000-7ff8b5582000 r-xp 00000000 09:02 1852115                    /usr/java/jdk1.7.0_51/jre/lib/amd64/libzip.so
7ff8b5582000-7ff8b5782000 ---p 0001a000 09:02 1852115                    /usr/java/jdk1.7.0_51/jre/lib/amd64/libzip.so
7ff8b5782000-7ff8b5783000 rw-p 0001a000 09:02 1852115                    /usr/java/jdk1.7.0_51/jre/lib/amd64/libzip.so
7ff8b5783000-7ff8b5e01000 r--s 00000000 09:02 1048685                    /var/lib/sss/mc/passwd
7ff8b5e01000-7ff8b5e08000 r-xp 00000000 09:02 393435                     /lib64/libnss_sss.so.2
7ff8b5e08000-7ff8b6008000 ---p 00007000 09:02 393435                     /lib64/libnss_sss.so.2
7ff8b6008000-7ff8b6009000 rw-p 00007000 09:02 393435                     /lib64/libnss_sss.so.2
7ff8b6009000-7ff8b6015000 r-xp 00000000 09:02 393246                     /lib64/libnss_files-2.12.so
7ff8b6015000-7ff8b6215000 ---p 0000c000 09:02 393246                     /lib64/libnss_files-2.12.so
7ff8b6215000-7ff8b6216000 r--p 0000c000 09:02 393246                     /lib64/libnss_files-2.12.so
7ff8b6216000-7ff8b6217000 rw-p 0000d000 09:02 393246                     /lib64/libnss_files-2.12.so
7ff8b621b000-7ff8b621f000 r--s 0002a000 00:13 197579983280               /auto/users/lindell/classes/git/record_indexer/lib/commons-io-2.4.jar
7ff8b621f000-7ff8b6226000 r--s 000aa000 00:13 77321292650                /auto/users/lindell/classes/git/record_indexer/lib/commons-io-2.4-javadoc.jar
7ff8b6226000-7ff8b622c000 r--s 00036000 00:13 120261783877               /auto/users/lindell/bin/eclipse/plugins/org.junit_4.11.0.v201303080030/junit.jar
7ff8b622c000-7ff8b622f000 r-xp 00000000 09:02 1852106                    /usr/java/jdk1.7.0_51/jre/lib/amd64/libnpt.so
7ff8b622f000-7ff8b642e000 ---p 00003000 09:02 1852106                    /usr/java/jdk1.7.0_51/jre/lib/amd64/libnpt.so
7ff8b642e000-7ff8b642f000 rw-p 00002000 09:02 1852106                    /usr/java/jdk1.7.0_51/jre/lib/amd64/libnpt.so
7ff8b642f000-7ff8b6468000 r-xp 00000000 09:02 1852091                    /usr/java/jdk1.7.0_51/jre/lib/amd64/libjdwp.so
7ff8b6468000-7ff8b6668000 ---p 00039000 09:02 1852091                    /usr/java/jdk1.7.0_51/jre/lib/amd64/libjdwp.so
7ff8b6668000-7ff8b6669000 rw-p 00039000 09:02 1852091                    /usr/java/jdk1.7.0_51/jre/lib/amd64/libjdwp.so
7ff8b6669000-7ff8b666a000 rw-p 00000000 00:00 0 
7ff8b666a000-7ff8b6693000 r-xp 00000000 09:02 1852085                    /usr/java/jdk1.7.0_51/jre/lib/amd64/libjava.so
7ff8b6693000-7ff8b6893000 ---p 00029000 09:02 1852085                    /usr/java/jdk1.7.0_51/jre/lib/amd64/libjava.so
7ff8b6893000-7ff8b6895000 rw-p 00029000 09:02 1852085                    /usr/java/jdk1.7.0_51/jre/lib/amd64/libjava.so
7ff8b6895000-7ff8b68a2000 r-xp 00000000 09:02 1852114                    /usr/java/jdk1.7.0_51/jre/lib/amd64/libverify.so
7ff8b68a2000-7ff8b6aa1000 ---p 0000d000 09:02 1852114                    /usr/java/jdk1.7.0_51/jre/lib/amd64/libverify.so
7ff8b6aa1000-7ff8b6aa3000 rw-p 0000c000 09:02 1852114                    /usr/java/jdk1.7.0_51/jre/lib/amd64/libverify.so
7ff8b6aa3000-7ff8b6aa6000 ---p 00000000 00:00 0 
7ff8b6aa6000-7ff8b6ba4000 rw-p 00000000 00:00 0 
7ff8b6ba4000-7ff8b7706000 r-xp 00000000 09:02 1852119                    /usr/java/jdk1.7.0_51/jre/lib/amd64/server/libjvm.so
7ff8b7706000-7ff8b7906000 ---p 00b62000 09:02 1852119                    /usr/java/jdk1.7.0_51/jre/lib/amd64/server/libjvm.so
7ff8b7906000-7ff8b79c9000 rw-p 00b62000 09:02 1852119                    /usr/java/jdk1.7.0_51/jre/lib/amd64/server/libjvm.so
7ff8b79c9000-7ff8b7a0d000 rw-p 00000000 00:00 0 
7ff8b7a0d000-7ff8b7a23000 r-xp 00000000 09:02 145503                     /usr/java/jdk1.7.0_51/lib/amd64/jli/libjli.so
7ff8b7a23000-7ff8b7c23000 ---p 00016000 09:02 145503                     /usr/java/jdk1.7.0_51/lib/amd64/jli/libjli.so
7ff8b7c23000-7ff8b7c24000 rw-p 00016000 09:02 145503                     /usr/java/jdk1.7.0_51/lib/amd64/jli/libjli.so
7ff8b7c24000-7ff8b7c26000 rw-p 00000000 00:00 0 
7ff8b7c26000-7ff8b7c27000 rw-p 00000000 00:00 0 
7ff8b7c27000-7ff8b7c29000 r--s 0000c000 00:13 21489152252                /auto/users/lindell/bin/eclipse/plugins/org.hamcrest.core_1.3.0.v201303031735.jar
7ff8b7c29000-7ff8b7c30000 r--s 00000000 09:02 1705980                    /usr/lib64/gconv/gconv-modules.cache
7ff8b7c30000-7ff8b7c38000 rw-s 00000000 09:03 7602179                    /tmp/hsperfdata_lindell/15900
7ff8b7c38000-7ff8b7c39000 rw-p 00000000 00:00 0 
7ff8b7c39000-7ff8b7c3a000 r--p 00000000 00:00 0 
7ff8b7c3a000-7ff8b7c3b000 rw-p 00000000 00:00 0 
7fff60abf000-7fff60ad4000 rw-p 00000000 00:00 0                          [stack]
7fff60b82000-7fff60b83000 r-xp 00000000 00:00 0                          [vdso]
ffffffffff600000-ffffffffff601000 r-xp 00000000 00:00 0                  [vsyscall]

VM Arguments:
jvm_args: -agentlib:jdwp=transport=dt_socket,suspend=y,address=localhost:57394 -Dfile.encoding=UTF-8 
java_command: client.gui.RecordIndexer localhost 39640
Launcher Type: SUN_STANDARD

Environment Variables:
PATH=/auto/users/lindell/bin/eclipse:/auto/users/lindell/bin:/auto/app/anaconda/envs/py34/bin:/usr/lib64/qt-3.3/bin:/usr/local/bin:/usr/bin:/bin:/usr/local/sbin:/usr/sbin:/sbin
USERNAME=lindell
SHELL=/bin/bash
DISPLAY=:0.0

Signal Handlers:
SIGSEGV: [libjvm.so+0x993870], sa_mask[0]=0x7ffbfeff, sa_flags=0x10000004
SIGBUS: [libjvm.so+0x993870], sa_mask[0]=0x7ffbfeff, sa_flags=0x10000004
SIGFPE: [libjvm.so+0x8105b0], sa_mask[0]=0x7ffbfeff, sa_flags=0x10000004
SIGPIPE: [libjvm.so+0x8105b0], sa_mask[0]=0x7ffbfeff, sa_flags=0x10000004
SIGXFSZ: [libjvm.so+0x8105b0], sa_mask[0]=0x7ffbfeff, sa_flags=0x10000004
SIGILL: [libjvm.so+0x8105b0], sa_mask[0]=0x7ffbfeff, sa_flags=0x10000004
SIGUSR1: SIG_DFL, sa_mask[0]=0x00000000, sa_flags=0x00000000
SIGUSR2: [libjvm.so+0x811aa0], sa_mask[0]=0x00000004, sa_flags=0x10000004
SIGHUP: [libjvm.so+0x812a10], sa_mask[0]=0x7ffbfeff, sa_flags=0x10000004
SIGINT: [libjvm.so+0x812a10], sa_mask[0]=0x7ffbfeff, sa_flags=0x10000004
SIGTERM: [libjvm.so+0x812a10], sa_mask[0]=0x7ffbfeff, sa_flags=0x10000004
SIGQUIT: [libjvm.so+0x812a10], sa_mask[0]=0x7ffbfeff, sa_flags=0x10000004


---------------  S Y S T E M  ---------------

OS:Red Hat Enterprise Linux Server release 6.5 (Santiago)

uname:Linux 2.6.32-431.17.1.el6.x86_64 #1 SMP Fri Apr 11 17:27:00 EDT 2014 x86_64
libc:glibc 2.12 NPTL 2.12 
rlimit: STACK 10240k, CORE 0k, NPROC 1024, NOFILE 4096, AS infinity
load average:0.62 0.34 0.22

/proc/meminfo:
MemTotal:        8193028 kB
MemFree:         5438292 kB
Buffers:           78928 kB
Cached:           824044 kB
SwapCached:            0 kB
Active:          1853916 kB
Inactive:         665444 kB
Active(anon):    1617072 kB
Inactive(anon):     6892 kB
Active(file):     236844 kB
Inactive(file):   658552 kB
Unevictable:           0 kB
Mlocked:               0 kB
SwapTotal:       8387576 kB
SwapFree:        8387576 kB
Dirty:                60 kB
Writeback:             0 kB
AnonPages:       1616364 kB
Mapped:           199900 kB
Shmem:              7576 kB
Slab:              81972 kB
SReclaimable:      38036 kB
SUnreclaim:        43936 kB
KernelStack:        4080 kB
PageTables:        43256 kB
NFS_Unstable:          0 kB
Bounce:                0 kB
WritebackTmp:          0 kB
CommitLimit:    12484088 kB
Committed_AS:    3361136 kB
VmallocTotal:   34359738367 kB
VmallocUsed:       66620 kB
VmallocChunk:   34353958908 kB
HardwareCorrupted:     0 kB
AnonHugePages:   1054720 kB
HugePages_Total:       0
HugePages_Free:        0
HugePages_Rsvd:        0
HugePages_Surp:        0
Hugepagesize:       2048 kB
DirectMap4k:      104420 kB
DirectMap2M:     8284160 kB


CPU:total 4 (2 cores per cpu, 1 threads per core) family 15 model 33 stepping 2, cmov, cx8, fxsr, mmx, sse, sse2, sse3, mmxext, 3dnowpref, tsc

/proc/cpuinfo:
processor	: 0
vendor_id	: AuthenticAMD
cpu family	: 15
model		: 33
model name	: Dual Core AMD Opteron(tm) Processor 270
stepping	: 2
cpu MHz		: 1994.715
cache size	: 1024 KB
physical id	: 0
siblings	: 2
core id		: 0
cpu cores	: 2
apicid		: 0
initial apicid	: 0
fpu		: yes
fpu_exception	: yes
cpuid level	: 1
wp		: yes
flags		: fpu vme de pse tsc msr pae mce cx8 apic sep mtrr pge mca cmov pat pse36 clflush mmx fxsr sse sse2 ht syscall nx mmxext fxsr_opt lm 3dnowext 3dnow rep_good pni lahf_lm cmp_legacy
bogomips	: 3989.43
TLB size	: 1024 4K pages
clflush size	: 64
cache_alignment	: 64
address sizes	: 40 bits physical, 48 bits virtual
power management: ts fid vid ttp

processor	: 1
vendor_id	: AuthenticAMD
cpu family	: 15
model		: 33
model name	: Dual Core AMD Opteron(tm) Processor 270
stepping	: 2
cpu MHz		: 1994.715
cache size	: 1024 KB
physical id	: 0
siblings	: 2
core id		: 1
cpu cores	: 2
apicid		: 1
initial apicid	: 1
fpu		: yes
fpu_exception	: yes
cpuid level	: 1
wp		: yes
flags		: fpu vme de pse tsc msr pae mce cx8 apic sep mtrr pge mca cmov pat pse36 clflush mmx fxsr sse sse2 ht syscall nx mmxext fxsr_opt lm 3dnowext 3dnow rep_good pni lahf_lm cmp_legacy
bogomips	: 3988.56
TLB size	: 1024 4K pages
clflush size	: 64
cache_alignment	: 64
address sizes	: 40 bits physical, 48 bits virtual
power management: ts fid vid ttp

processor	: 2
vendor_id	: AuthenticAMD
cpu family	: 15
model		: 33
model name	: Dual Core AMD Opteron(tm) Processor 270
stepping	: 2
cpu MHz		: 1994.715
cache size	: 1024 KB
physical id	: 1
siblings	: 2
core id		: 0
cpu cores	: 2
apicid		: 2
initial apicid	: 2
fpu		: yes
fpu_exception	: yes
cpuid level	: 1
wp		: yes
flags		: fpu vme de pse tsc msr pae mce cx8 apic sep mtrr pge mca cmov pat pse36 clflush mmx fxsr sse sse2 ht syscall nx mmxext fxsr_opt lm 3dnowext 3dnow rep_good pni lahf_lm cmp_legacy
bogomips	: 3988.58
TLB size	: 1024 4K pages
clflush size	: 64
cache_alignment	: 64
address sizes	: 40 bits physical, 48 bits virtual
power management: ts fid vid ttp

processor	: 3
vendor_id	: AuthenticAMD
cpu family	: 15
model		: 33
model name	: Dual Core AMD Opteron(tm) Processor 270
stepping	: 2
cpu MHz		: 1994.715
cache size	: 1024 KB
physical id	: 1
siblings	: 2
core id		: 1
cpu cores	: 2
apicid		: 3
initial apicid	: 3
fpu		: yes
fpu_exception	: yes
cpuid level	: 1
wp		: yes
flags		: fpu vme de pse tsc msr pae mce cx8 apic sep mtrr pge mca cmov pat pse36 clflush mmx fxsr sse sse2 ht syscall nx mmxext fxsr_opt lm 3dnowext 3dnow rep_good pni lahf_lm cmp_legacy
bogomips	: 3988.58
TLB size	: 1024 4K pages
clflush size	: 64
cache_alignment	: 64
address sizes	: 40 bits physical, 48 bits virtual
power management: ts fid vid ttp



Memory: 4k page, physical 8193028k(5438292k free), swap 8387576k(8387576k free)

vm_info: Java HotSpot(TM) 64-Bit Server VM (24.51-b03) for linux-amd64 JRE (1.7.0_51-b13), built on Dec 18 2013 18:48:01 by "java_re" with gcc 4.3.0 20080428 (Red Hat 4.3.0-8)

time: Sat Jun 14 22:11:04 2014
elapsed time: 67 seconds

