#
# A fatal error has been detected by the Java Runtime Environment:
#
#  SIGSEGV (0xb) at pc=0x00007f455c657de7, pid=17862, tid=139935671645952
#
# JRE version: Java(TM) SE Runtime Environment (7.0_51-b13) (build 1.7.0_51-b13)
# Java VM: Java HotSpot(TM) 64-Bit Server VM (24.51-b03 mixed mode linux-amd64 compressed oops)
# Problematic frame:
# C  [libawt.so+0x30de7]  GetSDOps+0x47
#
# Failed to write core dump. Core dumps have been disabled. To enable core dumping, try "ulimit -c unlimited" before starting Java again
#
# If you would like to submit a bug report, please visit:
#   http://bugreport.sun.com/bugreport/crash.jsp
# The crash happened outside the Java Virtual Machine in native code.
# See problematic frame for where to report the bug.
#

---------------  T H R E A D  ---------------

Current thread (0x00007f456017f800):  JavaThread "AWT-EventQueue-0" [_thread_in_native, id=17884, stack(0x00007f454feff000,0x00007f4550000000)]

siginfo:si_signo=SIGSEGV: si_errno=0, si_code=1 (SEGV_MAPERR), si_addr=0x00007f61ac07b380

Registers:
RAX=0x00007f61ac07b360, RBX=0x00007f456017f9e8, RCX=0x00007f454fffb220, RDX=0x0000000000000042
RSP=0x00007f454fffafa0, RBP=0x00007f454fffafc0, RSI=0x00007f454fffb418, RDI=0x00007f456017f9e8
R8 =0x00007f454fffb408, R9 =0x0000000782e6a848, R10=0x0000000000000058, R11=0x00007f45684a2008
R12=0x00007f454fffb418, R13=0x00007f61ac07b360, R14=0x0000000000000001, R15=0x00007f454fffb410
RIP=0x00007f455c657de7, EFLAGS=0x0000000000010202, CSGSFS=0x0000000000000033, ERR=0x0000000000000004
  TRAPNO=0x000000000000000e

Top of Stack: (sp=0x00007f454fffafa0)
0x00007f454fffafa0:   00007f454fffb408 00007f454fffb400
0x00007f454fffafb0:   00007f454fffb418 00007f456017f9e8
0x00007f454fffafc0:   00007f454fffb2a0 00007f455c65a9ab
0x00007f454fffafd0:   000000000000002f 00007f454fffaf88
0x00007f454fffafe0:   00007f454fffafc9 0000000800000002
0x00007f454fffaff0:   00007f452000a300 00000007d6d35838
0x00007f454fffb000:   00007f452000a378 00007f452000a378
0x00007f454fffb010:   00007f452000a370 00007f452000a370
0x00007f454fffb020:   00000007fffffffe 00007f454fffb220
0x00007f454fffb030:   0000000000000000 00007f456017f800
0x00007f454fffb040:   407832aaaaaaaaac 40855d5555555556
0x00007f454fffb050:   4070955555555555 4080055555555554
0x00007f454fffb060:   000000077dc1cd08 0000000000000000
0x00007f454fffb070:   00007f454fffb130 00007f4567e40a39
0x00007f454fffb080:   00007f455c8d1a70 00007f452000a348
0x00007f454fffb090:   00007f454fffb26f 00007f452000a348
0x00007f454fffb0a0:   00007f4568441e30 0000005000000000
0x00007f454fffb0b0:   0000000000000026 0000000000000000
0x00007f454fffb0c0:   0000000000000000 00007f452000a020
0x00007f454fffb0d0:   00007f454fffb0f0 00007f4567f2a379
0x00007f454fffb0e0:   00007f454fffb100 00007f454fffb120
0x00007f454fffb0f0:   00007f454fffb110 00007f4567f2ac01
0x00007f454fffb100:   00007f454fffb120 00007f454fffb180
0x00007f454fffb110:   00007f454fffb160 00007f4567e2c5fe
0x00007f454fffb120:   00007f45684206d0 00007f456012a610
0x00007f454fffb130:   0000000000000067 000000000000000e
0x00007f454fffb140:   00007f4500000000 00007f456012a611
0x00007f454fffb150:   00007f456017f800 00007f452000a348
0x00007f454fffb160:   00007f454fffb220 00007f4567c51963
0x00007f454fffb170:   00007f452000a348 00007f454fffb420
0x00007f454fffb180:   00007f456844c5f0 00007f456012a610
0x00007f454fffb190:   0000000000000066 00007f4567e4174e 

Instructions: (pc=0x00007f455c657de7)
0x00007f455c657dc7:   00 00 00 48 8b 07 48 8b 15 ec 00 28 00 ff 90 28
0x00007f455c657dd7:   03 00 00 48 85 c0 49 89 c5 74 2e 45 84 f6 74 11
0x00007f455c657de7:   48 8b 40 20 48 85 c0 74 08 4c 89 ee 48 89 df ff
0x00007f455c657df7:   d0 4c 89 e8 48 8b 1c 24 4c 8b 64 24 08 4c 8b 6c 

Register to memory mapping:

RAX=0x00007f61ac07b360 is an unknown value
RBX=0x00007f456017f9e8 is an unknown value
RCX=0x00007f454fffb220 is pointing into the stack for thread: 0x00007f456017f800
RDX=0x0000000000000042 is an unknown value
RSP=0x00007f454fffafa0 is pointing into the stack for thread: 0x00007f456017f800
RBP=0x00007f454fffafc0 is pointing into the stack for thread: 0x00007f456017f800
RSI=0x00007f454fffb418 is pointing into the stack for thread: 0x00007f456017f800
RDI=0x00007f456017f9e8 is an unknown value
R8 =0x00007f454fffb408 is pointing into the stack for thread: 0x00007f456017f800
R9 =0x0000000782e6a848 is an oop
sun.awt.image.BufImgSurfaceData 
 - klass: 'sun/awt/image/BufImgSurfaceData'
R10=0x0000000000000058 is an unknown value
R11=0x00007f45684a2008: <offset 0xe3c008> in /usr/java/jdk1.7.0_51/jre/lib/amd64/server/libjvm.so at 0x00007f4567666000
R12=0x00007f454fffb418 is pointing into the stack for thread: 0x00007f456017f800
R13=0x00007f61ac07b360 is an unknown value
R14=0x0000000000000001 is an unknown value
R15=0x00007f454fffb410 is pointing into the stack for thread: 0x00007f456017f800


Stack: [0x00007f454feff000,0x00007f4550000000],  sp=0x00007f454fffafa0,  free space=1007k
Native frames: (J=compiled Java code, j=interpreted, Vv=VM code, C=native code)
C  [libawt.so+0x30de7]  GetSDOps+0x47
C  [libawt.so+0x339ab]  Java_sun_java2d_loops_ScaledBlit_Scale+0xbb
j  sun.java2d.loops.ScaledBlit.Scale(Lsun/java2d/SurfaceData;Lsun/java2d/SurfaceData;Ljava/awt/Composite;Lsun/java2d/pipe/Region;IIIIDDDD)V+0
j  sun.java2d.pipe.DrawImage.scaleSurfaceData(Lsun/java2d/SunGraphics2D;Lsun/java2d/pipe/Region;Lsun/java2d/SurfaceData;Lsun/java2d/SurfaceData;Lsun/java2d/loops/SurfaceType;Lsun/java2d/loops/SurfaceType;IIIIDDDD)Z+72
j  sun.java2d.pipe.DrawImage.renderImageScale(Lsun/java2d/SunGraphics2D;Ljava/awt/Image;Ljava/awt/Color;IIIIIDDDD)Z+97
j  sun.java2d.pipe.DrawImage.tryCopyOrScale(Lsun/java2d/SunGraphics2D;Ljava/awt/Image;IIIILjava/awt/Color;I[D)Z+176
j  sun.java2d.pipe.DrawImage.transformImage(Lsun/java2d/SunGraphics2D;Ljava/awt/Image;Ljava/awt/geom/AffineTransform;IIIIILjava/awt/Color;)V+97
j  sun.java2d.pipe.DrawImage.scaleImage(Lsun/java2d/SunGraphics2D;Ljava/awt/Image;IIIIIIIILjava/awt/Color;)Z+467
j  sun.java2d.pipe.DrawImage.copyImage(Lsun/java2d/SunGraphics2D;Ljava/awt/Image;IIIIIILjava/awt/Color;)Z+68
j  sun.java2d.pipe.DrawImage.copyImage(Lsun/java2d/SunGraphics2D;Ljava/awt/Image;IIIIIILjava/awt/Color;Ljava/awt/image/ImageObserver;)Z+23
j  sun.java2d.pipe.ValidatePipe.copyImage(Lsun/java2d/SunGraphics2D;Ljava/awt/Image;IIIIIILjava/awt/Color;Ljava/awt/image/ImageObserver;)Z+29
j  sun.java2d.SunGraphics2D.copyImage(Ljava/awt/Image;IIIIIILjava/awt/Color;Ljava/awt/image/ImageObserver;)Z+20
j  sun.java2d.SunGraphics2D.drawImage(Ljava/awt/Image;IIIIIIIILjava/awt/Color;Ljava/awt/image/ImageObserver;)Z+185
j  sun.java2d.SunGraphics2D.drawImage(Ljava/awt/Image;IIIIIIIILjava/awt/image/ImageObserver;)Z+19
j  client.gui.ImagePanel$DrawingImage.draw(Ljava/awt/Graphics2D;)V+52
j  client.gui.ImagePanel.paintComponent(Ljava/awt/Graphics;)V+93
j  javax.swing.JComponent.paint(Ljava/awt/Graphics;)V+286
j  javax.swing.JComponent.paintChildren(Ljava/awt/Graphics;)V+501
j  javax.swing.JSplitPane.paintChildren(Ljava/awt/Graphics;)V+2
j  javax.swing.JComponent.paint(Ljava/awt/Graphics;)V+318
j  javax.swing.JComponent.paintChildren(Ljava/awt/Graphics;)V+501
j  javax.swing.JComponent.paint(Ljava/awt/Graphics;)V+318
j  javax.swing.JComponent.paintChildren(Ljava/awt/Graphics;)V+501
j  javax.swing.JComponent.paint(Ljava/awt/Graphics;)V+318
j  javax.swing.JLayeredPane.paint(Ljava/awt/Graphics;)V+73
j  javax.swing.JComponent.paintChildren(Ljava/awt/Graphics;)V+501
j  javax.swing.JComponent.paintToOffscreen(Ljava/awt/Graphics;IIIIII)V+72
j  javax.swing.BufferStrategyPaintManager.paint(Ljavax/swing/JComponent;Ljavax/swing/JComponent;Ljava/awt/Graphics;IIII)Z+157
j  javax.swing.RepaintManager.paint(Ljavax/swing/JComponent;Ljavax/swing/JComponent;Ljava/awt/Graphics;IIII)V+52
j  javax.swing.JComponent.paint(Ljava/awt/Graphics;)V+221
j  java.awt.GraphicsCallback$PaintCallback.run(Ljava/awt/Component;Ljava/awt/Graphics;)V+2
j  sun.awt.SunGraphicsCallback.runOneComponent(Ljava/awt/Component;Ljava/awt/Rectangle;Ljava/awt/Graphics;Ljava/awt/Shape;I)V+155
j  sun.awt.SunGraphicsCallback.runComponents([Ljava/awt/Component;Ljava/awt/Graphics;I)V+194
j  java.awt.Container.paint(Ljava/awt/Graphics;)V+58
j  java.awt.Window.paint(Ljava/awt/Graphics;)V+68
j  javax.swing.RepaintManager$3.run()Ljava/lang/Void;+136
j  javax.swing.RepaintManager$3.run()Ljava/lang/Object;+1
v  ~StubRoutines::call_stub
V  [libjvm.so+0x5f8465]  JavaCalls::call_helper(JavaValue*, methodHandle*, JavaCallArguments*, Thread*)+0x365
V  [libjvm.so+0x5f6ec8]  JavaCalls::call(JavaValue*, methodHandle, JavaCallArguments*, Thread*)+0x28
V  [libjvm.so+0x67cc64]  JVM_DoPrivileged+0x2a4
j  java.security.AccessController.doPrivileged(Ljava/security/PrivilegedAction;Ljava/security/AccessControlContext;)Ljava/lang/Object;+0
j  java.security.ProtectionDomain$1.doIntersectionPrivilege(Ljava/security/PrivilegedAction;Ljava/security/AccessControlContext;Ljava/security/AccessControlContext;)Ljava/lang/Object;+28
j  javax.swing.RepaintManager.paintDirtyRegions(Ljava/util/Map;)V+154
j  javax.swing.RepaintManager.paintDirtyRegions()V+46
j  javax.swing.RepaintManager.prePaintDirtyRegions()V+73
j  javax.swing.RepaintManager.access$1100(Ljavax/swing/RepaintManager;)V+1
j  javax.swing.RepaintManager$ProcessingRunnable.run()V+37
j  java.awt.event.InvocationEvent.dispatch()V+47
j  java.awt.EventQueue.dispatchEventImpl(Ljava/awt/AWTEvent;Ljava/lang/Object;)V+21
j  java.awt.EventQueue.access$200(Ljava/awt/EventQueue;Ljava/awt/AWTEvent;Ljava/lang/Object;)V+3
j  java.awt.EventQueue$3.run()Ljava/lang/Void;+12
j  java.awt.EventQueue$3.run()Ljava/lang/Object;+1
v  ~StubRoutines::call_stub
V  [libjvm.so+0x5f8465]  JavaCalls::call_helper(JavaValue*, methodHandle*, JavaCallArguments*, Thread*)+0x365
V  [libjvm.so+0x5f6ec8]  JavaCalls::call(JavaValue*, methodHandle, JavaCallArguments*, Thread*)+0x28
V  [libjvm.so+0x67cc64]  JVM_DoPrivileged+0x2a4
j  java.security.AccessController.doPrivileged(Ljava/security/PrivilegedAction;Ljava/security/AccessControlContext;)Ljava/lang/Object;+0
j  java.security.ProtectionDomain$1.doIntersectionPrivilege(Ljava/security/PrivilegedAction;Ljava/security/AccessControlContext;Ljava/security/AccessControlContext;)Ljava/lang/Object;+28
j  java.awt.EventQueue.dispatchEvent(Ljava/awt/AWTEvent;)V+46
j  java.awt.EventDispatchThread.pumpOneEventForFilters(I)V+245
j  java.awt.EventDispatchThread.pumpEventsForFilter(ILjava/awt/Conditional;Ljava/awt/EventFilter;)V+35
j  java.awt.EventDispatchThread.pumpEventsForHierarchy(ILjava/awt/Conditional;Ljava/awt/Component;)V+11
j  java.awt.EventDispatchThread.pumpEvents(ILjava/awt/Conditional;)V+4
j  java.awt.EventDispatchThread.pumpEvents(Ljava/awt/Conditional;)V+3
j  java.awt.EventDispatchThread.run()V+9
v  ~StubRoutines::call_stub
V  [libjvm.so+0x5f8465]  JavaCalls::call_helper(JavaValue*, methodHandle*, JavaCallArguments*, Thread*)+0x365
V  [libjvm.so+0x5f6ec8]  JavaCalls::call(JavaValue*, methodHandle, JavaCallArguments*, Thread*)+0x28
V  [libjvm.so+0x5f7197]  JavaCalls::call_virtual(JavaValue*, KlassHandle, Symbol*, Symbol*, JavaCallArguments*, Thread*)+0x197
V  [libjvm.so+0x5f72b7]  JavaCalls::call_virtual(JavaValue*, Handle, KlassHandle, Symbol*, Symbol*, Thread*)+0x47
V  [libjvm.so+0x6731c5]  thread_entry(JavaThread*, Thread*)+0xe5
V  [libjvm.so+0x94d5ff]  JavaThread::thread_main_inner()+0xdf
V  [libjvm.so+0x94d705]  JavaThread::run()+0xf5
V  [libjvm.so+0x815538]  java_start(Thread*)+0x108

Java frames: (J=compiled Java code, j=interpreted, Vv=VM code)
j  sun.java2d.loops.ScaledBlit.Scale(Lsun/java2d/SurfaceData;Lsun/java2d/SurfaceData;Ljava/awt/Composite;Lsun/java2d/pipe/Region;IIIIDDDD)V+0
j  sun.java2d.pipe.DrawImage.scaleSurfaceData(Lsun/java2d/SunGraphics2D;Lsun/java2d/pipe/Region;Lsun/java2d/SurfaceData;Lsun/java2d/SurfaceData;Lsun/java2d/loops/SurfaceType;Lsun/java2d/loops/SurfaceType;IIIIDDDD)Z+72
j  sun.java2d.pipe.DrawImage.renderImageScale(Lsun/java2d/SunGraphics2D;Ljava/awt/Image;Ljava/awt/Color;IIIIIDDDD)Z+97
j  sun.java2d.pipe.DrawImage.tryCopyOrScale(Lsun/java2d/SunGraphics2D;Ljava/awt/Image;IIIILjava/awt/Color;I[D)Z+176
j  sun.java2d.pipe.DrawImage.transformImage(Lsun/java2d/SunGraphics2D;Ljava/awt/Image;Ljava/awt/geom/AffineTransform;IIIIILjava/awt/Color;)V+97
j  sun.java2d.pipe.DrawImage.scaleImage(Lsun/java2d/SunGraphics2D;Ljava/awt/Image;IIIIIIIILjava/awt/Color;)Z+467
j  sun.java2d.pipe.DrawImage.copyImage(Lsun/java2d/SunGraphics2D;Ljava/awt/Image;IIIIIILjava/awt/Color;)Z+68
j  sun.java2d.pipe.DrawImage.copyImage(Lsun/java2d/SunGraphics2D;Ljava/awt/Image;IIIIIILjava/awt/Color;Ljava/awt/image/ImageObserver;)Z+23
j  sun.java2d.pipe.ValidatePipe.copyImage(Lsun/java2d/SunGraphics2D;Ljava/awt/Image;IIIIIILjava/awt/Color;Ljava/awt/image/ImageObserver;)Z+29
j  sun.java2d.SunGraphics2D.copyImage(Ljava/awt/Image;IIIIIILjava/awt/Color;Ljava/awt/image/ImageObserver;)Z+20
j  sun.java2d.SunGraphics2D.drawImage(Ljava/awt/Image;IIIIIIIILjava/awt/Color;Ljava/awt/image/ImageObserver;)Z+185
j  sun.java2d.SunGraphics2D.drawImage(Ljava/awt/Image;IIIIIIIILjava/awt/image/ImageObserver;)Z+19
j  client.gui.ImagePanel$DrawingImage.draw(Ljava/awt/Graphics2D;)V+52
j  client.gui.ImagePanel.paintComponent(Ljava/awt/Graphics;)V+93
j  javax.swing.JComponent.paint(Ljava/awt/Graphics;)V+286
j  javax.swing.JComponent.paintChildren(Ljava/awt/Graphics;)V+501
j  javax.swing.JSplitPane.paintChildren(Ljava/awt/Graphics;)V+2
j  javax.swing.JComponent.paint(Ljava/awt/Graphics;)V+318
j  javax.swing.JComponent.paintChildren(Ljava/awt/Graphics;)V+501
j  javax.swing.JComponent.paint(Ljava/awt/Graphics;)V+318
j  javax.swing.JComponent.paintChildren(Ljava/awt/Graphics;)V+501
j  javax.swing.JComponent.paint(Ljava/awt/Graphics;)V+318
j  javax.swing.JLayeredPane.paint(Ljava/awt/Graphics;)V+73
j  javax.swing.JComponent.paintChildren(Ljava/awt/Graphics;)V+501
j  javax.swing.JComponent.paintToOffscreen(Ljava/awt/Graphics;IIIIII)V+72
j  javax.swing.BufferStrategyPaintManager.paint(Ljavax/swing/JComponent;Ljavax/swing/JComponent;Ljava/awt/Graphics;IIII)Z+157
j  javax.swing.RepaintManager.paint(Ljavax/swing/JComponent;Ljavax/swing/JComponent;Ljava/awt/Graphics;IIII)V+52
j  javax.swing.JComponent.paint(Ljava/awt/Graphics;)V+221
j  java.awt.GraphicsCallback$PaintCallback.run(Ljava/awt/Component;Ljava/awt/Graphics;)V+2
j  sun.awt.SunGraphicsCallback.runOneComponent(Ljava/awt/Component;Ljava/awt/Rectangle;Ljava/awt/Graphics;Ljava/awt/Shape;I)V+155
j  sun.awt.SunGraphicsCallback.runComponents([Ljava/awt/Component;Ljava/awt/Graphics;I)V+194
j  java.awt.Container.paint(Ljava/awt/Graphics;)V+58
j  java.awt.Window.paint(Ljava/awt/Graphics;)V+68
j  javax.swing.RepaintManager$3.run()Ljava/lang/Void;+136
j  javax.swing.RepaintManager$3.run()Ljava/lang/Object;+1
v  ~StubRoutines::call_stub
j  java.security.AccessController.doPrivileged(Ljava/security/PrivilegedAction;Ljava/security/AccessControlContext;)Ljava/lang/Object;+0
j  java.security.ProtectionDomain$1.doIntersectionPrivilege(Ljava/security/PrivilegedAction;Ljava/security/AccessControlContext;Ljava/security/AccessControlContext;)Ljava/lang/Object;+28
j  javax.swing.RepaintManager.paintDirtyRegions(Ljava/util/Map;)V+154
j  javax.swing.RepaintManager.paintDirtyRegions()V+46
j  javax.swing.RepaintManager.prePaintDirtyRegions()V+73
j  javax.swing.RepaintManager.access$1100(Ljavax/swing/RepaintManager;)V+1
j  javax.swing.RepaintManager$ProcessingRunnable.run()V+37
j  java.awt.event.InvocationEvent.dispatch()V+47
j  java.awt.EventQueue.dispatchEventImpl(Ljava/awt/AWTEvent;Ljava/lang/Object;)V+21
j  java.awt.EventQueue.access$200(Ljava/awt/EventQueue;Ljava/awt/AWTEvent;Ljava/lang/Object;)V+3
j  java.awt.EventQueue$3.run()Ljava/lang/Void;+12
j  java.awt.EventQueue$3.run()Ljava/lang/Object;+1
v  ~StubRoutines::call_stub
j  java.security.AccessController.doPrivileged(Ljava/security/PrivilegedAction;Ljava/security/AccessControlContext;)Ljava/lang/Object;+0
j  java.security.ProtectionDomain$1.doIntersectionPrivilege(Ljava/security/PrivilegedAction;Ljava/security/AccessControlContext;Ljava/security/AccessControlContext;)Ljava/lang/Object;+28
j  java.awt.EventQueue.dispatchEvent(Ljava/awt/AWTEvent;)V+46
j  java.awt.EventDispatchThread.pumpOneEventForFilters(I)V+245
j  java.awt.EventDispatchThread.pumpEventsForFilter(ILjava/awt/Conditional;Ljava/awt/EventFilter;)V+35
j  java.awt.EventDispatchThread.pumpEventsForHierarchy(ILjava/awt/Conditional;Ljava/awt/Component;)V+11
j  java.awt.EventDispatchThread.pumpEvents(ILjava/awt/Conditional;)V+4
j  java.awt.EventDispatchThread.pumpEvents(Ljava/awt/Conditional;)V+3
j  java.awt.EventDispatchThread.run()V+9
v  ~StubRoutines::call_stub

---------------  P R O C E S S  ---------------

Java Threads: ( => current thread )
  0x00007f450c1e7000 JavaThread "Keep-Alive-Timer" daemon [_thread_blocked, id=17886, stack(0x00007f454f3dd000,0x00007f454f4de000)]
  0x00007f450c162000 JavaThread "TimerQueue" daemon [_thread_blocked, id=17885, stack(0x00007f454f4de000,0x00007f454f5df000)]
  0x00007f4560009000 JavaThread "DestroyJavaVM" [_thread_blocked, id=17867, stack(0x00007f4567565000,0x00007f4567666000)]
=>0x00007f456017f800 JavaThread "AWT-EventQueue-0" [_thread_in_native, id=17884, stack(0x00007f454feff000,0x00007f4550000000)]
  0x00007f456017e000 JavaThread "AWT-Shutdown" [_thread_blocked, id=17883, stack(0x00007f455c0cf000,0x00007f455c1d0000)]
  0x00007f4560174000 JavaThread "AWT-XAWT" daemon [_thread_in_native, id=17882, stack(0x00007f455c1d0000,0x00007f455c2d1000)]
  0x00007f4560132000 JavaThread "Java2D Disposer" daemon [_thread_blocked, id=17880, stack(0x00007f455c2d1000,0x00007f455c3d2000)]
  0x00007f4560095800 JavaThread "Service Thread" daemon [_thread_blocked, id=17878, stack(0x00007f455c9fa000,0x00007f455cafb000)]
  0x00007f4560093000 JavaThread "C2 CompilerThread1" daemon [_thread_blocked, id=17877, stack(0x00007f455cafb000,0x00007f455cbfc000)]
  0x00007f4560090000 JavaThread "C2 CompilerThread0" daemon [_thread_blocked, id=17876, stack(0x00007f455cbfc000,0x00007f455ccfd000)]
  0x00007f4560086000 JavaThread "Signal Dispatcher" daemon [_thread_blocked, id=17875, stack(0x00007f455ccfd000,0x00007f455cdfe000)]
  0x00007f456006f000 JavaThread "Finalizer" daemon [_thread_blocked, id=17874, stack(0x00007f455cdfe000,0x00007f455ceff000)]
  0x00007f456006b000 JavaThread "Reference Handler" daemon [_thread_blocked, id=17873, stack(0x00007f455ceff000,0x00007f455d000000)]

Other Threads:
  0x00007f4560068800 VMThread [stack: 0x00007f45640db000,0x00007f45641dc000] [id=17872]
  0x00007f45600a0000 WatcherThread [stack: 0x00007f455c8f9000,0x00007f455c9fa000] [id=17879]

VM state:not at safepoint (normal execution)

VM Mutex/Monitor currently owned by a thread: None

Heap
 PSYoungGen      total 37888K, used 18051K [0x00000007d6480000, 0x00000007d8e80000, 0x0000000800000000)
  eden space 32768K, 39% used [0x00000007d6480000,0x00000007d71234d8,0x00000007d8480000)
  from space 5120K, 99% used [0x00000007d8480000,0x00000007d897d860,0x00000007d8980000)
  to   space 5120K, 0% used [0x00000007d8980000,0x00000007d8980000,0x00000007d8e80000)
 ParOldGen       total 84992K, used 10712K [0x0000000782e00000, 0x0000000788100000, 0x00000007d6480000)
  object space 84992K, 12% used [0x0000000782e00000,0x0000000783876108,0x0000000788100000)
 PSPermGen       total 21504K, used 16504K [0x000000077dc00000, 0x000000077f100000, 0x0000000782e00000)
  object space 21504K, 76% used [0x000000077dc00000,0x000000077ec1e1f8,0x000000077f100000)

Card table byte_map: [0x00007f4565f95000,0x00007f45663a8000] byte_map_base: 0x00007f45623a7000

Polling page: 0x00007f45686fb000

Code Cache  [0x00007f455d000000, 0x00007f455d270000, 0x00007f4560000000)
 total_blobs=604 nmethods=107 adapters=451 free_code_cache=48346Kb largest_free_block=49480832

Compilation events (10 events):
Event: 5.439 Thread 0x00007f4560090000  101             java.util.concurrent.locks.AbstractQueuedSynchronizer::release (33 bytes)
Event: 5.440 Thread 0x00007f4560093000  102             java.util.concurrent.locks.ReentrantLock::unlock (10 bytes)
Event: 5.446 Thread 0x00007f4560090000 nmethod 101 0x00007f455d0bfd90 code [0x00007f455d0bfee0, 0x00007f455d0c0088]
Event: 5.449 Thread 0x00007f4560093000 nmethod 102 0x00007f455d0bf890 code [0x00007f455d0bf9e0, 0x00007f455d0bfba8]
Event: 5.480 Thread 0x00007f4560090000  103             com.sun.org.apache.xerces.internal.dom.DeferredDocumentImpl::getNodeValueString (417 bytes)
Event: 5.570 Thread 0x00007f4560093000  106             java.util.ArrayList::indexOf (67 bytes)
Event: 5.582 Thread 0x00007f4560090000 nmethod 103 0x00007f455d0cbcd0 code [0x00007f455d0cc060, 0x00007f455d0cdb18]
Event: 5.582 Thread 0x00007f4560090000  107             com.sun.org.apache.xerces.internal.impl.XMLDocumentFragmentScannerImpl::scanDocument (272 bytes)
Event: 5.587 Thread 0x00007f4560093000 nmethod 106 0x00007f455d0c95d0 code [0x00007f455d0c9740, 0x00007f455d0c9d18]
Event: 5.592 Thread 0x00007f4560090000 nmethod 107 0x00007f455d0c8a50 code [0x00007f455d0c8c40, 0x00007f455d0c90b0]

GC Heap History (2 events):
Event: 5.405 GC heap before
{Heap before GC invocations=1 (full 0):
 PSYoungGen      total 37888K, used 32768K [0x00000007d6480000, 0x00000007d8e80000, 0x0000000800000000)
  eden space 32768K, 100% used [0x00000007d6480000,0x00000007d8480000,0x00000007d8480000)
  from space 5120K, 0% used [0x00000007d8980000,0x00000007d8980000,0x00000007d8e80000)
  to   space 5120K, 0% used [0x00000007d8480000,0x00000007d8480000,0x00000007d8980000)
 ParOldGen       total 84992K, used 0K [0x0000000782e00000, 0x0000000788100000, 0x00000007d6480000)
  object space 84992K, 0% used [0x0000000782e00000,0x0000000782e00000,0x0000000788100000)
 PSPermGen       total 21504K, used 16440K [0x000000077dc00000, 0x000000077f100000, 0x0000000782e00000)
  object space 21504K, 76% used [0x000000077dc00000,0x000000077ec0e0b8,0x000000077f100000)
Event: 5.437 GC heap after
Heap after GC invocations=1 (full 0):
 PSYoungGen      total 37888K, used 5110K [0x00000007d6480000, 0x00000007d8e80000, 0x0000000800000000)
  eden space 32768K, 0% used [0x00000007d6480000,0x00000007d6480000,0x00000007d8480000)
  from space 5120K, 99% used [0x00000007d8480000,0x00000007d897d860,0x00000007d8980000)
  to   space 5120K, 0% used [0x00000007d8980000,0x00000007d8980000,0x00000007d8e80000)
 ParOldGen       total 84992K, used 10712K [0x0000000782e00000, 0x0000000788100000, 0x00000007d6480000)
  object space 84992K, 12% used [0x0000000782e00000,0x0000000783876108,0x0000000788100000)
 PSPermGen       total 21504K, used 16440K [0x000000077dc00000, 0x000000077f100000, 0x0000000782e00000)
  object space 21504K, 76% used [0x000000077dc00000,0x000000077ec0e0b8,0x000000077f100000)
}

Deoptimization events (10 events):
Event: 0.870 Thread 0x00007f456017f800 Uncommon trap: reason=class_check action=maybe_recompile pc=0x00007f455d075398 method=java.lang.String.equals(Ljava/lang/Object;)Z @ 8
Event: 0.870 Thread 0x00007f456017f800 Uncommon trap: reason=class_check action=maybe_recompile pc=0x00007f455d075398 method=java.lang.String.equals(Ljava/lang/Object;)Z @ 8
Event: 4.979 Thread 0x00007f456017f800 Uncommon trap: reason=class_check action=maybe_recompile pc=0x00007f455d09be08 method=com.sun.org.apache.xerces.internal.impl.XMLDocumentScannerImpl.next()I @ 4
Event: 5.253 Thread 0x00007f456017f800 Uncommon trap: reason=null_check action=make_not_entrant pc=0x00007f455d0b0384 method=com.thoughtworks.xstream.core.util.WeakCache.get(Ljava/lang/Object;)Ljava/lang/Object; @ 10
Event: 5.546 Thread 0x00007f456017f800 Uncommon trap: reason=unreached action=reinterpret pc=0x00007f455d0b1d70 method=com.thoughtworks.xstream.io.xml.XmlFriendlyNameCoder.encodeName(Ljava/lang/String;)Ljava/lang/String; @ 15
Event: 5.565 Thread 0x00007f456017f800 Uncommon trap: reason=predicate action=maybe_recompile pc=0x00007f455d09fb14 method=java.util.ArrayList.indexOf(Ljava/lang/Object;)I @ 44
Event: 5.567 Thread 0x00007f456017f800 Uncommon trap: reason=class_check action=maybe_recompile pc=0x00007f455d09be08 method=com.sun.org.apache.xerces.internal.impl.XMLDocumentScannerImpl.next()I @ 4
Event: 5.567 Thread 0x00007f456017f800 Uncommon trap: reason=class_check action=maybe_recompile pc=0x00007f455d09be08 method=com.sun.org.apache.xerces.internal.impl.XMLDocumentScannerImpl.next()I @ 4
Event: 5.568 Thread 0x00007f456017f800 Uncommon trap: reason=null_check action=make_not_entrant pc=0x00007f455d09cf18 method=com.sun.org.apache.xerces.internal.dom.DeferredDocumentImpl.clearChunkValue([[Ljava/lang/Object;II)Ljava/lang/String; @ 11
Event: 5.568 Thread 0x00007f456017f800 Uncommon trap: reason=class_check action=maybe_recompile pc=0x00007f455d09be08 method=com.sun.org.apache.xerces.internal.impl.XMLDocumentScannerImpl.next()I @ 4

Internal exceptions (10 events):
Event: 5.088 Thread 0x00007f456017f800 Threw 0x00000007d73e10d8 at /HUDSON/workspace/7u-2-build-linux-amd64@2/jdk7u51/527/hotspot/src/share/vm/prims/jvm.cpp:1244
Event: 5.088 Thread 0x00007f456017f800 Threw 0x00000007d73e3420 at /HUDSON/workspace/7u-2-build-linux-amd64@2/jdk7u51/527/hotspot/src/share/vm/prims/jvm.cpp:1244
Event: 5.089 Thread 0x00007f456017f800 Threw 0x00000007d73e54a8 at /HUDSON/workspace/7u-2-build-linux-amd64@2/jdk7u51/527/hotspot/src/share/vm/prims/jvm.cpp:1244
Event: 5.090 Thread 0x00007f456017f800 Threw 0x00000007d73e7d48 at /HUDSON/workspace/7u-2-build-linux-amd64@2/jdk7u51/527/hotspot/src/share/vm/prims/jvm.cpp:1244
Event: 5.091 Thread 0x00007f456017f800 Threw 0x00000007d73e9de8 at /HUDSON/workspace/7u-2-build-linux-amd64@2/jdk7u51/527/hotspot/src/share/vm/prims/jvm.cpp:1244
Event: 5.095 Thread 0x00007f456017f800 Threw 0x00000007d73f0960 at /HUDSON/workspace/7u-2-build-linux-amd64@2/jdk7u51/527/hotspot/src/share/vm/prims/jvm.cpp:1244
Event: 5.253 Thread 0x00007f456017f800 Implicit null exception at 0x00007f455d0afccc to 0x00007f455d0b0375
Event: 5.489 Thread 0x00007f456017f800 Threw 0x00000007d6be9f40 at /HUDSON/workspace/7u-2-build-linux-amd64@2/jdk7u51/527/hotspot/src/share/vm/prims/jvm.cpp:1244
Event: 5.498 Thread 0x00007f456017f800 Threw 0x00000007d6bfbf00 at /HUDSON/workspace/7u-2-build-linux-amd64@2/jdk7u51/527/hotspot/src/share/vm/prims/jvm.cpp:1244
Event: 5.568 Thread 0x00007f456017f800 Implicit null exception at 0x00007f455d09cc9a to 0x00007f455d09cf01

Events (10 events):
Event: 5.579 loading class 0x00007f452008be70
Event: 5.579 loading class 0x00007f452008be70 done
Event: 5.597 loading class 0x00007f456017cce0
Event: 5.597 loading class 0x00007f456017cce0 done
Event: 5.597 loading class 0x00007f4560165d40
Event: 5.597 loading class 0x00007f4560165d40 done
Event: 5.604 loading class 0x00007f452007e290
Event: 5.604 loading class 0x00007f452007e290 done
Event: 5.605 loading class 0x00007f4524034670
Event: 5.605 loading class 0x00007f4524034670 done


Dynamic libraries:
00400000-00401000 r-xp 00000000 09:02 1851940                            /usr/java/jdk1.7.0_51/bin/java
00600000-00601000 rw-p 00000000 09:02 1851940                            /usr/java/jdk1.7.0_51/bin/java
0103e000-0105f000 rw-p 00000000 00:00 0                                  [heap]
77dc00000-77f100000 rw-p 00000000 00:00 0 
77f100000-782e00000 rw-p 00000000 00:00 0 
782e00000-788100000 rw-p 00000000 00:00 0 
788100000-7d6480000 rw-p 00000000 00:00 0 
7d6480000-7d8e80000 rw-p 00000000 00:00 0 
7d8e80000-800000000 rw-p 00000000 00:00 0 
3fb9200000-3fb9220000 r-xp 00000000 09:02 399595                         /lib64/ld-2.12.so
3fb941f000-3fb9420000 r--p 0001f000 09:02 399595                         /lib64/ld-2.12.so
3fb9420000-3fb9421000 rw-p 00020000 09:02 399595                         /lib64/ld-2.12.so
3fb9421000-3fb9422000 rw-p 00000000 00:00 0 
3fb9600000-3fb9683000 r-xp 00000000 09:02 399600                         /lib64/libm-2.12.so
3fb9683000-3fb9882000 ---p 00083000 09:02 399600                         /lib64/libm-2.12.so
3fb9882000-3fb9883000 r--p 00082000 09:02 399600                         /lib64/libm-2.12.so
3fb9883000-3fb9884000 rw-p 00083000 09:02 399600                         /lib64/libm-2.12.so
3fb9a00000-3fb9b8b000 r-xp 00000000 09:02 399596                         /lib64/libc-2.12.so
3fb9b8b000-3fb9d8a000 ---p 0018b000 09:02 399596                         /lib64/libc-2.12.so
3fb9d8a000-3fb9d8e000 r--p 0018a000 09:02 399596                         /lib64/libc-2.12.so
3fb9d8e000-3fb9d8f000 rw-p 0018e000 09:02 399596                         /lib64/libc-2.12.so
3fb9d8f000-3fb9d94000 rw-p 00000000 00:00 0 
3fb9e00000-3fb9e17000 r-xp 00000000 09:02 399598                         /lib64/libpthread-2.12.so
3fb9e17000-3fba017000 ---p 00017000 09:02 399598                         /lib64/libpthread-2.12.so
3fba017000-3fba018000 r--p 00017000 09:02 399598                         /lib64/libpthread-2.12.so
3fba018000-3fba019000 rw-p 00018000 09:02 399598                         /lib64/libpthread-2.12.so
3fba019000-3fba01d000 rw-p 00000000 00:00 0 
3fba200000-3fba202000 r-xp 00000000 09:02 399599                         /lib64/libdl-2.12.so
3fba202000-3fba402000 ---p 00002000 09:02 399599                         /lib64/libdl-2.12.so
3fba402000-3fba403000 r--p 00002000 09:02 399599                         /lib64/libdl-2.12.so
3fba403000-3fba404000 rw-p 00003000 09:02 399599                         /lib64/libdl-2.12.so
3fbaa00000-3fbaa07000 r-xp 00000000 09:02 399602                         /lib64/librt-2.12.so
3fbaa07000-3fbac06000 ---p 00007000 09:02 399602                         /lib64/librt-2.12.so
3fbac06000-3fbac07000 r--p 00006000 09:02 399602                         /lib64/librt-2.12.so
3fbac07000-3fbac08000 rw-p 00007000 09:02 399602                         /lib64/librt-2.12.so
3fbc600000-3fbc61d000 r-xp 00000000 09:02 1736896                        /usr/lib64/libxcb.so.1.1.0
3fbc61d000-3fbc81d000 ---p 0001d000 09:02 1736896                        /usr/lib64/libxcb.so.1.1.0
3fbc81d000-3fbc81e000 rw-p 0001d000 09:02 1736896                        /usr/lib64/libxcb.so.1.1.0
3fbca00000-3fbcb37000 r-xp 00000000 09:02 1736897                        /usr/lib64/libX11.so.6.3.0
3fbcb37000-3fbcd37000 ---p 00137000 09:02 1736897                        /usr/lib64/libX11.so.6.3.0
3fbcd37000-3fbcd3d000 rw-p 00137000 09:02 1736897                        /usr/lib64/libX11.so.6.3.0
3fbce00000-3fbce02000 r-xp 00000000 09:02 1736895                        /usr/lib64/libXau.so.6.0.0
3fbce02000-3fbd002000 ---p 00002000 09:02 1736895                        /usr/lib64/libXau.so.6.0.0
3fbd002000-3fbd003000 rw-p 00002000 09:02 1736895                        /usr/lib64/libXau.so.6.0.0
3fbde00000-3fbde12000 r-xp 00000000 09:02 1736903                        /usr/lib64/libXext.so.6.4.0
3fbde12000-3fbe012000 ---p 00012000 09:02 1736903                        /usr/lib64/libXext.so.6.4.0
3fbe012000-3fbe013000 rw-p 00012000 09:02 1736903                        /usr/lib64/libXext.so.6.4.0
3fbea00000-3fbea09000 r-xp 00000000 09:02 1736898                        /usr/lib64/libXrender.so.1.3.0
3fbea09000-3fbec09000 ---p 00009000 09:02 1736898                        /usr/lib64/libXrender.so.1.3.0
3fbec09000-3fbec0a000 rw-p 00009000 09:02 1736898                        /usr/lib64/libXrender.so.1.3.0
3fbee00000-3fbee0e000 r-xp 00000000 09:02 1736905                        /usr/lib64/libXi.so.6.1.0
3fbee0e000-3fbf00e000 ---p 0000e000 09:02 1736905                        /usr/lib64/libXi.so.6.1.0
3fbf00e000-3fbf00f000 rw-p 0000e000 09:02 1736905                        /usr/lib64/libXi.so.6.1.0
3fc0a00000-3fc0a05000 r-xp 00000000 09:02 1736907                        /usr/lib64/libXfixes.so.3.1.0
3fc0a05000-3fc0c05000 ---p 00005000 09:02 1736907                        /usr/lib64/libXfixes.so.3.1.0
3fc0c05000-3fc0c06000 rw-p 00005000 09:02 1736907                        /usr/lib64/libXfixes.so.3.1.0
3fc2600000-3fc2609000 r-xp 00000000 09:02 1736908                        /usr/lib64/libXcursor.so.1.0.2
3fc2609000-3fc2809000 ---p 00009000 09:02 1736908                        /usr/lib64/libXcursor.so.1.0.2
3fc2809000-3fc280a000 rw-p 00009000 09:02 1736908                        /usr/lib64/libXcursor.so.1.0.2
3fc5e00000-3fc5e16000 r-xp 00000000 09:02 399616                         /lib64/libgcc_s-4.4.7-20120601.so.1
3fc5e16000-3fc6015000 ---p 00016000 09:02 399616                         /lib64/libgcc_s-4.4.7-20120601.so.1
3fc6015000-3fc6016000 rw-p 00015000 09:02 399616                         /lib64/libgcc_s-4.4.7-20120601.so.1
3fc8600000-3fc8605000 r-xp 00000000 09:02 1718247                        /usr/lib64/libXtst.so.6.1.0
3fc8605000-3fc8805000 ---p 00005000 09:02 1718247                        /usr/lib64/libXtst.so.6.1.0
3fc8805000-3fc8806000 rw-p 00005000 09:02 1718247                        /usr/lib64/libXtst.so.6.1.0
7f4500000000-7f4500021000 rw-p 00000000 00:00 0 
7f4500021000-7f4504000000 ---p 00000000 00:00 0 
7f4504000000-7f4504021000 rw-p 00000000 00:00 0 
7f4504021000-7f4508000000 ---p 00000000 00:00 0 
7f4508000000-7f4508021000 rw-p 00000000 00:00 0 
7f4508021000-7f450c000000 ---p 00000000 00:00 0 
7f450c000000-7f450c42a000 rw-p 00000000 00:00 0 
7f450c42a000-7f4510000000 ---p 00000000 00:00 0 
7f4510000000-7f4510021000 rw-p 00000000 00:00 0 
7f4510021000-7f4514000000 ---p 00000000 00:00 0 
7f4514000000-7f4514021000 rw-p 00000000 00:00 0 
7f4514021000-7f4518000000 ---p 00000000 00:00 0 
7f4518000000-7f4518021000 rw-p 00000000 00:00 0 
7f4518021000-7f451c000000 ---p 00000000 00:00 0 
7f451c000000-7f451c021000 rw-p 00000000 00:00 0 
7f451c021000-7f4520000000 ---p 00000000 00:00 0 
7f4520000000-7f45205c0000 rw-p 00000000 00:00 0 
7f45205c0000-7f4524000000 ---p 00000000 00:00 0 
7f4524000000-7f45246df000 rw-p 00000000 00:00 0 
7f45246df000-7f4528000000 ---p 00000000 00:00 0 
7f4528000000-7f4528021000 rw-p 00000000 00:00 0 
7f4528021000-7f452c000000 ---p 00000000 00:00 0 
7f452e16f000-7f4534000000 r--p 00000000 09:02 1705722                    /usr/lib/locale/locale-archive
7f4534000000-7f4534021000 rw-p 00000000 00:00 0 
7f4534021000-7f4538000000 ---p 00000000 00:00 0 
7f4538000000-7f4538021000 rw-p 00000000 00:00 0 
7f4538021000-7f453c000000 ---p 00000000 00:00 0 
7f453c000000-7f453c021000 rw-p 00000000 00:00 0 
7f453c021000-7f4540000000 ---p 00000000 00:00 0 
7f4543ee0000-7f4548000000 rw-p 00000000 00:00 0 
7f4548000000-7f4548021000 rw-p 00000000 00:00 0 
7f4548021000-7f454c000000 ---p 00000000 00:00 0 
7f454f272000-7f454f3dd000 rw-p 00000000 00:00 0 
7f454f3dd000-7f454f3e0000 ---p 00000000 00:00 0 
7f454f3e0000-7f454f4de000 rw-p 00000000 00:00 0 
7f454f4de000-7f454f4e1000 ---p 00000000 00:00 0 
7f454f4e1000-7f454f5df000 rw-p 00000000 00:00 0 
7f454f5df000-7f454f647000 r-xp 00000000 09:02 1852112                    /usr/java/jdk1.7.0_51/jre/lib/amd64/libt2k.so
7f454f647000-7f454f847000 ---p 00068000 09:02 1852112                    /usr/java/jdk1.7.0_51/jre/lib/amd64/libt2k.so
7f454f847000-7f454f84e000 rw-p 00068000 09:02 1852112                    /usr/java/jdk1.7.0_51/jre/lib/amd64/libt2k.so
7f454f84e000-7f454f85e000 rw-p 00000000 00:00 0 
7f454f85e000-7f454f86e000 r-xp 00000000 09:02 1852104                    /usr/java/jdk1.7.0_51/jre/lib/amd64/libnio.so
7f454f86e000-7f454fa6e000 ---p 00010000 09:02 1852104                    /usr/java/jdk1.7.0_51/jre/lib/amd64/libnio.so
7f454fa6e000-7f454fa6f000 rw-p 00010000 09:02 1852104                    /usr/java/jdk1.7.0_51/jre/lib/amd64/libnio.so
7f454fa6f000-7f454fa85000 r-xp 00000000 09:02 1852103                    /usr/java/jdk1.7.0_51/jre/lib/amd64/libnet.so
7f454fa85000-7f454fc85000 ---p 00016000 09:02 1852103                    /usr/java/jdk1.7.0_51/jre/lib/amd64/libnet.so
7f454fc85000-7f454fc86000 rw-p 00016000 09:02 1852103                    /usr/java/jdk1.7.0_51/jre/lib/amd64/libnet.so
7f454fc86000-7f454fceb000 r-xp 00000000 09:02 1852075                    /usr/java/jdk1.7.0_51/jre/lib/amd64/libfontmanager.so
7f454fceb000-7f454feea000 ---p 00065000 09:02 1852075                    /usr/java/jdk1.7.0_51/jre/lib/amd64/libfontmanager.so
7f454feea000-7f454feee000 rw-p 00064000 09:02 1852075                    /usr/java/jdk1.7.0_51/jre/lib/amd64/libfontmanager.so
7f454feee000-7f454feff000 rw-p 00000000 00:00 0 
7f454feff000-7f454ff02000 ---p 00000000 00:00 0 
7f454ff02000-7f4550000000 rw-p 00000000 00:00 0 
7f4550000000-7f4550021000 rw-p 00000000 00:00 0 
7f4550021000-7f4554000000 ---p 00000000 00:00 0 
7f4554000000-7f4554021000 rw-p 00000000 00:00 0 
7f4554021000-7f4558000000 ---p 00000000 00:00 0 
7f4558000000-7f4558021000 rw-p 00000000 00:00 0 
7f4558021000-7f455c000000 ---p 00000000 00:00 0 
7f455c0cf000-7f455c0d2000 ---p 00000000 00:00 0 
7f455c0d2000-7f455c1d0000 rw-p 00000000 00:00 0 
7f455c1d0000-7f455c1d3000 ---p 00000000 00:00 0 
7f455c1d3000-7f455c2d1000 rw-p 00000000 00:00 0 
7f455c2d1000-7f455c2d4000 ---p 00000000 00:00 0 
7f455c2d4000-7f455c3d2000 rw-p 00000000 00:00 0 
7f455c3d2000-7f455c422000 r-xp 00000000 09:02 1852121                    /usr/java/jdk1.7.0_51/jre/lib/amd64/xawt/libmawt.so
7f455c422000-7f455c622000 ---p 00050000 09:02 1852121                    /usr/java/jdk1.7.0_51/jre/lib/amd64/xawt/libmawt.so
7f455c622000-7f455c626000 rw-p 00050000 09:02 1852121                    /usr/java/jdk1.7.0_51/jre/lib/amd64/xawt/libmawt.so
7f455c626000-7f455c627000 rw-p 00000000 00:00 0 
7f455c627000-7f455c6c9000 r-xp 00000000 09:02 1852071                    /usr/java/jdk1.7.0_51/jre/lib/amd64/libawt.so
7f455c6c9000-7f455c8c9000 ---p 000a2000 09:02 1852071                    /usr/java/jdk1.7.0_51/jre/lib/amd64/libawt.so
7f455c8c9000-7f455c8d5000 rw-p 000a2000 09:02 1852071                    /usr/java/jdk1.7.0_51/jre/lib/amd64/libawt.so
7f455c8d5000-7f455c8f9000 rw-p 00000000 00:00 0 
7f455c8f9000-7f455c8fa000 ---p 00000000 00:00 0 
7f455c8fa000-7f455c9fa000 rw-p 00000000 00:00 0 
7f455c9fa000-7f455c9fd000 ---p 00000000 00:00 0 
7f455c9fd000-7f455cafb000 rw-p 00000000 00:00 0 
7f455cafb000-7f455cafe000 ---p 00000000 00:00 0 
7f455cafe000-7f455cbfc000 rw-p 00000000 00:00 0 
7f455cbfc000-7f455cbff000 ---p 00000000 00:00 0 
7f455cbff000-7f455ccfd000 rw-p 00000000 00:00 0 
7f455ccfd000-7f455cd00000 ---p 00000000 00:00 0 
7f455cd00000-7f455cdfe000 rw-p 00000000 00:00 0 
7f455cdfe000-7f455ce01000 ---p 00000000 00:00 0 
7f455ce01000-7f455ceff000 rw-p 00000000 00:00 0 
7f455ceff000-7f455cf02000 ---p 00000000 00:00 0 
7f455cf02000-7f455d000000 rw-p 00000000 00:00 0 
7f455d000000-7f455d270000 rwxp 00000000 00:00 0 
7f455d270000-7f4560199000 rw-p 00000000 00:00 0 
7f4560199000-7f4564000000 ---p 00000000 00:00 0 
7f456406e000-7f4564079000 r--s 000af000 09:02 1852359                    /usr/java/jdk1.7.0_51/jre/lib/resources.jar
7f4564079000-7f4564099000 rw-s 00000000 00:04 12877850                   /SYSV00000000 (deleted)
7f4564099000-7f45640ca000 rw-p 00000000 00:00 0 
7f45640ca000-7f45640d6000 r--s 0006a000 00:13 193274032643               /auto/users/lindell/classes/git/record_indexer/lib/xstream-1.4.2.jar
7f45640d6000-7f45640db000 r--s 00309000 00:13 193274032642               /auto/users/lindell/classes/git/record_indexer/lib/sqlite-jdbc-3.7.2.jar
7f45640db000-7f45640dc000 ---p 00000000 00:00 0 
7f45640dc000-7f45651db000 rw-p 00000000 00:00 0 
7f45651db000-7f4565398000 r--s 039bf000 09:02 1852817                    /usr/java/jdk1.7.0_51/jre/lib/rt.jar
7f4565398000-7f45658cc000 rw-p 00000000 00:00 0 
7f45658cc000-7f45658cd000 ---p 00000000 00:00 0 
7f45658cd000-7f45659cd000 rw-p 00000000 00:00 0 
7f45659cd000-7f45659ce000 ---p 00000000 00:00 0 
7f45659ce000-7f4565ace000 rw-p 00000000 00:00 0 
7f4565ace000-7f4565acf000 ---p 00000000 00:00 0 
7f4565acf000-7f4565bcf000 rw-p 00000000 00:00 0 
7f4565bcf000-7f4565bd0000 ---p 00000000 00:00 0 
7f4565bd0000-7f4565cdb000 rw-p 00000000 00:00 0 
7f4565cdb000-7f4565cf9000 rw-p 00000000 00:00 0 
7f4565cf9000-7f4565d23000 rw-p 00000000 00:00 0 
7f4565d23000-7f4565f95000 rw-p 00000000 00:00 0 
7f4565f95000-7f4565fa0000 rw-p 00000000 00:00 0 
7f4565fa0000-7f4565fbe000 rw-p 00000000 00:00 0 
7f4565fbe000-7f4565fe8000 rw-p 00000000 00:00 0 
7f4565fe8000-7f4566259000 rw-p 00000000 00:00 0 
7f4566259000-7f456626f000 rw-p 00000000 00:00 0 
7f456626f000-7f45663a7000 rw-p 00000000 00:00 0 
7f45663a7000-7f45663b2000 rw-p 00000000 00:00 0 
7f45663b2000-7f4566468000 rw-p 00000000 00:00 0 
7f4566468000-7f4566482000 r-xp 00000000 09:02 1852115                    /usr/java/jdk1.7.0_51/jre/lib/amd64/libzip.so
7f4566482000-7f4566682000 ---p 0001a000 09:02 1852115                    /usr/java/jdk1.7.0_51/jre/lib/amd64/libzip.so
7f4566682000-7f4566683000 rw-p 0001a000 09:02 1852115                    /usr/java/jdk1.7.0_51/jre/lib/amd64/libzip.so
7f4566683000-7f4566d01000 r--s 00000000 09:02 1048685                    /var/lib/sss/mc/passwd
7f4566d01000-7f4566d08000 r-xp 00000000 09:02 393435                     /lib64/libnss_sss.so.2
7f4566d08000-7f4566f08000 ---p 00007000 09:02 393435                     /lib64/libnss_sss.so.2
7f4566f08000-7f4566f09000 rw-p 00007000 09:02 393435                     /lib64/libnss_sss.so.2
7f4566f09000-7f4566f15000 r-xp 00000000 09:02 393246                     /lib64/libnss_files-2.12.so
7f4566f15000-7f4567115000 ---p 0000c000 09:02 393246                     /lib64/libnss_files-2.12.so
7f4567115000-7f4567116000 r--p 0000c000 09:02 393246                     /lib64/libnss_files-2.12.so
7f4567116000-7f4567117000 rw-p 0000d000 09:02 393246                     /lib64/libnss_files-2.12.so
7f456711b000-7f4567121000 r--s 00034000 00:13 193274032641               /auto/users/lindell/classes/git/record_indexer/lib/junit-4.8.2.jar
7f4567121000-7f4567125000 r--s 0002a000 00:13 197579983280               /auto/users/lindell/classes/git/record_indexer/lib/commons-io-2.4.jar
7f4567125000-7f456712c000 r--s 000aa000 00:13 77321292650                /auto/users/lindell/classes/git/record_indexer/lib/commons-io-2.4-javadoc.jar
7f456712c000-7f4567155000 r-xp 00000000 09:02 1852085                    /usr/java/jdk1.7.0_51/jre/lib/amd64/libjava.so
7f4567155000-7f4567355000 ---p 00029000 09:02 1852085                    /usr/java/jdk1.7.0_51/jre/lib/amd64/libjava.so
7f4567355000-7f4567357000 rw-p 00029000 09:02 1852085                    /usr/java/jdk1.7.0_51/jre/lib/amd64/libjava.so
7f4567357000-7f4567364000 r-xp 00000000 09:02 1852114                    /usr/java/jdk1.7.0_51/jre/lib/amd64/libverify.so
7f4567364000-7f4567563000 ---p 0000d000 09:02 1852114                    /usr/java/jdk1.7.0_51/jre/lib/amd64/libverify.so
7f4567563000-7f4567565000 rw-p 0000c000 09:02 1852114                    /usr/java/jdk1.7.0_51/jre/lib/amd64/libverify.so
7f4567565000-7f4567568000 ---p 00000000 00:00 0 
7f4567568000-7f4567666000 rw-p 00000000 00:00 0 
7f4567666000-7f45681c8000 r-xp 00000000 09:02 1852119                    /usr/java/jdk1.7.0_51/jre/lib/amd64/server/libjvm.so
7f45681c8000-7f45683c8000 ---p 00b62000 09:02 1852119                    /usr/java/jdk1.7.0_51/jre/lib/amd64/server/libjvm.so
7f45683c8000-7f456848b000 rw-p 00b62000 09:02 1852119                    /usr/java/jdk1.7.0_51/jre/lib/amd64/server/libjvm.so
7f456848b000-7f45684cf000 rw-p 00000000 00:00 0 
7f45684cf000-7f45684e5000 r-xp 00000000 09:02 145503                     /usr/java/jdk1.7.0_51/lib/amd64/jli/libjli.so
7f45684e5000-7f45686e5000 ---p 00016000 09:02 145503                     /usr/java/jdk1.7.0_51/lib/amd64/jli/libjli.so
7f45686e5000-7f45686e6000 rw-p 00016000 09:02 145503                     /usr/java/jdk1.7.0_51/lib/amd64/jli/libjli.so
7f45686e6000-7f45686e7000 rw-p 00000000 00:00 0 
7f45686e8000-7f45686ea000 rw-p 00000000 00:00 0 
7f45686ea000-7f45686ec000 r--s 0000c000 00:13 21489152252                /auto/users/lindell/bin/eclipse/plugins/org.hamcrest.core_1.3.0.v201303031735.jar
7f45686ec000-7f45686f2000 r--s 00036000 00:13 120261783877               /auto/users/lindell/bin/eclipse/plugins/org.junit_4.11.0.v201303080030/junit.jar
7f45686f2000-7f45686fa000 rw-s 00000000 09:03 7602180                    /tmp/hsperfdata_lindell/17862
7f45686fa000-7f45686fb000 rw-p 00000000 00:00 0 
7f45686fb000-7f45686fc000 r--p 00000000 00:00 0 
7f45686fc000-7f45686fd000 rw-p 00000000 00:00 0 
7fffbed62000-7fffbed77000 rw-p 00000000 00:00 0                          [stack]
7fffbedff000-7fffbee00000 r-xp 00000000 00:00 0                          [vdso]
ffffffffff600000-ffffffffff601000 r-xp 00000000 00:00 0                  [vsyscall]

VM Arguments:
jvm_args: -Dfile.encoding=UTF-8 
java_command: client.gui.RecordIndexer localhost 39640
Launcher Type: SUN_STANDARD

Environment Variables:
PATH=/auto/users/lindell/bin/eclipse:/auto/users/lindell/bin:/auto/app/anaconda/envs/py34/bin:/usr/lib64/qt-3.3/bin:/usr/local/bin:/usr/bin:/bin:/usr/local/sbin:/usr/sbin:/sbin
USERNAME=lindell
SHELL=/bin/bash
DISPLAY=:0.0

Signal Handlers:
SIGSEGV: [libjvm.so+0x993870], sa_mask[0]=0x7ffbfeff, sa_flags=0x10000004
SIGBUS: [libjvm.so+0x993870], sa_mask[0]=0x7ffbfeff, sa_flags=0x10000004
SIGFPE: [libjvm.so+0x8105b0], sa_mask[0]=0x7ffbfeff, sa_flags=0x10000004
SIGPIPE: [libjvm.so+0x8105b0], sa_mask[0]=0x7ffbfeff, sa_flags=0x10000004
SIGXFSZ: [libjvm.so+0x8105b0], sa_mask[0]=0x7ffbfeff, sa_flags=0x10000004
SIGILL: [libjvm.so+0x8105b0], sa_mask[0]=0x7ffbfeff, sa_flags=0x10000004
SIGUSR1: SIG_DFL, sa_mask[0]=0x00000000, sa_flags=0x00000000
SIGUSR2: [libjvm.so+0x811aa0], sa_mask[0]=0x00000004, sa_flags=0x10000004
SIGHUP: [libjvm.so+0x812a10], sa_mask[0]=0x7ffbfeff, sa_flags=0x10000004
SIGINT: [libjvm.so+0x812a10], sa_mask[0]=0x7ffbfeff, sa_flags=0x10000004
SIGTERM: [libjvm.so+0x812a10], sa_mask[0]=0x7ffbfeff, sa_flags=0x10000004
SIGQUIT: [libjvm.so+0x812a10], sa_mask[0]=0x7ffbfeff, sa_flags=0x10000004


---------------  S Y S T E M  ---------------

OS:Red Hat Enterprise Linux Server release 6.5 (Santiago)

uname:Linux 2.6.32-431.17.1.el6.x86_64 #1 SMP Fri Apr 11 17:27:00 EDT 2014 x86_64
libc:glibc 2.12 NPTL 2.12 
rlimit: STACK 10240k, CORE 0k, NPROC 1024, NOFILE 4096, AS infinity
load average:1.19 0.77 0.48

/proc/meminfo:
MemTotal:        8193028 kB
MemFree:         5357088 kB
Buffers:           80404 kB
Cached:           828832 kB
SwapCached:            0 kB
Active:          1924128 kB
Inactive:         671352 kB
Active(anon):    1686920 kB
Inactive(anon):    10696 kB
Active(file):     237208 kB
Inactive(file):   660656 kB
Unevictable:           0 kB
Mlocked:               0 kB
SwapTotal:       8387576 kB
SwapFree:        8387576 kB
Dirty:               192 kB
Writeback:             0 kB
AnonPages:       1651480 kB
Mapped:           202924 kB
Shmem:             11380 kB
Slab:              82632 kB
SReclaimable:      38432 kB
SUnreclaim:        44200 kB
KernelStack:        4208 kB
PageTables:        43432 kB
NFS_Unstable:          0 kB
Bounce:                0 kB
WritebackTmp:          0 kB
CommitLimit:    12484088 kB
Committed_AS:    3595680 kB
VmallocTotal:   34359738367 kB
VmallocUsed:       66620 kB
VmallocChunk:   34353958908 kB
HardwareCorrupted:     0 kB
AnonHugePages:   1079296 kB
HugePages_Total:       0
HugePages_Free:        0
HugePages_Rsvd:        0
HugePages_Surp:        0
Hugepagesize:       2048 kB
DirectMap4k:      104420 kB
DirectMap2M:     8284160 kB


CPU:total 4 (2 cores per cpu, 1 threads per core) family 15 model 33 stepping 2, cmov, cx8, fxsr, mmx, sse, sse2, sse3, mmxext, 3dnowpref, tsc

/proc/cpuinfo:
processor	: 0
vendor_id	: AuthenticAMD
cpu family	: 15
model		: 33
model name	: Dual Core AMD Opteron(tm) Processor 270
stepping	: 2
cpu MHz		: 1994.715
cache size	: 1024 KB
physical id	: 0
siblings	: 2
core id		: 0
cpu cores	: 2
apicid		: 0
initial apicid	: 0
fpu		: yes
fpu_exception	: yes
cpuid level	: 1
wp		: yes
flags		: fpu vme de pse tsc msr pae mce cx8 apic sep mtrr pge mca cmov pat pse36 clflush mmx fxsr sse sse2 ht syscall nx mmxext fxsr_opt lm 3dnowext 3dnow rep_good pni lahf_lm cmp_legacy
bogomips	: 3989.43
TLB size	: 1024 4K pages
clflush size	: 64
cache_alignment	: 64
address sizes	: 40 bits physical, 48 bits virtual
power management: ts fid vid ttp

processor	: 1
vendor_id	: AuthenticAMD
cpu family	: 15
model		: 33
model name	: Dual Core AMD Opteron(tm) Processor 270
stepping	: 2
cpu MHz		: 1994.715
cache size	: 1024 KB
physical id	: 0
siblings	: 2
core id		: 1
cpu cores	: 2
apicid		: 1
initial apicid	: 1
fpu		: yes
fpu_exception	: yes
cpuid level	: 1
wp		: yes
flags		: fpu vme de pse tsc msr pae mce cx8 apic sep mtrr pge mca cmov pat pse36 clflush mmx fxsr sse sse2 ht syscall nx mmxext fxsr_opt lm 3dnowext 3dnow rep_good pni lahf_lm cmp_legacy
bogomips	: 3988.56
TLB size	: 1024 4K pages
clflush size	: 64
cache_alignment	: 64
address sizes	: 40 bits physical, 48 bits virtual
power management: ts fid vid ttp

processor	: 2
vendor_id	: AuthenticAMD
cpu family	: 15
model		: 33
model name	: Dual Core AMD Opteron(tm) Processor 270
stepping	: 2
cpu MHz		: 1994.715
cache size	: 1024 KB
physical id	: 1
siblings	: 2
core id		: 0
cpu cores	: 2
apicid		: 2
initial apicid	: 2
fpu		: yes
fpu_exception	: yes
cpuid level	: 1
wp		: yes
flags		: fpu vme de pse tsc msr pae mce cx8 apic sep mtrr pge mca cmov pat pse36 clflush mmx fxsr sse sse2 ht syscall nx mmxext fxsr_opt lm 3dnowext 3dnow rep_good pni lahf_lm cmp_legacy
bogomips	: 3988.58
TLB size	: 1024 4K pages
clflush size	: 64
cache_alignment	: 64
address sizes	: 40 bits physical, 48 bits virtual
power management: ts fid vid ttp

processor	: 3
vendor_id	: AuthenticAMD
cpu family	: 15
model		: 33
model name	: Dual Core AMD Opteron(tm) Processor 270
stepping	: 2
cpu MHz		: 1994.715
cache size	: 1024 KB
physical id	: 1
siblings	: 2
core id		: 1
cpu cores	: 2
apicid		: 3
initial apicid	: 3
fpu		: yes
fpu_exception	: yes
cpuid level	: 1
wp		: yes
flags		: fpu vme de pse tsc msr pae mce cx8 apic sep mtrr pge mca cmov pat pse36 clflush mmx fxsr sse sse2 ht syscall nx mmxext fxsr_opt lm 3dnowext 3dnow rep_good pni lahf_lm cmp_legacy
bogomips	: 3988.58
TLB size	: 1024 4K pages
clflush size	: 64
cache_alignment	: 64
address sizes	: 40 bits physical, 48 bits virtual
power management: ts fid vid ttp



Memory: 4k page, physical 8193028k(5357088k free), swap 8387576k(8387576k free)

vm_info: Java HotSpot(TM) 64-Bit Server VM (24.51-b03) for linux-amd64 JRE (1.7.0_51-b13), built on Dec 18 2013 18:48:01 by "java_re" with gcc 4.3.0 20080428 (Red Hat 4.3.0-8)

time: Sat Jun 14 22:23:08 2014
elapsed time: 5 seconds

