#
# A fatal error has been detected by the Java Runtime Environment:
#
#  SIGSEGV (0xb) at pc=0x00007f33c3c5dde7, pid=17386, tid=139860298778368
#
# JRE version: Java(TM) SE Runtime Environment (7.0_51-b13) (build 1.7.0_51-b13)
# Java VM: Java HotSpot(TM) 64-Bit Server VM (24.51-b03 mixed mode linux-amd64 compressed oops)
# Problematic frame:
# C  [libawt.so+0x30de7]  GetSDOps+0x47
#
# Failed to write core dump. Core dumps have been disabled. To enable core dumping, try "ulimit -c unlimited" before starting Java again
#
# If you would like to submit a bug report, please visit:
#   http://bugreport.sun.com/bugreport/crash.jsp
# The crash happened outside the Java Virtual Machine in native code.
# See problematic frame for where to report the bug.
#

---------------  T H R E A D  ---------------

Current thread (0x00007f33d4197800):  JavaThread "AWT-EventQueue-0" [_thread_in_native, id=17417, stack(0x00007f33c35d4000,0x00007f33c36d5000)]

siginfo:si_signo=SIGSEGV: si_errno=0, si_code=1 (SEGV_MAPERR), si_addr=0x00007f61ac07b380

Registers:
RAX=0x00007f61ac07b360, RBX=0x00007f33d41979e8, RCX=0x0000000000000003, RDX=0x00007f33da23ea50
RSP=0x00007f33c36d0020, RBP=0x00007f33c36d0040, RSI=0x000000077e76f550, RDI=0x00007f33d41979e8
R8 =0x00007f33c36d0488, R9 =0x00007f33c36d0480, R10=0x00007f33cab0952d, R11=0x00007f33d9caed30
R12=0x00007f33c36d0498, R13=0x00007f61ac07b360, R14=0x0000000000000001, R15=0x00007f33c36d0490
RIP=0x00007f33c3c5dde7, EFLAGS=0x0000000000010202, CSGSFS=0x0000000000000033, ERR=0x0000000000000004
  TRAPNO=0x000000000000000e

Top of Stack: (sp=0x00007f33c36d0020)
0x00007f33c36d0020:   00007f33c36d0488 00007f33c36d0480
0x00007f33c36d0030:   00007f33c36d0498 00007f33d41979e8
0x00007f33c36d0040:   00007f33c36d0320 00007f33c3c609ab
0x00007f33c36d0050:   000000000000002f 00007f33c36d0008
0x00007f33c36d0060:   00007f33c36d0049 0000000800000002
0x00007f33c36d0070:   00007f338000a400 00000007d72ea968
0x00007f33c36d0080:   00007f338000a458 00007f338000a458
0x00007f33c36d0090:   00007f338000a450 00007f338000a450
0x00007f33c36d00a0:   00000007fffffffe 00007f33c36d02a0
0x00007f33c36d00b0:   0000000000000000 00007f33d4197800
0x00007f33c36d00c0:   407832aaaaaaaaac 40855d5555555556
0x00007f33c36d00d0:   4070955555555555 4080055555555554
0x00007f33c36d00e0:   000000077dc1d280 0000000000000000
0x00007f33c36d00f0:   00007f33c36d01b0 00007f33d9be1a39
0x00007f33c36d0100:   00007f33c3ed7a70 00007f338000a428
0x00007f33c36d0110:   00007f33c36d02ef 00007f338000a428
0x00007f33c36d0120:   00007f33da1e2e30 0000005000000000
0x00007f33c36d0130:   0000000000000026 0000000000000000
0x00007f33c36d0140:   0000000000000000 00007f338000a100
0x00007f33c36d0150:   00007f33c36d0170 00007f33d9ccb379
0x00007f33c36d0160:   00007f33c36d0180 00007f33c36d01a0
0x00007f33c36d0170:   00007f33c36d0190 00007f33d9ccbc01
0x00007f33c36d0180:   00007f33c36d01a0 00007f33c36d0200
0x00007f33c36d0190:   00007f33c36d01e0 00007f33d9bcd5fe
0x00007f33c36d01a0:   00007f33da1c16d0 00007f33d41414c0
0x00007f33c36d01b0:   0000000000000067 000000000000000e
0x00007f33c36d01c0:   00007f3300000000 00007f33d41414c1
0x00007f33c36d01d0:   00007f33d4197800 00007f338000a428
0x00007f33c36d01e0:   00007f33c36d02a0 00007f33d99f2963
0x00007f33c36d01f0:   00007f338000a428 00007f33c36d04a0
0x00007f33c36d0200:   00007f33da1ed5f0 00007f33d41414c0
0x00007f33c36d0210:   0000000000000066 00007f33d9be274e 

Instructions: (pc=0x00007f33c3c5dde7)
0x00007f33c3c5ddc7:   00 00 00 48 8b 07 48 8b 15 ec 00 28 00 ff 90 28
0x00007f33c3c5ddd7:   03 00 00 48 85 c0 49 89 c5 74 2e 45 84 f6 74 11
0x00007f33c3c5dde7:   48 8b 40 20 48 85 c0 74 08 4c 89 ee 48 89 df ff
0x00007f33c3c5ddf7:   d0 4c 89 e8 48 8b 1c 24 4c 8b 64 24 08 4c 8b 6c 

Register to memory mapping:

RAX=0x00007f61ac07b360 is an unknown value
RBX=0x00007f33d41979e8 is an unknown value
RCX=0x0000000000000003 is an unknown value
RDX=0x00007f33da23ea50: <offset 0xe37a50> in /usr/java/jdk1.7.0_51/jre/lib/amd64/server/libjvm.so at 0x00007f33d9407000
RSP=0x00007f33c36d0020 is pointing into the stack for thread: 0x00007f33d4197800
RBP=0x00007f33c36d0040 is pointing into the stack for thread: 0x00007f33d4197800
RSI=0x000000077e76f550 is an oop
{instance class} 
 - klass: {other class}
RDI=0x00007f33d41979e8 is an unknown value
R8 =0x00007f33c36d0488 is pointing into the stack for thread: 0x00007f33d4197800
R9 =0x00007f33c36d0480 is pointing into the stack for thread: 0x00007f33d4197800
R10=0x00007f33cab0952d is at code_begin+1197 in an Interpreter codelet
method entry point (kind = native)  [0x00007f33cab09080, 0x00007f33cab09e80]  3584 bytes
R11=0x00007f33d9caed30: <offset 0x8a7d30> in /usr/java/jdk1.7.0_51/jre/lib/amd64/server/libjvm.so at 0x00007f33d9407000
R12=0x00007f33c36d0498 is pointing into the stack for thread: 0x00007f33d4197800
R13=0x00007f61ac07b360 is an unknown value
R14=0x0000000000000001 is an unknown value
R15=0x00007f33c36d0490 is pointing into the stack for thread: 0x00007f33d4197800


Stack: [0x00007f33c35d4000,0x00007f33c36d5000],  sp=0x00007f33c36d0020,  free space=1008k
Native frames: (J=compiled Java code, j=interpreted, Vv=VM code, C=native code)
C  [libawt.so+0x30de7]  GetSDOps+0x47
C  [libawt.so+0x339ab]  Java_sun_java2d_loops_ScaledBlit_Scale+0xbb
j  sun.java2d.loops.ScaledBlit.Scale(Lsun/java2d/SurfaceData;Lsun/java2d/SurfaceData;Ljava/awt/Composite;Lsun/java2d/pipe/Region;IIIIDDDD)V+0
j  sun.java2d.pipe.DrawImage.scaleSurfaceData(Lsun/java2d/SunGraphics2D;Lsun/java2d/pipe/Region;Lsun/java2d/SurfaceData;Lsun/java2d/SurfaceData;Lsun/java2d/loops/SurfaceType;Lsun/java2d/loops/SurfaceType;IIIIDDDD)Z+72
j  sun.java2d.pipe.DrawImage.renderImageScale(Lsun/java2d/SunGraphics2D;Ljava/awt/Image;Ljava/awt/Color;IIIIIDDDD)Z+97
j  sun.java2d.pipe.DrawImage.tryCopyOrScale(Lsun/java2d/SunGraphics2D;Ljava/awt/Image;IIIILjava/awt/Color;I[D)Z+176
j  sun.java2d.pipe.DrawImage.transformImage(Lsun/java2d/SunGraphics2D;Ljava/awt/Image;Ljava/awt/geom/AffineTransform;IIIIILjava/awt/Color;)V+97
j  sun.java2d.pipe.DrawImage.scaleImage(Lsun/java2d/SunGraphics2D;Ljava/awt/Image;IIIIIIIILjava/awt/Color;)Z+467
j  sun.java2d.pipe.DrawImage.copyImage(Lsun/java2d/SunGraphics2D;Ljava/awt/Image;IIIIIILjava/awt/Color;)Z+68
j  sun.java2d.pipe.DrawImage.copyImage(Lsun/java2d/SunGraphics2D;Ljava/awt/Image;IIIIIILjava/awt/Color;Ljava/awt/image/ImageObserver;)Z+23
j  sun.java2d.pipe.ValidatePipe.copyImage(Lsun/java2d/SunGraphics2D;Ljava/awt/Image;IIIIIILjava/awt/Color;Ljava/awt/image/ImageObserver;)Z+29
j  sun.java2d.SunGraphics2D.copyImage(Ljava/awt/Image;IIIIIILjava/awt/Color;Ljava/awt/image/ImageObserver;)Z+20
j  sun.java2d.SunGraphics2D.drawImage(Ljava/awt/Image;IIIIIIIILjava/awt/Color;Ljava/awt/image/ImageObserver;)Z+185
j  sun.java2d.SunGraphics2D.drawImage(Ljava/awt/Image;IIIIIIIILjava/awt/image/ImageObserver;)Z+19
j  client.gui.ImagePanel$DrawingImage.draw(Ljava/awt/Graphics2D;)V+52
j  client.gui.ImagePanel.paintComponent(Ljava/awt/Graphics;)V+93
j  javax.swing.JComponent.paint(Ljava/awt/Graphics;)V+286
j  javax.swing.JComponent.paintChildren(Ljava/awt/Graphics;)V+501
j  javax.swing.JSplitPane.paintChildren(Ljava/awt/Graphics;)V+2
j  javax.swing.JComponent.paint(Ljava/awt/Graphics;)V+318
j  javax.swing.JComponent.paintChildren(Ljava/awt/Graphics;)V+501
j  javax.swing.JComponent.paint(Ljava/awt/Graphics;)V+318
j  javax.swing.JComponent.paintChildren(Ljava/awt/Graphics;)V+501
j  javax.swing.JComponent.paint(Ljava/awt/Graphics;)V+318
j  javax.swing.JLayeredPane.paint(Ljava/awt/Graphics;)V+73
j  javax.swing.JComponent.paintChildren(Ljava/awt/Graphics;)V+501
j  javax.swing.JComponent.paintToOffscreen(Ljava/awt/Graphics;IIIIII)V+72
j  javax.swing.BufferStrategyPaintManager.paint(Ljavax/swing/JComponent;Ljavax/swing/JComponent;Ljava/awt/Graphics;IIII)Z+157
j  javax.swing.RepaintManager.paint(Ljavax/swing/JComponent;Ljavax/swing/JComponent;Ljava/awt/Graphics;IIII)V+52
j  javax.swing.JComponent.paint(Ljava/awt/Graphics;)V+221
j  java.awt.GraphicsCallback$PaintCallback.run(Ljava/awt/Component;Ljava/awt/Graphics;)V+2
j  sun.awt.SunGraphicsCallback.runOneComponent(Ljava/awt/Component;Ljava/awt/Rectangle;Ljava/awt/Graphics;Ljava/awt/Shape;I)V+155
j  sun.awt.SunGraphicsCallback.runComponents([Ljava/awt/Component;Ljava/awt/Graphics;I)V+194
j  java.awt.Container.paint(Ljava/awt/Graphics;)V+58
j  java.awt.Window.paint(Ljava/awt/Graphics;)V+68
j  javax.swing.RepaintManager$3.run()Ljava/lang/Void;+136
j  javax.swing.RepaintManager$3.run()Ljava/lang/Object;+1
v  ~StubRoutines::call_stub
V  [libjvm.so+0x5f8465]  JavaCalls::call_helper(JavaValue*, methodHandle*, JavaCallArguments*, Thread*)+0x365
V  [libjvm.so+0x5f6ec8]  JavaCalls::call(JavaValue*, methodHandle, JavaCallArguments*, Thread*)+0x28
V  [libjvm.so+0x67cc64]  JVM_DoPrivileged+0x2a4
j  java.security.AccessController.doPrivileged(Ljava/security/PrivilegedAction;Ljava/security/AccessControlContext;)Ljava/lang/Object;+0
j  java.security.ProtectionDomain$1.doIntersectionPrivilege(Ljava/security/PrivilegedAction;Ljava/security/AccessControlContext;Ljava/security/AccessControlContext;)Ljava/lang/Object;+28
j  javax.swing.RepaintManager.paintDirtyRegions(Ljava/util/Map;)V+154
j  javax.swing.RepaintManager.paintDirtyRegions()V+46
j  javax.swing.RepaintManager.prePaintDirtyRegions()V+73
j  javax.swing.RepaintManager.access$1100(Ljavax/swing/RepaintManager;)V+1
j  javax.swing.RepaintManager$ProcessingRunnable.run()V+37
j  java.awt.event.InvocationEvent.dispatch()V+47
j  java.awt.EventQueue.dispatchEventImpl(Ljava/awt/AWTEvent;Ljava/lang/Object;)V+21
j  java.awt.EventQueue.access$200(Ljava/awt/EventQueue;Ljava/awt/AWTEvent;Ljava/lang/Object;)V+3
j  java.awt.EventQueue$3.run()Ljava/lang/Void;+12
j  java.awt.EventQueue$3.run()Ljava/lang/Object;+1
v  ~StubRoutines::call_stub
V  [libjvm.so+0x5f8465]  JavaCalls::call_helper(JavaValue*, methodHandle*, JavaCallArguments*, Thread*)+0x365
V  [libjvm.so+0x5f6ec8]  JavaCalls::call(JavaValue*, methodHandle, JavaCallArguments*, Thread*)+0x28
V  [libjvm.so+0x67cc64]  JVM_DoPrivileged+0x2a4
j  java.security.AccessController.doPrivileged(Ljava/security/PrivilegedAction;Ljava/security/AccessControlContext;)Ljava/lang/Object;+0
j  java.security.ProtectionDomain$1.doIntersectionPrivilege(Ljava/security/PrivilegedAction;Ljava/security/AccessControlContext;Ljava/security/AccessControlContext;)Ljava/lang/Object;+28
j  java.awt.EventQueue.dispatchEvent(Ljava/awt/AWTEvent;)V+46
j  java.awt.EventDispatchThread.pumpOneEventForFilters(I)V+245
j  java.awt.EventDispatchThread.pumpEventsForFilter(ILjava/awt/Conditional;Ljava/awt/EventFilter;)V+35
j  java.awt.EventDispatchThread.pumpEventsForHierarchy(ILjava/awt/Conditional;Ljava/awt/Component;)V+11
j  java.awt.EventDispatchThread.pumpEvents(ILjava/awt/Conditional;)V+4
j  java.awt.EventDispatchThread.pumpEvents(Ljava/awt/Conditional;)V+3
j  java.awt.EventDispatchThread.run()V+9
v  ~StubRoutines::call_stub
V  [libjvm.so+0x5f8465]  JavaCalls::call_helper(JavaValue*, methodHandle*, JavaCallArguments*, Thread*)+0x365
V  [libjvm.so+0x5f6ec8]  JavaCalls::call(JavaValue*, methodHandle, JavaCallArguments*, Thread*)+0x28
V  [libjvm.so+0x5f7197]  JavaCalls::call_virtual(JavaValue*, KlassHandle, Symbol*, Symbol*, JavaCallArguments*, Thread*)+0x197
V  [libjvm.so+0x5f72b7]  JavaCalls::call_virtual(JavaValue*, Handle, KlassHandle, Symbol*, Symbol*, Thread*)+0x47
V  [libjvm.so+0x6731c5]  thread_entry(JavaThread*, Thread*)+0xe5
V  [libjvm.so+0x94d5ff]  JavaThread::thread_main_inner()+0xdf
V  [libjvm.so+0x94d705]  JavaThread::run()+0xf5
V  [libjvm.so+0x815538]  java_start(Thread*)+0x108

Java frames: (J=compiled Java code, j=interpreted, Vv=VM code)
j  sun.java2d.loops.ScaledBlit.Scale(Lsun/java2d/SurfaceData;Lsun/java2d/SurfaceData;Ljava/awt/Composite;Lsun/java2d/pipe/Region;IIIIDDDD)V+0
j  sun.java2d.pipe.DrawImage.scaleSurfaceData(Lsun/java2d/SunGraphics2D;Lsun/java2d/pipe/Region;Lsun/java2d/SurfaceData;Lsun/java2d/SurfaceData;Lsun/java2d/loops/SurfaceType;Lsun/java2d/loops/SurfaceType;IIIIDDDD)Z+72
j  sun.java2d.pipe.DrawImage.renderImageScale(Lsun/java2d/SunGraphics2D;Ljava/awt/Image;Ljava/awt/Color;IIIIIDDDD)Z+97
j  sun.java2d.pipe.DrawImage.tryCopyOrScale(Lsun/java2d/SunGraphics2D;Ljava/awt/Image;IIIILjava/awt/Color;I[D)Z+176
j  sun.java2d.pipe.DrawImage.transformImage(Lsun/java2d/SunGraphics2D;Ljava/awt/Image;Ljava/awt/geom/AffineTransform;IIIIILjava/awt/Color;)V+97
j  sun.java2d.pipe.DrawImage.scaleImage(Lsun/java2d/SunGraphics2D;Ljava/awt/Image;IIIIIIIILjava/awt/Color;)Z+467
j  sun.java2d.pipe.DrawImage.copyImage(Lsun/java2d/SunGraphics2D;Ljava/awt/Image;IIIIIILjava/awt/Color;)Z+68
j  sun.java2d.pipe.DrawImage.copyImage(Lsun/java2d/SunGraphics2D;Ljava/awt/Image;IIIIIILjava/awt/Color;Ljava/awt/image/ImageObserver;)Z+23
j  sun.java2d.pipe.ValidatePipe.copyImage(Lsun/java2d/SunGraphics2D;Ljava/awt/Image;IIIIIILjava/awt/Color;Ljava/awt/image/ImageObserver;)Z+29
j  sun.java2d.SunGraphics2D.copyImage(Ljava/awt/Image;IIIIIILjava/awt/Color;Ljava/awt/image/ImageObserver;)Z+20
j  sun.java2d.SunGraphics2D.drawImage(Ljava/awt/Image;IIIIIIIILjava/awt/Color;Ljava/awt/image/ImageObserver;)Z+185
j  sun.java2d.SunGraphics2D.drawImage(Ljava/awt/Image;IIIIIIIILjava/awt/image/ImageObserver;)Z+19
j  client.gui.ImagePanel$DrawingImage.draw(Ljava/awt/Graphics2D;)V+52
j  client.gui.ImagePanel.paintComponent(Ljava/awt/Graphics;)V+93
j  javax.swing.JComponent.paint(Ljava/awt/Graphics;)V+286
j  javax.swing.JComponent.paintChildren(Ljava/awt/Graphics;)V+501
j  javax.swing.JSplitPane.paintChildren(Ljava/awt/Graphics;)V+2
j  javax.swing.JComponent.paint(Ljava/awt/Graphics;)V+318
j  javax.swing.JComponent.paintChildren(Ljava/awt/Graphics;)V+501
j  javax.swing.JComponent.paint(Ljava/awt/Graphics;)V+318
j  javax.swing.JComponent.paintChildren(Ljava/awt/Graphics;)V+501
j  javax.swing.JComponent.paint(Ljava/awt/Graphics;)V+318
j  javax.swing.JLayeredPane.paint(Ljava/awt/Graphics;)V+73
j  javax.swing.JComponent.paintChildren(Ljava/awt/Graphics;)V+501
j  javax.swing.JComponent.paintToOffscreen(Ljava/awt/Graphics;IIIIII)V+72
j  javax.swing.BufferStrategyPaintManager.paint(Ljavax/swing/JComponent;Ljavax/swing/JComponent;Ljava/awt/Graphics;IIII)Z+157
j  javax.swing.RepaintManager.paint(Ljavax/swing/JComponent;Ljavax/swing/JComponent;Ljava/awt/Graphics;IIII)V+52
j  javax.swing.JComponent.paint(Ljava/awt/Graphics;)V+221
j  java.awt.GraphicsCallback$PaintCallback.run(Ljava/awt/Component;Ljava/awt/Graphics;)V+2
j  sun.awt.SunGraphicsCallback.runOneComponent(Ljava/awt/Component;Ljava/awt/Rectangle;Ljava/awt/Graphics;Ljava/awt/Shape;I)V+155
j  sun.awt.SunGraphicsCallback.runComponents([Ljava/awt/Component;Ljava/awt/Graphics;I)V+194
j  java.awt.Container.paint(Ljava/awt/Graphics;)V+58
j  java.awt.Window.paint(Ljava/awt/Graphics;)V+68
j  javax.swing.RepaintManager$3.run()Ljava/lang/Void;+136
j  javax.swing.RepaintManager$3.run()Ljava/lang/Object;+1
v  ~StubRoutines::call_stub
j  java.security.AccessController.doPrivileged(Ljava/security/PrivilegedAction;Ljava/security/AccessControlContext;)Ljava/lang/Object;+0
j  java.security.ProtectionDomain$1.doIntersectionPrivilege(Ljava/security/PrivilegedAction;Ljava/security/AccessControlContext;Ljava/security/AccessControlContext;)Ljava/lang/Object;+28
j  javax.swing.RepaintManager.paintDirtyRegions(Ljava/util/Map;)V+154
j  javax.swing.RepaintManager.paintDirtyRegions()V+46
j  javax.swing.RepaintManager.prePaintDirtyRegions()V+73
j  javax.swing.RepaintManager.access$1100(Ljavax/swing/RepaintManager;)V+1
j  javax.swing.RepaintManager$ProcessingRunnable.run()V+37
j  java.awt.event.InvocationEvent.dispatch()V+47
j  java.awt.EventQueue.dispatchEventImpl(Ljava/awt/AWTEvent;Ljava/lang/Object;)V+21
j  java.awt.EventQueue.access$200(Ljava/awt/EventQueue;Ljava/awt/AWTEvent;Ljava/lang/Object;)V+3
j  java.awt.EventQueue$3.run()Ljava/lang/Void;+12
j  java.awt.EventQueue$3.run()Ljava/lang/Object;+1
v  ~StubRoutines::call_stub
j  java.security.AccessController.doPrivileged(Ljava/security/PrivilegedAction;Ljava/security/AccessControlContext;)Ljava/lang/Object;+0
j  java.security.ProtectionDomain$1.doIntersectionPrivilege(Ljava/security/PrivilegedAction;Ljava/security/AccessControlContext;Ljava/security/AccessControlContext;)Ljava/lang/Object;+28
j  java.awt.EventQueue.dispatchEvent(Ljava/awt/AWTEvent;)V+46
j  java.awt.EventDispatchThread.pumpOneEventForFilters(I)V+245
j  java.awt.EventDispatchThread.pumpEventsForFilter(ILjava/awt/Conditional;Ljava/awt/EventFilter;)V+35
j  java.awt.EventDispatchThread.pumpEventsForHierarchy(ILjava/awt/Conditional;Ljava/awt/Component;)V+11
j  java.awt.EventDispatchThread.pumpEvents(ILjava/awt/Conditional;)V+4
j  java.awt.EventDispatchThread.pumpEvents(Ljava/awt/Conditional;)V+3
j  java.awt.EventDispatchThread.run()V+9
v  ~StubRoutines::call_stub

---------------  P R O C E S S  ---------------

Java Threads: ( => current thread )
  0x00007f336c172000 JavaThread "TimerQueue" daemon [_thread_blocked, id=17421, stack(0x00007f33c2bb3000,0x00007f33c2cb4000)]
  0x00007f33d400b800 JavaThread "DestroyJavaVM" [_thread_blocked, id=17392, stack(0x00007f33d9306000,0x00007f33d9407000)]
=>0x00007f33d4197800 JavaThread "AWT-EventQueue-0" [_thread_in_native, id=17417, stack(0x00007f33c35d4000,0x00007f33c36d5000)]
  0x00007f33d4196000 JavaThread "AWT-Shutdown" [_thread_blocked, id=17416, stack(0x00007f33c36d5000,0x00007f33c37d6000)]
  0x00007f33d4193800 JavaThread "AWT-XAWT" daemon [_thread_in_native, id=17415, stack(0x00007f33c37d6000,0x00007f33c38d7000)]
  0x00007f33d414b000 JavaThread "Java2D Disposer" daemon [_thread_blocked, id=17414, stack(0x00007f33c38d7000,0x00007f33c39d8000)]
  0x00007f33d40a7800 JavaThread "Service Thread" daemon [_thread_blocked, id=17412, stack(0x00007f33c8088000,0x00007f33c8189000)]
  0x00007f33d40a5000 JavaThread "C2 CompilerThread1" daemon [_thread_blocked, id=17411, stack(0x00007f33c8189000,0x00007f33c828a000)]
  0x00007f33d40a2000 JavaThread "C2 CompilerThread0" daemon [_thread_blocked, id=17410, stack(0x00007f33c828a000,0x00007f33c838b000)]
  0x00007f3394001000 JavaThread "JDWP Command Reader" daemon [_thread_in_native, id=17406, stack(0x00007f33c838b000,0x00007f33c848c000)]
  0x00007f33d40a0000 JavaThread "JDWP Event Helper Thread" daemon [_thread_blocked, id=17405, stack(0x00007f33c848c000,0x00007f33c858d000)]
  0x00007f33d409c800 JavaThread "JDWP Transport Listener: dt_socket" daemon [_thread_blocked, id=17403, stack(0x00007f33c858d000,0x00007f33c868e000)]
  0x00007f33d4087000 JavaThread "Signal Dispatcher" daemon [_thread_blocked, id=17400, stack(0x00007f33c8892000,0x00007f33c8993000)]
  0x00007f33d4071000 JavaThread "Finalizer" daemon [_thread_blocked, id=17399, stack(0x00007f33c8993000,0x00007f33c8a94000)]
  0x00007f33d406d000 JavaThread "Reference Handler" daemon [_thread_blocked, id=17398, stack(0x00007f33c8a94000,0x00007f33c8b95000)]

Other Threads:
  0x00007f33d406b000 VMThread [stack: 0x00007f33c8b95000,0x00007f33c8c96000] [id=17397]
  0x00007f33d40b2800 WatcherThread [stack: 0x00007f33c3eff000,0x00007f33c4000000] [id=17413]

VM state:not at safepoint (normal execution)

VM Mutex/Monitor currently owned by a thread: None

Heap
 PSYoungGen      total 37888K, used 20340K [0x00000007d6480000, 0x00000007d8e80000, 0x0000000800000000)
  eden space 32768K, 46% used [0x00000007d6480000,0x00000007d735fa78,0x00000007d8480000)
  from space 5120K, 99% used [0x00000007d8480000,0x00000007d897d840,0x00000007d8980000)
  to   space 5120K, 0% used [0x00000007d8980000,0x00000007d8980000,0x00000007d8e80000)
 ParOldGen       total 84992K, used 10458K [0x0000000782e00000, 0x0000000788100000, 0x00000007d6480000)
  object space 84992K, 12% used [0x0000000782e00000,0x0000000783836b48,0x0000000788100000)
 PSPermGen       total 21504K, used 17058K [0x000000077dc00000, 0x000000077f100000, 0x0000000782e00000)
  object space 21504K, 79% used [0x000000077dc00000,0x000000077eca88b8,0x000000077f100000)

Card table byte_map: [0x00007f33ca6de000,0x00007f33caaf1000] byte_map_base: 0x00007f33c6af0000

Polling page: 0x00007f33da49c000

Code Cache  [0x00007f33caaf1000, 0x00007f33cad61000, 0x00007f33cdaf1000)
 total_blobs=604 nmethods=112 adapters=454 free_code_cache=48286Kb largest_free_block=49411136

Compilation events (10 events):
Event: 6.411 Thread 0x00007f33d40a2000 nmethod 106 0x00007f33cabc1350 code [0x00007f33cabc14a0, 0x00007f33cabc16b8]
Event: 6.450 Thread 0x00007f33d40a2000  107             java.util.HashMap::addEntry (69 bytes)
Event: 6.458 Thread 0x00007f33d40a2000 nmethod 107 0x00007f33cab8ea10 code [0x00007f33cab8ebc0, 0x00007f33cab8f088]
Event: 6.459 Thread 0x00007f33d40a2000  108             java.util.HashMap::containsKey (14 bytes)
Event: 6.467 Thread 0x00007f33d40a2000 nmethod 108 0x00007f33cab8e310 code [0x00007f33cab8e480, 0x00007f33cab8e6e8]
Event: 6.480 Thread 0x00007f33d40a5000 nmethod 104 0x00007f33cabcc8d0 code [0x00007f33cabccca0, 0x00007f33cabcf860]
Event: 14.926 Thread 0x00007f33d40a2000  111             java.lang.Class::getName (21 bytes)
Event: 14.928 Thread 0x00007f33d40a2000 nmethod 111 0x00007f33cabc08d0 code [0x00007f33cabc0a20, 0x00007f33cabc0ac8]
Event: 15.725 Thread 0x00007f33d40a5000  112             com.sun.org.apache.xerces.internal.impl.XMLDocumentFragmentScannerImpl::scanDocument (272 bytes)
Event: 15.739 Thread 0x00007f33d40a5000 nmethod 112 0x00007f33cabc8890 code [0x00007f33cabc8a80, 0x00007f33cabc9050]

GC Heap History (2 events):
Event: 6.327 GC heap before
{Heap before GC invocations=1 (full 0):
 PSYoungGen      total 37888K, used 32672K [0x00000007d6480000, 0x00000007d8e80000, 0x0000000800000000)
  eden space 32768K, 99% used [0x00000007d6480000,0x00000007d8468038,0x00000007d8480000)
  from space 5120K, 0% used [0x00000007d8980000,0x00000007d8980000,0x00000007d8e80000)
  to   space 5120K, 0% used [0x00000007d8480000,0x00000007d8480000,0x00000007d8980000)
 ParOldGen       total 84992K, used 0K [0x0000000782e00000, 0x0000000788100000, 0x00000007d6480000)
  object space 84992K, 0% used [0x0000000782e00000,0x0000000782e00000,0x0000000788100000)
 PSPermGen       total 21504K, used 16616K [0x000000077dc00000, 0x000000077f100000, 0x0000000782e00000)
  object space 21504K, 77% used [0x000000077dc00000,0x000000077ec3a2e0,0x000000077f100000)
Event: 6.358 GC heap after
Heap after GC invocations=1 (full 0):
 PSYoungGen      total 37888K, used 5110K [0x00000007d6480000, 0x00000007d8e80000, 0x0000000800000000)
  eden space 32768K, 0% used [0x00000007d6480000,0x00000007d6480000,0x00000007d8480000)
  from space 5120K, 99% used [0x00000007d8480000,0x00000007d897d840,0x00000007d8980000)
  to   space 5120K, 0% used [0x00000007d8980000,0x00000007d8980000,0x00000007d8e80000)
 ParOldGen       total 84992K, used 10458K [0x0000000782e00000, 0x0000000788100000, 0x00000007d6480000)
  object space 84992K, 12% used [0x0000000782e00000,0x0000000783836b48,0x0000000788100000)
 PSPermGen       total 21504K, used 16616K [0x000000077dc00000, 0x000000077f100000, 0x0000000782e00000)
  object space 21504K, 77% used [0x000000077dc00000,0x000000077ec3a2e0,0x000000077f100000)
}

Deoptimization events (10 events):
Event: 6.192 Thread 0x00007f33d4197800 Uncommon trap: reason=null_check action=make_not_entrant pc=0x00007f33caba6740 method=com.thoughtworks.xstream.core.util.WeakCache.get(Ljava/lang/Object;)Ljava/lang/Object; @ 10
Event: 14.719 Thread 0x00007f33d4197800 Uncommon trap: reason=class_check action=maybe_recompile pc=0x00007f33cab92a48 method=java.util.ArrayList.indexOf(Ljava/lang/Object;)I @ 51
Event: 14.730 Thread 0x00007f33d4197800 Uncommon trap: reason=class_check action=maybe_recompile pc=0x00007f33cab92a48 method=java.util.ArrayList.indexOf(Ljava/lang/Object;)I @ 51
Event: 14.730 Thread 0x00007f33d4197800 Uncommon trap: reason=class_check action=maybe_recompile pc=0x00007f33cab92a48 method=java.util.ArrayList.indexOf(Ljava/lang/Object;)I @ 51
Event: 14.730 Thread 0x00007f33d4197800 Uncommon trap: reason=class_check action=maybe_recompile pc=0x00007f33cab92a48 method=java.util.ArrayList.indexOf(Ljava/lang/Object;)I @ 51
Event: 15.701 Thread 0x00007f33d4197800 Uncommon trap: reason=unreached action=reinterpret pc=0x00007f33cabaabe0 method=com.thoughtworks.xstream.io.xml.XmlFriendlyNameCoder.encodeName(Ljava/lang/String;)Ljava/lang/String; @ 15
Event: 15.725 Thread 0x00007f33d4197800 Uncommon trap: reason=class_check action=maybe_recompile pc=0x00007f33cab8d06c method=com.sun.org.apache.xerces.internal.impl.XMLDocumentScannerImpl.next()I @ 4
Event: 15.725 Thread 0x00007f33d4197800 Uncommon trap: reason=class_check action=maybe_recompile pc=0x00007f33cab8d06c method=com.sun.org.apache.xerces.internal.impl.XMLDocumentScannerImpl.next()I @ 4
Event: 15.725 Thread 0x00007f33d4197800 Uncommon trap: reason=null_check action=make_not_entrant pc=0x00007f33cab8c764 method=com.sun.org.apache.xerces.internal.dom.DeferredDocumentImpl.clearChunkValue([[Ljava/lang/Object;II)Ljava/lang/String; @ 11
Event: 15.726 Thread 0x00007f33d4197800 Uncommon trap: reason=class_check action=maybe_recompile pc=0x00007f33cab8d06c method=com.sun.org.apache.xerces.internal.impl.XMLDocumentScannerImpl.next()I @ 4

Internal exceptions (10 events):
Event: 5.996 Thread 0x00007f33d4197800 Threw 0x00000007d748a718 at /HUDSON/workspace/7u-2-build-linux-amd64@2/jdk7u51/527/hotspot/src/share/vm/prims/jvm.cpp:1244
Event: 5.997 Thread 0x00007f33d4197800 Threw 0x00000007d748c760 at /HUDSON/workspace/7u-2-build-linux-amd64@2/jdk7u51/527/hotspot/src/share/vm/prims/jvm.cpp:1244
Event: 5.998 Thread 0x00007f33d4197800 Threw 0x00000007d748f000 at /HUDSON/workspace/7u-2-build-linux-amd64@2/jdk7u51/527/hotspot/src/share/vm/prims/jvm.cpp:1244
Event: 5.999 Thread 0x00007f33d4197800 Threw 0x00000007d74910a0 at /HUDSON/workspace/7u-2-build-linux-amd64@2/jdk7u51/527/hotspot/src/share/vm/prims/jvm.cpp:1244
Event: 6.003 Thread 0x00007f33d4197800 Threw 0x00000007d7497c18 at /HUDSON/workspace/7u-2-build-linux-amd64@2/jdk7u51/527/hotspot/src/share/vm/prims/jvm.cpp:1244
Event: 6.192 Thread 0x00007f33d4197800 Implicit null exception at 0x00007f33caba5f34 to 0x00007f33caba672d
Event: 6.412 Thread 0x00007f33d4197800 Threw 0x00000007d6c6f8e8 at /HUDSON/workspace/7u-2-build-linux-amd64@2/jdk7u51/527/hotspot/src/share/vm/prims/jvm.cpp:1244
Event: 6.422 Thread 0x00007f33d4197800 Threw 0x00000007d6c818a8 at /HUDSON/workspace/7u-2-build-linux-amd64@2/jdk7u51/527/hotspot/src/share/vm/prims/jvm.cpp:1244
Event: 14.727 Thread 0x00007f33d4197800 Threw 0x00000007d6e7a510 at /HUDSON/workspace/7u-2-build-linux-amd64@2/jdk7u51/527/hotspot/src/share/vm/prims/jvm.cpp:1244
Event: 15.725 Thread 0x00007f33d4197800 Implicit null exception at 0x00007f33cab8c2ba to 0x00007f33cab8c745

Events (10 events):
Event: 84.158 Executing VM operation: ChangeSingleStep
Event: 84.158 Executing VM operation: ChangeSingleStep done
Event: 84.185 loading class 0x00007f3384029000
Event: 84.185 loading class 0x00007f3384029000 done
Event: 84.185 loading class 0x00007f338005fce0
Event: 84.185 loading class 0x00007f338005fce0 done
Event: 84.193 loading class 0x00007f336c11ee60
Event: 84.194 loading class 0x00007f336c11ee60 done
Event: 84.194 loading class 0x00007f336c0b3ec0
Event: 84.194 loading class 0x00007f336c0b3ec0 done


Dynamic libraries:
00400000-00401000 r-xp 00000000 09:02 1851940                            /usr/java/jdk1.7.0_51/bin/java
00600000-00601000 rw-p 00000000 09:02 1851940                            /usr/java/jdk1.7.0_51/bin/java
00fe9000-0100a000 rw-p 00000000 00:00 0                                  [heap]
77dc00000-77f100000 rw-p 00000000 00:00 0 
77f100000-782e00000 rw-p 00000000 00:00 0 
782e00000-788100000 rw-p 00000000 00:00 0 
788100000-7d6480000 rw-p 00000000 00:00 0 
7d6480000-7d8e80000 rw-p 00000000 00:00 0 
7d8e80000-800000000 rw-p 00000000 00:00 0 
3fb9200000-3fb9220000 r-xp 00000000 09:02 399595                         /lib64/ld-2.12.so
3fb941f000-3fb9420000 r--p 0001f000 09:02 399595                         /lib64/ld-2.12.so
3fb9420000-3fb9421000 rw-p 00020000 09:02 399595                         /lib64/ld-2.12.so
3fb9421000-3fb9422000 rw-p 00000000 00:00 0 
3fb9600000-3fb9683000 r-xp 00000000 09:02 399600                         /lib64/libm-2.12.so
3fb9683000-3fb9882000 ---p 00083000 09:02 399600                         /lib64/libm-2.12.so
3fb9882000-3fb9883000 r--p 00082000 09:02 399600                         /lib64/libm-2.12.so
3fb9883000-3fb9884000 rw-p 00083000 09:02 399600                         /lib64/libm-2.12.so
3fb9a00000-3fb9b8b000 r-xp 00000000 09:02 399596                         /lib64/libc-2.12.so
3fb9b8b000-3fb9d8a000 ---p 0018b000 09:02 399596                         /lib64/libc-2.12.so
3fb9d8a000-3fb9d8e000 r--p 0018a000 09:02 399596                         /lib64/libc-2.12.so
3fb9d8e000-3fb9d8f000 rw-p 0018e000 09:02 399596                         /lib64/libc-2.12.so
3fb9d8f000-3fb9d94000 rw-p 00000000 00:00 0 
3fb9e00000-3fb9e17000 r-xp 00000000 09:02 399598                         /lib64/libpthread-2.12.so
3fb9e17000-3fba017000 ---p 00017000 09:02 399598                         /lib64/libpthread-2.12.so
3fba017000-3fba018000 r--p 00017000 09:02 399598                         /lib64/libpthread-2.12.so
3fba018000-3fba019000 rw-p 00018000 09:02 399598                         /lib64/libpthread-2.12.so
3fba019000-3fba01d000 rw-p 00000000 00:00 0 
3fba200000-3fba202000 r-xp 00000000 09:02 399599                         /lib64/libdl-2.12.so
3fba202000-3fba402000 ---p 00002000 09:02 399599                         /lib64/libdl-2.12.so
3fba402000-3fba403000 r--p 00002000 09:02 399599                         /lib64/libdl-2.12.so
3fba403000-3fba404000 rw-p 00003000 09:02 399599                         /lib64/libdl-2.12.so
3fbaa00000-3fbaa07000 r-xp 00000000 09:02 399602                         /lib64/librt-2.12.so
3fbaa07000-3fbac06000 ---p 00007000 09:02 399602                         /lib64/librt-2.12.so
3fbac06000-3fbac07000 r--p 00006000 09:02 399602                         /lib64/librt-2.12.so
3fbac07000-3fbac08000 rw-p 00007000 09:02 399602                         /lib64/librt-2.12.so
3fbc600000-3fbc61d000 r-xp 00000000 09:02 1736896                        /usr/lib64/libxcb.so.1.1.0
3fbc61d000-3fbc81d000 ---p 0001d000 09:02 1736896                        /usr/lib64/libxcb.so.1.1.0
3fbc81d000-3fbc81e000 rw-p 0001d000 09:02 1736896                        /usr/lib64/libxcb.so.1.1.0
3fbca00000-3fbcb37000 r-xp 00000000 09:02 1736897                        /usr/lib64/libX11.so.6.3.0
3fbcb37000-3fbcd37000 ---p 00137000 09:02 1736897                        /usr/lib64/libX11.so.6.3.0
3fbcd37000-3fbcd3d000 rw-p 00137000 09:02 1736897                        /usr/lib64/libX11.so.6.3.0
3fbce00000-3fbce02000 r-xp 00000000 09:02 1736895                        /usr/lib64/libXau.so.6.0.0
3fbce02000-3fbd002000 ---p 00002000 09:02 1736895                        /usr/lib64/libXau.so.6.0.0
3fbd002000-3fbd003000 rw-p 00002000 09:02 1736895                        /usr/lib64/libXau.so.6.0.0
3fbde00000-3fbde12000 r-xp 00000000 09:02 1736903                        /usr/lib64/libXext.so.6.4.0
3fbde12000-3fbe012000 ---p 00012000 09:02 1736903                        /usr/lib64/libXext.so.6.4.0
3fbe012000-3fbe013000 rw-p 00012000 09:02 1736903                        /usr/lib64/libXext.so.6.4.0
3fbea00000-3fbea09000 r-xp 00000000 09:02 1736898                        /usr/lib64/libXrender.so.1.3.0
3fbea09000-3fbec09000 ---p 00009000 09:02 1736898                        /usr/lib64/libXrender.so.1.3.0
3fbec09000-3fbec0a000 rw-p 00009000 09:02 1736898                        /usr/lib64/libXrender.so.1.3.0
3fbee00000-3fbee0e000 r-xp 00000000 09:02 1736905                        /usr/lib64/libXi.so.6.1.0
3fbee0e000-3fbf00e000 ---p 0000e000 09:02 1736905                        /usr/lib64/libXi.so.6.1.0
3fbf00e000-3fbf00f000 rw-p 0000e000 09:02 1736905                        /usr/lib64/libXi.so.6.1.0
3fc0a00000-3fc0a05000 r-xp 00000000 09:02 1736907                        /usr/lib64/libXfixes.so.3.1.0
3fc0a05000-3fc0c05000 ---p 00005000 09:02 1736907                        /usr/lib64/libXfixes.so.3.1.0
3fc0c05000-3fc0c06000 rw-p 00005000 09:02 1736907                        /usr/lib64/libXfixes.so.3.1.0
3fc2600000-3fc2609000 r-xp 00000000 09:02 1736908                        /usr/lib64/libXcursor.so.1.0.2
3fc2609000-3fc2809000 ---p 00009000 09:02 1736908                        /usr/lib64/libXcursor.so.1.0.2
3fc2809000-3fc280a000 rw-p 00009000 09:02 1736908                        /usr/lib64/libXcursor.so.1.0.2
3fc5e00000-3fc5e16000 r-xp 00000000 09:02 399616                         /lib64/libgcc_s-4.4.7-20120601.so.1
3fc5e16000-3fc6015000 ---p 00016000 09:02 399616                         /lib64/libgcc_s-4.4.7-20120601.so.1
3fc6015000-3fc6016000 rw-p 00015000 09:02 399616                         /lib64/libgcc_s-4.4.7-20120601.so.1
3fc8600000-3fc8605000 r-xp 00000000 09:02 1718247                        /usr/lib64/libXtst.so.6.1.0
3fc8605000-3fc8805000 ---p 00005000 09:02 1718247                        /usr/lib64/libXtst.so.6.1.0
3fc8805000-3fc8806000 rw-p 00005000 09:02 1718247                        /usr/lib64/libXtst.so.6.1.0
7f3360000000-7f3360021000 rw-p 00000000 00:00 0 
7f3360021000-7f3364000000 ---p 00000000 00:00 0 
7f3364000000-7f3364021000 rw-p 00000000 00:00 0 
7f3364021000-7f3368000000 ---p 00000000 00:00 0 
7f3368000000-7f3368021000 rw-p 00000000 00:00 0 
7f3368021000-7f336c000000 ---p 00000000 00:00 0 
7f336c000000-7f336c415000 rw-p 00000000 00:00 0 
7f336c415000-7f3370000000 ---p 00000000 00:00 0 
7f3370000000-7f3370021000 rw-p 00000000 00:00 0 
7f3370021000-7f3374000000 ---p 00000000 00:00 0 
7f3374000000-7f3374021000 rw-p 00000000 00:00 0 
7f3374021000-7f3378000000 ---p 00000000 00:00 0 
7f3378000000-7f3378021000 rw-p 00000000 00:00 0 
7f3378021000-7f337c000000 ---p 00000000 00:00 0 
7f337c000000-7f337c021000 rw-p 00000000 00:00 0 
7f337c021000-7f3380000000 ---p 00000000 00:00 0 
7f3380000000-7f338089f000 rw-p 00000000 00:00 0 
7f338089f000-7f3384000000 ---p 00000000 00:00 0 
7f3384000000-7f338463d000 rw-p 00000000 00:00 0 
7f338463d000-7f3388000000 ---p 00000000 00:00 0 
7f3388000000-7f3388021000 rw-p 00000000 00:00 0 
7f3388021000-7f338c000000 ---p 00000000 00:00 0 
7f338c000000-7f338c021000 rw-p 00000000 00:00 0 
7f338c021000-7f3390000000 ---p 00000000 00:00 0 
7f3390000000-7f3390021000 rw-p 00000000 00:00 0 
7f3390021000-7f3394000000 ---p 00000000 00:00 0 
7f3394000000-7f3394028000 rw-p 00000000 00:00 0 
7f3394028000-7f3398000000 ---p 00000000 00:00 0 
7f3398000000-7f3398021000 rw-p 00000000 00:00 0 
7f3398021000-7f339c000000 ---p 00000000 00:00 0 
7f339c000000-7f339c021000 rw-p 00000000 00:00 0 
7f339c021000-7f33a0000000 ---p 00000000 00:00 0 
7f33a0000000-7f33a0021000 rw-p 00000000 00:00 0 
7f33a0021000-7f33a4000000 ---p 00000000 00:00 0 
7f33a7ee0000-7f33ac000000 rw-p 00000000 00:00 0 
7f33ac000000-7f33ac021000 rw-p 00000000 00:00 0 
7f33ac021000-7f33b0000000 ---p 00000000 00:00 0 
7f33b4000000-7f33b4021000 rw-p 00000000 00:00 0 
7f33b4021000-7f33b8000000 ---p 00000000 00:00 0 
7f33bc000000-7f33bc021000 rw-p 00000000 00:00 0 
7f33bc021000-7f33c0000000 ---p 00000000 00:00 0 
7f33c2947000-7f33c2ab2000 rw-p 00000000 00:00 0 
7f33c2ab2000-7f33c2ab5000 ---p 00000000 00:00 0 
7f33c2ab5000-7f33c2bb3000 rw-p 00000000 00:00 0 
7f33c2bb3000-7f33c2bb6000 ---p 00000000 00:00 0 
7f33c2bb6000-7f33c2cb4000 rw-p 00000000 00:00 0 
7f33c2cb4000-7f33c2d1c000 r-xp 00000000 09:02 1852112                    /usr/java/jdk1.7.0_51/jre/lib/amd64/libt2k.so
7f33c2d1c000-7f33c2f1c000 ---p 00068000 09:02 1852112                    /usr/java/jdk1.7.0_51/jre/lib/amd64/libt2k.so
7f33c2f1c000-7f33c2f23000 rw-p 00068000 09:02 1852112                    /usr/java/jdk1.7.0_51/jre/lib/amd64/libt2k.so
7f33c2f23000-7f33c2f33000 rw-p 00000000 00:00 0 
7f33c2f33000-7f33c2f43000 r-xp 00000000 09:02 1852104                    /usr/java/jdk1.7.0_51/jre/lib/amd64/libnio.so
7f33c2f43000-7f33c3143000 ---p 00010000 09:02 1852104                    /usr/java/jdk1.7.0_51/jre/lib/amd64/libnio.so
7f33c3143000-7f33c3144000 rw-p 00010000 09:02 1852104                    /usr/java/jdk1.7.0_51/jre/lib/amd64/libnio.so
7f33c3144000-7f33c315a000 r-xp 00000000 09:02 1852103                    /usr/java/jdk1.7.0_51/jre/lib/amd64/libnet.so
7f33c315a000-7f33c335a000 ---p 00016000 09:02 1852103                    /usr/java/jdk1.7.0_51/jre/lib/amd64/libnet.so
7f33c335a000-7f33c335b000 rw-p 00016000 09:02 1852103                    /usr/java/jdk1.7.0_51/jre/lib/amd64/libnet.so
7f33c335b000-7f33c33c0000 r-xp 00000000 09:02 1852075                    /usr/java/jdk1.7.0_51/jre/lib/amd64/libfontmanager.so
7f33c33c0000-7f33c35bf000 ---p 00065000 09:02 1852075                    /usr/java/jdk1.7.0_51/jre/lib/amd64/libfontmanager.so
7f33c35bf000-7f33c35c3000 rw-p 00064000 09:02 1852075                    /usr/java/jdk1.7.0_51/jre/lib/amd64/libfontmanager.so
7f33c35c3000-7f33c35d4000 rw-p 00000000 00:00 0 
7f33c35d4000-7f33c35d7000 ---p 00000000 00:00 0 
7f33c35d7000-7f33c36d5000 rw-p 00000000 00:00 0 
7f33c36d5000-7f33c36d8000 ---p 00000000 00:00 0 
7f33c36d8000-7f33c37d6000 rw-p 00000000 00:00 0 
7f33c37d6000-7f33c37d9000 ---p 00000000 00:00 0 
7f33c37d9000-7f33c38d7000 rw-p 00000000 00:00 0 
7f33c38d7000-7f33c38da000 ---p 00000000 00:00 0 
7f33c38da000-7f33c39d8000 rw-p 00000000 00:00 0 
7f33c39d8000-7f33c3a28000 r-xp 00000000 09:02 1852121                    /usr/java/jdk1.7.0_51/jre/lib/amd64/xawt/libmawt.so
7f33c3a28000-7f33c3c28000 ---p 00050000 09:02 1852121                    /usr/java/jdk1.7.0_51/jre/lib/amd64/xawt/libmawt.so
7f33c3c28000-7f33c3c2c000 rw-p 00050000 09:02 1852121                    /usr/java/jdk1.7.0_51/jre/lib/amd64/xawt/libmawt.so
7f33c3c2c000-7f33c3c2d000 rw-p 00000000 00:00 0 
7f33c3c2d000-7f33c3ccf000 r-xp 00000000 09:02 1852071                    /usr/java/jdk1.7.0_51/jre/lib/amd64/libawt.so
7f33c3ccf000-7f33c3ecf000 ---p 000a2000 09:02 1852071                    /usr/java/jdk1.7.0_51/jre/lib/amd64/libawt.so
7f33c3ecf000-7f33c3edb000 rw-p 000a2000 09:02 1852071                    /usr/java/jdk1.7.0_51/jre/lib/amd64/libawt.so
7f33c3edb000-7f33c3eff000 rw-p 00000000 00:00 0 
7f33c3eff000-7f33c3f00000 ---p 00000000 00:00 0 
7f33c3f00000-7f33c4000000 rw-p 00000000 00:00 0 
7f33c4000000-7f33c4021000 rw-p 00000000 00:00 0 
7f33c4021000-7f33c8000000 ---p 00000000 00:00 0 
7f33c802c000-7f33c8037000 r--s 000af000 09:02 1852359                    /usr/java/jdk1.7.0_51/jre/lib/resources.jar
7f33c8037000-7f33c8057000 rw-s 00000000 00:04 12550170                   /SYSV00000000 (deleted)
7f33c8057000-7f33c8088000 rw-p 00000000 00:00 0 
7f33c8088000-7f33c808b000 ---p 00000000 00:00 0 
7f33c808b000-7f33c8189000 rw-p 00000000 00:00 0 
7f33c8189000-7f33c818c000 ---p 00000000 00:00 0 
7f33c818c000-7f33c828a000 rw-p 00000000 00:00 0 
7f33c828a000-7f33c828d000 ---p 00000000 00:00 0 
7f33c828d000-7f33c838b000 rw-p 00000000 00:00 0 
7f33c838b000-7f33c838e000 ---p 00000000 00:00 0 
7f33c838e000-7f33c848c000 rw-p 00000000 00:00 0 
7f33c848c000-7f33c848f000 ---p 00000000 00:00 0 
7f33c848f000-7f33c858d000 rw-p 00000000 00:00 0 
7f33c858d000-7f33c8590000 ---p 00000000 00:00 0 
7f33c8590000-7f33c868e000 rw-p 00000000 00:00 0 
7f33c868e000-7f33c8692000 r-xp 00000000 09:02 1852074                    /usr/java/jdk1.7.0_51/jre/lib/amd64/libdt_socket.so
7f33c8692000-7f33c8891000 ---p 00004000 09:02 1852074                    /usr/java/jdk1.7.0_51/jre/lib/amd64/libdt_socket.so
7f33c8891000-7f33c8892000 rw-p 00003000 09:02 1852074                    /usr/java/jdk1.7.0_51/jre/lib/amd64/libdt_socket.so
7f33c8892000-7f33c8895000 ---p 00000000 00:00 0 
7f33c8895000-7f33c8993000 rw-p 00000000 00:00 0 
7f33c8993000-7f33c8996000 ---p 00000000 00:00 0 
7f33c8996000-7f33c8a94000 rw-p 00000000 00:00 0 
7f33c8a94000-7f33c8a97000 ---p 00000000 00:00 0 
7f33c8a97000-7f33c8b95000 rw-p 00000000 00:00 0 
7f33c8b95000-7f33c8b96000 ---p 00000000 00:00 0 
7f33c8b96000-7f33c9c95000 rw-p 00000000 00:00 0 
7f33c9c95000-7f33c9e52000 r--s 039bf000 09:02 1852817                    /usr/java/jdk1.7.0_51/jre/lib/rt.jar
7f33c9e52000-7f33ca2da000 rw-p 00000000 00:00 0 
7f33ca2da000-7f33ca2db000 ---p 00000000 00:00 0 
7f33ca2db000-7f33ca3db000 rw-p 00000000 00:00 0 
7f33ca3db000-7f33ca3dc000 ---p 00000000 00:00 0 
7f33ca3dc000-7f33ca4dc000 rw-p 00000000 00:00 0 
7f33ca4dc000-7f33ca4dd000 ---p 00000000 00:00 0 
7f33ca4dd000-7f33ca5dd000 rw-p 00000000 00:00 0 
7f33ca5dd000-7f33ca5de000 ---p 00000000 00:00 0 
7f33ca5de000-7f33ca6e9000 rw-p 00000000 00:00 0 
7f33ca6e9000-7f33ca707000 rw-p 00000000 00:00 0 
7f33ca707000-7f33ca731000 rw-p 00000000 00:00 0 
7f33ca731000-7f33ca9a2000 rw-p 00000000 00:00 0 
7f33ca9a2000-7f33ca9b8000 rw-p 00000000 00:00 0 
7f33ca9b8000-7f33caaf0000 rw-p 00000000 00:00 0 
7f33caaf0000-7f33caaf1000 rw-p 00000000 00:00 0 
7f33caaf1000-7f33cad61000 rwxp 00000000 00:00 0 
7f33cad61000-7f33cdaf1000 rw-p 00000000 00:00 0 
7f33cdaf1000-7f33ce16f000 r--s 00000000 09:02 1048685                    /var/lib/sss/mc/passwd
7f33ce16f000-7f33d4000000 r--p 00000000 09:02 1705722                    /usr/lib/locale/locale-archive
7f33d4000000-7f33d41b2000 rw-p 00000000 00:00 0 
7f33d41b2000-7f33d8000000 ---p 00000000 00:00 0 
7f33d8001000-7f33d800d000 r--s 0006a000 00:13 193274032643               /auto/users/lindell/classes/git/record_indexer/lib/xstream-1.4.2.jar
7f33d800d000-7f33d8012000 r--s 00309000 00:13 193274032642               /auto/users/lindell/classes/git/record_indexer/lib/sqlite-jdbc-3.7.2.jar
7f33d8012000-7f33d8018000 r--s 00034000 00:13 193274032641               /auto/users/lindell/classes/git/record_indexer/lib/junit-4.8.2.jar
7f33d8018000-7f33d80cf000 rw-p 00000000 00:00 0 
7f33d80cf000-7f33d80ed000 rw-p 00000000 00:00 0 
7f33d80ed000-7f33d8117000 rw-p 00000000 00:00 0 
7f33d8117000-7f33d8389000 rw-p 00000000 00:00 0 
7f33d8389000-7f33d8393000 rw-p 00000000 00:00 0 
7f33d8393000-7f33d8449000 rw-p 00000000 00:00 0 
7f33d8449000-7f33d8463000 r-xp 00000000 09:02 1852115                    /usr/java/jdk1.7.0_51/jre/lib/amd64/libzip.so
7f33d8463000-7f33d8663000 ---p 0001a000 09:02 1852115                    /usr/java/jdk1.7.0_51/jre/lib/amd64/libzip.so
7f33d8663000-7f33d8664000 rw-p 0001a000 09:02 1852115                    /usr/java/jdk1.7.0_51/jre/lib/amd64/libzip.so
7f33d8664000-7f33d866b000 r-xp 00000000 09:02 393435                     /lib64/libnss_sss.so.2
7f33d866b000-7f33d886b000 ---p 00007000 09:02 393435                     /lib64/libnss_sss.so.2
7f33d886b000-7f33d886c000 rw-p 00007000 09:02 393435                     /lib64/libnss_sss.so.2
7f33d886c000-7f33d8878000 r-xp 00000000 09:02 393246                     /lib64/libnss_files-2.12.so
7f33d8878000-7f33d8a78000 ---p 0000c000 09:02 393246                     /lib64/libnss_files-2.12.so
7f33d8a78000-7f33d8a79000 r--p 0000c000 09:02 393246                     /lib64/libnss_files-2.12.so
7f33d8a79000-7f33d8a7a000 rw-p 0000d000 09:02 393246                     /lib64/libnss_files-2.12.so
7f33d8a7e000-7f33d8a82000 r--s 0002a000 00:13 197579983280               /auto/users/lindell/classes/git/record_indexer/lib/commons-io-2.4.jar
7f33d8a82000-7f33d8a89000 r--s 000aa000 00:13 77321292650                /auto/users/lindell/classes/git/record_indexer/lib/commons-io-2.4-javadoc.jar
7f33d8a89000-7f33d8a8f000 r--s 00036000 00:13 120261783877               /auto/users/lindell/bin/eclipse/plugins/org.junit_4.11.0.v201303080030/junit.jar
7f33d8a8f000-7f33d8a92000 r-xp 00000000 09:02 1852106                    /usr/java/jdk1.7.0_51/jre/lib/amd64/libnpt.so
7f33d8a92000-7f33d8c91000 ---p 00003000 09:02 1852106                    /usr/java/jdk1.7.0_51/jre/lib/amd64/libnpt.so
7f33d8c91000-7f33d8c92000 rw-p 00002000 09:02 1852106                    /usr/java/jdk1.7.0_51/jre/lib/amd64/libnpt.so
7f33d8c92000-7f33d8ccb000 r-xp 00000000 09:02 1852091                    /usr/java/jdk1.7.0_51/jre/lib/amd64/libjdwp.so
7f33d8ccb000-7f33d8ecb000 ---p 00039000 09:02 1852091                    /usr/java/jdk1.7.0_51/jre/lib/amd64/libjdwp.so
7f33d8ecb000-7f33d8ecc000 rw-p 00039000 09:02 1852091                    /usr/java/jdk1.7.0_51/jre/lib/amd64/libjdwp.so
7f33d8ecc000-7f33d8ecd000 rw-p 00000000 00:00 0 
7f33d8ecd000-7f33d8ef6000 r-xp 00000000 09:02 1852085                    /usr/java/jdk1.7.0_51/jre/lib/amd64/libjava.so
7f33d8ef6000-7f33d90f6000 ---p 00029000 09:02 1852085                    /usr/java/jdk1.7.0_51/jre/lib/amd64/libjava.so
7f33d90f6000-7f33d90f8000 rw-p 00029000 09:02 1852085                    /usr/java/jdk1.7.0_51/jre/lib/amd64/libjava.so
7f33d90f8000-7f33d9105000 r-xp 00000000 09:02 1852114                    /usr/java/jdk1.7.0_51/jre/lib/amd64/libverify.so
7f33d9105000-7f33d9304000 ---p 0000d000 09:02 1852114                    /usr/java/jdk1.7.0_51/jre/lib/amd64/libverify.so
7f33d9304000-7f33d9306000 rw-p 0000c000 09:02 1852114                    /usr/java/jdk1.7.0_51/jre/lib/amd64/libverify.so
7f33d9306000-7f33d9309000 ---p 00000000 00:00 0 
7f33d9309000-7f33d9407000 rw-p 00000000 00:00 0 
7f33d9407000-7f33d9f69000 r-xp 00000000 09:02 1852119                    /usr/java/jdk1.7.0_51/jre/lib/amd64/server/libjvm.so
7f33d9f69000-7f33da169000 ---p 00b62000 09:02 1852119                    /usr/java/jdk1.7.0_51/jre/lib/amd64/server/libjvm.so
7f33da169000-7f33da22c000 rw-p 00b62000 09:02 1852119                    /usr/java/jdk1.7.0_51/jre/lib/amd64/server/libjvm.so
7f33da22c000-7f33da270000 rw-p 00000000 00:00 0 
7f33da270000-7f33da286000 r-xp 00000000 09:02 145503                     /usr/java/jdk1.7.0_51/lib/amd64/jli/libjli.so
7f33da286000-7f33da486000 ---p 00016000 09:02 145503                     /usr/java/jdk1.7.0_51/lib/amd64/jli/libjli.so
7f33da486000-7f33da487000 rw-p 00016000 09:02 145503                     /usr/java/jdk1.7.0_51/lib/amd64/jli/libjli.so
7f33da487000-7f33da489000 rw-p 00000000 00:00 0 
7f33da489000-7f33da48a000 rw-p 00000000 00:00 0 
7f33da48a000-7f33da48c000 r--s 0000c000 00:13 21489152252                /auto/users/lindell/bin/eclipse/plugins/org.hamcrest.core_1.3.0.v201303031735.jar
7f33da48c000-7f33da493000 r--s 00000000 09:02 1705980                    /usr/lib64/gconv/gconv-modules.cache
7f33da493000-7f33da49b000 rw-s 00000000 09:03 7602180                    /tmp/hsperfdata_lindell/17386
7f33da49b000-7f33da49c000 rw-p 00000000 00:00 0 
7f33da49c000-7f33da49d000 r--p 00000000 00:00 0 
7f33da49d000-7f33da49e000 rw-p 00000000 00:00 0 
7fffd89ac000-7fffd89c1000 rw-p 00000000 00:00 0                          [stack]
7fffd89ff000-7fffd8a00000 r-xp 00000000 00:00 0                          [vdso]
ffffffffff600000-ffffffffff601000 r-xp 00000000 00:00 0                  [vsyscall]

VM Arguments:
jvm_args: -agentlib:jdwp=transport=dt_socket,suspend=y,address=localhost:35027 -Dfile.encoding=UTF-8 
java_command: client.gui.RecordIndexer localhost 39640
Launcher Type: SUN_STANDARD

Environment Variables:
PATH=/auto/users/lindell/bin/eclipse:/auto/users/lindell/bin:/auto/app/anaconda/envs/py34/bin:/usr/lib64/qt-3.3/bin:/usr/local/bin:/usr/bin:/bin:/usr/local/sbin:/usr/sbin:/sbin
USERNAME=lindell
SHELL=/bin/bash
DISPLAY=:0.0

Signal Handlers:
SIGSEGV: [libjvm.so+0x993870], sa_mask[0]=0x7ffbfeff, sa_flags=0x10000004
SIGBUS: [libjvm.so+0x993870], sa_mask[0]=0x7ffbfeff, sa_flags=0x10000004
SIGFPE: [libjvm.so+0x8105b0], sa_mask[0]=0x7ffbfeff, sa_flags=0x10000004
SIGPIPE: [libjvm.so+0x8105b0], sa_mask[0]=0x7ffbfeff, sa_flags=0x10000004
SIGXFSZ: [libjvm.so+0x8105b0], sa_mask[0]=0x7ffbfeff, sa_flags=0x10000004
SIGILL: [libjvm.so+0x8105b0], sa_mask[0]=0x7ffbfeff, sa_flags=0x10000004
SIGUSR1: SIG_DFL, sa_mask[0]=0x00000000, sa_flags=0x00000000
SIGUSR2: [libjvm.so+0x811aa0], sa_mask[0]=0x00000004, sa_flags=0x10000004
SIGHUP: [libjvm.so+0x812a10], sa_mask[0]=0x7ffbfeff, sa_flags=0x10000004
SIGINT: [libjvm.so+0x812a10], sa_mask[0]=0x7ffbfeff, sa_flags=0x10000004
SIGTERM: [libjvm.so+0x812a10], sa_mask[0]=0x7ffbfeff, sa_flags=0x10000004
SIGQUIT: [libjvm.so+0x812a10], sa_mask[0]=0x7ffbfeff, sa_flags=0x10000004


---------------  S Y S T E M  ---------------

OS:Red Hat Enterprise Linux Server release 6.5 (Santiago)

uname:Linux 2.6.32-431.17.1.el6.x86_64 #1 SMP Fri Apr 11 17:27:00 EDT 2014 x86_64
libc:glibc 2.12 NPTL 2.12 
rlimit: STACK 10240k, CORE 0k, NPROC 1024, NOFILE 4096, AS infinity
load average:0.05 0.29 0.30

/proc/meminfo:
MemTotal:        8193028 kB
MemFree:         5346740 kB
Buffers:           80080 kB
Cached:           828536 kB
SwapCached:            0 kB
Active:          1940520 kB
Inactive:         670800 kB
Active(anon):    1703392 kB
Inactive(anon):    10712 kB
Active(file):     237128 kB
Inactive(file):   660088 kB
Unevictable:           0 kB
Mlocked:               0 kB
SwapTotal:       8387576 kB
SwapFree:        8387576 kB
Dirty:                68 kB
Writeback:             0 kB
AnonPages:       1702736 kB
Mapped:           203392 kB
Shmem:             11396 kB
Slab:              82292 kB
SReclaimable:      38272 kB
SUnreclaim:        44020 kB
KernelStack:        4280 kB
PageTables:        43564 kB
NFS_Unstable:          0 kB
Bounce:                0 kB
WritebackTmp:          0 kB
CommitLimit:    12484088 kB
Committed_AS:    3617448 kB
VmallocTotal:   34359738367 kB
VmallocUsed:       66620 kB
VmallocChunk:   34353958908 kB
HardwareCorrupted:     0 kB
AnonHugePages:   1128448 kB
HugePages_Total:       0
HugePages_Free:        0
HugePages_Rsvd:        0
HugePages_Surp:        0
Hugepagesize:       2048 kB
DirectMap4k:      104420 kB
DirectMap2M:     8284160 kB


CPU:total 4 (2 cores per cpu, 1 threads per core) family 15 model 33 stepping 2, cmov, cx8, fxsr, mmx, sse, sse2, sse3, mmxext, 3dnowpref, tsc

/proc/cpuinfo:
processor	: 0
vendor_id	: AuthenticAMD
cpu family	: 15
model		: 33
model name	: Dual Core AMD Opteron(tm) Processor 270
stepping	: 2
cpu MHz		: 1994.715
cache size	: 1024 KB
physical id	: 0
siblings	: 2
core id		: 0
cpu cores	: 2
apicid		: 0
initial apicid	: 0
fpu		: yes
fpu_exception	: yes
cpuid level	: 1
wp		: yes
flags		: fpu vme de pse tsc msr pae mce cx8 apic sep mtrr pge mca cmov pat pse36 clflush mmx fxsr sse sse2 ht syscall nx mmxext fxsr_opt lm 3dnowext 3dnow rep_good pni lahf_lm cmp_legacy
bogomips	: 3989.43
TLB size	: 1024 4K pages
clflush size	: 64
cache_alignment	: 64
address sizes	: 40 bits physical, 48 bits virtual
power management: ts fid vid ttp

processor	: 1
vendor_id	: AuthenticAMD
cpu family	: 15
model		: 33
model name	: Dual Core AMD Opteron(tm) Processor 270
stepping	: 2
cpu MHz		: 1994.715
cache size	: 1024 KB
physical id	: 0
siblings	: 2
core id		: 1
cpu cores	: 2
apicid		: 1
initial apicid	: 1
fpu		: yes
fpu_exception	: yes
cpuid level	: 1
wp		: yes
flags		: fpu vme de pse tsc msr pae mce cx8 apic sep mtrr pge mca cmov pat pse36 clflush mmx fxsr sse sse2 ht syscall nx mmxext fxsr_opt lm 3dnowext 3dnow rep_good pni lahf_lm cmp_legacy
bogomips	: 3988.56
TLB size	: 1024 4K pages
clflush size	: 64
cache_alignment	: 64
address sizes	: 40 bits physical, 48 bits virtual
power management: ts fid vid ttp

processor	: 2
vendor_id	: AuthenticAMD
cpu family	: 15
model		: 33
model name	: Dual Core AMD Opteron(tm) Processor 270
stepping	: 2
cpu MHz		: 1994.715
cache size	: 1024 KB
physical id	: 1
siblings	: 2
core id		: 0
cpu cores	: 2
apicid		: 2
initial apicid	: 2
fpu		: yes
fpu_exception	: yes
cpuid level	: 1
wp		: yes
flags		: fpu vme de pse tsc msr pae mce cx8 apic sep mtrr pge mca cmov pat pse36 clflush mmx fxsr sse sse2 ht syscall nx mmxext fxsr_opt lm 3dnowext 3dnow rep_good pni lahf_lm cmp_legacy
bogomips	: 3988.58
TLB size	: 1024 4K pages
clflush size	: 64
cache_alignment	: 64
address sizes	: 40 bits physical, 48 bits virtual
power management: ts fid vid ttp

processor	: 3
vendor_id	: AuthenticAMD
cpu family	: 15
model		: 33
model name	: Dual Core AMD Opteron(tm) Processor 270
stepping	: 2
cpu MHz		: 1994.715
cache size	: 1024 KB
physical id	: 1
siblings	: 2
core id		: 1
cpu cores	: 2
apicid		: 3
initial apicid	: 3
fpu		: yes
fpu_exception	: yes
cpuid level	: 1
wp		: yes
flags		: fpu vme de pse tsc msr pae mce cx8 apic sep mtrr pge mca cmov pat pse36 clflush mmx fxsr sse sse2 ht syscall nx mmxext fxsr_opt lm 3dnowext 3dnow rep_good pni lahf_lm cmp_legacy
bogomips	: 3988.58
TLB size	: 1024 4K pages
clflush size	: 64
cache_alignment	: 64
address sizes	: 40 bits physical, 48 bits virtual
power management: ts fid vid ttp



Memory: 4k page, physical 8193028k(5346740k free), swap 8387576k(8387576k free)

vm_info: Java HotSpot(TM) 64-Bit Server VM (24.51-b03) for linux-amd64 JRE (1.7.0_51-b13), built on Dec 18 2013 18:48:01 by "java_re" with gcc 4.3.0 20080428 (Red Hat 4.3.0-8)

time: Sat Jun 14 22:20:29 2014
elapsed time: 84 seconds

