#
# A fatal error has been detected by the Java Runtime Environment:
#
#  SIGSEGV (0xb) at pc=0x00007f66da9c7de7, pid=18165, tid=140079725274880
#
# JRE version: Java(TM) SE Runtime Environment (7.0_51-b13) (build 1.7.0_51-b13)
# Java VM: Java HotSpot(TM) 64-Bit Server VM (24.51-b03 mixed mode linux-amd64 compressed oops)
# Problematic frame:
# C  [libawt.so+0x30de7]  GetSDOps+0x47
#
# Failed to write core dump. Core dumps have been disabled. To enable core dumping, try "ulimit -c unlimited" before starting Java again
#
# If you would like to submit a bug report, please visit:
#   http://bugreport.sun.com/bugreport/crash.jsp
# The crash happened outside the Java Virtual Machine in native code.
# See problematic frame for where to report the bug.
#

---------------  T H R E A D  ---------------

Current thread (0x00007f66e4167800):  JavaThread "AWT-EventQueue-0" [_thread_in_native, id=18187, stack(0x00007f66da33e000,0x00007f66da43f000)]

siginfo:si_signo=SIGSEGV: si_errno=0, si_code=1 (SEGV_MAPERR), si_addr=0x00007f61ac07b380

Registers:
RAX=0x00007f61ac07b360, RBX=0x00007f66e41679e8, RCX=0x00007f66da43a1a0, RDX=0x0000000000000042
RSP=0x00007f66da439f20, RBP=0x00007f66da439f40, RSI=0x00007f66da43a398, RDI=0x00007f66e41679e8
R8 =0x00007f66da43a388, R9 =0x00000007d8973208, R10=0x0000000000000050, R11=0x00007f66ea75d008
R12=0x00007f66da43a398, R13=0x00007f61ac07b360, R14=0x0000000000000001, R15=0x00007f66da43a390
RIP=0x00007f66da9c7de7, EFLAGS=0x0000000000010202, CSGSFS=0x0000000000000033, ERR=0x0000000000000004
  TRAPNO=0x000000000000000e

Top of Stack: (sp=0x00007f66da439f20)
0x00007f66da439f20:   00007f66da43a388 00007f66da43a380
0x00007f66da439f30:   00007f66da43a398 00007f66e41679e8
0x00007f66da439f40:   00007f66da43a220 00007f66da9ca9ab
0x00007f66da439f50:   000000000000002f 00007f66da439f08
0x00007f66da439f60:   00007f66da439f49 0000000800000002
0x00007f66da439f70:   00007f669c00a300 00000007d70d26d0
0x00007f66da439f80:   00007f669c00a378 00007f669c00a378
0x00007f66da439f90:   00007f669c00a370 00007f669c00a370
0x00007f66da439fa0:   00000007fffffffe 00007f66da43a1a0
0x00007f66da439fb0:   0000000000000000 00007f66e4167800
0x00007f66da439fc0:   407382aaaaaaaaab 4087000000000002
0x00007f66da439fd0:   4067caaaaaaaaaa7 4081a80000000000
0x00007f66da439fe0:   000000077dc1cd08 0000000000000000
0x00007f66da439ff0:   00007f66da43a0b0 00007f66ea0fba39
0x00007f66da43a000:   00007f66dac41a70 00007f669c00a348
0x00007f66da43a010:   00007f66da43a1ef 00007f669c00a348
0x00007f66da43a020:   00007f66ea6fce30 0000005000000000
0x00007f66da43a030:   0000000000000026 0000000000000000
0x00007f66da43a040:   0000000000000000 00007f669c00a020
0x00007f66da43a050:   00007f66da43a070 00007f66ea1e5379
0x00007f66da43a060:   00007f66da43a080 00007f66da43a0a0
0x00007f66da43a070:   00007f66da43a090 00007f66ea1e5c01
0x00007f66da43a080:   00007f66da43a0a0 00007f66da43a100
0x00007f66da43a090:   00007f66da43a0e0 00007f66ea0e75fe
0x00007f66da43a0a0:   00007f66ea6db6d0 00007f66e412a610
0x00007f66da43a0b0:   0000000000000067 000000000000000e
0x00007f66da43a0c0:   00007f6600000000 00007f66e412a611
0x00007f66da43a0d0:   00007f66e4167800 00007f669c00a348
0x00007f66da43a0e0:   00007f66da43a1a0 00007f66e9f0c963
0x00007f66da43a0f0:   00007f669c00a348 00007f66da43a3a0
0x00007f66da43a100:   00007f66ea7075f0 00007f66e412a610
0x00007f66da43a110:   0000000000000066 00007f66ea0fc74e 

Instructions: (pc=0x00007f66da9c7de7)
0x00007f66da9c7dc7:   00 00 00 48 8b 07 48 8b 15 ec 00 28 00 ff 90 28
0x00007f66da9c7dd7:   03 00 00 48 85 c0 49 89 c5 74 2e 45 84 f6 74 11
0x00007f66da9c7de7:   48 8b 40 20 48 85 c0 74 08 4c 89 ee 48 89 df ff
0x00007f66da9c7df7:   d0 4c 89 e8 48 8b 1c 24 4c 8b 64 24 08 4c 8b 6c 

Register to memory mapping:

RAX=0x00007f61ac07b360 is an unknown value
RBX=0x00007f66e41679e8 is an unknown value
RCX=0x00007f66da43a1a0 is pointing into the stack for thread: 0x00007f66e4167800
RDX=0x0000000000000042 is an unknown value
RSP=0x00007f66da439f20 is pointing into the stack for thread: 0x00007f66e4167800
RBP=0x00007f66da439f40 is pointing into the stack for thread: 0x00007f66e4167800
RSI=0x00007f66da43a398 is pointing into the stack for thread: 0x00007f66e4167800
RDI=0x00007f66e41679e8 is an unknown value
R8 =0x00007f66da43a388 is pointing into the stack for thread: 0x00007f66e4167800
R9 =0x00000007d8973208 is an oop
sun.awt.image.BufImgSurfaceData 
 - klass: 'sun/awt/image/BufImgSurfaceData'
R10=0x0000000000000050 is an unknown value
R11=0x00007f66ea75d008: <offset 0xe3c008> in /usr/java/jdk1.7.0_51/jre/lib/amd64/server/libjvm.so at 0x00007f66e9921000
R12=0x00007f66da43a398 is pointing into the stack for thread: 0x00007f66e4167800
R13=0x00007f61ac07b360 is an unknown value
R14=0x0000000000000001 is an unknown value
R15=0x00007f66da43a390 is pointing into the stack for thread: 0x00007f66e4167800


Stack: [0x00007f66da33e000,0x00007f66da43f000],  sp=0x00007f66da439f20,  free space=1007k
Native frames: (J=compiled Java code, j=interpreted, Vv=VM code, C=native code)
C  [libawt.so+0x30de7]  GetSDOps+0x47
C  [libawt.so+0x339ab]  Java_sun_java2d_loops_ScaledBlit_Scale+0xbb
j  sun.java2d.loops.ScaledBlit.Scale(Lsun/java2d/SurfaceData;Lsun/java2d/SurfaceData;Ljava/awt/Composite;Lsun/java2d/pipe/Region;IIIIDDDD)V+0
j  sun.java2d.pipe.DrawImage.scaleSurfaceData(Lsun/java2d/SunGraphics2D;Lsun/java2d/pipe/Region;Lsun/java2d/SurfaceData;Lsun/java2d/SurfaceData;Lsun/java2d/loops/SurfaceType;Lsun/java2d/loops/SurfaceType;IIIIDDDD)Z+72
j  sun.java2d.pipe.DrawImage.renderImageScale(Lsun/java2d/SunGraphics2D;Ljava/awt/Image;Ljava/awt/Color;IIIIIDDDD)Z+97
j  sun.java2d.pipe.DrawImage.tryCopyOrScale(Lsun/java2d/SunGraphics2D;Ljava/awt/Image;IIIILjava/awt/Color;I[D)Z+176
j  sun.java2d.pipe.DrawImage.transformImage(Lsun/java2d/SunGraphics2D;Ljava/awt/Image;Ljava/awt/geom/AffineTransform;IIIIILjava/awt/Color;)V+97
j  sun.java2d.pipe.DrawImage.scaleImage(Lsun/java2d/SunGraphics2D;Ljava/awt/Image;IIIIIIIILjava/awt/Color;)Z+467
j  sun.java2d.pipe.DrawImage.copyImage(Lsun/java2d/SunGraphics2D;Ljava/awt/Image;IIIIIILjava/awt/Color;)Z+68
j  sun.java2d.pipe.DrawImage.copyImage(Lsun/java2d/SunGraphics2D;Ljava/awt/Image;IIIIIILjava/awt/Color;Ljava/awt/image/ImageObserver;)Z+23
j  sun.java2d.pipe.ValidatePipe.copyImage(Lsun/java2d/SunGraphics2D;Ljava/awt/Image;IIIIIILjava/awt/Color;Ljava/awt/image/ImageObserver;)Z+29
j  sun.java2d.SunGraphics2D.copyImage(Ljava/awt/Image;IIIIIILjava/awt/Color;Ljava/awt/image/ImageObserver;)Z+20
j  sun.java2d.SunGraphics2D.drawImage(Ljava/awt/Image;IIIIIIIILjava/awt/Color;Ljava/awt/image/ImageObserver;)Z+185
j  sun.java2d.SunGraphics2D.drawImage(Ljava/awt/Image;IIIIIIIILjava/awt/image/ImageObserver;)Z+19
j  client.gui.ImagePanel$DrawingImage.draw(Ljava/awt/Graphics2D;)V+52
j  client.gui.ImagePanel.paintComponent(Ljava/awt/Graphics;)V+93
j  javax.swing.JComponent.paint(Ljava/awt/Graphics;)V+286
j  javax.swing.JComponent.paintChildren(Ljava/awt/Graphics;)V+501
j  javax.swing.JSplitPane.paintChildren(Ljava/awt/Graphics;)V+2
j  javax.swing.JComponent.paint(Ljava/awt/Graphics;)V+318
j  javax.swing.JComponent.paintChildren(Ljava/awt/Graphics;)V+501
j  javax.swing.JComponent.paint(Ljava/awt/Graphics;)V+318
j  javax.swing.JComponent.paintChildren(Ljava/awt/Graphics;)V+501
j  javax.swing.JComponent.paint(Ljava/awt/Graphics;)V+318
j  javax.swing.JLayeredPane.paint(Ljava/awt/Graphics;)V+73
j  javax.swing.JComponent.paintChildren(Ljava/awt/Graphics;)V+501
j  javax.swing.JComponent.paintToOffscreen(Ljava/awt/Graphics;IIIIII)V+72
j  javax.swing.BufferStrategyPaintManager.paint(Ljavax/swing/JComponent;Ljavax/swing/JComponent;Ljava/awt/Graphics;IIII)Z+157
j  javax.swing.RepaintManager.paint(Ljavax/swing/JComponent;Ljavax/swing/JComponent;Ljava/awt/Graphics;IIII)V+52
j  javax.swing.JComponent.paint(Ljava/awt/Graphics;)V+221
j  java.awt.GraphicsCallback$PaintCallback.run(Ljava/awt/Component;Ljava/awt/Graphics;)V+2
j  sun.awt.SunGraphicsCallback.runOneComponent(Ljava/awt/Component;Ljava/awt/Rectangle;Ljava/awt/Graphics;Ljava/awt/Shape;I)V+155
j  sun.awt.SunGraphicsCallback.runComponents([Ljava/awt/Component;Ljava/awt/Graphics;I)V+194
j  java.awt.Container.paint(Ljava/awt/Graphics;)V+58
j  java.awt.Window.paint(Ljava/awt/Graphics;)V+68
j  javax.swing.RepaintManager$3.run()Ljava/lang/Void;+136
j  javax.swing.RepaintManager$3.run()Ljava/lang/Object;+1
v  ~StubRoutines::call_stub
V  [libjvm.so+0x5f8465]  JavaCalls::call_helper(JavaValue*, methodHandle*, JavaCallArguments*, Thread*)+0x365
V  [libjvm.so+0x5f6ec8]  JavaCalls::call(JavaValue*, methodHandle, JavaCallArguments*, Thread*)+0x28
V  [libjvm.so+0x67cc64]  JVM_DoPrivileged+0x2a4
j  java.security.AccessController.doPrivileged(Ljava/security/PrivilegedAction;Ljava/security/AccessControlContext;)Ljava/lang/Object;+0
j  java.security.ProtectionDomain$1.doIntersectionPrivilege(Ljava/security/PrivilegedAction;Ljava/security/AccessControlContext;Ljava/security/AccessControlContext;)Ljava/lang/Object;+28
j  javax.swing.RepaintManager.paintDirtyRegions(Ljava/util/Map;)V+154
j  javax.swing.RepaintManager.paintDirtyRegions()V+46
j  javax.swing.RepaintManager.prePaintDirtyRegions()V+73
j  javax.swing.RepaintManager.access$1100(Ljavax/swing/RepaintManager;)V+1
j  javax.swing.RepaintManager$ProcessingRunnable.run()V+37
j  java.awt.event.InvocationEvent.dispatch()V+47
j  java.awt.EventQueue.dispatchEventImpl(Ljava/awt/AWTEvent;Ljava/lang/Object;)V+21
j  java.awt.EventQueue.access$200(Ljava/awt/EventQueue;Ljava/awt/AWTEvent;Ljava/lang/Object;)V+3
j  java.awt.EventQueue$3.run()Ljava/lang/Void;+12
j  java.awt.EventQueue$3.run()Ljava/lang/Object;+1
v  ~StubRoutines::call_stub
V  [libjvm.so+0x5f8465]  JavaCalls::call_helper(JavaValue*, methodHandle*, JavaCallArguments*, Thread*)+0x365
V  [libjvm.so+0x5f6ec8]  JavaCalls::call(JavaValue*, methodHandle, JavaCallArguments*, Thread*)+0x28
V  [libjvm.so+0x67cc64]  JVM_DoPrivileged+0x2a4
j  java.security.AccessController.doPrivileged(Ljava/security/PrivilegedAction;Ljava/security/AccessControlContext;)Ljava/lang/Object;+0
j  java.security.ProtectionDomain$1.doIntersectionPrivilege(Ljava/security/PrivilegedAction;Ljava/security/AccessControlContext;Ljava/security/AccessControlContext;)Ljava/lang/Object;+28
j  java.awt.EventQueue.dispatchEvent(Ljava/awt/AWTEvent;)V+46
j  java.awt.EventDispatchThread.pumpOneEventForFilters(I)V+245
j  java.awt.EventDispatchThread.pumpEventsForFilter(ILjava/awt/Conditional;Ljava/awt/EventFilter;)V+35
j  java.awt.EventDispatchThread.pumpEventsForHierarchy(ILjava/awt/Conditional;Ljava/awt/Component;)V+11
j  java.awt.EventDispatchThread.pumpEvents(ILjava/awt/Conditional;)V+4
j  java.awt.EventDispatchThread.pumpEvents(Ljava/awt/Conditional;)V+3
j  java.awt.EventDispatchThread.run()V+9
v  ~StubRoutines::call_stub
V  [libjvm.so+0x5f8465]  JavaCalls::call_helper(JavaValue*, methodHandle*, JavaCallArguments*, Thread*)+0x365
V  [libjvm.so+0x5f6ec8]  JavaCalls::call(JavaValue*, methodHandle, JavaCallArguments*, Thread*)+0x28
V  [libjvm.so+0x5f7197]  JavaCalls::call_virtual(JavaValue*, KlassHandle, Symbol*, Symbol*, JavaCallArguments*, Thread*)+0x197
V  [libjvm.so+0x5f72b7]  JavaCalls::call_virtual(JavaValue*, Handle, KlassHandle, Symbol*, Symbol*, Thread*)+0x47
V  [libjvm.so+0x6731c5]  thread_entry(JavaThread*, Thread*)+0xe5
V  [libjvm.so+0x94d5ff]  JavaThread::thread_main_inner()+0xdf
V  [libjvm.so+0x94d705]  JavaThread::run()+0xf5
V  [libjvm.so+0x815538]  java_start(Thread*)+0x108

Java frames: (J=compiled Java code, j=interpreted, Vv=VM code)
j  sun.java2d.loops.ScaledBlit.Scale(Lsun/java2d/SurfaceData;Lsun/java2d/SurfaceData;Ljava/awt/Composite;Lsun/java2d/pipe/Region;IIIIDDDD)V+0
j  sun.java2d.pipe.DrawImage.scaleSurfaceData(Lsun/java2d/SunGraphics2D;Lsun/java2d/pipe/Region;Lsun/java2d/SurfaceData;Lsun/java2d/SurfaceData;Lsun/java2d/loops/SurfaceType;Lsun/java2d/loops/SurfaceType;IIIIDDDD)Z+72
j  sun.java2d.pipe.DrawImage.renderImageScale(Lsun/java2d/SunGraphics2D;Ljava/awt/Image;Ljava/awt/Color;IIIIIDDDD)Z+97
j  sun.java2d.pipe.DrawImage.tryCopyOrScale(Lsun/java2d/SunGraphics2D;Ljava/awt/Image;IIIILjava/awt/Color;I[D)Z+176
j  sun.java2d.pipe.DrawImage.transformImage(Lsun/java2d/SunGraphics2D;Ljava/awt/Image;Ljava/awt/geom/AffineTransform;IIIIILjava/awt/Color;)V+97
j  sun.java2d.pipe.DrawImage.scaleImage(Lsun/java2d/SunGraphics2D;Ljava/awt/Image;IIIIIIIILjava/awt/Color;)Z+467
j  sun.java2d.pipe.DrawImage.copyImage(Lsun/java2d/SunGraphics2D;Ljava/awt/Image;IIIIIILjava/awt/Color;)Z+68
j  sun.java2d.pipe.DrawImage.copyImage(Lsun/java2d/SunGraphics2D;Ljava/awt/Image;IIIIIILjava/awt/Color;Ljava/awt/image/ImageObserver;)Z+23
j  sun.java2d.pipe.ValidatePipe.copyImage(Lsun/java2d/SunGraphics2D;Ljava/awt/Image;IIIIIILjava/awt/Color;Ljava/awt/image/ImageObserver;)Z+29
j  sun.java2d.SunGraphics2D.copyImage(Ljava/awt/Image;IIIIIILjava/awt/Color;Ljava/awt/image/ImageObserver;)Z+20
j  sun.java2d.SunGraphics2D.drawImage(Ljava/awt/Image;IIIIIIIILjava/awt/Color;Ljava/awt/image/ImageObserver;)Z+185
j  sun.java2d.SunGraphics2D.drawImage(Ljava/awt/Image;IIIIIIIILjava/awt/image/ImageObserver;)Z+19
j  client.gui.ImagePanel$DrawingImage.draw(Ljava/awt/Graphics2D;)V+52
j  client.gui.ImagePanel.paintComponent(Ljava/awt/Graphics;)V+93
j  javax.swing.JComponent.paint(Ljava/awt/Graphics;)V+286
j  javax.swing.JComponent.paintChildren(Ljava/awt/Graphics;)V+501
j  javax.swing.JSplitPane.paintChildren(Ljava/awt/Graphics;)V+2
j  javax.swing.JComponent.paint(Ljava/awt/Graphics;)V+318
j  javax.swing.JComponent.paintChildren(Ljava/awt/Graphics;)V+501
j  javax.swing.JComponent.paint(Ljava/awt/Graphics;)V+318
j  javax.swing.JComponent.paintChildren(Ljava/awt/Graphics;)V+501
j  javax.swing.JComponent.paint(Ljava/awt/Graphics;)V+318
j  javax.swing.JLayeredPane.paint(Ljava/awt/Graphics;)V+73
j  javax.swing.JComponent.paintChildren(Ljava/awt/Graphics;)V+501
j  javax.swing.JComponent.paintToOffscreen(Ljava/awt/Graphics;IIIIII)V+72
j  javax.swing.BufferStrategyPaintManager.paint(Ljavax/swing/JComponent;Ljavax/swing/JComponent;Ljava/awt/Graphics;IIII)Z+157
j  javax.swing.RepaintManager.paint(Ljavax/swing/JComponent;Ljavax/swing/JComponent;Ljava/awt/Graphics;IIII)V+52
j  javax.swing.JComponent.paint(Ljava/awt/Graphics;)V+221
j  java.awt.GraphicsCallback$PaintCallback.run(Ljava/awt/Component;Ljava/awt/Graphics;)V+2
j  sun.awt.SunGraphicsCallback.runOneComponent(Ljava/awt/Component;Ljava/awt/Rectangle;Ljava/awt/Graphics;Ljava/awt/Shape;I)V+155
j  sun.awt.SunGraphicsCallback.runComponents([Ljava/awt/Component;Ljava/awt/Graphics;I)V+194
j  java.awt.Container.paint(Ljava/awt/Graphics;)V+58
j  java.awt.Window.paint(Ljava/awt/Graphics;)V+68
j  javax.swing.RepaintManager$3.run()Ljava/lang/Void;+136
j  javax.swing.RepaintManager$3.run()Ljava/lang/Object;+1
v  ~StubRoutines::call_stub
j  java.security.AccessController.doPrivileged(Ljava/security/PrivilegedAction;Ljava/security/AccessControlContext;)Ljava/lang/Object;+0
j  java.security.ProtectionDomain$1.doIntersectionPrivilege(Ljava/security/PrivilegedAction;Ljava/security/AccessControlContext;Ljava/security/AccessControlContext;)Ljava/lang/Object;+28
j  javax.swing.RepaintManager.paintDirtyRegions(Ljava/util/Map;)V+154
j  javax.swing.RepaintManager.paintDirtyRegions()V+46
j  javax.swing.RepaintManager.prePaintDirtyRegions()V+73
j  javax.swing.RepaintManager.access$1100(Ljavax/swing/RepaintManager;)V+1
j  javax.swing.RepaintManager$ProcessingRunnable.run()V+37
j  java.awt.event.InvocationEvent.dispatch()V+47
j  java.awt.EventQueue.dispatchEventImpl(Ljava/awt/AWTEvent;Ljava/lang/Object;)V+21
j  java.awt.EventQueue.access$200(Ljava/awt/EventQueue;Ljava/awt/AWTEvent;Ljava/lang/Object;)V+3
j  java.awt.EventQueue$3.run()Ljava/lang/Void;+12
j  java.awt.EventQueue$3.run()Ljava/lang/Object;+1
v  ~StubRoutines::call_stub
j  java.security.AccessController.doPrivileged(Ljava/security/PrivilegedAction;Ljava/security/AccessControlContext;)Ljava/lang/Object;+0
j  java.security.ProtectionDomain$1.doIntersectionPrivilege(Ljava/security/PrivilegedAction;Ljava/security/AccessControlContext;Ljava/security/AccessControlContext;)Ljava/lang/Object;+28
j  java.awt.EventQueue.dispatchEvent(Ljava/awt/AWTEvent;)V+46
j  java.awt.EventDispatchThread.pumpOneEventForFilters(I)V+245
j  java.awt.EventDispatchThread.pumpEventsForFilter(ILjava/awt/Conditional;Ljava/awt/EventFilter;)V+35
j  java.awt.EventDispatchThread.pumpEventsForHierarchy(ILjava/awt/Conditional;Ljava/awt/Component;)V+11
j  java.awt.EventDispatchThread.pumpEvents(ILjava/awt/Conditional;)V+4
j  java.awt.EventDispatchThread.pumpEvents(Ljava/awt/Conditional;)V+3
j  java.awt.EventDispatchThread.run()V+9
v  ~StubRoutines::call_stub

---------------  P R O C E S S  ---------------

Java Threads: ( => current thread )
  0x00007f6688203800 JavaThread "Keep-Alive-Timer" daemon [_thread_blocked, id=18189, stack(0x00007f66d97cb000,0x00007f66d98cc000)]
  0x00007f668817c800 JavaThread "TimerQueue" daemon [_thread_blocked, id=18188, stack(0x00007f66d98cc000,0x00007f66d99cd000)]
  0x00007f66e4009000 JavaThread "DestroyJavaVM" [_thread_blocked, id=18170, stack(0x00007f66e9820000,0x00007f66e9921000)]
=>0x00007f66e4167800 JavaThread "AWT-EventQueue-0" [_thread_in_native, id=18187, stack(0x00007f66da33e000,0x00007f66da43f000)]
  0x00007f66e4166000 JavaThread "AWT-Shutdown" [_thread_blocked, id=18186, stack(0x00007f66da43f000,0x00007f66da540000)]
  0x00007f66e415c000 JavaThread "AWT-XAWT" daemon [_thread_in_native, id=18185, stack(0x00007f66da540000,0x00007f66da641000)]
  0x00007f66e4132000 JavaThread "Java2D Disposer" daemon [_thread_blocked, id=18184, stack(0x00007f66da641000,0x00007f66da742000)]
  0x00007f66e4095800 JavaThread "Service Thread" daemon [_thread_blocked, id=18181, stack(0x00007f66dad6a000,0x00007f66dae6b000)]
  0x00007f66e4093000 JavaThread "C2 CompilerThread1" daemon [_thread_blocked, id=18180, stack(0x00007f66dae6b000,0x00007f66daf6c000)]
  0x00007f66e4090000 JavaThread "C2 CompilerThread0" daemon [_thread_blocked, id=18179, stack(0x00007f66daf6c000,0x00007f66db06d000)]
  0x00007f66e4086000 JavaThread "Signal Dispatcher" daemon [_thread_blocked, id=18178, stack(0x00007f66db06d000,0x00007f66db16e000)]
  0x00007f66e406f000 JavaThread "Finalizer" daemon [_thread_blocked, id=18177, stack(0x00007f66db16e000,0x00007f66db26f000)]
  0x00007f66e406b000 JavaThread "Reference Handler" daemon [_thread_blocked, id=18176, stack(0x00007f66db26f000,0x00007f66db370000)]

Other Threads:
  0x00007f66e4068800 VMThread [stack: 0x00007f66db370000,0x00007f66db471000] [id=18175]
  0x00007f66e40a0000 WatcherThread [stack: 0x00007f66dac69000,0x00007f66dad6a000] [id=18182]

VM state:not at safepoint (normal execution)

VM Mutex/Monitor currently owned by a thread: None

Heap
 PSYoungGen      total 37888K, used 18553K [0x00000007d6480000, 0x00000007d8e80000, 0x0000000800000000)
  eden space 32768K, 41% used [0x00000007d6480000,0x00000007d71a4c38,0x00000007d8480000)
  from space 5120K, 99% used [0x00000007d8480000,0x00000007d8979850,0x00000007d8980000)
  to   space 5120K, 0% used [0x00000007d8980000,0x00000007d8980000,0x00000007d8e80000)
 ParOldGen       total 84992K, used 10740K [0x0000000782e00000, 0x0000000788100000, 0x00000007d6480000)
  object space 84992K, 12% used [0x0000000782e00000,0x000000078387d258,0x0000000788100000)
 PSPermGen       total 21504K, used 16770K [0x000000077dc00000, 0x000000077f100000, 0x0000000782e00000)
  object space 21504K, 77% used [0x000000077dc00000,0x000000077ec609a8,0x000000077f100000)

Card table byte_map: [0x00007f66e8250000,0x00007f66e8663000] byte_map_base: 0x00007f66e4662000

Polling page: 0x00007f66ea9b6000

Code Cache  [0x00007f66e1000000, 0x00007f66e1270000, 0x00007f66e4000000)
 total_blobs=607 nmethods=108 adapters=453 free_code_cache=48348Kb largest_free_block=49474560

Compilation events (10 events):
Event: 5.627 Thread 0x00007f66e4093000  102             java.util.concurrent.locks.AbstractOwnableSynchronizer::setExclusiveOwnerThread (6 bytes)
Event: 5.628 Thread 0x00007f66e4093000 nmethod 102 0x00007f66e10ae810 code [0x00007f66e10ae940, 0x00007f66e10ae9b8]
Event: 5.658 Thread 0x00007f66e4090000  103             com.sun.org.apache.xerces.internal.dom.DeferredDocumentImpl::getNodeValueString (417 bytes)
Event: 5.733 Thread 0x00007f66e4090000 nmethod 103 0x00007f66e10cd550 code [0x00007f66e10cd8e0, 0x00007f66e10cf398]
Event: 5.739 Thread 0x00007f66e4093000  106             java.util.ArrayList::indexOf (67 bytes)
Event: 5.751 Thread 0x00007f66e4093000 nmethod 106 0x00007f66e10ccb50 code [0x00007f66e10cccc0, 0x00007f66e10cd298]
Event: 5.768 Thread 0x00007f66e4090000  107             com.sun.org.apache.xerces.internal.impl.XMLDocumentFragmentScannerImpl::scanDocument (272 bytes)
Event: 5.778 Thread 0x00007f66e4090000 nmethod 107 0x00007f66e10cbfd0 code [0x00007f66e10cc1c0, 0x00007f66e10cc630]
Event: 5.823 Thread 0x00007f66e4093000  108             java.awt.Component::getParent_NoClientCode (5 bytes)
Event: 5.824 Thread 0x00007f66e4093000 nmethod 108 0x00007f66e10c0810 code [0x00007f66e10c0940, 0x00007f66e10c09b8]

GC Heap History (2 events):
Event: 5.591 GC heap before
{Heap before GC invocations=1 (full 0):
 PSYoungGen      total 37888K, used 32768K [0x00000007d6480000, 0x00000007d8e80000, 0x0000000800000000)
  eden space 32768K, 100% used [0x00000007d6480000,0x00000007d8480000,0x00000007d8480000)
  from space 5120K, 0% used [0x00000007d8980000,0x00000007d8980000,0x00000007d8e80000)
  to   space 5120K, 0% used [0x00000007d8480000,0x00000007d8480000,0x00000007d8980000)
 ParOldGen       total 84992K, used 0K [0x0000000782e00000, 0x0000000788100000, 0x00000007d6480000)
  object space 84992K, 0% used [0x0000000782e00000,0x0000000782e00000,0x0000000788100000)
 PSPermGen       total 21504K, used 16442K [0x000000077dc00000, 0x000000077f100000, 0x0000000782e00000)
  object space 21504K, 76% used [0x000000077dc00000,0x000000077ec0e9f0,0x000000077f100000)
Event: 5.623 GC heap after
Heap after GC invocations=1 (full 0):
 PSYoungGen      total 37888K, used 5094K [0x00000007d6480000, 0x00000007d8e80000, 0x0000000800000000)
  eden space 32768K, 0% used [0x00000007d6480000,0x00000007d6480000,0x00000007d8480000)
  from space 5120K, 99% used [0x00000007d8480000,0x00000007d8979850,0x00000007d8980000)
  to   space 5120K, 0% used [0x00000007d8980000,0x00000007d8980000,0x00000007d8e80000)
 ParOldGen       total 84992K, used 10740K [0x0000000782e00000, 0x0000000788100000, 0x00000007d6480000)
  object space 84992K, 12% used [0x0000000782e00000,0x000000078387d258,0x0000000788100000)
 PSPermGen       total 21504K, used 16442K [0x000000077dc00000, 0x000000077f100000, 0x0000000782e00000)
  object space 21504K, 76% used [0x000000077dc00000,0x000000077ec0e9f0,0x000000077f100000)
}

Deoptimization events (10 events):
Event: 0.804 Thread 0x00007f66e4167800 Uncommon trap: reason=class_check action=maybe_recompile pc=0x00007f66e1077158 method=java.lang.String.equals(Ljava/lang/Object;)Z @ 8
Event: 0.804 Thread 0x00007f66e4167800 Uncommon trap: reason=class_check action=maybe_recompile pc=0x00007f66e1077158 method=java.lang.String.equals(Ljava/lang/Object;)Z @ 8
Event: 5.172 Thread 0x00007f66e4167800 Uncommon trap: reason=null_check action=make_not_entrant pc=0x00007f66e10a5858 method=com.sun.org.apache.xerces.internal.dom.DeferredDocumentImpl.clearChunkValue([[Ljava/lang/Object;II)Ljava/lang/String; @ 11
Event: 5.172 Thread 0x00007f66e4167800 Uncommon trap: reason=class_check action=maybe_recompile pc=0x00007f66e109e6c8 method=com.sun.org.apache.xerces.internal.impl.XMLDocumentScannerImpl.next()I @ 4
Event: 5.439 Thread 0x00007f66e4167800 Uncommon trap: reason=null_check action=make_not_entrant pc=0x00007f66e10b2884 method=com.thoughtworks.xstream.core.util.WeakCache.get(Ljava/lang/Object;)Ljava/lang/Object; @ 10
Event: 5.729 Thread 0x00007f66e4167800 Uncommon trap: reason=predicate action=maybe_recompile pc=0x00007f66e10a4a94 method=java.util.ArrayList.indexOf(Ljava/lang/Object;)I @ 44
Event: 5.746 Thread 0x00007f66e4167800 Uncommon trap: reason=unreached action=reinterpret pc=0x00007f66e10bf3b0 method=com.thoughtworks.xstream.io.xml.XmlFriendlyNameCoder.encodeName(Ljava/lang/String;)Ljava/lang/String; @ 15
Event: 5.768 Thread 0x00007f66e4167800 Uncommon trap: reason=class_check action=maybe_recompile pc=0x00007f66e109e6c8 method=com.sun.org.apache.xerces.internal.impl.XMLDocumentScannerImpl.next()I @ 4
Event: 5.768 Thread 0x00007f66e4167800 Uncommon trap: reason=class_check action=maybe_recompile pc=0x00007f66e109e6c8 method=com.sun.org.apache.xerces.internal.impl.XMLDocumentScannerImpl.next()I @ 4
Event: 5.768 Thread 0x00007f66e4167800 Uncommon trap: reason=class_check action=maybe_recompile pc=0x00007f66e109e6c8 method=com.sun.org.apache.xerces.internal.impl.XMLDocumentScannerImpl.next()I @ 4

Internal exceptions (10 events):
Event: 5.277 Thread 0x00007f66e4167800 Threw 0x00000007d73eaa28 at /HUDSON/workspace/7u-2-build-linux-amd64@2/jdk7u51/527/hotspot/src/share/vm/prims/jvm.cpp:1244
Event: 5.278 Thread 0x00007f66e4167800 Threw 0x00000007d73ecd70 at /HUDSON/workspace/7u-2-build-linux-amd64@2/jdk7u51/527/hotspot/src/share/vm/prims/jvm.cpp:1244
Event: 5.279 Thread 0x00007f66e4167800 Threw 0x00000007d73eedb8 at /HUDSON/workspace/7u-2-build-linux-amd64@2/jdk7u51/527/hotspot/src/share/vm/prims/jvm.cpp:1244
Event: 5.280 Thread 0x00007f66e4167800 Threw 0x00000007d73f1658 at /HUDSON/workspace/7u-2-build-linux-amd64@2/jdk7u51/527/hotspot/src/share/vm/prims/jvm.cpp:1244
Event: 5.280 Thread 0x00007f66e4167800 Threw 0x00000007d73f36f8 at /HUDSON/workspace/7u-2-build-linux-amd64@2/jdk7u51/527/hotspot/src/share/vm/prims/jvm.cpp:1244
Event: 5.284 Thread 0x00007f66e4167800 Threw 0x00000007d73fa270 at /HUDSON/workspace/7u-2-build-linux-amd64@2/jdk7u51/527/hotspot/src/share/vm/prims/jvm.cpp:1244
Event: 5.439 Thread 0x00007f66e4167800 Implicit null exception at 0x00007f66e10b21cc to 0x00007f66e10b2875
Event: 5.666 Thread 0x00007f66e4167800 Threw 0x00000007d6b9fe60 at /HUDSON/workspace/7u-2-build-linux-amd64@2/jdk7u51/527/hotspot/src/share/vm/prims/jvm.cpp:1244
Event: 5.675 Thread 0x00007f66e4167800 Threw 0x00000007d6bb1e20 at /HUDSON/workspace/7u-2-build-linux-amd64@2/jdk7u51/527/hotspot/src/share/vm/prims/jvm.cpp:1244
Event: 5.736 Thread 0x00007f66e4167800 Threw 0x00000007d6cb33a0 at /HUDSON/workspace/7u-2-build-linux-amd64@2/jdk7u51/527/hotspot/src/share/vm/prims/jvm.cpp:1244

Events (10 events):
Event: 5.784 loading class 0x00007f669c09f6f0
Event: 5.784 loading class 0x00007f669c09f6f0 done
Event: 5.799 loading class 0x00007f669c022250
Event: 5.799 loading class 0x00007f669c022250 done
Event: 5.799 loading class 0x00007f669c087ad0
Event: 5.799 loading class 0x00007f669c087ad0 done
Event: 5.806 loading class 0x00007f66a0008a30
Event: 5.806 loading class 0x00007f66a0008a30 done
Event: 5.806 loading class 0x00007f66880c52e0
Event: 5.807 loading class 0x00007f66880c52e0 done


Dynamic libraries:
00400000-00401000 r-xp 00000000 09:02 1851940                            /usr/java/jdk1.7.0_51/bin/java
00600000-00601000 rw-p 00000000 09:02 1851940                            /usr/java/jdk1.7.0_51/bin/java
018bf000-018e0000 rw-p 00000000 00:00 0                                  [heap]
77dc00000-77f100000 rw-p 00000000 00:00 0 
77f100000-782e00000 rw-p 00000000 00:00 0 
782e00000-788100000 rw-p 00000000 00:00 0 
788100000-7d6480000 rw-p 00000000 00:00 0 
7d6480000-7d8e80000 rw-p 00000000 00:00 0 
7d8e80000-800000000 rw-p 00000000 00:00 0 
3fb9200000-3fb9220000 r-xp 00000000 09:02 399595                         /lib64/ld-2.12.so
3fb941f000-3fb9420000 r--p 0001f000 09:02 399595                         /lib64/ld-2.12.so
3fb9420000-3fb9421000 rw-p 00020000 09:02 399595                         /lib64/ld-2.12.so
3fb9421000-3fb9422000 rw-p 00000000 00:00 0 
3fb9600000-3fb9683000 r-xp 00000000 09:02 399600                         /lib64/libm-2.12.so
3fb9683000-3fb9882000 ---p 00083000 09:02 399600                         /lib64/libm-2.12.so
3fb9882000-3fb9883000 r--p 00082000 09:02 399600                         /lib64/libm-2.12.so
3fb9883000-3fb9884000 rw-p 00083000 09:02 399600                         /lib64/libm-2.12.so
3fb9a00000-3fb9b8b000 r-xp 00000000 09:02 399596                         /lib64/libc-2.12.so
3fb9b8b000-3fb9d8a000 ---p 0018b000 09:02 399596                         /lib64/libc-2.12.so
3fb9d8a000-3fb9d8e000 r--p 0018a000 09:02 399596                         /lib64/libc-2.12.so
3fb9d8e000-3fb9d8f000 rw-p 0018e000 09:02 399596                         /lib64/libc-2.12.so
3fb9d8f000-3fb9d94000 rw-p 00000000 00:00 0 
3fb9e00000-3fb9e17000 r-xp 00000000 09:02 399598                         /lib64/libpthread-2.12.so
3fb9e17000-3fba017000 ---p 00017000 09:02 399598                         /lib64/libpthread-2.12.so
3fba017000-3fba018000 r--p 00017000 09:02 399598                         /lib64/libpthread-2.12.so
3fba018000-3fba019000 rw-p 00018000 09:02 399598                         /lib64/libpthread-2.12.so
3fba019000-3fba01d000 rw-p 00000000 00:00 0 
3fba200000-3fba202000 r-xp 00000000 09:02 399599                         /lib64/libdl-2.12.so
3fba202000-3fba402000 ---p 00002000 09:02 399599                         /lib64/libdl-2.12.so
3fba402000-3fba403000 r--p 00002000 09:02 399599                         /lib64/libdl-2.12.so
3fba403000-3fba404000 rw-p 00003000 09:02 399599                         /lib64/libdl-2.12.so
3fbaa00000-3fbaa07000 r-xp 00000000 09:02 399602                         /lib64/librt-2.12.so
3fbaa07000-3fbac06000 ---p 00007000 09:02 399602                         /lib64/librt-2.12.so
3fbac06000-3fbac07000 r--p 00006000 09:02 399602                         /lib64/librt-2.12.so
3fbac07000-3fbac08000 rw-p 00007000 09:02 399602                         /lib64/librt-2.12.so
3fbc600000-3fbc61d000 r-xp 00000000 09:02 1736896                        /usr/lib64/libxcb.so.1.1.0
3fbc61d000-3fbc81d000 ---p 0001d000 09:02 1736896                        /usr/lib64/libxcb.so.1.1.0
3fbc81d000-3fbc81e000 rw-p 0001d000 09:02 1736896                        /usr/lib64/libxcb.so.1.1.0
3fbca00000-3fbcb37000 r-xp 00000000 09:02 1736897                        /usr/lib64/libX11.so.6.3.0
3fbcb37000-3fbcd37000 ---p 00137000 09:02 1736897                        /usr/lib64/libX11.so.6.3.0
3fbcd37000-3fbcd3d000 rw-p 00137000 09:02 1736897                        /usr/lib64/libX11.so.6.3.0
3fbce00000-3fbce02000 r-xp 00000000 09:02 1736895                        /usr/lib64/libXau.so.6.0.0
3fbce02000-3fbd002000 ---p 00002000 09:02 1736895                        /usr/lib64/libXau.so.6.0.0
3fbd002000-3fbd003000 rw-p 00002000 09:02 1736895                        /usr/lib64/libXau.so.6.0.0
3fbde00000-3fbde12000 r-xp 00000000 09:02 1736903                        /usr/lib64/libXext.so.6.4.0
3fbde12000-3fbe012000 ---p 00012000 09:02 1736903                        /usr/lib64/libXext.so.6.4.0
3fbe012000-3fbe013000 rw-p 00012000 09:02 1736903                        /usr/lib64/libXext.so.6.4.0
3fbea00000-3fbea09000 r-xp 00000000 09:02 1736898                        /usr/lib64/libXrender.so.1.3.0
3fbea09000-3fbec09000 ---p 00009000 09:02 1736898                        /usr/lib64/libXrender.so.1.3.0
3fbec09000-3fbec0a000 rw-p 00009000 09:02 1736898                        /usr/lib64/libXrender.so.1.3.0
3fbee00000-3fbee0e000 r-xp 00000000 09:02 1736905                        /usr/lib64/libXi.so.6.1.0
3fbee0e000-3fbf00e000 ---p 0000e000 09:02 1736905                        /usr/lib64/libXi.so.6.1.0
3fbf00e000-3fbf00f000 rw-p 0000e000 09:02 1736905                        /usr/lib64/libXi.so.6.1.0
3fc0a00000-3fc0a05000 r-xp 00000000 09:02 1736907                        /usr/lib64/libXfixes.so.3.1.0
3fc0a05000-3fc0c05000 ---p 00005000 09:02 1736907                        /usr/lib64/libXfixes.so.3.1.0
3fc0c05000-3fc0c06000 rw-p 00005000 09:02 1736907                        /usr/lib64/libXfixes.so.3.1.0
3fc2600000-3fc2609000 r-xp 00000000 09:02 1736908                        /usr/lib64/libXcursor.so.1.0.2
3fc2609000-3fc2809000 ---p 00009000 09:02 1736908                        /usr/lib64/libXcursor.so.1.0.2
3fc2809000-3fc280a000 rw-p 00009000 09:02 1736908                        /usr/lib64/libXcursor.so.1.0.2
3fc5e00000-3fc5e16000 r-xp 00000000 09:02 399616                         /lib64/libgcc_s-4.4.7-20120601.so.1
3fc5e16000-3fc6015000 ---p 00016000 09:02 399616                         /lib64/libgcc_s-4.4.7-20120601.so.1
3fc6015000-3fc6016000 rw-p 00015000 09:02 399616                         /lib64/libgcc_s-4.4.7-20120601.so.1
3fc8600000-3fc8605000 r-xp 00000000 09:02 1718247                        /usr/lib64/libXtst.so.6.1.0
3fc8605000-3fc8805000 ---p 00005000 09:02 1718247                        /usr/lib64/libXtst.so.6.1.0
3fc8805000-3fc8806000 rw-p 00005000 09:02 1718247                        /usr/lib64/libXtst.so.6.1.0
7f667c000000-7f667c021000 rw-p 00000000 00:00 0 
7f667c021000-7f6680000000 ---p 00000000 00:00 0 
7f6680000000-7f6680021000 rw-p 00000000 00:00 0 
7f6680021000-7f6684000000 ---p 00000000 00:00 0 
7f6684000000-7f6684021000 rw-p 00000000 00:00 0 
7f6684021000-7f6688000000 ---p 00000000 00:00 0 
7f6688000000-7f6688456000 rw-p 00000000 00:00 0 
7f6688456000-7f668c000000 ---p 00000000 00:00 0 
7f668c000000-7f668c021000 rw-p 00000000 00:00 0 
7f668c021000-7f6690000000 ---p 00000000 00:00 0 
7f6690000000-7f6690021000 rw-p 00000000 00:00 0 
7f6690021000-7f6694000000 ---p 00000000 00:00 0 
7f6694000000-7f6694021000 rw-p 00000000 00:00 0 
7f6694021000-7f6698000000 ---p 00000000 00:00 0 
7f6698000000-7f6698021000 rw-p 00000000 00:00 0 
7f6698021000-7f669c000000 ---p 00000000 00:00 0 
7f669c000000-7f669c777000 rw-p 00000000 00:00 0 
7f669c777000-7f66a0000000 ---p 00000000 00:00 0 
7f66a0000000-7f66a0471000 rw-p 00000000 00:00 0 
7f66a0471000-7f66a4000000 ---p 00000000 00:00 0 
7f66a4000000-7f66a4021000 rw-p 00000000 00:00 0 
7f66a4021000-7f66a8000000 ---p 00000000 00:00 0 
7f66aa16f000-7f66b0000000 r--p 00000000 09:02 1705722                    /usr/lib/locale/locale-archive
7f66b0000000-7f66b0021000 rw-p 00000000 00:00 0 
7f66b0021000-7f66b4000000 ---p 00000000 00:00 0 
7f66b4000000-7f66b4021000 rw-p 00000000 00:00 0 
7f66b4021000-7f66b8000000 ---p 00000000 00:00 0 
7f66b8000000-7f66b8021000 rw-p 00000000 00:00 0 
7f66b8021000-7f66bc000000 ---p 00000000 00:00 0 
7f66bfee0000-7f66c4000000 rw-p 00000000 00:00 0 
7f66c4000000-7f66c4021000 rw-p 00000000 00:00 0 
7f66c4021000-7f66c8000000 ---p 00000000 00:00 0 
7f66cc000000-7f66cc021000 rw-p 00000000 00:00 0 
7f66cc021000-7f66d0000000 ---p 00000000 00:00 0 
7f66d4000000-7f66d4021000 rw-p 00000000 00:00 0 
7f66d4021000-7f66d8000000 ---p 00000000 00:00 0 
7f66d9660000-7f66d97cb000 rw-p 00000000 00:00 0 
7f66d97cb000-7f66d97ce000 ---p 00000000 00:00 0 
7f66d97ce000-7f66d98cc000 rw-p 00000000 00:00 0 
7f66d98cc000-7f66d98cf000 ---p 00000000 00:00 0 
7f66d98cf000-7f66d99cd000 rw-p 00000000 00:00 0 
7f66d99cd000-7f66d99ed000 rw-s 00000000 00:04 13238298                   /SYSV00000000 (deleted)
7f66d99ed000-7f66d9a55000 r-xp 00000000 09:02 1852112                    /usr/java/jdk1.7.0_51/jre/lib/amd64/libt2k.so
7f66d9a55000-7f66d9c55000 ---p 00068000 09:02 1852112                    /usr/java/jdk1.7.0_51/jre/lib/amd64/libt2k.so
7f66d9c55000-7f66d9c5c000 rw-p 00068000 09:02 1852112                    /usr/java/jdk1.7.0_51/jre/lib/amd64/libt2k.so
7f66d9c5c000-7f66d9c6c000 rw-p 00000000 00:00 0 
7f66d9c6c000-7f66d9c7c000 r-xp 00000000 09:02 1852104                    /usr/java/jdk1.7.0_51/jre/lib/amd64/libnio.so
7f66d9c7c000-7f66d9e7c000 ---p 00010000 09:02 1852104                    /usr/java/jdk1.7.0_51/jre/lib/amd64/libnio.so
7f66d9e7c000-7f66d9e7d000 rw-p 00010000 09:02 1852104                    /usr/java/jdk1.7.0_51/jre/lib/amd64/libnio.so
7f66d9e7d000-7f66d9eae000 rw-p 00000000 00:00 0 
7f66d9eae000-7f66d9ec4000 r-xp 00000000 09:02 1852103                    /usr/java/jdk1.7.0_51/jre/lib/amd64/libnet.so
7f66d9ec4000-7f66da0c4000 ---p 00016000 09:02 1852103                    /usr/java/jdk1.7.0_51/jre/lib/amd64/libnet.so
7f66da0c4000-7f66da0c5000 rw-p 00016000 09:02 1852103                    /usr/java/jdk1.7.0_51/jre/lib/amd64/libnet.so
7f66da0c5000-7f66da12a000 r-xp 00000000 09:02 1852075                    /usr/java/jdk1.7.0_51/jre/lib/amd64/libfontmanager.so
7f66da12a000-7f66da329000 ---p 00065000 09:02 1852075                    /usr/java/jdk1.7.0_51/jre/lib/amd64/libfontmanager.so
7f66da329000-7f66da32d000 rw-p 00064000 09:02 1852075                    /usr/java/jdk1.7.0_51/jre/lib/amd64/libfontmanager.so
7f66da32d000-7f66da33e000 rw-p 00000000 00:00 0 
7f66da33e000-7f66da341000 ---p 00000000 00:00 0 
7f66da341000-7f66da43f000 rw-p 00000000 00:00 0 
7f66da43f000-7f66da442000 ---p 00000000 00:00 0 
7f66da442000-7f66da540000 rw-p 00000000 00:00 0 
7f66da540000-7f66da543000 ---p 00000000 00:00 0 
7f66da543000-7f66da641000 rw-p 00000000 00:00 0 
7f66da641000-7f66da644000 ---p 00000000 00:00 0 
7f66da644000-7f66da742000 rw-p 00000000 00:00 0 
7f66da742000-7f66da792000 r-xp 00000000 09:02 1852121                    /usr/java/jdk1.7.0_51/jre/lib/amd64/xawt/libmawt.so
7f66da792000-7f66da992000 ---p 00050000 09:02 1852121                    /usr/java/jdk1.7.0_51/jre/lib/amd64/xawt/libmawt.so
7f66da992000-7f66da996000 rw-p 00050000 09:02 1852121                    /usr/java/jdk1.7.0_51/jre/lib/amd64/xawt/libmawt.so
7f66da996000-7f66da997000 rw-p 00000000 00:00 0 
7f66da997000-7f66daa39000 r-xp 00000000 09:02 1852071                    /usr/java/jdk1.7.0_51/jre/lib/amd64/libawt.so
7f66daa39000-7f66dac39000 ---p 000a2000 09:02 1852071                    /usr/java/jdk1.7.0_51/jre/lib/amd64/libawt.so
7f66dac39000-7f66dac45000 rw-p 000a2000 09:02 1852071                    /usr/java/jdk1.7.0_51/jre/lib/amd64/libawt.so
7f66dac45000-7f66dac69000 rw-p 00000000 00:00 0 
7f66dac69000-7f66dac6a000 ---p 00000000 00:00 0 
7f66dac6a000-7f66dad6a000 rw-p 00000000 00:00 0 
7f66dad6a000-7f66dad6d000 ---p 00000000 00:00 0 
7f66dad6d000-7f66dae6b000 rw-p 00000000 00:00 0 
7f66dae6b000-7f66dae6e000 ---p 00000000 00:00 0 
7f66dae6e000-7f66daf6c000 rw-p 00000000 00:00 0 
7f66daf6c000-7f66daf6f000 ---p 00000000 00:00 0 
7f66daf6f000-7f66db06d000 rw-p 00000000 00:00 0 
7f66db06d000-7f66db070000 ---p 00000000 00:00 0 
7f66db070000-7f66db16e000 rw-p 00000000 00:00 0 
7f66db16e000-7f66db171000 ---p 00000000 00:00 0 
7f66db171000-7f66db26f000 rw-p 00000000 00:00 0 
7f66db26f000-7f66db272000 ---p 00000000 00:00 0 
7f66db272000-7f66db370000 rw-p 00000000 00:00 0 
7f66db370000-7f66db371000 ---p 00000000 00:00 0 
7f66db371000-7f66dc000000 rw-p 00000000 00:00 0 
7f66dc000000-7f66dc021000 rw-p 00000000 00:00 0 
7f66dc021000-7f66e0000000 ---p 00000000 00:00 0 
7f66e0006000-7f66e0011000 r--s 000af000 09:02 1852359                    /usr/java/jdk1.7.0_51/jre/lib/resources.jar
7f66e0011000-7f66e001d000 r--s 0006a000 00:13 193274032643               /auto/users/lindell/classes/git/record_indexer/lib/xstream-1.4.2.jar
7f66e001d000-7f66e0022000 r--s 00309000 00:13 193274032642               /auto/users/lindell/classes/git/record_indexer/lib/sqlite-jdbc-3.7.2.jar
7f66e0022000-7f66e0471000 rw-p 00000000 00:00 0 
7f66e0471000-7f66e062e000 r--s 039bf000 09:02 1852817                    /usr/java/jdk1.7.0_51/jre/lib/rt.jar
7f66e062e000-7f66e0b62000 rw-p 00000000 00:00 0 
7f66e0b62000-7f66e0b63000 ---p 00000000 00:00 0 
7f66e0b63000-7f66e0c63000 rw-p 00000000 00:00 0 
7f66e0c63000-7f66e0c64000 ---p 00000000 00:00 0 
7f66e0c64000-7f66e0d8e000 rw-p 00000000 00:00 0 
7f66e0d8e000-7f66e1000000 rw-p 00000000 00:00 0 
7f66e1000000-7f66e1270000 rwxp 00000000 00:00 0 
7f66e1270000-7f66e417f000 rw-p 00000000 00:00 0 
7f66e417f000-7f66e8000000 ---p 00000000 00:00 0 
7f66e8004000-7f66e8025000 rw-p 00000000 00:00 0 
7f66e8025000-7f66e8026000 ---p 00000000 00:00 0 
7f66e8026000-7f66e8126000 rw-p 00000000 00:00 0 
7f66e8126000-7f66e8127000 ---p 00000000 00:00 0 
7f66e8127000-7f66e8232000 rw-p 00000000 00:00 0 
7f66e8232000-7f66e8250000 rw-p 00000000 00:00 0 
7f66e8250000-7f66e825b000 rw-p 00000000 00:00 0 
7f66e825b000-7f66e8279000 rw-p 00000000 00:00 0 
7f66e8279000-7f66e82a3000 rw-p 00000000 00:00 0 
7f66e82a3000-7f66e8514000 rw-p 00000000 00:00 0 
7f66e8514000-7f66e852a000 rw-p 00000000 00:00 0 
7f66e852a000-7f66e8662000 rw-p 00000000 00:00 0 
7f66e8662000-7f66e866d000 rw-p 00000000 00:00 0 
7f66e866d000-7f66e8723000 rw-p 00000000 00:00 0 
7f66e8723000-7f66e873d000 r-xp 00000000 09:02 1852115                    /usr/java/jdk1.7.0_51/jre/lib/amd64/libzip.so
7f66e873d000-7f66e893d000 ---p 0001a000 09:02 1852115                    /usr/java/jdk1.7.0_51/jre/lib/amd64/libzip.so
7f66e893d000-7f66e893e000 rw-p 0001a000 09:02 1852115                    /usr/java/jdk1.7.0_51/jre/lib/amd64/libzip.so
7f66e893e000-7f66e8fbc000 r--s 00000000 09:02 1048685                    /var/lib/sss/mc/passwd
7f66e8fbc000-7f66e8fc3000 r-xp 00000000 09:02 393435                     /lib64/libnss_sss.so.2
7f66e8fc3000-7f66e91c3000 ---p 00007000 09:02 393435                     /lib64/libnss_sss.so.2
7f66e91c3000-7f66e91c4000 rw-p 00007000 09:02 393435                     /lib64/libnss_sss.so.2
7f66e91c4000-7f66e91d0000 r-xp 00000000 09:02 393246                     /lib64/libnss_files-2.12.so
7f66e91d0000-7f66e93d0000 ---p 0000c000 09:02 393246                     /lib64/libnss_files-2.12.so
7f66e93d0000-7f66e93d1000 r--p 0000c000 09:02 393246                     /lib64/libnss_files-2.12.so
7f66e93d1000-7f66e93d2000 rw-p 0000d000 09:02 393246                     /lib64/libnss_files-2.12.so
7f66e93d6000-7f66e93dc000 r--s 00034000 00:13 193274032641               /auto/users/lindell/classes/git/record_indexer/lib/junit-4.8.2.jar
7f66e93dc000-7f66e93e0000 r--s 0002a000 00:13 197579983280               /auto/users/lindell/classes/git/record_indexer/lib/commons-io-2.4.jar
7f66e93e0000-7f66e93e7000 r--s 000aa000 00:13 77321292650                /auto/users/lindell/classes/git/record_indexer/lib/commons-io-2.4-javadoc.jar
7f66e93e7000-7f66e9410000 r-xp 00000000 09:02 1852085                    /usr/java/jdk1.7.0_51/jre/lib/amd64/libjava.so
7f66e9410000-7f66e9610000 ---p 00029000 09:02 1852085                    /usr/java/jdk1.7.0_51/jre/lib/amd64/libjava.so
7f66e9610000-7f66e9612000 rw-p 00029000 09:02 1852085                    /usr/java/jdk1.7.0_51/jre/lib/amd64/libjava.so
7f66e9612000-7f66e961f000 r-xp 00000000 09:02 1852114                    /usr/java/jdk1.7.0_51/jre/lib/amd64/libverify.so
7f66e961f000-7f66e981e000 ---p 0000d000 09:02 1852114                    /usr/java/jdk1.7.0_51/jre/lib/amd64/libverify.so
7f66e981e000-7f66e9820000 rw-p 0000c000 09:02 1852114                    /usr/java/jdk1.7.0_51/jre/lib/amd64/libverify.so
7f66e9820000-7f66e9823000 ---p 00000000 00:00 0 
7f66e9823000-7f66e9921000 rw-p 00000000 00:00 0 
7f66e9921000-7f66ea483000 r-xp 00000000 09:02 1852119                    /usr/java/jdk1.7.0_51/jre/lib/amd64/server/libjvm.so
7f66ea483000-7f66ea683000 ---p 00b62000 09:02 1852119                    /usr/java/jdk1.7.0_51/jre/lib/amd64/server/libjvm.so
7f66ea683000-7f66ea746000 rw-p 00b62000 09:02 1852119                    /usr/java/jdk1.7.0_51/jre/lib/amd64/server/libjvm.so
7f66ea746000-7f66ea78a000 rw-p 00000000 00:00 0 
7f66ea78a000-7f66ea7a0000 r-xp 00000000 09:02 145503                     /usr/java/jdk1.7.0_51/lib/amd64/jli/libjli.so
7f66ea7a0000-7f66ea9a0000 ---p 00016000 09:02 145503                     /usr/java/jdk1.7.0_51/lib/amd64/jli/libjli.so
7f66ea9a0000-7f66ea9a1000 rw-p 00016000 09:02 145503                     /usr/java/jdk1.7.0_51/lib/amd64/jli/libjli.so
7f66ea9a1000-7f66ea9a2000 rw-p 00000000 00:00 0 
7f66ea9a3000-7f66ea9a5000 rw-p 00000000 00:00 0 
7f66ea9a5000-7f66ea9a7000 r--s 0000c000 00:13 21489152252                /auto/users/lindell/bin/eclipse/plugins/org.hamcrest.core_1.3.0.v201303031735.jar
7f66ea9a7000-7f66ea9ad000 r--s 00036000 00:13 120261783877               /auto/users/lindell/bin/eclipse/plugins/org.junit_4.11.0.v201303080030/junit.jar
7f66ea9ad000-7f66ea9b5000 rw-s 00000000 09:03 7602179                    /tmp/hsperfdata_lindell/18165
7f66ea9b5000-7f66ea9b6000 rw-p 00000000 00:00 0 
7f66ea9b6000-7f66ea9b7000 r--p 00000000 00:00 0 
7f66ea9b7000-7f66ea9b8000 rw-p 00000000 00:00 0 
7fff5eafa000-7fff5eb0f000 rw-p 00000000 00:00 0                          [stack]
7fff5eb56000-7fff5eb57000 r-xp 00000000 00:00 0                          [vdso]
ffffffffff600000-ffffffffff601000 r-xp 00000000 00:00 0                  [vsyscall]

VM Arguments:
jvm_args: -Dfile.encoding=UTF-8 
java_command: client.gui.RecordIndexer localhost 39640
Launcher Type: SUN_STANDARD

Environment Variables:
PATH=/auto/users/lindell/bin/eclipse:/auto/users/lindell/bin:/auto/app/anaconda/envs/py34/bin:/usr/lib64/qt-3.3/bin:/usr/local/bin:/usr/bin:/bin:/usr/local/sbin:/usr/sbin:/sbin
USERNAME=lindell
SHELL=/bin/bash
DISPLAY=:0.0

Signal Handlers:
SIGSEGV: [libjvm.so+0x993870], sa_mask[0]=0x7ffbfeff, sa_flags=0x10000004
SIGBUS: [libjvm.so+0x993870], sa_mask[0]=0x7ffbfeff, sa_flags=0x10000004
SIGFPE: [libjvm.so+0x8105b0], sa_mask[0]=0x7ffbfeff, sa_flags=0x10000004
SIGPIPE: [libjvm.so+0x8105b0], sa_mask[0]=0x7ffbfeff, sa_flags=0x10000004
SIGXFSZ: [libjvm.so+0x8105b0], sa_mask[0]=0x7ffbfeff, sa_flags=0x10000004
SIGILL: [libjvm.so+0x8105b0], sa_mask[0]=0x7ffbfeff, sa_flags=0x10000004
SIGUSR1: SIG_DFL, sa_mask[0]=0x00000000, sa_flags=0x00000000
SIGUSR2: [libjvm.so+0x811aa0], sa_mask[0]=0x00000004, sa_flags=0x10000004
SIGHUP: [libjvm.so+0x812a10], sa_mask[0]=0x7ffbfeff, sa_flags=0x10000004
SIGINT: [libjvm.so+0x812a10], sa_mask[0]=0x7ffbfeff, sa_flags=0x10000004
SIGTERM: [libjvm.so+0x812a10], sa_mask[0]=0x7ffbfeff, sa_flags=0x10000004
SIGQUIT: [libjvm.so+0x812a10], sa_mask[0]=0x7ffbfeff, sa_flags=0x10000004


---------------  S Y S T E M  ---------------

OS:Red Hat Enterprise Linux Server release 6.5 (Santiago)

uname:Linux 2.6.32-431.17.1.el6.x86_64 #1 SMP Fri Apr 11 17:27:00 EDT 2014 x86_64
libc:glibc 2.12 NPTL 2.12 
rlimit: STACK 10240k, CORE 0k, NPROC 1024, NOFILE 4096, AS infinity
load average:0.13 0.40 0.39

/proc/meminfo:
MemTotal:        8193028 kB
MemFree:         5485344 kB
Buffers:           81008 kB
Cached:           825384 kB
SwapCached:            0 kB
Active:          1794588 kB
Inactive:         668372 kB
Active(anon):    1557296 kB
Inactive(anon):     6864 kB
Active(file):     237292 kB
Inactive(file):   661508 kB
Unevictable:           0 kB
Mlocked:               0 kB
SwapTotal:       8387576 kB
SwapFree:        8387576 kB
Dirty:              1544 kB
Writeback:             0 kB
AnonPages:       1566932 kB
Mapped:           199172 kB
Shmem:              7548 kB
Slab:              82528 kB
SReclaimable:      38452 kB
SUnreclaim:        44076 kB
KernelStack:        4024 kB
PageTables:        42908 kB
NFS_Unstable:          0 kB
Bounce:                0 kB
WritebackTmp:          0 kB
CommitLimit:    12484088 kB
Committed_AS:    3311628 kB
VmallocTotal:   34359738367 kB
VmallocUsed:       66620 kB
VmallocChunk:   34353958908 kB
HardwareCorrupted:     0 kB
AnonHugePages:   1015808 kB
HugePages_Total:       0
HugePages_Free:        0
HugePages_Rsvd:        0
HugePages_Surp:        0
Hugepagesize:       2048 kB
DirectMap4k:      104420 kB
DirectMap2M:     8284160 kB


CPU:total 4 (2 cores per cpu, 1 threads per core) family 15 model 33 stepping 2, cmov, cx8, fxsr, mmx, sse, sse2, sse3, mmxext, 3dnowpref, tsc

/proc/cpuinfo:
processor	: 0
vendor_id	: AuthenticAMD
cpu family	: 15
model		: 33
model name	: Dual Core AMD Opteron(tm) Processor 270
stepping	: 2
cpu MHz		: 1994.715
cache size	: 1024 KB
physical id	: 0
siblings	: 2
core id		: 0
cpu cores	: 2
apicid		: 0
initial apicid	: 0
fpu		: yes
fpu_exception	: yes
cpuid level	: 1
wp		: yes
flags		: fpu vme de pse tsc msr pae mce cx8 apic sep mtrr pge mca cmov pat pse36 clflush mmx fxsr sse sse2 ht syscall nx mmxext fxsr_opt lm 3dnowext 3dnow rep_good pni lahf_lm cmp_legacy
bogomips	: 3989.43
TLB size	: 1024 4K pages
clflush size	: 64
cache_alignment	: 64
address sizes	: 40 bits physical, 48 bits virtual
power management: ts fid vid ttp

processor	: 1
vendor_id	: AuthenticAMD
cpu family	: 15
model		: 33
model name	: Dual Core AMD Opteron(tm) Processor 270
stepping	: 2
cpu MHz		: 1994.715
cache size	: 1024 KB
physical id	: 0
siblings	: 2
core id		: 1
cpu cores	: 2
apicid		: 1
initial apicid	: 1
fpu		: yes
fpu_exception	: yes
cpuid level	: 1
wp		: yes
flags		: fpu vme de pse tsc msr pae mce cx8 apic sep mtrr pge mca cmov pat pse36 clflush mmx fxsr sse sse2 ht syscall nx mmxext fxsr_opt lm 3dnowext 3dnow rep_good pni lahf_lm cmp_legacy
bogomips	: 3988.56
TLB size	: 1024 4K pages
clflush size	: 64
cache_alignment	: 64
address sizes	: 40 bits physical, 48 bits virtual
power management: ts fid vid ttp

processor	: 2
vendor_id	: AuthenticAMD
cpu family	: 15
model		: 33
model name	: Dual Core AMD Opteron(tm) Processor 270
stepping	: 2
cpu MHz		: 1994.715
cache size	: 1024 KB
physical id	: 1
siblings	: 2
core id		: 0
cpu cores	: 2
apicid		: 2
initial apicid	: 2
fpu		: yes
fpu_exception	: yes
cpuid level	: 1
wp		: yes
flags		: fpu vme de pse tsc msr pae mce cx8 apic sep mtrr pge mca cmov pat pse36 clflush mmx fxsr sse sse2 ht syscall nx mmxext fxsr_opt lm 3dnowext 3dnow rep_good pni lahf_lm cmp_legacy
bogomips	: 3988.58
TLB size	: 1024 4K pages
clflush size	: 64
cache_alignment	: 64
address sizes	: 40 bits physical, 48 bits virtual
power management: ts fid vid ttp

processor	: 3
vendor_id	: AuthenticAMD
cpu family	: 15
model		: 33
model name	: Dual Core AMD Opteron(tm) Processor 270
stepping	: 2
cpu MHz		: 1994.715
cache size	: 1024 KB
physical id	: 1
siblings	: 2
core id		: 1
cpu cores	: 2
apicid		: 3
initial apicid	: 3
fpu		: yes
fpu_exception	: yes
cpuid level	: 1
wp		: yes
flags		: fpu vme de pse tsc msr pae mce cx8 apic sep mtrr pge mca cmov pat pse36 clflush mmx fxsr sse sse2 ht syscall nx mmxext fxsr_opt lm 3dnowext 3dnow rep_good pni lahf_lm cmp_legacy
bogomips	: 3988.58
TLB size	: 1024 4K pages
clflush size	: 64
cache_alignment	: 64
address sizes	: 40 bits physical, 48 bits virtual
power management: ts fid vid ttp



Memory: 4k page, physical 8193028k(5485344k free), swap 8387576k(8387576k free)

vm_info: Java HotSpot(TM) 64-Bit Server VM (24.51-b03) for linux-amd64 JRE (1.7.0_51-b13), built on Dec 18 2013 18:48:01 by "java_re" with gcc 4.3.0 20080428 (Red Hat 4.3.0-8)

time: Sat Jun 14 22:27:39 2014
elapsed time: 5 seconds

