#
# A fatal error has been detected by the Java Runtime Environment:
#
#  SIGSEGV (0xb) at pc=0x00007fb2ab150de7, pid=17124, tid=140405345384192
#
# JRE version: Java(TM) SE Runtime Environment (7.0_51-b13) (build 1.7.0_51-b13)
# Java VM: Java HotSpot(TM) 64-Bit Server VM (24.51-b03 mixed mode linux-amd64 compressed oops)
# Problematic frame:
# C  [libawt.so+0x30de7]  GetSDOps+0x47
#
# Failed to write core dump. Core dumps have been disabled. To enable core dumping, try "ulimit -c unlimited" before starting Java again
#
# If you would like to submit a bug report, please visit:
#   http://bugreport.sun.com/bugreport/crash.jsp
# The crash happened outside the Java Virtual Machine in native code.
# See problematic frame for where to report the bug.
#

---------------  T H R E A D  ---------------

Current thread (0x00007fb2bc18f000):  JavaThread "AWT-EventQueue-0" [_thread_in_native, id=17156, stack(0x00007fb2aaac7000,0x00007fb2aabc8000)]

siginfo:si_signo=SIGSEGV: si_errno=0, si_code=1 (SEGV_MAPERR), si_addr=0x00007f61ac07b380

Registers:
RAX=0x00007f61ac07b360, RBX=0x00007fb2bc18f1e8, RCX=0x0000000000000003, RDX=0x00007fb2c1741a50
RSP=0x00007fb2aabc2d20, RBP=0x00007fb2aabc2d40, RSI=0x000000077e784ba8, RDI=0x00007fb2bc18f1e8
R8 =0x00007fb2aabc3188, R9 =0x00007fb2aabc3180, R10=0x00007fb2b22d552d, R11=0x00007fb2c11b1d30
R12=0x00007fb2aabc3198, R13=0x00007f61ac07b360, R14=0x0000000000000001, R15=0x00007fb2aabc3190
RIP=0x00007fb2ab150de7, EFLAGS=0x0000000000010202, CSGSFS=0x0000000000000033, ERR=0x0000000000000004
  TRAPNO=0x000000000000000e

Top of Stack: (sp=0x00007fb2aabc2d20)
0x00007fb2aabc2d20:   00007fb2aabc3188 00007fb2aabc3180
0x00007fb2aabc2d30:   00007fb2aabc3198 00007fb2bc18f1e8
0x00007fb2aabc2d40:   00007fb2aabc3020 00007fb2ab1539ab
0x00007fb2aabc2d50:   000000000000002f 00007fb2aabc2d08
0x00007fb2aabc2d60:   00007fb2aabc2d49 0000000800000002
0x00007fb2aabc2d70:   00007fb2bc18fa00 00000007d72ebbb0
0x00007fb2aabc2d80:   00007fb2bc18fa38 00007fb2bc18fa38
0x00007fb2aabc2d90:   00007fb2bc18fa30 00007fb2bc18fa30
0x00007fb2aabc2da0:   00000007fffffffe 00007fb2aabc2fa0
0x00007fb2aabc2db0:   0000000000000000 00007fb2bc18f000
0x00007fb2aabc2dc0:   407832aaaaaaaaac 40855d5555555556
0x00007fb2aabc2dd0:   4070955555555555 4080055555555554
0x00007fb2aabc2de0:   000000077dc1d280 0000000000000000
0x00007fb2aabc2df0:   00007fb2aabc2eb0 00007fb2c10e4a39
0x00007fb2aabc2e00:   00007fb2ab3caa70 00007fb2bc18fa08
0x00007fb2aabc2e10:   00007fb2aabc2fef 00007fb2bc18fa08
0x00007fb2aabc2e20:   00007fb2c16e5e30 0000005000000000
0x00007fb2aabc2e30:   0000000000000026 0000000000000000
0x00007fb2aabc2e40:   0000000000000000 00007fb26800a8e0
0x00007fb2aabc2e50:   00007fb2aabc2e70 00007fb2c11ce379
0x00007fb2aabc2e60:   00007fb2aabc2e80 00007fb2aabc2ea0
0x00007fb2aabc2e70:   00007fb2aabc2e90 00007fb2c11cec01
0x00007fb2aabc2e80:   00007fb2aabc2ea0 00007fb2aabc2f00
0x00007fb2aabc2e90:   00007fb2aabc2ee0 00007fb2c10d05fe
0x00007fb2aabc2ea0:   00007fb2c16c46d0 00007fb2bc1414c0
0x00007fb2aabc2eb0:   0000000000000067 000000000000000e
0x00007fb2aabc2ec0:   00007fb200000000 00007fb2bc1414c1
0x00007fb2aabc2ed0:   00007fb2bc18f000 00007fb2bc18fa08
0x00007fb2aabc2ee0:   00007fb2aabc2fa0 00007fb2c0ef5963
0x00007fb2aabc2ef0:   00007fb2bc18fa08 00007fb2aabc31a0
0x00007fb2aabc2f00:   00007fb2c16f05f0 00007fb2bc1414c0
0x00007fb2aabc2f10:   0000000000000066 00007fb2c10e574e 

Instructions: (pc=0x00007fb2ab150de7)
0x00007fb2ab150dc7:   00 00 00 48 8b 07 48 8b 15 ec 00 28 00 ff 90 28
0x00007fb2ab150dd7:   03 00 00 48 85 c0 49 89 c5 74 2e 45 84 f6 74 11
0x00007fb2ab150de7:   48 8b 40 20 48 85 c0 74 08 4c 89 ee 48 89 df ff
0x00007fb2ab150df7:   d0 4c 89 e8 48 8b 1c 24 4c 8b 64 24 08 4c 8b 6c 

Register to memory mapping:

RAX=0x00007f61ac07b360 is an unknown value
RBX=0x00007fb2bc18f1e8 is an unknown value
RCX=0x0000000000000003 is an unknown value
RDX=0x00007fb2c1741a50: <offset 0xe37a50> in /usr/java/jdk1.7.0_51/jre/lib/amd64/server/libjvm.so at 0x00007fb2c090a000
RSP=0x00007fb2aabc2d20 is pointing into the stack for thread: 0x00007fb2bc18f000
RBP=0x00007fb2aabc2d40 is pointing into the stack for thread: 0x00007fb2bc18f000
RSI=0x000000077e784ba8 is an oop
{instance class} 
 - klass: {other class}
RDI=0x00007fb2bc18f1e8 is an unknown value
R8 =0x00007fb2aabc3188 is pointing into the stack for thread: 0x00007fb2bc18f000
R9 =0x00007fb2aabc3180 is pointing into the stack for thread: 0x00007fb2bc18f000
R10=0x00007fb2b22d552d is at code_begin+1197 in an Interpreter codelet
method entry point (kind = native)  [0x00007fb2b22d5080, 0x00007fb2b22d5e80]  3584 bytes
R11=0x00007fb2c11b1d30: <offset 0x8a7d30> in /usr/java/jdk1.7.0_51/jre/lib/amd64/server/libjvm.so at 0x00007fb2c090a000
R12=0x00007fb2aabc3198 is pointing into the stack for thread: 0x00007fb2bc18f000
R13=0x00007f61ac07b360 is an unknown value
R14=0x0000000000000001 is an unknown value
R15=0x00007fb2aabc3190 is pointing into the stack for thread: 0x00007fb2bc18f000


Stack: [0x00007fb2aaac7000,0x00007fb2aabc8000],  sp=0x00007fb2aabc2d20,  free space=1007k
Native frames: (J=compiled Java code, j=interpreted, Vv=VM code, C=native code)
C  [libawt.so+0x30de7]  GetSDOps+0x47
C  [libawt.so+0x339ab]  Java_sun_java2d_loops_ScaledBlit_Scale+0xbb
j  sun.java2d.loops.ScaledBlit.Scale(Lsun/java2d/SurfaceData;Lsun/java2d/SurfaceData;Ljava/awt/Composite;Lsun/java2d/pipe/Region;IIIIDDDD)V+0
j  sun.java2d.pipe.DrawImage.scaleSurfaceData(Lsun/java2d/SunGraphics2D;Lsun/java2d/pipe/Region;Lsun/java2d/SurfaceData;Lsun/java2d/SurfaceData;Lsun/java2d/loops/SurfaceType;Lsun/java2d/loops/SurfaceType;IIIIDDDD)Z+72
j  sun.java2d.pipe.DrawImage.renderImageScale(Lsun/java2d/SunGraphics2D;Ljava/awt/Image;Ljava/awt/Color;IIIIIDDDD)Z+97
j  sun.java2d.pipe.DrawImage.tryCopyOrScale(Lsun/java2d/SunGraphics2D;Ljava/awt/Image;IIIILjava/awt/Color;I[D)Z+176
j  sun.java2d.pipe.DrawImage.transformImage(Lsun/java2d/SunGraphics2D;Ljava/awt/Image;Ljava/awt/geom/AffineTransform;IIIIILjava/awt/Color;)V+97
j  sun.java2d.pipe.DrawImage.scaleImage(Lsun/java2d/SunGraphics2D;Ljava/awt/Image;IIIIIIIILjava/awt/Color;)Z+467
j  sun.java2d.pipe.DrawImage.copyImage(Lsun/java2d/SunGraphics2D;Ljava/awt/Image;IIIIIILjava/awt/Color;)Z+68
j  sun.java2d.pipe.DrawImage.copyImage(Lsun/java2d/SunGraphics2D;Ljava/awt/Image;IIIIIILjava/awt/Color;Ljava/awt/image/ImageObserver;)Z+23
j  sun.java2d.pipe.ValidatePipe.copyImage(Lsun/java2d/SunGraphics2D;Ljava/awt/Image;IIIIIILjava/awt/Color;Ljava/awt/image/ImageObserver;)Z+29
j  sun.java2d.SunGraphics2D.copyImage(Ljava/awt/Image;IIIIIILjava/awt/Color;Ljava/awt/image/ImageObserver;)Z+20
j  sun.java2d.SunGraphics2D.drawImage(Ljava/awt/Image;IIIIIIIILjava/awt/Color;Ljava/awt/image/ImageObserver;)Z+185
j  sun.java2d.SunGraphics2D.drawImage(Ljava/awt/Image;IIIIIIIILjava/awt/image/ImageObserver;)Z+19
j  client.gui.ImagePanel$DrawingImage.draw(Ljava/awt/Graphics2D;)V+52
j  client.gui.ImagePanel.paintComponent(Ljava/awt/Graphics;)V+93
j  javax.swing.JComponent.paint(Ljava/awt/Graphics;)V+286
j  javax.swing.JComponent.paintChildren(Ljava/awt/Graphics;)V+501
j  javax.swing.JSplitPane.paintChildren(Ljava/awt/Graphics;)V+2
j  javax.swing.JComponent.paint(Ljava/awt/Graphics;)V+318
j  javax.swing.JComponent.paintChildren(Ljava/awt/Graphics;)V+501
j  javax.swing.JComponent.paint(Ljava/awt/Graphics;)V+318
j  javax.swing.JComponent.paintChildren(Ljava/awt/Graphics;)V+501
j  javax.swing.JComponent.paint(Ljava/awt/Graphics;)V+318
j  javax.swing.JLayeredPane.paint(Ljava/awt/Graphics;)V+73
j  javax.swing.JComponent.paintChildren(Ljava/awt/Graphics;)V+501
j  javax.swing.JComponent.paintToOffscreen(Ljava/awt/Graphics;IIIIII)V+72
j  javax.swing.BufferStrategyPaintManager.paint(Ljavax/swing/JComponent;Ljavax/swing/JComponent;Ljava/awt/Graphics;IIII)Z+157
j  javax.swing.RepaintManager.paint(Ljavax/swing/JComponent;Ljavax/swing/JComponent;Ljava/awt/Graphics;IIII)V+52
j  javax.swing.JComponent.paint(Ljava/awt/Graphics;)V+221
j  java.awt.GraphicsCallback$PaintCallback.run(Ljava/awt/Component;Ljava/awt/Graphics;)V+2
j  sun.awt.SunGraphicsCallback.runOneComponent(Ljava/awt/Component;Ljava/awt/Rectangle;Ljava/awt/Graphics;Ljava/awt/Shape;I)V+155
j  sun.awt.SunGraphicsCallback.runComponents([Ljava/awt/Component;Ljava/awt/Graphics;I)V+194
j  java.awt.Container.paint(Ljava/awt/Graphics;)V+58
j  java.awt.Window.paint(Ljava/awt/Graphics;)V+68
j  javax.swing.RepaintManager$3.run()Ljava/lang/Void;+136
j  javax.swing.RepaintManager$3.run()Ljava/lang/Object;+1
v  ~StubRoutines::call_stub
V  [libjvm.so+0x5f8465]  JavaCalls::call_helper(JavaValue*, methodHandle*, JavaCallArguments*, Thread*)+0x365
V  [libjvm.so+0x5f6ec8]  JavaCalls::call(JavaValue*, methodHandle, JavaCallArguments*, Thread*)+0x28
V  [libjvm.so+0x67cc64]  JVM_DoPrivileged+0x2a4
j  java.security.AccessController.doPrivileged(Ljava/security/PrivilegedAction;Ljava/security/AccessControlContext;)Ljava/lang/Object;+0
j  java.security.ProtectionDomain$1.doIntersectionPrivilege(Ljava/security/PrivilegedAction;Ljava/security/AccessControlContext;Ljava/security/AccessControlContext;)Ljava/lang/Object;+28
j  javax.swing.RepaintManager.paintDirtyRegions(Ljava/util/Map;)V+154
j  javax.swing.RepaintManager.paintDirtyRegions()V+46
j  javax.swing.RepaintManager.prePaintDirtyRegions()V+73
j  javax.swing.RepaintManager.access$1100(Ljavax/swing/RepaintManager;)V+1
j  javax.swing.RepaintManager$ProcessingRunnable.run()V+37
j  java.awt.event.InvocationEvent.dispatch()V+47
j  java.awt.EventQueue.dispatchEventImpl(Ljava/awt/AWTEvent;Ljava/lang/Object;)V+21
j  java.awt.EventQueue.access$200(Ljava/awt/EventQueue;Ljava/awt/AWTEvent;Ljava/lang/Object;)V+3
j  java.awt.EventQueue$3.run()Ljava/lang/Void;+12
j  java.awt.EventQueue$3.run()Ljava/lang/Object;+1
v  ~StubRoutines::call_stub
V  [libjvm.so+0x5f8465]  JavaCalls::call_helper(JavaValue*, methodHandle*, JavaCallArguments*, Thread*)+0x365
V  [libjvm.so+0x5f6ec8]  JavaCalls::call(JavaValue*, methodHandle, JavaCallArguments*, Thread*)+0x28
V  [libjvm.so+0x67cc64]  JVM_DoPrivileged+0x2a4
j  java.security.AccessController.doPrivileged(Ljava/security/PrivilegedAction;Ljava/security/AccessControlContext;)Ljava/lang/Object;+0
j  java.security.ProtectionDomain$1.doIntersectionPrivilege(Ljava/security/PrivilegedAction;Ljava/security/AccessControlContext;Ljava/security/AccessControlContext;)Ljava/lang/Object;+28
j  java.awt.EventQueue.dispatchEvent(Ljava/awt/AWTEvent;)V+46
j  java.awt.EventDispatchThread.pumpOneEventForFilters(I)V+245
j  java.awt.EventDispatchThread.pumpEventsForFilter(ILjava/awt/Conditional;Ljava/awt/EventFilter;)V+35
j  java.awt.EventDispatchThread.pumpEventsForHierarchy(ILjava/awt/Conditional;Ljava/awt/Component;)V+11
j  java.awt.EventDispatchThread.pumpEvents(ILjava/awt/Conditional;)V+4
j  java.awt.EventDispatchThread.pumpEvents(Ljava/awt/Conditional;)V+3
j  java.awt.EventDispatchThread.run()V+9
v  ~StubRoutines::call_stub
V  [libjvm.so+0x5f8465]  JavaCalls::call_helper(JavaValue*, methodHandle*, JavaCallArguments*, Thread*)+0x365
V  [libjvm.so+0x5f6ec8]  JavaCalls::call(JavaValue*, methodHandle, JavaCallArguments*, Thread*)+0x28
V  [libjvm.so+0x5f7197]  JavaCalls::call_virtual(JavaValue*, KlassHandle, Symbol*, Symbol*, JavaCallArguments*, Thread*)+0x197
V  [libjvm.so+0x5f72b7]  JavaCalls::call_virtual(JavaValue*, Handle, KlassHandle, Symbol*, Symbol*, Thread*)+0x47
V  [libjvm.so+0x6731c5]  thread_entry(JavaThread*, Thread*)+0xe5
V  [libjvm.so+0x94d5ff]  JavaThread::thread_main_inner()+0xdf
V  [libjvm.so+0x94d705]  JavaThread::run()+0xf5
V  [libjvm.so+0x815538]  java_start(Thread*)+0x108

Java frames: (J=compiled Java code, j=interpreted, Vv=VM code)
j  sun.java2d.loops.ScaledBlit.Scale(Lsun/java2d/SurfaceData;Lsun/java2d/SurfaceData;Ljava/awt/Composite;Lsun/java2d/pipe/Region;IIIIDDDD)V+0
j  sun.java2d.pipe.DrawImage.scaleSurfaceData(Lsun/java2d/SunGraphics2D;Lsun/java2d/pipe/Region;Lsun/java2d/SurfaceData;Lsun/java2d/SurfaceData;Lsun/java2d/loops/SurfaceType;Lsun/java2d/loops/SurfaceType;IIIIDDDD)Z+72
j  sun.java2d.pipe.DrawImage.renderImageScale(Lsun/java2d/SunGraphics2D;Ljava/awt/Image;Ljava/awt/Color;IIIIIDDDD)Z+97
j  sun.java2d.pipe.DrawImage.tryCopyOrScale(Lsun/java2d/SunGraphics2D;Ljava/awt/Image;IIIILjava/awt/Color;I[D)Z+176
j  sun.java2d.pipe.DrawImage.transformImage(Lsun/java2d/SunGraphics2D;Ljava/awt/Image;Ljava/awt/geom/AffineTransform;IIIIILjava/awt/Color;)V+97
j  sun.java2d.pipe.DrawImage.scaleImage(Lsun/java2d/SunGraphics2D;Ljava/awt/Image;IIIIIIIILjava/awt/Color;)Z+467
j  sun.java2d.pipe.DrawImage.copyImage(Lsun/java2d/SunGraphics2D;Ljava/awt/Image;IIIIIILjava/awt/Color;)Z+68
j  sun.java2d.pipe.DrawImage.copyImage(Lsun/java2d/SunGraphics2D;Ljava/awt/Image;IIIIIILjava/awt/Color;Ljava/awt/image/ImageObserver;)Z+23
j  sun.java2d.pipe.ValidatePipe.copyImage(Lsun/java2d/SunGraphics2D;Ljava/awt/Image;IIIIIILjava/awt/Color;Ljava/awt/image/ImageObserver;)Z+29
j  sun.java2d.SunGraphics2D.copyImage(Ljava/awt/Image;IIIIIILjava/awt/Color;Ljava/awt/image/ImageObserver;)Z+20
j  sun.java2d.SunGraphics2D.drawImage(Ljava/awt/Image;IIIIIIIILjava/awt/Color;Ljava/awt/image/ImageObserver;)Z+185
j  sun.java2d.SunGraphics2D.drawImage(Ljava/awt/Image;IIIIIIIILjava/awt/image/ImageObserver;)Z+19
j  client.gui.ImagePanel$DrawingImage.draw(Ljava/awt/Graphics2D;)V+52
j  client.gui.ImagePanel.paintComponent(Ljava/awt/Graphics;)V+93
j  javax.swing.JComponent.paint(Ljava/awt/Graphics;)V+286
j  javax.swing.JComponent.paintChildren(Ljava/awt/Graphics;)V+501
j  javax.swing.JSplitPane.paintChildren(Ljava/awt/Graphics;)V+2
j  javax.swing.JComponent.paint(Ljava/awt/Graphics;)V+318
j  javax.swing.JComponent.paintChildren(Ljava/awt/Graphics;)V+501
j  javax.swing.JComponent.paint(Ljava/awt/Graphics;)V+318
j  javax.swing.JComponent.paintChildren(Ljava/awt/Graphics;)V+501
j  javax.swing.JComponent.paint(Ljava/awt/Graphics;)V+318
j  javax.swing.JLayeredPane.paint(Ljava/awt/Graphics;)V+73
j  javax.swing.JComponent.paintChildren(Ljava/awt/Graphics;)V+501
j  javax.swing.JComponent.paintToOffscreen(Ljava/awt/Graphics;IIIIII)V+72
j  javax.swing.BufferStrategyPaintManager.paint(Ljavax/swing/JComponent;Ljavax/swing/JComponent;Ljava/awt/Graphics;IIII)Z+157
j  javax.swing.RepaintManager.paint(Ljavax/swing/JComponent;Ljavax/swing/JComponent;Ljava/awt/Graphics;IIII)V+52
j  javax.swing.JComponent.paint(Ljava/awt/Graphics;)V+221
j  java.awt.GraphicsCallback$PaintCallback.run(Ljava/awt/Component;Ljava/awt/Graphics;)V+2
j  sun.awt.SunGraphicsCallback.runOneComponent(Ljava/awt/Component;Ljava/awt/Rectangle;Ljava/awt/Graphics;Ljava/awt/Shape;I)V+155
j  sun.awt.SunGraphicsCallback.runComponents([Ljava/awt/Component;Ljava/awt/Graphics;I)V+194
j  java.awt.Container.paint(Ljava/awt/Graphics;)V+58
j  java.awt.Window.paint(Ljava/awt/Graphics;)V+68
j  javax.swing.RepaintManager$3.run()Ljava/lang/Void;+136
j  javax.swing.RepaintManager$3.run()Ljava/lang/Object;+1
v  ~StubRoutines::call_stub
j  java.security.AccessController.doPrivileged(Ljava/security/PrivilegedAction;Ljava/security/AccessControlContext;)Ljava/lang/Object;+0
j  java.security.ProtectionDomain$1.doIntersectionPrivilege(Ljava/security/PrivilegedAction;Ljava/security/AccessControlContext;Ljava/security/AccessControlContext;)Ljava/lang/Object;+28
j  javax.swing.RepaintManager.paintDirtyRegions(Ljava/util/Map;)V+154
j  javax.swing.RepaintManager.paintDirtyRegions()V+46
j  javax.swing.RepaintManager.prePaintDirtyRegions()V+73
j  javax.swing.RepaintManager.access$1100(Ljavax/swing/RepaintManager;)V+1
j  javax.swing.RepaintManager$ProcessingRunnable.run()V+37
j  java.awt.event.InvocationEvent.dispatch()V+47
j  java.awt.EventQueue.dispatchEventImpl(Ljava/awt/AWTEvent;Ljava/lang/Object;)V+21
j  java.awt.EventQueue.access$200(Ljava/awt/EventQueue;Ljava/awt/AWTEvent;Ljava/lang/Object;)V+3
j  java.awt.EventQueue$3.run()Ljava/lang/Void;+12
j  java.awt.EventQueue$3.run()Ljava/lang/Object;+1
v  ~StubRoutines::call_stub
j  java.security.AccessController.doPrivileged(Ljava/security/PrivilegedAction;Ljava/security/AccessControlContext;)Ljava/lang/Object;+0
j  java.security.ProtectionDomain$1.doIntersectionPrivilege(Ljava/security/PrivilegedAction;Ljava/security/AccessControlContext;Ljava/security/AccessControlContext;)Ljava/lang/Object;+28
j  java.awt.EventQueue.dispatchEvent(Ljava/awt/AWTEvent;)V+46
j  java.awt.EventDispatchThread.pumpOneEventForFilters(I)V+245
j  java.awt.EventDispatchThread.pumpEventsForFilter(ILjava/awt/Conditional;Ljava/awt/EventFilter;)V+35
j  java.awt.EventDispatchThread.pumpEventsForHierarchy(ILjava/awt/Conditional;Ljava/awt/Component;)V+11
j  java.awt.EventDispatchThread.pumpEvents(ILjava/awt/Conditional;)V+4
j  java.awt.EventDispatchThread.pumpEvents(Ljava/awt/Conditional;)V+3
j  java.awt.EventDispatchThread.run()V+9
v  ~StubRoutines::call_stub

---------------  P R O C E S S  ---------------

Java Threads: ( => current thread )
  0x00007fb25411f000 JavaThread "TimerQueue" daemon [_thread_blocked, id=17218, stack(0x00007fb2aa0a6000,0x00007fb2aa1a7000)]
  0x00007fb2bc00b800 JavaThread "DestroyJavaVM" [_thread_blocked, id=17130, stack(0x00007fb2c0809000,0x00007fb2c090a000)]
=>0x00007fb2bc18f000 JavaThread "AWT-EventQueue-0" [_thread_in_native, id=17156, stack(0x00007fb2aaac7000,0x00007fb2aabc8000)]
  0x00007fb2bc18d800 JavaThread "AWT-Shutdown" [_thread_blocked, id=17155, stack(0x00007fb2aabc8000,0x00007fb2aacc9000)]
  0x00007fb2bc18c000 JavaThread "AWT-XAWT" daemon [_thread_in_native, id=17153, stack(0x00007fb2aacc9000,0x00007fb2aadca000)]
  0x00007fb2bc14b000 JavaThread "Java2D Disposer" daemon [_thread_blocked, id=17152, stack(0x00007fb2aadca000,0x00007fb2aaecb000)]
  0x00007fb2bc0a7800 JavaThread "Service Thread" daemon [_thread_blocked, id=17150, stack(0x00007fb2ab4f3000,0x00007fb2ab5f4000)]
  0x00007fb2bc0a5000 JavaThread "C2 CompilerThread1" daemon [_thread_blocked, id=17149, stack(0x00007fb2ab5f4000,0x00007fb2ab6f5000)]
  0x00007fb2bc0a2000 JavaThread "C2 CompilerThread0" daemon [_thread_blocked, id=17148, stack(0x00007fb2ab6f5000,0x00007fb2ab7f6000)]
  0x00007fb27c001000 JavaThread "JDWP Command Reader" daemon [_thread_in_native, id=17144, stack(0x00007fb2ab7f6000,0x00007fb2ab8f7000)]
  0x00007fb2bc0a0000 JavaThread "JDWP Event Helper Thread" daemon [_thread_blocked, id=17143, stack(0x00007fb2ab8f7000,0x00007fb2ab9f8000)]
  0x00007fb2bc09c800 JavaThread "JDWP Transport Listener: dt_socket" daemon [_thread_blocked, id=17140, stack(0x00007fb2ab9f8000,0x00007fb2abaf9000)]
  0x00007fb2bc087000 JavaThread "Signal Dispatcher" daemon [_thread_blocked, id=17138, stack(0x00007fb2abcfd000,0x00007fb2abdfe000)]
  0x00007fb2bc071000 JavaThread "Finalizer" daemon [_thread_blocked, id=17137, stack(0x00007fb2abdfe000,0x00007fb2abeff000)]
  0x00007fb2bc06d000 JavaThread "Reference Handler" daemon [_thread_blocked, id=17136, stack(0x00007fb2abeff000,0x00007fb2ac000000)]

Other Threads:
  0x00007fb2bc06b000 VMThread [stack: 0x00007fb2b00c5000,0x00007fb2b01c6000] [id=17135]
  0x00007fb2bc0ba800 WatcherThread [stack: 0x00007fb2ab3f2000,0x00007fb2ab4f3000] [id=17151]

VM state:not at safepoint (normal execution)

VM Mutex/Monitor currently owned by a thread: None

Heap
 PSYoungGen      total 37888K, used 20330K [0x00000007d6480000, 0x00000007d8e80000, 0x0000000800000000)
  eden space 32768K, 46% used [0x00000007d6480000,0x00000007d735db18,0x00000007d8480000)
  from space 5120K, 99% used [0x00000007d8480000,0x00000007d897d050,0x00000007d8980000)
  to   space 5120K, 0% used [0x00000007d8980000,0x00000007d8980000,0x00000007d8e80000)
 ParOldGen       total 84992K, used 10446K [0x0000000782e00000, 0x0000000788100000, 0x00000007d6480000)
  object space 84992K, 12% used [0x0000000782e00000,0x0000000783833b70,0x0000000788100000)
 PSPermGen       total 21504K, used 17069K [0x000000077dc00000, 0x000000077f100000, 0x0000000782e00000)
  object space 21504K, 79% used [0x000000077dc00000,0x000000077ecab5d8,0x000000077f100000)

Card table byte_map: [0x00007fb2b1eaa000,0x00007fb2b22bd000] byte_map_base: 0x00007fb2ae2bc000

Polling page: 0x00007fb2c199f000

Code Cache  [0x00007fb2b22bd000, 0x00007fb2b252d000, 0x00007fb2b52bd000)
 total_blobs=613 nmethods=121 adapters=454 free_code_cache=48278Kb largest_free_block=49410560

Compilation events (10 events):
Event: 57.314 Thread 0x00007fb2bc0a5000  117             java.util.concurrent.atomic.AtomicInteger::get (5 bytes)
Event: 57.314 Thread 0x00007fb2bc0a5000 nmethod 117 0x00007fb2b2378910 code [0x00007fb2b2378a40, 0x00007fb2b2378a98]
Event: 57.315 Thread 0x00007fb2bc0a2000  118             java.util.ArrayList::indexOf (67 bytes)
Event: 57.332 Thread 0x00007fb2bc0a2000 nmethod 118 0x00007fb2b2393350 code [0x00007fb2b23934e0, 0x00007fb2b2393bb8]
Event: 57.513 Thread 0x00007fb2bc0a5000  119   !         sun.awt.AppContext::get (121 bytes)
Event: 57.529 Thread 0x00007fb2bc0a5000 nmethod 119 0x00007fb2b238df90 code [0x00007fb2b238e140, 0x00007fb2b238eb58]
Event: 58.628 Thread 0x00007fb2bc0a2000  120             com.sun.org.apache.xerces.internal.impl.XMLDocumentFragmentScannerImpl::scanDocument (272 bytes)
Event: 58.641 Thread 0x00007fb2bc0a2000 nmethod 120 0x00007fb2b2395fd0 code [0x00007fb2b23961c0, 0x00007fb2b2396790]
Event: 67.615 Thread 0x00007fb2bc0a5000  121             sun.awt.AppContext::getAppContext (51 bytes)
Event: 67.617 Thread 0x00007fb2bc0a5000 nmethod 121 0x00007fb2b2392d90 code [0x00007fb2b2392ee0, 0x00007fb2b2392fe8]

GC Heap History (2 events):
Event: 34.102 GC heap before
{Heap before GC invocations=1 (full 0):
 PSYoungGen      total 37888K, used 32768K [0x00000007d6480000, 0x00000007d8e80000, 0x0000000800000000)
  eden space 32768K, 100% used [0x00000007d6480000,0x00000007d8480000,0x00000007d8480000)
  from space 5120K, 0% used [0x00000007d8980000,0x00000007d8980000,0x00000007d8e80000)
  to   space 5120K, 0% used [0x00000007d8480000,0x00000007d8480000,0x00000007d8980000)
 ParOldGen       total 84992K, used 0K [0x0000000782e00000, 0x0000000788100000, 0x00000007d6480000)
  object space 84992K, 0% used [0x0000000782e00000,0x0000000782e00000,0x0000000788100000)
 PSPermGen       total 21504K, used 16631K [0x000000077dc00000, 0x000000077f100000, 0x0000000782e00000)
  object space 21504K, 77% used [0x000000077dc00000,0x000000077ec3df20,0x000000077f100000)
Event: 34.132 GC heap after
Heap after GC invocations=1 (full 0):
 PSYoungGen      total 37888K, used 5108K [0x00000007d6480000, 0x00000007d8e80000, 0x0000000800000000)
  eden space 32768K, 0% used [0x00000007d6480000,0x00000007d6480000,0x00000007d8480000)
  from space 5120K, 99% used [0x00000007d8480000,0x00000007d897d050,0x00000007d8980000)
  to   space 5120K, 0% used [0x00000007d8980000,0x00000007d8980000,0x00000007d8e80000)
 ParOldGen       total 84992K, used 10446K [0x0000000782e00000, 0x0000000788100000, 0x00000007d6480000)
  object space 84992K, 12% used [0x0000000782e00000,0x0000000783833b70,0x0000000788100000)
 PSPermGen       total 21504K, used 16631K [0x000000077dc00000, 0x000000077f100000, 0x0000000782e00000)
  object space 21504K, 77% used [0x000000077dc00000,0x000000077ec3df20,0x000000077f100000)
}

Deoptimization events (10 events):
Event: 33.973 Thread 0x00007fb2bc18f000 Uncommon trap: reason=null_check action=make_not_entrant pc=0x00007fb2b237d940 method=com.thoughtworks.xstream.core.util.WeakCache.get(Ljava/lang/Object;)Ljava/lang/Object; @ 10
Event: 57.303 Thread 0x00007fb2bc18f000 Uncommon trap: reason=class_check action=maybe_recompile pc=0x00007fb2b2361f88 method=java.util.ArrayList.indexOf(Ljava/lang/Object;)I @ 51
Event: 57.314 Thread 0x00007fb2bc18f000 Uncommon trap: reason=class_check action=maybe_recompile pc=0x00007fb2b2361f88 method=java.util.ArrayList.indexOf(Ljava/lang/Object;)I @ 51
Event: 57.314 Thread 0x00007fb2bc18f000 Uncommon trap: reason=class_check action=maybe_recompile pc=0x00007fb2b2361f88 method=java.util.ArrayList.indexOf(Ljava/lang/Object;)I @ 51
Event: 57.314 Thread 0x00007fb2bc18f000 Uncommon trap: reason=class_check action=maybe_recompile pc=0x00007fb2b2361f88 method=java.util.ArrayList.indexOf(Ljava/lang/Object;)I @ 51
Event: 58.602 Thread 0x00007fb2bc18f000 Uncommon trap: reason=unreached action=reinterpret pc=0x00007fb2b237f5a0 method=com.thoughtworks.xstream.io.xml.XmlFriendlyNameCoder.encodeName(Ljava/lang/String;)Ljava/lang/String; @ 15
Event: 58.628 Thread 0x00007fb2bc18f000 Uncommon trap: reason=class_check action=maybe_recompile pc=0x00007fb2b2360eac method=com.sun.org.apache.xerces.internal.impl.XMLDocumentScannerImpl.next()I @ 4
Event: 58.628 Thread 0x00007fb2bc18f000 Uncommon trap: reason=class_check action=maybe_recompile pc=0x00007fb2b2360eac method=com.sun.org.apache.xerces.internal.impl.XMLDocumentScannerImpl.next()I @ 4
Event: 58.628 Thread 0x00007fb2bc18f000 Uncommon trap: reason=null_check action=make_not_entrant pc=0x00007fb2b235bca4 method=com.sun.org.apache.xerces.internal.dom.DeferredDocumentImpl.clearChunkValue([[Ljava/lang/Object;II)Ljava/lang/String; @ 11
Event: 58.628 Thread 0x00007fb2bc18f000 Uncommon trap: reason=class_check action=maybe_recompile pc=0x00007fb2b2360eac method=com.sun.org.apache.xerces.internal.impl.XMLDocumentScannerImpl.next()I @ 4

Internal exceptions (10 events):
Event: 33.786 Thread 0x00007fb2bc18f000 Threw 0x00000007d74b0260 at /HUDSON/workspace/7u-2-build-linux-amd64@2/jdk7u51/527/hotspot/src/share/vm/prims/jvm.cpp:1244
Event: 33.787 Thread 0x00007fb2bc18f000 Threw 0x00000007d74b22a8 at /HUDSON/workspace/7u-2-build-linux-amd64@2/jdk7u51/527/hotspot/src/share/vm/prims/jvm.cpp:1244
Event: 33.787 Thread 0x00007fb2bc18f000 Threw 0x00000007d74b4b48 at /HUDSON/workspace/7u-2-build-linux-amd64@2/jdk7u51/527/hotspot/src/share/vm/prims/jvm.cpp:1244
Event: 33.788 Thread 0x00007fb2bc18f000 Threw 0x00000007d74b6be8 at /HUDSON/workspace/7u-2-build-linux-amd64@2/jdk7u51/527/hotspot/src/share/vm/prims/jvm.cpp:1244
Event: 33.793 Thread 0x00007fb2bc18f000 Threw 0x00000007d74bd488 at /HUDSON/workspace/7u-2-build-linux-amd64@2/jdk7u51/527/hotspot/src/share/vm/prims/jvm.cpp:1244
Event: 33.973 Thread 0x00007fb2bc18f000 Implicit null exception at 0x00007fb2b237d134 to 0x00007fb2b237d92d
Event: 34.192 Thread 0x00007fb2bc18f000 Threw 0x00000007d6cc32b8 at /HUDSON/workspace/7u-2-build-linux-amd64@2/jdk7u51/527/hotspot/src/share/vm/prims/jvm.cpp:1244
Event: 34.203 Thread 0x00007fb2bc18f000 Threw 0x00000007d6cd5278 at /HUDSON/workspace/7u-2-build-linux-amd64@2/jdk7u51/527/hotspot/src/share/vm/prims/jvm.cpp:1244
Event: 57.310 Thread 0x00007fb2bc18f000 Threw 0x00000007d6e7b728 at /HUDSON/workspace/7u-2-build-linux-amd64@2/jdk7u51/527/hotspot/src/share/vm/prims/jvm.cpp:1244
Event: 58.628 Thread 0x00007fb2bc18f000 Implicit null exception at 0x00007fb2b235b7fa to 0x00007fb2b235bc85

Events (10 events):
Event: 67.520 Executing VM operation: ChangeSingleStep
Event: 67.520 Executing VM operation: ChangeSingleStep done
Event: 67.547 loading class 0x00007fb2bc17e360
Event: 67.547 loading class 0x00007fb2bc17e360 done
Event: 67.547 loading class 0x00007fb268047c50
Event: 67.547 loading class 0x00007fb268047c50 done
Event: 67.556 loading class 0x00007fb254123c70
Event: 67.556 loading class 0x00007fb254123c70 done
Event: 67.557 loading class 0x00007fb2540b3ea0
Event: 67.557 loading class 0x00007fb2540b3ea0 done


Dynamic libraries:
00400000-00401000 r-xp 00000000 09:02 1851940                            /usr/java/jdk1.7.0_51/bin/java
00600000-00601000 rw-p 00000000 09:02 1851940                            /usr/java/jdk1.7.0_51/bin/java
01463000-01484000 rw-p 00000000 00:00 0                                  [heap]
77dc00000-77f100000 rw-p 00000000 00:00 0 
77f100000-782e00000 rw-p 00000000 00:00 0 
782e00000-788100000 rw-p 00000000 00:00 0 
788100000-7d6480000 rw-p 00000000 00:00 0 
7d6480000-7d8e80000 rw-p 00000000 00:00 0 
7d8e80000-800000000 rw-p 00000000 00:00 0 
3fb9200000-3fb9220000 r-xp 00000000 09:02 399595                         /lib64/ld-2.12.so
3fb941f000-3fb9420000 r--p 0001f000 09:02 399595                         /lib64/ld-2.12.so
3fb9420000-3fb9421000 rw-p 00020000 09:02 399595                         /lib64/ld-2.12.so
3fb9421000-3fb9422000 rw-p 00000000 00:00 0 
3fb9600000-3fb9683000 r-xp 00000000 09:02 399600                         /lib64/libm-2.12.so
3fb9683000-3fb9882000 ---p 00083000 09:02 399600                         /lib64/libm-2.12.so
3fb9882000-3fb9883000 r--p 00082000 09:02 399600                         /lib64/libm-2.12.so
3fb9883000-3fb9884000 rw-p 00083000 09:02 399600                         /lib64/libm-2.12.so
3fb9a00000-3fb9b8b000 r-xp 00000000 09:02 399596                         /lib64/libc-2.12.so
3fb9b8b000-3fb9d8a000 ---p 0018b000 09:02 399596                         /lib64/libc-2.12.so
3fb9d8a000-3fb9d8e000 r--p 0018a000 09:02 399596                         /lib64/libc-2.12.so
3fb9d8e000-3fb9d8f000 rw-p 0018e000 09:02 399596                         /lib64/libc-2.12.so
3fb9d8f000-3fb9d94000 rw-p 00000000 00:00 0 
3fb9e00000-3fb9e17000 r-xp 00000000 09:02 399598                         /lib64/libpthread-2.12.so
3fb9e17000-3fba017000 ---p 00017000 09:02 399598                         /lib64/libpthread-2.12.so
3fba017000-3fba018000 r--p 00017000 09:02 399598                         /lib64/libpthread-2.12.so
3fba018000-3fba019000 rw-p 00018000 09:02 399598                         /lib64/libpthread-2.12.so
3fba019000-3fba01d000 rw-p 00000000 00:00 0 
3fba200000-3fba202000 r-xp 00000000 09:02 399599                         /lib64/libdl-2.12.so
3fba202000-3fba402000 ---p 00002000 09:02 399599                         /lib64/libdl-2.12.so
3fba402000-3fba403000 r--p 00002000 09:02 399599                         /lib64/libdl-2.12.so
3fba403000-3fba404000 rw-p 00003000 09:02 399599                         /lib64/libdl-2.12.so
3fbaa00000-3fbaa07000 r-xp 00000000 09:02 399602                         /lib64/librt-2.12.so
3fbaa07000-3fbac06000 ---p 00007000 09:02 399602                         /lib64/librt-2.12.so
3fbac06000-3fbac07000 r--p 00006000 09:02 399602                         /lib64/librt-2.12.so
3fbac07000-3fbac08000 rw-p 00007000 09:02 399602                         /lib64/librt-2.12.so
3fbc600000-3fbc61d000 r-xp 00000000 09:02 1736896                        /usr/lib64/libxcb.so.1.1.0
3fbc61d000-3fbc81d000 ---p 0001d000 09:02 1736896                        /usr/lib64/libxcb.so.1.1.0
3fbc81d000-3fbc81e000 rw-p 0001d000 09:02 1736896                        /usr/lib64/libxcb.so.1.1.0
3fbca00000-3fbcb37000 r-xp 00000000 09:02 1736897                        /usr/lib64/libX11.so.6.3.0
3fbcb37000-3fbcd37000 ---p 00137000 09:02 1736897                        /usr/lib64/libX11.so.6.3.0
3fbcd37000-3fbcd3d000 rw-p 00137000 09:02 1736897                        /usr/lib64/libX11.so.6.3.0
3fbce00000-3fbce02000 r-xp 00000000 09:02 1736895                        /usr/lib64/libXau.so.6.0.0
3fbce02000-3fbd002000 ---p 00002000 09:02 1736895                        /usr/lib64/libXau.so.6.0.0
3fbd002000-3fbd003000 rw-p 00002000 09:02 1736895                        /usr/lib64/libXau.so.6.0.0
3fbde00000-3fbde12000 r-xp 00000000 09:02 1736903                        /usr/lib64/libXext.so.6.4.0
3fbde12000-3fbe012000 ---p 00012000 09:02 1736903                        /usr/lib64/libXext.so.6.4.0
3fbe012000-3fbe013000 rw-p 00012000 09:02 1736903                        /usr/lib64/libXext.so.6.4.0
3fbea00000-3fbea09000 r-xp 00000000 09:02 1736898                        /usr/lib64/libXrender.so.1.3.0
3fbea09000-3fbec09000 ---p 00009000 09:02 1736898                        /usr/lib64/libXrender.so.1.3.0
3fbec09000-3fbec0a000 rw-p 00009000 09:02 1736898                        /usr/lib64/libXrender.so.1.3.0
3fbee00000-3fbee0e000 r-xp 00000000 09:02 1736905                        /usr/lib64/libXi.so.6.1.0
3fbee0e000-3fbf00e000 ---p 0000e000 09:02 1736905                        /usr/lib64/libXi.so.6.1.0
3fbf00e000-3fbf00f000 rw-p 0000e000 09:02 1736905                        /usr/lib64/libXi.so.6.1.0
3fc0a00000-3fc0a05000 r-xp 00000000 09:02 1736907                        /usr/lib64/libXfixes.so.3.1.0
3fc0a05000-3fc0c05000 ---p 00005000 09:02 1736907                        /usr/lib64/libXfixes.so.3.1.0
3fc0c05000-3fc0c06000 rw-p 00005000 09:02 1736907                        /usr/lib64/libXfixes.so.3.1.0
3fc2600000-3fc2609000 r-xp 00000000 09:02 1736908                        /usr/lib64/libXcursor.so.1.0.2
3fc2609000-3fc2809000 ---p 00009000 09:02 1736908                        /usr/lib64/libXcursor.so.1.0.2
3fc2809000-3fc280a000 rw-p 00009000 09:02 1736908                        /usr/lib64/libXcursor.so.1.0.2
3fc5e00000-3fc5e16000 r-xp 00000000 09:02 399616                         /lib64/libgcc_s-4.4.7-20120601.so.1
3fc5e16000-3fc6015000 ---p 00016000 09:02 399616                         /lib64/libgcc_s-4.4.7-20120601.so.1
3fc6015000-3fc6016000 rw-p 00015000 09:02 399616                         /lib64/libgcc_s-4.4.7-20120601.so.1
3fc8600000-3fc8605000 r-xp 00000000 09:02 1718247                        /usr/lib64/libXtst.so.6.1.0
3fc8605000-3fc8805000 ---p 00005000 09:02 1718247                        /usr/lib64/libXtst.so.6.1.0
3fc8805000-3fc8806000 rw-p 00005000 09:02 1718247                        /usr/lib64/libXtst.so.6.1.0
7fb248000000-7fb248021000 rw-p 00000000 00:00 0 
7fb248021000-7fb24c000000 ---p 00000000 00:00 0 
7fb24c000000-7fb24c021000 rw-p 00000000 00:00 0 
7fb24c021000-7fb250000000 ---p 00000000 00:00 0 
7fb250000000-7fb250021000 rw-p 00000000 00:00 0 
7fb250021000-7fb254000000 ---p 00000000 00:00 0 
7fb254000000-7fb254448000 rw-p 00000000 00:00 0 
7fb254448000-7fb258000000 ---p 00000000 00:00 0 
7fb258000000-7fb258021000 rw-p 00000000 00:00 0 
7fb258021000-7fb25c000000 ---p 00000000 00:00 0 
7fb25c000000-7fb25c021000 rw-p 00000000 00:00 0 
7fb25c021000-7fb260000000 ---p 00000000 00:00 0 
7fb260000000-7fb260021000 rw-p 00000000 00:00 0 
7fb260021000-7fb264000000 ---p 00000000 00:00 0 
7fb264000000-7fb264021000 rw-p 00000000 00:00 0 
7fb264021000-7fb268000000 ---p 00000000 00:00 0 
7fb268000000-7fb26878d000 rw-p 00000000 00:00 0 
7fb26878d000-7fb26c000000 ---p 00000000 00:00 0 
7fb26c000000-7fb26c672000 rw-p 00000000 00:00 0 
7fb26c672000-7fb270000000 ---p 00000000 00:00 0 
7fb270000000-7fb270021000 rw-p 00000000 00:00 0 
7fb270021000-7fb274000000 ---p 00000000 00:00 0 
7fb274000000-7fb274021000 rw-p 00000000 00:00 0 
7fb274021000-7fb278000000 ---p 00000000 00:00 0 
7fb278000000-7fb278021000 rw-p 00000000 00:00 0 
7fb278021000-7fb27c000000 ---p 00000000 00:00 0 
7fb27c000000-7fb27c045000 rw-p 00000000 00:00 0 
7fb27c045000-7fb280000000 ---p 00000000 00:00 0 
7fb280000000-7fb280021000 rw-p 00000000 00:00 0 
7fb280021000-7fb284000000 ---p 00000000 00:00 0 
7fb284000000-7fb284021000 rw-p 00000000 00:00 0 
7fb284021000-7fb288000000 ---p 00000000 00:00 0 
7fb288000000-7fb288021000 rw-p 00000000 00:00 0 
7fb288021000-7fb28c000000 ---p 00000000 00:00 0 
7fb28fee0000-7fb294000000 rw-p 00000000 00:00 0 
7fb294000000-7fb294021000 rw-p 00000000 00:00 0 
7fb294021000-7fb298000000 ---p 00000000 00:00 0 
7fb29c000000-7fb29c021000 rw-p 00000000 00:00 0 
7fb29c021000-7fb2a0000000 ---p 00000000 00:00 0 
7fb2a4000000-7fb2a4021000 rw-p 00000000 00:00 0 
7fb2a4021000-7fb2a8000000 ---p 00000000 00:00 0 
7fb2a9e3a000-7fb2a9fa5000 rw-p 00000000 00:00 0 
7fb2a9fa5000-7fb2a9fa8000 ---p 00000000 00:00 0 
7fb2a9fa8000-7fb2aa0a6000 rw-p 00000000 00:00 0 
7fb2aa0a6000-7fb2aa0a9000 ---p 00000000 00:00 0 
7fb2aa0a9000-7fb2aa1a7000 rw-p 00000000 00:00 0 
7fb2aa1a7000-7fb2aa20f000 r-xp 00000000 09:02 1852112                    /usr/java/jdk1.7.0_51/jre/lib/amd64/libt2k.so
7fb2aa20f000-7fb2aa40f000 ---p 00068000 09:02 1852112                    /usr/java/jdk1.7.0_51/jre/lib/amd64/libt2k.so
7fb2aa40f000-7fb2aa416000 rw-p 00068000 09:02 1852112                    /usr/java/jdk1.7.0_51/jre/lib/amd64/libt2k.so
7fb2aa416000-7fb2aa426000 rw-p 00000000 00:00 0 
7fb2aa426000-7fb2aa436000 r-xp 00000000 09:02 1852104                    /usr/java/jdk1.7.0_51/jre/lib/amd64/libnio.so
7fb2aa436000-7fb2aa636000 ---p 00010000 09:02 1852104                    /usr/java/jdk1.7.0_51/jre/lib/amd64/libnio.so
7fb2aa636000-7fb2aa637000 rw-p 00010000 09:02 1852104                    /usr/java/jdk1.7.0_51/jre/lib/amd64/libnio.so
7fb2aa637000-7fb2aa64d000 r-xp 00000000 09:02 1852103                    /usr/java/jdk1.7.0_51/jre/lib/amd64/libnet.so
7fb2aa64d000-7fb2aa84d000 ---p 00016000 09:02 1852103                    /usr/java/jdk1.7.0_51/jre/lib/amd64/libnet.so
7fb2aa84d000-7fb2aa84e000 rw-p 00016000 09:02 1852103                    /usr/java/jdk1.7.0_51/jre/lib/amd64/libnet.so
7fb2aa84e000-7fb2aa8b3000 r-xp 00000000 09:02 1852075                    /usr/java/jdk1.7.0_51/jre/lib/amd64/libfontmanager.so
7fb2aa8b3000-7fb2aaab2000 ---p 00065000 09:02 1852075                    /usr/java/jdk1.7.0_51/jre/lib/amd64/libfontmanager.so
7fb2aaab2000-7fb2aaab6000 rw-p 00064000 09:02 1852075                    /usr/java/jdk1.7.0_51/jre/lib/amd64/libfontmanager.so
7fb2aaab6000-7fb2aaac7000 rw-p 00000000 00:00 0 
7fb2aaac7000-7fb2aaaca000 ---p 00000000 00:00 0 
7fb2aaaca000-7fb2aabc8000 rw-p 00000000 00:00 0 
7fb2aabc8000-7fb2aabcb000 ---p 00000000 00:00 0 
7fb2aabcb000-7fb2aacc9000 rw-p 00000000 00:00 0 
7fb2aacc9000-7fb2aaccc000 ---p 00000000 00:00 0 
7fb2aaccc000-7fb2aadca000 rw-p 00000000 00:00 0 
7fb2aadca000-7fb2aadcd000 ---p 00000000 00:00 0 
7fb2aadcd000-7fb2aaecb000 rw-p 00000000 00:00 0 
7fb2aaecb000-7fb2aaf1b000 r-xp 00000000 09:02 1852121                    /usr/java/jdk1.7.0_51/jre/lib/amd64/xawt/libmawt.so
7fb2aaf1b000-7fb2ab11b000 ---p 00050000 09:02 1852121                    /usr/java/jdk1.7.0_51/jre/lib/amd64/xawt/libmawt.so
7fb2ab11b000-7fb2ab11f000 rw-p 00050000 09:02 1852121                    /usr/java/jdk1.7.0_51/jre/lib/amd64/xawt/libmawt.so
7fb2ab11f000-7fb2ab120000 rw-p 00000000 00:00 0 
7fb2ab120000-7fb2ab1c2000 r-xp 00000000 09:02 1852071                    /usr/java/jdk1.7.0_51/jre/lib/amd64/libawt.so
7fb2ab1c2000-7fb2ab3c2000 ---p 000a2000 09:02 1852071                    /usr/java/jdk1.7.0_51/jre/lib/amd64/libawt.so
7fb2ab3c2000-7fb2ab3ce000 rw-p 000a2000 09:02 1852071                    /usr/java/jdk1.7.0_51/jre/lib/amd64/libawt.so
7fb2ab3ce000-7fb2ab3f2000 rw-p 00000000 00:00 0 
7fb2ab3f2000-7fb2ab3f3000 ---p 00000000 00:00 0 
7fb2ab3f3000-7fb2ab4f3000 rw-p 00000000 00:00 0 
7fb2ab4f3000-7fb2ab4f6000 ---p 00000000 00:00 0 
7fb2ab4f6000-7fb2ab5f4000 rw-p 00000000 00:00 0 
7fb2ab5f4000-7fb2ab5f7000 ---p 00000000 00:00 0 
7fb2ab5f7000-7fb2ab6f5000 rw-p 00000000 00:00 0 
7fb2ab6f5000-7fb2ab6f8000 ---p 00000000 00:00 0 
7fb2ab6f8000-7fb2ab7f6000 rw-p 00000000 00:00 0 
7fb2ab7f6000-7fb2ab7f9000 ---p 00000000 00:00 0 
7fb2ab7f9000-7fb2ab8f7000 rw-p 00000000 00:00 0 
7fb2ab8f7000-7fb2ab8fa000 ---p 00000000 00:00 0 
7fb2ab8fa000-7fb2ab9f8000 rw-p 00000000 00:00 0 
7fb2ab9f8000-7fb2ab9fb000 ---p 00000000 00:00 0 
7fb2ab9fb000-7fb2abaf9000 rw-p 00000000 00:00 0 
7fb2abaf9000-7fb2abafd000 r-xp 00000000 09:02 1852074                    /usr/java/jdk1.7.0_51/jre/lib/amd64/libdt_socket.so
7fb2abafd000-7fb2abcfc000 ---p 00004000 09:02 1852074                    /usr/java/jdk1.7.0_51/jre/lib/amd64/libdt_socket.so
7fb2abcfc000-7fb2abcfd000 rw-p 00003000 09:02 1852074                    /usr/java/jdk1.7.0_51/jre/lib/amd64/libdt_socket.so
7fb2abcfd000-7fb2abd00000 ---p 00000000 00:00 0 
7fb2abd00000-7fb2abdfe000 rw-p 00000000 00:00 0 
7fb2abdfe000-7fb2abe01000 ---p 00000000 00:00 0 
7fb2abe01000-7fb2abeff000 rw-p 00000000 00:00 0 
7fb2abeff000-7fb2abf02000 ---p 00000000 00:00 0 
7fb2abf02000-7fb2ac000000 rw-p 00000000 00:00 0 
7fb2ac000000-7fb2ac021000 rw-p 00000000 00:00 0 
7fb2ac021000-7fb2b0000000 ---p 00000000 00:00 0 
7fb2b0041000-7fb2b004c000 r--s 000af000 09:02 1852359                    /usr/java/jdk1.7.0_51/jre/lib/resources.jar
7fb2b004c000-7fb2b006c000 rw-s 00000000 00:04 12484634                   /SYSV00000000 (deleted)
7fb2b006c000-7fb2b009d000 rw-p 00000000 00:00 0 
7fb2b009d000-7fb2b00a9000 r--s 0006a000 00:13 193274032643               /auto/users/lindell/classes/git/record_indexer/lib/xstream-1.4.2.jar
7fb2b00a9000-7fb2b00ae000 r--s 00309000 00:13 193274032642               /auto/users/lindell/classes/git/record_indexer/lib/sqlite-jdbc-3.7.2.jar
7fb2b00ae000-7fb2b00b4000 r--s 00034000 00:13 193274032641               /auto/users/lindell/classes/git/record_indexer/lib/junit-4.8.2.jar
7fb2b00b4000-7fb2b00b8000 r--s 0002a000 00:13 197579983280               /auto/users/lindell/classes/git/record_indexer/lib/commons-io-2.4.jar
7fb2b00b8000-7fb2b00bf000 r--s 000aa000 00:13 77321292650                /auto/users/lindell/classes/git/record_indexer/lib/commons-io-2.4-javadoc.jar
7fb2b00bf000-7fb2b00c5000 r--s 00036000 00:13 120261783877               /auto/users/lindell/bin/eclipse/plugins/org.junit_4.11.0.v201303080030/junit.jar
7fb2b00c5000-7fb2b00c6000 ---p 00000000 00:00 0 
7fb2b00c6000-7fb2b11c5000 rw-p 00000000 00:00 0 
7fb2b11c5000-7fb2b1382000 r--s 039bf000 09:02 1852817                    /usr/java/jdk1.7.0_51/jre/lib/rt.jar
7fb2b1382000-7fb2b180a000 rw-p 00000000 00:00 0 
7fb2b180a000-7fb2b180b000 ---p 00000000 00:00 0 
7fb2b180b000-7fb2b190b000 rw-p 00000000 00:00 0 
7fb2b190b000-7fb2b190c000 ---p 00000000 00:00 0 
7fb2b190c000-7fb2b1a0c000 rw-p 00000000 00:00 0 
7fb2b1a0c000-7fb2b1a0d000 ---p 00000000 00:00 0 
7fb2b1a0d000-7fb2b1b0d000 rw-p 00000000 00:00 0 
7fb2b1b0d000-7fb2b1b0e000 ---p 00000000 00:00 0 
7fb2b1b0e000-7fb2b1c38000 rw-p 00000000 00:00 0 
7fb2b1c38000-7fb2b1eaa000 rw-p 00000000 00:00 0 
7fb2b1eaa000-7fb2b1eb5000 rw-p 00000000 00:00 0 
7fb2b1eb5000-7fb2b1ed3000 rw-p 00000000 00:00 0 
7fb2b1ed3000-7fb2b1efd000 rw-p 00000000 00:00 0 
7fb2b1efd000-7fb2b216e000 rw-p 00000000 00:00 0 
7fb2b216e000-7fb2b2184000 rw-p 00000000 00:00 0 
7fb2b2184000-7fb2b22bc000 rw-p 00000000 00:00 0 
7fb2b22bc000-7fb2b22bd000 rw-p 00000000 00:00 0 
7fb2b22bd000-7fb2b252d000 rwxp 00000000 00:00 0 
7fb2b252d000-7fb2b52bd000 rw-p 00000000 00:00 0 
7fb2b52bd000-7fb2b52d7000 r-xp 00000000 09:02 1852115                    /usr/java/jdk1.7.0_51/jre/lib/amd64/libzip.so
7fb2b52d7000-7fb2b54d7000 ---p 0001a000 09:02 1852115                    /usr/java/jdk1.7.0_51/jre/lib/amd64/libzip.so
7fb2b54d7000-7fb2b54d8000 rw-p 0001a000 09:02 1852115                    /usr/java/jdk1.7.0_51/jre/lib/amd64/libzip.so
7fb2b54d8000-7fb2b5b56000 r--s 00000000 09:02 1048685                    /var/lib/sss/mc/passwd
7fb2b5b56000-7fb2b5b5d000 r-xp 00000000 09:02 393435                     /lib64/libnss_sss.so.2
7fb2b5b5d000-7fb2b5d5d000 ---p 00007000 09:02 393435                     /lib64/libnss_sss.so.2
7fb2b5d5d000-7fb2b5d5e000 rw-p 00007000 09:02 393435                     /lib64/libnss_sss.so.2
7fb2b5d5e000-7fb2b5d6a000 r-xp 00000000 09:02 393246                     /lib64/libnss_files-2.12.so
7fb2b5d6a000-7fb2b5f6a000 ---p 0000c000 09:02 393246                     /lib64/libnss_files-2.12.so
7fb2b5f6a000-7fb2b5f6b000 r--p 0000c000 09:02 393246                     /lib64/libnss_files-2.12.so
7fb2b5f6b000-7fb2b5f6c000 rw-p 0000d000 09:02 393246                     /lib64/libnss_files-2.12.so
7fb2b5f6c000-7fb2bbdfd000 r--p 00000000 09:02 1705722                    /usr/lib/locale/locale-archive
7fb2bbdfd000-7fb2bbe00000 r-xp 00000000 09:02 1852106                    /usr/java/jdk1.7.0_51/jre/lib/amd64/libnpt.so
7fb2bbe00000-7fb2bbfff000 ---p 00003000 09:02 1852106                    /usr/java/jdk1.7.0_51/jre/lib/amd64/libnpt.so
7fb2bbfff000-7fb2bc000000 rw-p 00002000 09:02 1852106                    /usr/java/jdk1.7.0_51/jre/lib/amd64/libnpt.so
7fb2bc000000-7fb2bc1a9000 rw-p 00000000 00:00 0 
7fb2bc1a9000-7fb2c0000000 ---p 00000000 00:00 0 
7fb2c0000000-7fb2c00b7000 rw-p 00000000 00:00 0 
7fb2c00b7000-7fb2c00d5000 rw-p 00000000 00:00 0 
7fb2c00d5000-7fb2c00df000 rw-p 00000000 00:00 0 
7fb2c00df000-7fb2c0195000 rw-p 00000000 00:00 0 
7fb2c0195000-7fb2c01ce000 r-xp 00000000 09:02 1852091                    /usr/java/jdk1.7.0_51/jre/lib/amd64/libjdwp.so
7fb2c01ce000-7fb2c03ce000 ---p 00039000 09:02 1852091                    /usr/java/jdk1.7.0_51/jre/lib/amd64/libjdwp.so
7fb2c03ce000-7fb2c03cf000 rw-p 00039000 09:02 1852091                    /usr/java/jdk1.7.0_51/jre/lib/amd64/libjdwp.so
7fb2c03cf000-7fb2c03d0000 rw-p 00000000 00:00 0 
7fb2c03d0000-7fb2c03f9000 r-xp 00000000 09:02 1852085                    /usr/java/jdk1.7.0_51/jre/lib/amd64/libjava.so
7fb2c03f9000-7fb2c05f9000 ---p 00029000 09:02 1852085                    /usr/java/jdk1.7.0_51/jre/lib/amd64/libjava.so
7fb2c05f9000-7fb2c05fb000 rw-p 00029000 09:02 1852085                    /usr/java/jdk1.7.0_51/jre/lib/amd64/libjava.so
7fb2c05fb000-7fb2c0608000 r-xp 00000000 09:02 1852114                    /usr/java/jdk1.7.0_51/jre/lib/amd64/libverify.so
7fb2c0608000-7fb2c0807000 ---p 0000d000 09:02 1852114                    /usr/java/jdk1.7.0_51/jre/lib/amd64/libverify.so
7fb2c0807000-7fb2c0809000 rw-p 0000c000 09:02 1852114                    /usr/java/jdk1.7.0_51/jre/lib/amd64/libverify.so
7fb2c0809000-7fb2c080c000 ---p 00000000 00:00 0 
7fb2c080c000-7fb2c090a000 rw-p 00000000 00:00 0 
7fb2c090a000-7fb2c146c000 r-xp 00000000 09:02 1852119                    /usr/java/jdk1.7.0_51/jre/lib/amd64/server/libjvm.so
7fb2c146c000-7fb2c166c000 ---p 00b62000 09:02 1852119                    /usr/java/jdk1.7.0_51/jre/lib/amd64/server/libjvm.so
7fb2c166c000-7fb2c172f000 rw-p 00b62000 09:02 1852119                    /usr/java/jdk1.7.0_51/jre/lib/amd64/server/libjvm.so
7fb2c172f000-7fb2c1773000 rw-p 00000000 00:00 0 
7fb2c1773000-7fb2c1789000 r-xp 00000000 09:02 145503                     /usr/java/jdk1.7.0_51/lib/amd64/jli/libjli.so
7fb2c1789000-7fb2c1989000 ---p 00016000 09:02 145503                     /usr/java/jdk1.7.0_51/lib/amd64/jli/libjli.so
7fb2c1989000-7fb2c198a000 rw-p 00016000 09:02 145503                     /usr/java/jdk1.7.0_51/lib/amd64/jli/libjli.so
7fb2c198a000-7fb2c198c000 rw-p 00000000 00:00 0 
7fb2c198c000-7fb2c198d000 rw-p 00000000 00:00 0 
7fb2c198d000-7fb2c198f000 r--s 0000c000 00:13 21489152252                /auto/users/lindell/bin/eclipse/plugins/org.hamcrest.core_1.3.0.v201303031735.jar
7fb2c198f000-7fb2c1996000 r--s 00000000 09:02 1705980                    /usr/lib64/gconv/gconv-modules.cache
7fb2c1996000-7fb2c199e000 rw-s 00000000 09:03 7602180                    /tmp/hsperfdata_lindell/17124
7fb2c199e000-7fb2c199f000 rw-p 00000000 00:00 0 
7fb2c199f000-7fb2c19a0000 r--p 00000000 00:00 0 
7fb2c19a0000-7fb2c19a1000 rw-p 00000000 00:00 0 
7fb2c19a1000-7fb2c19a2000 r-xp 00000000 00:00 0                          [vdso]
7fff187eb000-7fff18800000 rw-p 00000000 00:00 0                          [stack]
ffffffffff600000-ffffffffff601000 r-xp 00000000 00:00 0                  [vsyscall]

VM Arguments:
jvm_args: -agentlib:jdwp=transport=dt_socket,suspend=y,address=localhost:38441 -Dfile.encoding=UTF-8 
java_command: client.gui.RecordIndexer localhost 39640
Launcher Type: SUN_STANDARD

Environment Variables:
PATH=/auto/users/lindell/bin/eclipse:/auto/users/lindell/bin:/auto/app/anaconda/envs/py34/bin:/usr/lib64/qt-3.3/bin:/usr/local/bin:/usr/bin:/bin:/usr/local/sbin:/usr/sbin:/sbin
USERNAME=lindell
SHELL=/bin/bash
DISPLAY=:0.0

Signal Handlers:
SIGSEGV: [libjvm.so+0x993870], sa_mask[0]=0x7ffbfeff, sa_flags=0x10000004
SIGBUS: [libjvm.so+0x993870], sa_mask[0]=0x7ffbfeff, sa_flags=0x10000004
SIGFPE: [libjvm.so+0x8105b0], sa_mask[0]=0x7ffbfeff, sa_flags=0x10000004
SIGPIPE: [libjvm.so+0x8105b0], sa_mask[0]=0x7ffbfeff, sa_flags=0x10000004
SIGXFSZ: [libjvm.so+0x8105b0], sa_mask[0]=0x7ffbfeff, sa_flags=0x10000004
SIGILL: [libjvm.so+0x8105b0], sa_mask[0]=0x7ffbfeff, sa_flags=0x10000004
SIGUSR1: SIG_DFL, sa_mask[0]=0x00000000, sa_flags=0x00000000
SIGUSR2: [libjvm.so+0x811aa0], sa_mask[0]=0x00000004, sa_flags=0x10000004
SIGHUP: [libjvm.so+0x812a10], sa_mask[0]=0x7ffbfeff, sa_flags=0x10000004
SIGINT: [libjvm.so+0x812a10], sa_mask[0]=0x7ffbfeff, sa_flags=0x10000004
SIGTERM: [libjvm.so+0x812a10], sa_mask[0]=0x7ffbfeff, sa_flags=0x10000004
SIGQUIT: [libjvm.so+0x812a10], sa_mask[0]=0x7ffbfeff, sa_flags=0x10000004


---------------  S Y S T E M  ---------------

OS:Red Hat Enterprise Linux Server release 6.5 (Santiago)

uname:Linux 2.6.32-431.17.1.el6.x86_64 #1 SMP Fri Apr 11 17:27:00 EDT 2014 x86_64
libc:glibc 2.12 NPTL 2.12 
rlimit: STACK 10240k, CORE 0k, NPROC 1024, NOFILE 4096, AS infinity
load average:0.08 0.37 0.33

/proc/meminfo:
MemTotal:        8193028 kB
MemFree:         5329020 kB
Buffers:           79836 kB
Cached:           828412 kB
SwapCached:            0 kB
Active:          1958924 kB
Inactive:         670484 kB
Active(anon):    1721840 kB
Inactive(anon):    10688 kB
Active(file):     237084 kB
Inactive(file):   659796 kB
Unevictable:           0 kB
Mlocked:               0 kB
SwapTotal:       8387576 kB
SwapFree:        8387576 kB
Dirty:               120 kB
Writeback:             0 kB
AnonPages:       1721132 kB
Mapped:           203368 kB
Shmem:             11372 kB
Slab:              82252 kB
SReclaimable:      38236 kB
SUnreclaim:        44016 kB
KernelStack:        4264 kB
PageTables:        43548 kB
NFS_Unstable:          0 kB
Bounce:                0 kB
WritebackTmp:          0 kB
CommitLimit:    12484088 kB
Committed_AS:    3637320 kB
VmallocTotal:   34359738367 kB
VmallocUsed:       66620 kB
VmallocChunk:   34353958908 kB
HardwareCorrupted:     0 kB
AnonHugePages:   1142784 kB
HugePages_Total:       0
HugePages_Free:        0
HugePages_Rsvd:        0
HugePages_Surp:        0
Hugepagesize:       2048 kB
DirectMap4k:      104420 kB
DirectMap2M:     8284160 kB


CPU:total 4 (2 cores per cpu, 1 threads per core) family 15 model 33 stepping 2, cmov, cx8, fxsr, mmx, sse, sse2, sse3, mmxext, 3dnowpref, tsc

/proc/cpuinfo:
processor	: 0
vendor_id	: AuthenticAMD
cpu family	: 15
model		: 33
model name	: Dual Core AMD Opteron(tm) Processor 270
stepping	: 2
cpu MHz		: 1994.715
cache size	: 1024 KB
physical id	: 0
siblings	: 2
core id		: 0
cpu cores	: 2
apicid		: 0
initial apicid	: 0
fpu		: yes
fpu_exception	: yes
cpuid level	: 1
wp		: yes
flags		: fpu vme de pse tsc msr pae mce cx8 apic sep mtrr pge mca cmov pat pse36 clflush mmx fxsr sse sse2 ht syscall nx mmxext fxsr_opt lm 3dnowext 3dnow rep_good pni lahf_lm cmp_legacy
bogomips	: 3989.43
TLB size	: 1024 4K pages
clflush size	: 64
cache_alignment	: 64
address sizes	: 40 bits physical, 48 bits virtual
power management: ts fid vid ttp

processor	: 1
vendor_id	: AuthenticAMD
cpu family	: 15
model		: 33
model name	: Dual Core AMD Opteron(tm) Processor 270
stepping	: 2
cpu MHz		: 1994.715
cache size	: 1024 KB
physical id	: 0
siblings	: 2
core id		: 1
cpu cores	: 2
apicid		: 1
initial apicid	: 1
fpu		: yes
fpu_exception	: yes
cpuid level	: 1
wp		: yes
flags		: fpu vme de pse tsc msr pae mce cx8 apic sep mtrr pge mca cmov pat pse36 clflush mmx fxsr sse sse2 ht syscall nx mmxext fxsr_opt lm 3dnowext 3dnow rep_good pni lahf_lm cmp_legacy
bogomips	: 3988.56
TLB size	: 1024 4K pages
clflush size	: 64
cache_alignment	: 64
address sizes	: 40 bits physical, 48 bits virtual
power management: ts fid vid ttp

processor	: 2
vendor_id	: AuthenticAMD
cpu family	: 15
model		: 33
model name	: Dual Core AMD Opteron(tm) Processor 270
stepping	: 2
cpu MHz		: 1994.715
cache size	: 1024 KB
physical id	: 1
siblings	: 2
core id		: 0
cpu cores	: 2
apicid		: 2
initial apicid	: 2
fpu		: yes
fpu_exception	: yes
cpuid level	: 1
wp		: yes
flags		: fpu vme de pse tsc msr pae mce cx8 apic sep mtrr pge mca cmov pat pse36 clflush mmx fxsr sse sse2 ht syscall nx mmxext fxsr_opt lm 3dnowext 3dnow rep_good pni lahf_lm cmp_legacy
bogomips	: 3988.58
TLB size	: 1024 4K pages
clflush size	: 64
cache_alignment	: 64
address sizes	: 40 bits physical, 48 bits virtual
power management: ts fid vid ttp

processor	: 3
vendor_id	: AuthenticAMD
cpu family	: 15
model		: 33
model name	: Dual Core AMD Opteron(tm) Processor 270
stepping	: 2
cpu MHz		: 1994.715
cache size	: 1024 KB
physical id	: 1
siblings	: 2
core id		: 1
cpu cores	: 2
apicid		: 3
initial apicid	: 3
fpu		: yes
fpu_exception	: yes
cpuid level	: 1
wp		: yes
flags		: fpu vme de pse tsc msr pae mce cx8 apic sep mtrr pge mca cmov pat pse36 clflush mmx fxsr sse sse2 ht syscall nx mmxext fxsr_opt lm 3dnowext 3dnow rep_good pni lahf_lm cmp_legacy
bogomips	: 3988.58
TLB size	: 1024 4K pages
clflush size	: 64
cache_alignment	: 64
address sizes	: 40 bits physical, 48 bits virtual
power management: ts fid vid ttp



Memory: 4k page, physical 8193028k(5329020k free), swap 8387576k(8387576k free)

vm_info: Java HotSpot(TM) 64-Bit Server VM (24.51-b03) for linux-amd64 JRE (1.7.0_51-b13), built on Dec 18 2013 18:48:01 by "java_re" with gcc 4.3.0 20080428 (Red Hat 4.3.0-8)

time: Sat Jun 14 22:18:57 2014
elapsed time: 67 seconds

