#
# A fatal error has been detected by the Java Runtime Environment:
#
#  SIGSEGV (0xb) at pc=0x00007f68eef4ede7, pid=14952, tid=140088656549632
#
# JRE version: Java(TM) SE Runtime Environment (7.0_51-b13) (build 1.7.0_51-b13)
# Java VM: Java HotSpot(TM) 64-Bit Server VM (24.51-b03 mixed mode linux-amd64 compressed oops)
# Problematic frame:
# C  [libawt.so+0x30de7]  GetSDOps+0x47
#
# Failed to write core dump. Core dumps have been disabled. To enable core dumping, try "ulimit -c unlimited" before starting Java again
#
# If you would like to submit a bug report, please visit:
#   http://bugreport.sun.com/bugreport/crash.jsp
# The crash happened outside the Java Virtual Machine in native code.
# See problematic frame for where to report the bug.
#

---------------  T H R E A D  ---------------

Current thread (0x00007f6908197000):  JavaThread "AWT-EventQueue-0" [_thread_in_native, id=14983, stack(0x00007f68ee8c5000,0x00007f68ee9c6000)]

siginfo:si_signo=SIGSEGV: si_errno=0, si_code=1 (SEGV_MAPERR), si_addr=0x00007f61ac07b380

Registers:
RAX=0x00007f61ac07b360, RBX=0x00007f69081971e8, RCX=0x0000000000000003, RDX=0x00007f690d58da50
RSP=0x00007f68ee9c0f20, RBP=0x00007f68ee9c0f40, RSI=0x000000077e770190, RDI=0x00007f69081971e8
R8 =0x00007f68ee9c1388, R9 =0x00007f68ee9c1380, R10=0x00007f68fe29d52d, R11=0x00007f690cffdd30
R12=0x00007f68ee9c1398, R13=0x00007f61ac07b360, R14=0x0000000000000001, R15=0x00007f68ee9c1390
RIP=0x00007f68eef4ede7, EFLAGS=0x0000000000010202, CSGSFS=0x0000000000000033, ERR=0x0000000000000004
  TRAPNO=0x000000000000000e

Top of Stack: (sp=0x00007f68ee9c0f20)
0x00007f68ee9c0f20:   00007f68ee9c1388 00007f68ee9c1380
0x00007f68ee9c0f30:   00007f68ee9c1398 00007f69081971e8
0x00007f68ee9c0f40:   00007f68ee9c1220 00007f68eef519ab
0x00007f68ee9c0f50:   000000000000002f 00007f68ee9c0f08
0x00007f68ee9c0f60:   00007f68ee9c0f49 0000000800000002
0x00007f68ee9c0f70:   00007f6908197a00 00000007d7245ff0
0x00007f68ee9c0f80:   00007f6908197a38 00007f6908197a38
0x00007f68ee9c0f90:   00007f6908197a30 00007f6908197a30
0x00007f68ee9c0fa0:   00000007fffffffe 00007f68ee9c11a0
0x00007f68ee9c0fb0:   0000000000000000 00007f6908197000
0x00007f68ee9c0fc0:   407832aaaaaaaaac 40855d5555555556
0x00007f68ee9c0fd0:   4070955555555555 4080055555555554
0x00007f68ee9c0fe0:   000000077dc1d280 0000000000000000
0x00007f68ee9c0ff0:   00007f68ee9c10b0 00007f690cf30a39
0x00007f68ee9c1000:   00007f68ef1c8a70 00007f6908197a08
0x00007f68ee9c1010:   00007f68ee9c11ef 00007f6908197a08
0x00007f68ee9c1020:   00007f690d531e30 0000005000000000
0x00007f68ee9c1030:   0000000000000026 0000000000000000
0x00007f68ee9c1040:   0000000000000000 00007f68bc00a8e0
0x00007f68ee9c1050:   00007f68ee9c1070 00007f690d01a379
0x00007f68ee9c1060:   00007f68ee9c1080 00007f68ee9c10a0
0x00007f68ee9c1070:   00007f68ee9c1090 00007f690d01ac01
0x00007f68ee9c1080:   00007f68ee9c10a0 00007f68ee9c1100
0x00007f68ee9c1090:   00007f68ee9c10e0 00007f690cf1c5fe
0x00007f68ee9c10a0:   00007f690d5106d0 00007f69081414c0
0x00007f68ee9c10b0:   0000000000000067 000000000000000e
0x00007f68ee9c10c0:   00007f6800000000 00007f69081414c1
0x00007f68ee9c10d0:   00007f6908197000 00007f6908197a08
0x00007f68ee9c10e0:   00007f68ee9c11a0 00007f690cd41963
0x00007f68ee9c10f0:   00007f6908197a08 00007f68ee9c13a0
0x00007f68ee9c1100:   00007f690d53c5f0 00007f69081414c0
0x00007f68ee9c1110:   0000000000000066 00007f690cf3174e 

Instructions: (pc=0x00007f68eef4ede7)
0x00007f68eef4edc7:   00 00 00 48 8b 07 48 8b 15 ec 00 28 00 ff 90 28
0x00007f68eef4edd7:   03 00 00 48 85 c0 49 89 c5 74 2e 45 84 f6 74 11
0x00007f68eef4ede7:   48 8b 40 20 48 85 c0 74 08 4c 89 ee 48 89 df ff
0x00007f68eef4edf7:   d0 4c 89 e8 48 8b 1c 24 4c 8b 64 24 08 4c 8b 6c 

Register to memory mapping:

RAX=0x00007f61ac07b360 is an unknown value
RBX=0x00007f69081971e8 is an unknown value
RCX=0x0000000000000003 is an unknown value
RDX=0x00007f690d58da50: <offset 0xe37a50> in /usr/java/jdk1.7.0_51/jre/lib/amd64/server/libjvm.so at 0x00007f690c756000
RSP=0x00007f68ee9c0f20 is pointing into the stack for thread: 0x00007f6908197000
RBP=0x00007f68ee9c0f40 is pointing into the stack for thread: 0x00007f6908197000
RSI=0x000000077e770190 is an oop
{instance class} 
 - klass: {other class}
RDI=0x00007f69081971e8 is an unknown value
R8 =0x00007f68ee9c1388 is pointing into the stack for thread: 0x00007f6908197000
R9 =0x00007f68ee9c1380 is pointing into the stack for thread: 0x00007f6908197000
R10=0x00007f68fe29d52d is at code_begin+1197 in an Interpreter codelet
method entry point (kind = native)  [0x00007f68fe29d080, 0x00007f68fe29de80]  3584 bytes
R11=0x00007f690cffdd30: <offset 0x8a7d30> in /usr/java/jdk1.7.0_51/jre/lib/amd64/server/libjvm.so at 0x00007f690c756000
R12=0x00007f68ee9c1398 is pointing into the stack for thread: 0x00007f6908197000
R13=0x00007f61ac07b360 is an unknown value
R14=0x0000000000000001 is an unknown value
R15=0x00007f68ee9c1390 is pointing into the stack for thread: 0x00007f6908197000


Stack: [0x00007f68ee8c5000,0x00007f68ee9c6000],  sp=0x00007f68ee9c0f20,  free space=1007k
Native frames: (J=compiled Java code, j=interpreted, Vv=VM code, C=native code)
C  [libawt.so+0x30de7]  GetSDOps+0x47
C  [libawt.so+0x339ab]  Java_sun_java2d_loops_ScaledBlit_Scale+0xbb
j  sun.java2d.loops.ScaledBlit.Scale(Lsun/java2d/SurfaceData;Lsun/java2d/SurfaceData;Ljava/awt/Composite;Lsun/java2d/pipe/Region;IIIIDDDD)V+0
j  sun.java2d.pipe.DrawImage.scaleSurfaceData(Lsun/java2d/SunGraphics2D;Lsun/java2d/pipe/Region;Lsun/java2d/SurfaceData;Lsun/java2d/SurfaceData;Lsun/java2d/loops/SurfaceType;Lsun/java2d/loops/SurfaceType;IIIIDDDD)Z+72
j  sun.java2d.pipe.DrawImage.renderImageScale(Lsun/java2d/SunGraphics2D;Ljava/awt/Image;Ljava/awt/Color;IIIIIDDDD)Z+97
j  sun.java2d.pipe.DrawImage.tryCopyOrScale(Lsun/java2d/SunGraphics2D;Ljava/awt/Image;IIIILjava/awt/Color;I[D)Z+176
j  sun.java2d.pipe.DrawImage.transformImage(Lsun/java2d/SunGraphics2D;Ljava/awt/Image;Ljava/awt/geom/AffineTransform;IIIIILjava/awt/Color;)V+97
j  sun.java2d.pipe.DrawImage.scaleImage(Lsun/java2d/SunGraphics2D;Ljava/awt/Image;IIIIIIIILjava/awt/Color;)Z+467
j  sun.java2d.pipe.DrawImage.copyImage(Lsun/java2d/SunGraphics2D;Ljava/awt/Image;IIIIIILjava/awt/Color;)Z+68
j  sun.java2d.pipe.DrawImage.copyImage(Lsun/java2d/SunGraphics2D;Ljava/awt/Image;IIIIIILjava/awt/Color;Ljava/awt/image/ImageObserver;)Z+23
j  sun.java2d.pipe.ValidatePipe.copyImage(Lsun/java2d/SunGraphics2D;Ljava/awt/Image;IIIIIILjava/awt/Color;Ljava/awt/image/ImageObserver;)Z+29
j  sun.java2d.SunGraphics2D.copyImage(Ljava/awt/Image;IIIIIILjava/awt/Color;Ljava/awt/image/ImageObserver;)Z+20
j  sun.java2d.SunGraphics2D.drawImage(Ljava/awt/Image;IIIIIIIILjava/awt/Color;Ljava/awt/image/ImageObserver;)Z+185
j  sun.java2d.SunGraphics2D.drawImage(Ljava/awt/Image;IIIIIIIILjava/awt/image/ImageObserver;)Z+19
j  client.gui.ImagePanel$DrawingImage.draw(Ljava/awt/Graphics2D;)V+52
j  client.gui.ImagePanel.paintComponent(Ljava/awt/Graphics;)V+93
j  javax.swing.JComponent.paint(Ljava/awt/Graphics;)V+286
j  javax.swing.JComponent.paintChildren(Ljava/awt/Graphics;)V+501
j  javax.swing.JSplitPane.paintChildren(Ljava/awt/Graphics;)V+2
j  javax.swing.JComponent.paint(Ljava/awt/Graphics;)V+318
j  javax.swing.JComponent.paintChildren(Ljava/awt/Graphics;)V+501
j  javax.swing.JComponent.paint(Ljava/awt/Graphics;)V+318
j  javax.swing.JComponent.paintChildren(Ljava/awt/Graphics;)V+501
j  javax.swing.JComponent.paint(Ljava/awt/Graphics;)V+318
j  javax.swing.JLayeredPane.paint(Ljava/awt/Graphics;)V+73
j  javax.swing.JComponent.paintChildren(Ljava/awt/Graphics;)V+501
j  javax.swing.JComponent.paintToOffscreen(Ljava/awt/Graphics;IIIIII)V+72
j  javax.swing.BufferStrategyPaintManager.paint(Ljavax/swing/JComponent;Ljavax/swing/JComponent;Ljava/awt/Graphics;IIII)Z+157
j  javax.swing.RepaintManager.paint(Ljavax/swing/JComponent;Ljavax/swing/JComponent;Ljava/awt/Graphics;IIII)V+52
j  javax.swing.JComponent.paint(Ljava/awt/Graphics;)V+221
j  java.awt.GraphicsCallback$PaintCallback.run(Ljava/awt/Component;Ljava/awt/Graphics;)V+2
j  sun.awt.SunGraphicsCallback.runOneComponent(Ljava/awt/Component;Ljava/awt/Rectangle;Ljava/awt/Graphics;Ljava/awt/Shape;I)V+155
j  sun.awt.SunGraphicsCallback.runComponents([Ljava/awt/Component;Ljava/awt/Graphics;I)V+194
j  java.awt.Container.paint(Ljava/awt/Graphics;)V+58
j  java.awt.Window.paint(Ljava/awt/Graphics;)V+68
j  javax.swing.RepaintManager$3.run()Ljava/lang/Void;+136
j  javax.swing.RepaintManager$3.run()Ljava/lang/Object;+1
v  ~StubRoutines::call_stub
V  [libjvm.so+0x5f8465]  JavaCalls::call_helper(JavaValue*, methodHandle*, JavaCallArguments*, Thread*)+0x365
V  [libjvm.so+0x5f6ec8]  JavaCalls::call(JavaValue*, methodHandle, JavaCallArguments*, Thread*)+0x28
V  [libjvm.so+0x67cc64]  JVM_DoPrivileged+0x2a4
j  java.security.AccessController.doPrivileged(Ljava/security/PrivilegedAction;Ljava/security/AccessControlContext;)Ljava/lang/Object;+0
j  java.security.ProtectionDomain$1.doIntersectionPrivilege(Ljava/security/PrivilegedAction;Ljava/security/AccessControlContext;Ljava/security/AccessControlContext;)Ljava/lang/Object;+28
j  javax.swing.RepaintManager.paintDirtyRegions(Ljava/util/Map;)V+154
j  javax.swing.RepaintManager.paintDirtyRegions()V+46
j  javax.swing.RepaintManager.prePaintDirtyRegions()V+73
j  javax.swing.RepaintManager.access$1100(Ljavax/swing/RepaintManager;)V+1
j  javax.swing.RepaintManager$ProcessingRunnable.run()V+37
j  java.awt.event.InvocationEvent.dispatch()V+47
j  java.awt.EventQueue.dispatchEventImpl(Ljava/awt/AWTEvent;Ljava/lang/Object;)V+21
j  java.awt.EventQueue.access$200(Ljava/awt/EventQueue;Ljava/awt/AWTEvent;Ljava/lang/Object;)V+3
j  java.awt.EventQueue$3.run()Ljava/lang/Void;+12
j  java.awt.EventQueue$3.run()Ljava/lang/Object;+1
v  ~StubRoutines::call_stub
V  [libjvm.so+0x5f8465]  JavaCalls::call_helper(JavaValue*, methodHandle*, JavaCallArguments*, Thread*)+0x365
V  [libjvm.so+0x5f6ec8]  JavaCalls::call(JavaValue*, methodHandle, JavaCallArguments*, Thread*)+0x28
V  [libjvm.so+0x67cc64]  JVM_DoPrivileged+0x2a4
j  java.security.AccessController.doPrivileged(Ljava/security/PrivilegedAction;Ljava/security/AccessControlContext;)Ljava/lang/Object;+0
j  java.security.ProtectionDomain$1.doIntersectionPrivilege(Ljava/security/PrivilegedAction;Ljava/security/AccessControlContext;Ljava/security/AccessControlContext;)Ljava/lang/Object;+28
j  java.awt.EventQueue.dispatchEvent(Ljava/awt/AWTEvent;)V+46
j  java.awt.EventDispatchThread.pumpOneEventForFilters(I)V+245
j  java.awt.EventDispatchThread.pumpEventsForFilter(ILjava/awt/Conditional;Ljava/awt/EventFilter;)V+35
j  java.awt.EventDispatchThread.pumpEventsForHierarchy(ILjava/awt/Conditional;Ljava/awt/Component;)V+11
j  java.awt.EventDispatchThread.pumpEvents(ILjava/awt/Conditional;)V+4
j  java.awt.EventDispatchThread.pumpEvents(Ljava/awt/Conditional;)V+3
j  java.awt.EventDispatchThread.run()V+9
v  ~StubRoutines::call_stub
V  [libjvm.so+0x5f8465]  JavaCalls::call_helper(JavaValue*, methodHandle*, JavaCallArguments*, Thread*)+0x365
V  [libjvm.so+0x5f6ec8]  JavaCalls::call(JavaValue*, methodHandle, JavaCallArguments*, Thread*)+0x28
V  [libjvm.so+0x5f7197]  JavaCalls::call_virtual(JavaValue*, KlassHandle, Symbol*, Symbol*, JavaCallArguments*, Thread*)+0x197
V  [libjvm.so+0x5f72b7]  JavaCalls::call_virtual(JavaValue*, Handle, KlassHandle, Symbol*, Symbol*, Thread*)+0x47
V  [libjvm.so+0x6731c5]  thread_entry(JavaThread*, Thread*)+0xe5
V  [libjvm.so+0x94d5ff]  JavaThread::thread_main_inner()+0xdf
V  [libjvm.so+0x94d705]  JavaThread::run()+0xf5
V  [libjvm.so+0x815538]  java_start(Thread*)+0x108

Java frames: (J=compiled Java code, j=interpreted, Vv=VM code)
j  sun.java2d.loops.ScaledBlit.Scale(Lsun/java2d/SurfaceData;Lsun/java2d/SurfaceData;Ljava/awt/Composite;Lsun/java2d/pipe/Region;IIIIDDDD)V+0
j  sun.java2d.pipe.DrawImage.scaleSurfaceData(Lsun/java2d/SunGraphics2D;Lsun/java2d/pipe/Region;Lsun/java2d/SurfaceData;Lsun/java2d/SurfaceData;Lsun/java2d/loops/SurfaceType;Lsun/java2d/loops/SurfaceType;IIIIDDDD)Z+72
j  sun.java2d.pipe.DrawImage.renderImageScale(Lsun/java2d/SunGraphics2D;Ljava/awt/Image;Ljava/awt/Color;IIIIIDDDD)Z+97
j  sun.java2d.pipe.DrawImage.tryCopyOrScale(Lsun/java2d/SunGraphics2D;Ljava/awt/Image;IIIILjava/awt/Color;I[D)Z+176
j  sun.java2d.pipe.DrawImage.transformImage(Lsun/java2d/SunGraphics2D;Ljava/awt/Image;Ljava/awt/geom/AffineTransform;IIIIILjava/awt/Color;)V+97
j  sun.java2d.pipe.DrawImage.scaleImage(Lsun/java2d/SunGraphics2D;Ljava/awt/Image;IIIIIIIILjava/awt/Color;)Z+467
j  sun.java2d.pipe.DrawImage.copyImage(Lsun/java2d/SunGraphics2D;Ljava/awt/Image;IIIIIILjava/awt/Color;)Z+68
j  sun.java2d.pipe.DrawImage.copyImage(Lsun/java2d/SunGraphics2D;Ljava/awt/Image;IIIIIILjava/awt/Color;Ljava/awt/image/ImageObserver;)Z+23
j  sun.java2d.pipe.ValidatePipe.copyImage(Lsun/java2d/SunGraphics2D;Ljava/awt/Image;IIIIIILjava/awt/Color;Ljava/awt/image/ImageObserver;)Z+29
j  sun.java2d.SunGraphics2D.copyImage(Ljava/awt/Image;IIIIIILjava/awt/Color;Ljava/awt/image/ImageObserver;)Z+20
j  sun.java2d.SunGraphics2D.drawImage(Ljava/awt/Image;IIIIIIIILjava/awt/Color;Ljava/awt/image/ImageObserver;)Z+185
j  sun.java2d.SunGraphics2D.drawImage(Ljava/awt/Image;IIIIIIIILjava/awt/image/ImageObserver;)Z+19
j  client.gui.ImagePanel$DrawingImage.draw(Ljava/awt/Graphics2D;)V+52
j  client.gui.ImagePanel.paintComponent(Ljava/awt/Graphics;)V+93
j  javax.swing.JComponent.paint(Ljava/awt/Graphics;)V+286
j  javax.swing.JComponent.paintChildren(Ljava/awt/Graphics;)V+501
j  javax.swing.JSplitPane.paintChildren(Ljava/awt/Graphics;)V+2
j  javax.swing.JComponent.paint(Ljava/awt/Graphics;)V+318
j  javax.swing.JComponent.paintChildren(Ljava/awt/Graphics;)V+501
j  javax.swing.JComponent.paint(Ljava/awt/Graphics;)V+318
j  javax.swing.JComponent.paintChildren(Ljava/awt/Graphics;)V+501
j  javax.swing.JComponent.paint(Ljava/awt/Graphics;)V+318
j  javax.swing.JLayeredPane.paint(Ljava/awt/Graphics;)V+73
j  javax.swing.JComponent.paintChildren(Ljava/awt/Graphics;)V+501
j  javax.swing.JComponent.paintToOffscreen(Ljava/awt/Graphics;IIIIII)V+72
j  javax.swing.BufferStrategyPaintManager.paint(Ljavax/swing/JComponent;Ljavax/swing/JComponent;Ljava/awt/Graphics;IIII)Z+157
j  javax.swing.RepaintManager.paint(Ljavax/swing/JComponent;Ljavax/swing/JComponent;Ljava/awt/Graphics;IIII)V+52
j  javax.swing.JComponent.paint(Ljava/awt/Graphics;)V+221
j  java.awt.GraphicsCallback$PaintCallback.run(Ljava/awt/Component;Ljava/awt/Graphics;)V+2
j  sun.awt.SunGraphicsCallback.runOneComponent(Ljava/awt/Component;Ljava/awt/Rectangle;Ljava/awt/Graphics;Ljava/awt/Shape;I)V+155
j  sun.awt.SunGraphicsCallback.runComponents([Ljava/awt/Component;Ljava/awt/Graphics;I)V+194
j  java.awt.Container.paint(Ljava/awt/Graphics;)V+58
j  java.awt.Window.paint(Ljava/awt/Graphics;)V+68
j  javax.swing.RepaintManager$3.run()Ljava/lang/Void;+136
j  javax.swing.RepaintManager$3.run()Ljava/lang/Object;+1
v  ~StubRoutines::call_stub
j  java.security.AccessController.doPrivileged(Ljava/security/PrivilegedAction;Ljava/security/AccessControlContext;)Ljava/lang/Object;+0
j  java.security.ProtectionDomain$1.doIntersectionPrivilege(Ljava/security/PrivilegedAction;Ljava/security/AccessControlContext;Ljava/security/AccessControlContext;)Ljava/lang/Object;+28
j  javax.swing.RepaintManager.paintDirtyRegions(Ljava/util/Map;)V+154
j  javax.swing.RepaintManager.paintDirtyRegions()V+46
j  javax.swing.RepaintManager.prePaintDirtyRegions()V+73
j  javax.swing.RepaintManager.access$1100(Ljavax/swing/RepaintManager;)V+1
j  javax.swing.RepaintManager$ProcessingRunnable.run()V+37
j  java.awt.event.InvocationEvent.dispatch()V+47
j  java.awt.EventQueue.dispatchEventImpl(Ljava/awt/AWTEvent;Ljava/lang/Object;)V+21
j  java.awt.EventQueue.access$200(Ljava/awt/EventQueue;Ljava/awt/AWTEvent;Ljava/lang/Object;)V+3
j  java.awt.EventQueue$3.run()Ljava/lang/Void;+12
j  java.awt.EventQueue$3.run()Ljava/lang/Object;+1
v  ~StubRoutines::call_stub
j  java.security.AccessController.doPrivileged(Ljava/security/PrivilegedAction;Ljava/security/AccessControlContext;)Ljava/lang/Object;+0
j  java.security.ProtectionDomain$1.doIntersectionPrivilege(Ljava/security/PrivilegedAction;Ljava/security/AccessControlContext;Ljava/security/AccessControlContext;)Ljava/lang/Object;+28
j  java.awt.EventQueue.dispatchEvent(Ljava/awt/AWTEvent;)V+46
j  java.awt.EventDispatchThread.pumpOneEventForFilters(I)V+245
j  java.awt.EventDispatchThread.pumpEventsForFilter(ILjava/awt/Conditional;Ljava/awt/EventFilter;)V+35
j  java.awt.EventDispatchThread.pumpEventsForHierarchy(ILjava/awt/Conditional;Ljava/awt/Component;)V+11
j  java.awt.EventDispatchThread.pumpEvents(ILjava/awt/Conditional;)V+4
j  java.awt.EventDispatchThread.pumpEvents(Ljava/awt/Conditional;)V+3
j  java.awt.EventDispatchThread.run()V+9
v  ~StubRoutines::call_stub

---------------  P R O C E S S  ---------------

Java Threads: ( => current thread )
  0x00007f68a8164800 JavaThread "TimerQueue" daemon [_thread_blocked, id=14986, stack(0x00007f68edea4000,0x00007f68edfa5000)]
  0x00007f690800b800 JavaThread "DestroyJavaVM" [_thread_blocked, id=14958, stack(0x00007f690c655000,0x00007f690c756000)]
=>0x00007f6908197000 JavaThread "AWT-EventQueue-0" [_thread_in_native, id=14983, stack(0x00007f68ee8c5000,0x00007f68ee9c6000)]
  0x00007f6908195800 JavaThread "AWT-Shutdown" [_thread_blocked, id=14982, stack(0x00007f68ee9c6000,0x00007f68eeac7000)]
  0x00007f6908193800 JavaThread "AWT-XAWT" daemon [_thread_in_native, id=14981, stack(0x00007f68eeac7000,0x00007f68eebc8000)]
  0x00007f690814b000 JavaThread "Java2D Disposer" daemon [_thread_blocked, id=14980, stack(0x00007f68eebc8000,0x00007f68eecc9000)]
  0x00007f69080a7800 JavaThread "Service Thread" daemon [_thread_blocked, id=14978, stack(0x00007f68ef2f1000,0x00007f68ef3f2000)]
  0x00007f69080a5000 JavaThread "C2 CompilerThread1" daemon [_thread_blocked, id=14977, stack(0x00007f68ef3f2000,0x00007f68ef4f3000)]
  0x00007f69080a2000 JavaThread "C2 CompilerThread0" daemon [_thread_blocked, id=14976, stack(0x00007f68ef4f3000,0x00007f68ef5f4000)]
  0x00007f68d0001000 JavaThread "JDWP Command Reader" daemon [_thread_in_native, id=14972, stack(0x00007f68ef5f4000,0x00007f68ef6f5000)]
  0x00007f69080a0000 JavaThread "JDWP Event Helper Thread" daemon [_thread_blocked, id=14971, stack(0x00007f68ef6f5000,0x00007f68ef7f6000)]
  0x00007f690809c800 JavaThread "JDWP Transport Listener: dt_socket" daemon [_thread_blocked, id=14968, stack(0x00007f68ef7f6000,0x00007f68ef8f7000)]
  0x00007f6908087000 JavaThread "Signal Dispatcher" daemon [_thread_blocked, id=14966, stack(0x00007f68efafb000,0x00007f68efbfc000)]
  0x00007f6908071000 JavaThread "Finalizer" daemon [_thread_blocked, id=14965, stack(0x00007f68efbfc000,0x00007f68efcfd000)]
  0x00007f690806d000 JavaThread "Reference Handler" daemon [_thread_blocked, id=14964, stack(0x00007f68efcfd000,0x00007f68efdfe000)]

Other Threads:
  0x00007f690806b000 VMThread [stack: 0x00007f68efdfe000,0x00007f68efeff000] [id=14963]
  0x00007f69080b2800 WatcherThread [stack: 0x00007f68ef1f0000,0x00007f68ef2f1000] [id=14979]

VM state:not at safepoint (normal execution)

VM Mutex/Monitor currently owned by a thread: None

Heap
 PSYoungGen      total 37888K, used 19687K [0x00000007d6480000, 0x00000007d8e80000, 0x0000000800000000)
  eden space 32768K, 44% used [0x00000007d6480000,0x00000007d72bb7f8,0x00000007d8480000)
  from space 5120K, 99% used [0x00000007d8480000,0x00000007d897e430,0x00000007d8980000)
  to   space 5120K, 0% used [0x00000007d8980000,0x00000007d8980000,0x00000007d8e80000)
 ParOldGen       total 84992K, used 10442K [0x0000000782e00000, 0x0000000788100000, 0x00000007d6480000)
  object space 84992K, 12% used [0x0000000782e00000,0x00000007838328d8,0x0000000788100000)
 PSPermGen       total 21504K, used 17067K [0x000000077dc00000, 0x000000077f100000, 0x0000000782e00000)
  object space 21504K, 79% used [0x000000077dc00000,0x000000077ecaac90,0x000000077f100000)

Card table byte_map: [0x00007f68fddb2000,0x00007f68fe1c5000] byte_map_base: 0x00007f68fa1c4000

Polling page: 0x00007f690d7eb000

Code Cache  [0x00007f68fe285000, 0x00007f68fe4f5000, 0x00007f6901285000)
 total_blobs=597 nmethods=105 adapters=454 free_code_cache=48291Kb largest_free_block=49420544

Compilation events (10 events):
Event: 5.817 Thread 0x00007f69080a5000  101             com.sun.org.apache.xerces.internal.dom.DeferredDocumentImpl::getNodeValueString (417 bytes)
Event: 5.836 Thread 0x00007f69080a2000  102             java.util.HashMap::createEntry (39 bytes)
Event: 5.839 Thread 0x00007f69080a2000 nmethod 102 0x00007f68fe350c50 code [0x00007f68fe350da0, 0x00007f68fe350fb8]
Event: 5.870 Thread 0x00007f69080a2000  103             java.util.HashMap::containsKey (14 bytes)
Event: 5.876 Thread 0x00007f69080a2000 nmethod 103 0x00007f68fe358050 code [0x00007f68fe3581c0, 0x00007f68fe358428]
Event: 5.877 Thread 0x00007f69080a2000  104             java.util.HashMap::addEntry (69 bytes)
Event: 5.895 Thread 0x00007f69080a2000 nmethod 104 0x00007f68fe358a50 code [0x00007f68fe358c00, 0x00007f68fe3590c8]
Event: 5.897 Thread 0x00007f69080a5000 nmethod 101 0x00007f68fe35e450 code [0x00007f68fe35e820, 0x00007f68fe3613c0]
Event: 109.654 Thread 0x00007f69080a2000  105             com.sun.org.apache.xerces.internal.impl.XMLDocumentFragmentScannerImpl::scanDocument (272 bytes)
Event: 109.667 Thread 0x00007f69080a2000 nmethod 105 0x00007f68fe35b910 code [0x00007f68fe35bb00, 0x00007f68fe35c0d0]

GC Heap History (2 events):
Event: 5.739 GC heap before
{Heap before GC invocations=1 (full 0):
 PSYoungGen      total 37888K, used 32679K [0x00000007d6480000, 0x00000007d8e80000, 0x0000000800000000)
  eden space 32768K, 99% used [0x00000007d6480000,0x00000007d8469ef8,0x00000007d8480000)
  from space 5120K, 0% used [0x00000007d8980000,0x00000007d8980000,0x00000007d8e80000)
  to   space 5120K, 0% used [0x00000007d8480000,0x00000007d8480000,0x00000007d8980000)
 ParOldGen       total 84992K, used 0K [0x0000000782e00000, 0x0000000788100000, 0x00000007d6480000)
  object space 84992K, 0% used [0x0000000782e00000,0x0000000782e00000,0x0000000788100000)
 PSPermGen       total 21504K, used 16628K [0x000000077dc00000, 0x000000077f100000, 0x0000000782e00000)
  object space 21504K, 77% used [0x000000077dc00000,0x000000077ec3d338,0x000000077f100000)
Event: 5.773 GC heap after
Heap after GC invocations=1 (full 0):
 PSYoungGen      total 37888K, used 5113K [0x00000007d6480000, 0x00000007d8e80000, 0x0000000800000000)
  eden space 32768K, 0% used [0x00000007d6480000,0x00000007d6480000,0x00000007d8480000)
  from space 5120K, 99% used [0x00000007d8480000,0x00000007d897e430,0x00000007d8980000)
  to   space 5120K, 0% used [0x00000007d8980000,0x00000007d8980000,0x00000007d8e80000)
 ParOldGen       total 84992K, used 10442K [0x0000000782e00000, 0x0000000788100000, 0x00000007d6480000)
  object space 84992K, 12% used [0x0000000782e00000,0x00000007838328d8,0x0000000788100000)
 PSPermGen       total 21504K, used 16628K [0x000000077dc00000, 0x000000077f100000, 0x0000000782e00000)
  object space 21504K, 77% used [0x000000077dc00000,0x000000077ec3d338,0x000000077f100000)
}

Deoptimization events (9 events):
Event: 0.997 Thread 0x00007f6908197000 Uncommon trap: reason=class_check action=maybe_recompile pc=0x00007f68fe2f9fcc method=java.lang.String.equals(Ljava/lang/Object;)Z @ 8
Event: 0.998 Thread 0x00007f6908197000 Uncommon trap: reason=class_check action=maybe_recompile pc=0x00007f68fe2f9fcc method=java.lang.String.equals(Ljava/lang/Object;)Z @ 8
Event: 1.000 Thread 0x00007f6908197000 Uncommon trap: reason=class_check action=maybe_recompile pc=0x00007f68fe2f9fcc method=java.lang.String.equals(Ljava/lang/Object;)Z @ 8
Event: 1.000 Thread 0x00007f6908197000 Uncommon trap: reason=class_check action=maybe_recompile pc=0x00007f68fe2f9fcc method=java.lang.String.equals(Ljava/lang/Object;)Z @ 8
Event: 5.603 Thread 0x00007f6908197000 Uncommon trap: reason=null_check action=make_not_entrant pc=0x00007f68fe33b480 method=com.thoughtworks.xstream.core.util.WeakCache.get(Ljava/lang/Object;)Ljava/lang/Object; @ 10
Event: 130.382 Thread 0x00007f6908197000 Uncommon trap: reason=class_check action=maybe_recompile pc=0x00007f68fe325a48 method=java.util.ArrayList.indexOf(Ljava/lang/Object;)I @ 51
Event: 130.382 Thread 0x00007f6908197000 Uncommon trap: reason=class_check action=maybe_recompile pc=0x00007f68fe325a48 method=java.util.ArrayList.indexOf(Ljava/lang/Object;)I @ 51
Event: 130.382 Thread 0x00007f6908197000 Uncommon trap: reason=class_check action=maybe_recompile pc=0x00007f68fe325a48 method=java.util.ArrayList.indexOf(Ljava/lang/Object;)I @ 51
Event: 130.382 Thread 0x00007f6908197000 Uncommon trap: reason=class_check action=maybe_recompile pc=0x00007f68fe325a48 method=java.util.ArrayList.indexOf(Ljava/lang/Object;)I @ 51

Internal exceptions (10 events):
Event: 5.412 Thread 0x00007f6908197000 Threw 0x00000007d7486128 at /HUDSON/workspace/7u-2-build-linux-amd64@2/jdk7u51/527/hotspot/src/share/vm/prims/jvm.cpp:1244
Event: 5.413 Thread 0x00007f6908197000 Threw 0x00000007d7488470 at /HUDSON/workspace/7u-2-build-linux-amd64@2/jdk7u51/527/hotspot/src/share/vm/prims/jvm.cpp:1244
Event: 5.414 Thread 0x00007f6908197000 Threw 0x00000007d748a4b8 at /HUDSON/workspace/7u-2-build-linux-amd64@2/jdk7u51/527/hotspot/src/share/vm/prims/jvm.cpp:1244
Event: 5.415 Thread 0x00007f6908197000 Threw 0x00000007d748cd58 at /HUDSON/workspace/7u-2-build-linux-amd64@2/jdk7u51/527/hotspot/src/share/vm/prims/jvm.cpp:1244
Event: 5.415 Thread 0x00007f6908197000 Threw 0x00000007d748edf8 at /HUDSON/workspace/7u-2-build-linux-amd64@2/jdk7u51/527/hotspot/src/share/vm/prims/jvm.cpp:1244
Event: 5.420 Thread 0x00007f6908197000 Threw 0x00000007d7495970 at /HUDSON/workspace/7u-2-build-linux-amd64@2/jdk7u51/527/hotspot/src/share/vm/prims/jvm.cpp:1244
Event: 5.603 Thread 0x00007f6908197000 Implicit null exception at 0x00007f68fe33ac74 to 0x00007f68fe33b46d
Event: 5.829 Thread 0x00007f6908197000 Threw 0x00000007d6c1f4f8 at /HUDSON/workspace/7u-2-build-linux-amd64@2/jdk7u51/527/hotspot/src/share/vm/prims/jvm.cpp:1244
Event: 5.840 Thread 0x00007f6908197000 Threw 0x00000007d6c314b8 at /HUDSON/workspace/7u-2-build-linux-amd64@2/jdk7u51/527/hotspot/src/share/vm/prims/jvm.cpp:1244
Event: 62.587 Thread 0x00007f6908197000 Threw 0x00000007d6dd6278 at /HUDSON/workspace/7u-2-build-linux-amd64@2/jdk7u51/527/hotspot/src/share/vm/prims/jvm.cpp:1244

Events (10 events):
Event: 130.382 Thread 0x00007f6908197000 DEOPT PACKING pc=0x00007f68fe325a48 sp=0x00007f68ee9c1cb0
Event: 130.382 Thread 0x00007f6908197000 DEOPT UNPACKING pc=0x00007f68fe2be045 sp=0x00007f68ee9c1c88 mode 2
Event: 130.405 loading class 0x00007f68bc0b55b0
Event: 130.405 loading class 0x00007f68bc0b55b0 done
Event: 130.405 loading class 0x00007f68a806cae0
Event: 130.405 loading class 0x00007f68a806cae0 done
Event: 130.414 loading class 0x00007f68bc0f0420
Event: 130.414 loading class 0x00007f68bc0f0420 done
Event: 130.414 loading class 0x00007f68a80a6d70
Event: 130.415 loading class 0x00007f68a80a6d70 done


Dynamic libraries:
00400000-00401000 r-xp 00000000 09:02 1851940                            /usr/java/jdk1.7.0_51/bin/java
00600000-00601000 rw-p 00000000 09:02 1851940                            /usr/java/jdk1.7.0_51/bin/java
0237e000-0239f000 rw-p 00000000 00:00 0                                  [heap]
77dc00000-77f100000 rw-p 00000000 00:00 0 
77f100000-782e00000 rw-p 00000000 00:00 0 
782e00000-788100000 rw-p 00000000 00:00 0 
788100000-7d6480000 rw-p 00000000 00:00 0 
7d6480000-7d8e80000 rw-p 00000000 00:00 0 
7d8e80000-800000000 rw-p 00000000 00:00 0 
3fb9200000-3fb9220000 r-xp 00000000 09:02 399595                         /lib64/ld-2.12.so
3fb941f000-3fb9420000 r--p 0001f000 09:02 399595                         /lib64/ld-2.12.so
3fb9420000-3fb9421000 rw-p 00020000 09:02 399595                         /lib64/ld-2.12.so
3fb9421000-3fb9422000 rw-p 00000000 00:00 0 
3fb9600000-3fb9683000 r-xp 00000000 09:02 399600                         /lib64/libm-2.12.so
3fb9683000-3fb9882000 ---p 00083000 09:02 399600                         /lib64/libm-2.12.so
3fb9882000-3fb9883000 r--p 00082000 09:02 399600                         /lib64/libm-2.12.so
3fb9883000-3fb9884000 rw-p 00083000 09:02 399600                         /lib64/libm-2.12.so
3fb9a00000-3fb9b8b000 r-xp 00000000 09:02 399596                         /lib64/libc-2.12.so
3fb9b8b000-3fb9d8a000 ---p 0018b000 09:02 399596                         /lib64/libc-2.12.so
3fb9d8a000-3fb9d8e000 r--p 0018a000 09:02 399596                         /lib64/libc-2.12.so
3fb9d8e000-3fb9d8f000 rw-p 0018e000 09:02 399596                         /lib64/libc-2.12.so
3fb9d8f000-3fb9d94000 rw-p 00000000 00:00 0 
3fb9e00000-3fb9e17000 r-xp 00000000 09:02 399598                         /lib64/libpthread-2.12.so
3fb9e17000-3fba017000 ---p 00017000 09:02 399598                         /lib64/libpthread-2.12.so
3fba017000-3fba018000 r--p 00017000 09:02 399598                         /lib64/libpthread-2.12.so
3fba018000-3fba019000 rw-p 00018000 09:02 399598                         /lib64/libpthread-2.12.so
3fba019000-3fba01d000 rw-p 00000000 00:00 0 
3fba200000-3fba202000 r-xp 00000000 09:02 399599                         /lib64/libdl-2.12.so
3fba202000-3fba402000 ---p 00002000 09:02 399599                         /lib64/libdl-2.12.so
3fba402000-3fba403000 r--p 00002000 09:02 399599                         /lib64/libdl-2.12.so
3fba403000-3fba404000 rw-p 00003000 09:02 399599                         /lib64/libdl-2.12.so
3fbaa00000-3fbaa07000 r-xp 00000000 09:02 399602                         /lib64/librt-2.12.so
3fbaa07000-3fbac06000 ---p 00007000 09:02 399602                         /lib64/librt-2.12.so
3fbac06000-3fbac07000 r--p 00006000 09:02 399602                         /lib64/librt-2.12.so
3fbac07000-3fbac08000 rw-p 00007000 09:02 399602                         /lib64/librt-2.12.so
3fbc600000-3fbc61d000 r-xp 00000000 09:02 1736896                        /usr/lib64/libxcb.so.1.1.0
3fbc61d000-3fbc81d000 ---p 0001d000 09:02 1736896                        /usr/lib64/libxcb.so.1.1.0
3fbc81d000-3fbc81e000 rw-p 0001d000 09:02 1736896                        /usr/lib64/libxcb.so.1.1.0
3fbca00000-3fbcb37000 r-xp 00000000 09:02 1736897                        /usr/lib64/libX11.so.6.3.0
3fbcb37000-3fbcd37000 ---p 00137000 09:02 1736897                        /usr/lib64/libX11.so.6.3.0
3fbcd37000-3fbcd3d000 rw-p 00137000 09:02 1736897                        /usr/lib64/libX11.so.6.3.0
3fbce00000-3fbce02000 r-xp 00000000 09:02 1736895                        /usr/lib64/libXau.so.6.0.0
3fbce02000-3fbd002000 ---p 00002000 09:02 1736895                        /usr/lib64/libXau.so.6.0.0
3fbd002000-3fbd003000 rw-p 00002000 09:02 1736895                        /usr/lib64/libXau.so.6.0.0
3fbde00000-3fbde12000 r-xp 00000000 09:02 1736903                        /usr/lib64/libXext.so.6.4.0
3fbde12000-3fbe012000 ---p 00012000 09:02 1736903                        /usr/lib64/libXext.so.6.4.0
3fbe012000-3fbe013000 rw-p 00012000 09:02 1736903                        /usr/lib64/libXext.so.6.4.0
3fbea00000-3fbea09000 r-xp 00000000 09:02 1736898                        /usr/lib64/libXrender.so.1.3.0
3fbea09000-3fbec09000 ---p 00009000 09:02 1736898                        /usr/lib64/libXrender.so.1.3.0
3fbec09000-3fbec0a000 rw-p 00009000 09:02 1736898                        /usr/lib64/libXrender.so.1.3.0
3fbee00000-3fbee0e000 r-xp 00000000 09:02 1736905                        /usr/lib64/libXi.so.6.1.0
3fbee0e000-3fbf00e000 ---p 0000e000 09:02 1736905                        /usr/lib64/libXi.so.6.1.0
3fbf00e000-3fbf00f000 rw-p 0000e000 09:02 1736905                        /usr/lib64/libXi.so.6.1.0
3fc0a00000-3fc0a05000 r-xp 00000000 09:02 1736907                        /usr/lib64/libXfixes.so.3.1.0
3fc0a05000-3fc0c05000 ---p 00005000 09:02 1736907                        /usr/lib64/libXfixes.so.3.1.0
3fc0c05000-3fc0c06000 rw-p 00005000 09:02 1736907                        /usr/lib64/libXfixes.so.3.1.0
3fc2600000-3fc2609000 r-xp 00000000 09:02 1736908                        /usr/lib64/libXcursor.so.1.0.2
3fc2609000-3fc2809000 ---p 00009000 09:02 1736908                        /usr/lib64/libXcursor.so.1.0.2
3fc2809000-3fc280a000 rw-p 00009000 09:02 1736908                        /usr/lib64/libXcursor.so.1.0.2
3fc5e00000-3fc5e16000 r-xp 00000000 09:02 399616                         /lib64/libgcc_s-4.4.7-20120601.so.1
3fc5e16000-3fc6015000 ---p 00016000 09:02 399616                         /lib64/libgcc_s-4.4.7-20120601.so.1
3fc6015000-3fc6016000 rw-p 00015000 09:02 399616                         /lib64/libgcc_s-4.4.7-20120601.so.1
3fc8600000-3fc8605000 r-xp 00000000 09:02 1718247                        /usr/lib64/libXtst.so.6.1.0
3fc8605000-3fc8805000 ---p 00005000 09:02 1718247                        /usr/lib64/libXtst.so.6.1.0
3fc8805000-3fc8806000 rw-p 00005000 09:02 1718247                        /usr/lib64/libXtst.so.6.1.0
7f689c000000-7f689c021000 rw-p 00000000 00:00 0 
7f689c021000-7f68a0000000 ---p 00000000 00:00 0 
7f68a0000000-7f68a0021000 rw-p 00000000 00:00 0 
7f68a0021000-7f68a4000000 ---p 00000000 00:00 0 
7f68a4000000-7f68a4021000 rw-p 00000000 00:00 0 
7f68a4021000-7f68a8000000 ---p 00000000 00:00 0 
7f68a8000000-7f68a845f000 rw-p 00000000 00:00 0 
7f68a845f000-7f68ac000000 ---p 00000000 00:00 0 
7f68ac000000-7f68ac021000 rw-p 00000000 00:00 0 
7f68ac021000-7f68b0000000 ---p 00000000 00:00 0 
7f68b0000000-7f68b0021000 rw-p 00000000 00:00 0 
7f68b0021000-7f68b4000000 ---p 00000000 00:00 0 
7f68b4000000-7f68b4021000 rw-p 00000000 00:00 0 
7f68b4021000-7f68b8000000 ---p 00000000 00:00 0 
7f68b8000000-7f68b8021000 rw-p 00000000 00:00 0 
7f68b8021000-7f68bc000000 ---p 00000000 00:00 0 
7f68bc000000-7f68bc940000 rw-p 00000000 00:00 0 
7f68bc940000-7f68c0000000 ---p 00000000 00:00 0 
7f68c0000000-7f68c04da000 rw-p 00000000 00:00 0 
7f68c04da000-7f68c4000000 ---p 00000000 00:00 0 
7f68c4000000-7f68c4021000 rw-p 00000000 00:00 0 
7f68c4021000-7f68c8000000 ---p 00000000 00:00 0 
7f68c8000000-7f68c8021000 rw-p 00000000 00:00 0 
7f68c8021000-7f68cc000000 ---p 00000000 00:00 0 
7f68cc000000-7f68cc021000 rw-p 00000000 00:00 0 
7f68cc021000-7f68d0000000 ---p 00000000 00:00 0 
7f68d0000000-7f68d0021000 rw-p 00000000 00:00 0 
7f68d0021000-7f68d4000000 ---p 00000000 00:00 0 
7f68d4000000-7f68d4021000 rw-p 00000000 00:00 0 
7f68d4021000-7f68d8000000 ---p 00000000 00:00 0 
7f68d8000000-7f68d8021000 rw-p 00000000 00:00 0 
7f68d8021000-7f68dc000000 ---p 00000000 00:00 0 
7f68dc000000-7f68dc021000 rw-p 00000000 00:00 0 
7f68dc021000-7f68e0000000 ---p 00000000 00:00 0 
7f68e3ee0000-7f68e8000000 rw-p 00000000 00:00 0 
7f68e8000000-7f68e8021000 rw-p 00000000 00:00 0 
7f68e8021000-7f68ec000000 ---p 00000000 00:00 0 
7f68edc38000-7f68edda3000 rw-p 00000000 00:00 0 
7f68edda3000-7f68edda6000 ---p 00000000 00:00 0 
7f68edda6000-7f68edea4000 rw-p 00000000 00:00 0 
7f68edea4000-7f68edea7000 ---p 00000000 00:00 0 
7f68edea7000-7f68edfa5000 rw-p 00000000 00:00 0 
7f68edfa5000-7f68ee00d000 r-xp 00000000 09:02 1852112                    /usr/java/jdk1.7.0_51/jre/lib/amd64/libt2k.so
7f68ee00d000-7f68ee20d000 ---p 00068000 09:02 1852112                    /usr/java/jdk1.7.0_51/jre/lib/amd64/libt2k.so
7f68ee20d000-7f68ee214000 rw-p 00068000 09:02 1852112                    /usr/java/jdk1.7.0_51/jre/lib/amd64/libt2k.so
7f68ee214000-7f68ee224000 rw-p 00000000 00:00 0 
7f68ee224000-7f68ee234000 r-xp 00000000 09:02 1852104                    /usr/java/jdk1.7.0_51/jre/lib/amd64/libnio.so
7f68ee234000-7f68ee434000 ---p 00010000 09:02 1852104                    /usr/java/jdk1.7.0_51/jre/lib/amd64/libnio.so
7f68ee434000-7f68ee435000 rw-p 00010000 09:02 1852104                    /usr/java/jdk1.7.0_51/jre/lib/amd64/libnio.so
7f68ee435000-7f68ee44b000 r-xp 00000000 09:02 1852103                    /usr/java/jdk1.7.0_51/jre/lib/amd64/libnet.so
7f68ee44b000-7f68ee64b000 ---p 00016000 09:02 1852103                    /usr/java/jdk1.7.0_51/jre/lib/amd64/libnet.so
7f68ee64b000-7f68ee64c000 rw-p 00016000 09:02 1852103                    /usr/java/jdk1.7.0_51/jre/lib/amd64/libnet.so
7f68ee64c000-7f68ee6b1000 r-xp 00000000 09:02 1852075                    /usr/java/jdk1.7.0_51/jre/lib/amd64/libfontmanager.so
7f68ee6b1000-7f68ee8b0000 ---p 00065000 09:02 1852075                    /usr/java/jdk1.7.0_51/jre/lib/amd64/libfontmanager.so
7f68ee8b0000-7f68ee8b4000 rw-p 00064000 09:02 1852075                    /usr/java/jdk1.7.0_51/jre/lib/amd64/libfontmanager.so
7f68ee8b4000-7f68ee8c5000 rw-p 00000000 00:00 0 
7f68ee8c5000-7f68ee8c8000 ---p 00000000 00:00 0 
7f68ee8c8000-7f68ee9c6000 rw-p 00000000 00:00 0 
7f68ee9c6000-7f68ee9c9000 ---p 00000000 00:00 0 
7f68ee9c9000-7f68eeac7000 rw-p 00000000 00:00 0 
7f68eeac7000-7f68eeaca000 ---p 00000000 00:00 0 
7f68eeaca000-7f68eebc8000 rw-p 00000000 00:00 0 
7f68eebc8000-7f68eebcb000 ---p 00000000 00:00 0 
7f68eebcb000-7f68eecc9000 rw-p 00000000 00:00 0 
7f68eecc9000-7f68eed19000 r-xp 00000000 09:02 1852121                    /usr/java/jdk1.7.0_51/jre/lib/amd64/xawt/libmawt.so
7f68eed19000-7f68eef19000 ---p 00050000 09:02 1852121                    /usr/java/jdk1.7.0_51/jre/lib/amd64/xawt/libmawt.so
7f68eef19000-7f68eef1d000 rw-p 00050000 09:02 1852121                    /usr/java/jdk1.7.0_51/jre/lib/amd64/xawt/libmawt.so
7f68eef1d000-7f68eef1e000 rw-p 00000000 00:00 0 
7f68eef1e000-7f68eefc0000 r-xp 00000000 09:02 1852071                    /usr/java/jdk1.7.0_51/jre/lib/amd64/libawt.so
7f68eefc0000-7f68ef1c0000 ---p 000a2000 09:02 1852071                    /usr/java/jdk1.7.0_51/jre/lib/amd64/libawt.so
7f68ef1c0000-7f68ef1cc000 rw-p 000a2000 09:02 1852071                    /usr/java/jdk1.7.0_51/jre/lib/amd64/libawt.so
7f68ef1cc000-7f68ef1f0000 rw-p 00000000 00:00 0 
7f68ef1f0000-7f68ef1f1000 ---p 00000000 00:00 0 
7f68ef1f1000-7f68ef2f1000 rw-p 00000000 00:00 0 
7f68ef2f1000-7f68ef2f4000 ---p 00000000 00:00 0 
7f68ef2f4000-7f68ef3f2000 rw-p 00000000 00:00 0 
7f68ef3f2000-7f68ef3f5000 ---p 00000000 00:00 0 
7f68ef3f5000-7f68ef4f3000 rw-p 00000000 00:00 0 
7f68ef4f3000-7f68ef4f6000 ---p 00000000 00:00 0 
7f68ef4f6000-7f68ef5f4000 rw-p 00000000 00:00 0 
7f68ef5f4000-7f68ef5f7000 ---p 00000000 00:00 0 
7f68ef5f7000-7f68ef6f5000 rw-p 00000000 00:00 0 
7f68ef6f5000-7f68ef6f8000 ---p 00000000 00:00 0 
7f68ef6f8000-7f68ef7f6000 rw-p 00000000 00:00 0 
7f68ef7f6000-7f68ef7f9000 ---p 00000000 00:00 0 
7f68ef7f9000-7f68ef8f7000 rw-p 00000000 00:00 0 
7f68ef8f7000-7f68ef8fb000 r-xp 00000000 09:02 1852074                    /usr/java/jdk1.7.0_51/jre/lib/amd64/libdt_socket.so
7f68ef8fb000-7f68efafa000 ---p 00004000 09:02 1852074                    /usr/java/jdk1.7.0_51/jre/lib/amd64/libdt_socket.so
7f68efafa000-7f68efafb000 rw-p 00003000 09:02 1852074                    /usr/java/jdk1.7.0_51/jre/lib/amd64/libdt_socket.so
7f68efafb000-7f68efafe000 ---p 00000000 00:00 0 
7f68efafe000-7f68efbfc000 rw-p 00000000 00:00 0 
7f68efbfc000-7f68efbff000 ---p 00000000 00:00 0 
7f68efbff000-7f68efcfd000 rw-p 00000000 00:00 0 
7f68efcfd000-7f68efd00000 ---p 00000000 00:00 0 
7f68efd00000-7f68efdfe000 rw-p 00000000 00:00 0 
7f68efdfe000-7f68efdff000 ---p 00000000 00:00 0 
7f68efdff000-7f68f0000000 rw-p 00000000 00:00 0 
7f68f0000000-7f68f0021000 rw-p 00000000 00:00 0 
7f68f0021000-7f68f4000000 ---p 00000000 00:00 0 
7f68f4000000-7f68f4021000 rw-p 00000000 00:00 0 
7f68f4021000-7f68f8000000 ---p 00000000 00:00 0 
7f68f8000000-7f68f8021000 rw-p 00000000 00:00 0 
7f68f8021000-7f68fc000000 ---p 00000000 00:00 0 
7f68fc08d000-7f68fc098000 r--s 000af000 09:02 1852359                    /usr/java/jdk1.7.0_51/jre/lib/resources.jar
7f68fc098000-7f68fc0b8000 rw-s 00000000 00:04 11960346                   /SYSV00000000 (deleted)
7f68fc0b8000-7f68fc0e9000 rw-p 00000000 00:00 0 
7f68fc0e9000-7f68fc0f5000 r--s 0006a000 00:13 193274032643               /auto/users/lindell/classes/git/record_indexer/lib/xstream-1.4.2.jar
7f68fc0f5000-7f68fc0fa000 r--s 00309000 00:13 193274032642               /auto/users/lindell/classes/git/record_indexer/lib/sqlite-jdbc-3.7.2.jar
7f68fc0fa000-7f68fcff8000 rw-p 00000000 00:00 0 
7f68fcff8000-7f68fd1b5000 r--s 039bf000 09:02 1852817                    /usr/java/jdk1.7.0_51/jre/lib/rt.jar
7f68fd1b5000-7f68fd6e9000 rw-p 00000000 00:00 0 
7f68fd6e9000-7f68fd6ea000 ---p 00000000 00:00 0 
7f68fd6ea000-7f68fd7ea000 rw-p 00000000 00:00 0 
7f68fd7ea000-7f68fd7eb000 ---p 00000000 00:00 0 
7f68fd7eb000-7f68fd8eb000 rw-p 00000000 00:00 0 
7f68fd8eb000-7f68fd8ec000 ---p 00000000 00:00 0 
7f68fd8ec000-7f68fd9ec000 rw-p 00000000 00:00 0 
7f68fd9ec000-7f68fd9ed000 ---p 00000000 00:00 0 
7f68fd9ed000-7f68fdaf8000 rw-p 00000000 00:00 0 
7f68fdaf8000-7f68fdb16000 rw-p 00000000 00:00 0 
7f68fdb16000-7f68fdb40000 rw-p 00000000 00:00 0 
7f68fdb40000-7f68fddb2000 rw-p 00000000 00:00 0 
7f68fddb2000-7f68fddbd000 rw-p 00000000 00:00 0 
7f68fddbd000-7f68fdddb000 rw-p 00000000 00:00 0 
7f68fdddb000-7f68fde05000 rw-p 00000000 00:00 0 
7f68fde05000-7f68fe076000 rw-p 00000000 00:00 0 
7f68fe076000-7f68fe08c000 rw-p 00000000 00:00 0 
7f68fe08c000-7f68fe1c4000 rw-p 00000000 00:00 0 
7f68fe1c4000-7f68fe1cf000 rw-p 00000000 00:00 0 
7f68fe1cf000-7f68fe285000 rw-p 00000000 00:00 0 
7f68fe285000-7f68fe4f5000 rwxp 00000000 00:00 0 
7f68fe4f5000-7f6901285000 rw-p 00000000 00:00 0 
7f6901285000-7f690129f000 r-xp 00000000 09:02 1852115                    /usr/java/jdk1.7.0_51/jre/lib/amd64/libzip.so
7f690129f000-7f690149f000 ---p 0001a000 09:02 1852115                    /usr/java/jdk1.7.0_51/jre/lib/amd64/libzip.so
7f690149f000-7f69014a0000 rw-p 0001a000 09:02 1852115                    /usr/java/jdk1.7.0_51/jre/lib/amd64/libzip.so
7f69014a0000-7f6901b1e000 r--s 00000000 09:02 1048685                    /var/lib/sss/mc/passwd
7f6901b1e000-7f6901b25000 r-xp 00000000 09:02 393435                     /lib64/libnss_sss.so.2
7f6901b25000-7f6901d25000 ---p 00007000 09:02 393435                     /lib64/libnss_sss.so.2
7f6901d25000-7f6901d26000 rw-p 00007000 09:02 393435                     /lib64/libnss_sss.so.2
7f6901d26000-7f6901d32000 r-xp 00000000 09:02 393246                     /lib64/libnss_files-2.12.so
7f6901d32000-7f6901f32000 ---p 0000c000 09:02 393246                     /lib64/libnss_files-2.12.so
7f6901f32000-7f6901f33000 r--p 0000c000 09:02 393246                     /lib64/libnss_files-2.12.so
7f6901f33000-7f6901f34000 rw-p 0000d000 09:02 393246                     /lib64/libnss_files-2.12.so
7f6901f34000-7f6907dc5000 r--p 00000000 09:02 1705722                    /usr/lib/locale/locale-archive
7f6907dc5000-7f6907dfe000 r-xp 00000000 09:02 1852091                    /usr/java/jdk1.7.0_51/jre/lib/amd64/libjdwp.so
7f6907dfe000-7f6907ffe000 ---p 00039000 09:02 1852091                    /usr/java/jdk1.7.0_51/jre/lib/amd64/libjdwp.so
7f6907ffe000-7f6907fff000 rw-p 00039000 09:02 1852091                    /usr/java/jdk1.7.0_51/jre/lib/amd64/libjdwp.so
7f6907fff000-7f6908000000 rw-p 00000000 00:00 0 
7f6908000000-7f69081b1000 rw-p 00000000 00:00 0 
7f69081b1000-7f690c000000 ---p 00000000 00:00 0 
7f690c002000-7f690c008000 r--s 00034000 00:13 193274032641               /auto/users/lindell/classes/git/record_indexer/lib/junit-4.8.2.jar
7f690c008000-7f690c00c000 r--s 0002a000 00:13 197579983280               /auto/users/lindell/classes/git/record_indexer/lib/commons-io-2.4.jar
7f690c00c000-7f690c013000 r--s 000aa000 00:13 77321292650                /auto/users/lindell/classes/git/record_indexer/lib/commons-io-2.4-javadoc.jar
7f690c013000-7f690c019000 r--s 00036000 00:13 120261783877               /auto/users/lindell/bin/eclipse/plugins/org.junit_4.11.0.v201303080030/junit.jar
7f690c019000-7f690c01c000 r-xp 00000000 09:02 1852106                    /usr/java/jdk1.7.0_51/jre/lib/amd64/libnpt.so
7f690c01c000-7f690c21b000 ---p 00003000 09:02 1852106                    /usr/java/jdk1.7.0_51/jre/lib/amd64/libnpt.so
7f690c21b000-7f690c21c000 rw-p 00002000 09:02 1852106                    /usr/java/jdk1.7.0_51/jre/lib/amd64/libnpt.so
7f690c21c000-7f690c245000 r-xp 00000000 09:02 1852085                    /usr/java/jdk1.7.0_51/jre/lib/amd64/libjava.so
7f690c245000-7f690c445000 ---p 00029000 09:02 1852085                    /usr/java/jdk1.7.0_51/jre/lib/amd64/libjava.so
7f690c445000-7f690c447000 rw-p 00029000 09:02 1852085                    /usr/java/jdk1.7.0_51/jre/lib/amd64/libjava.so
7f690c447000-7f690c454000 r-xp 00000000 09:02 1852114                    /usr/java/jdk1.7.0_51/jre/lib/amd64/libverify.so
7f690c454000-7f690c653000 ---p 0000d000 09:02 1852114                    /usr/java/jdk1.7.0_51/jre/lib/amd64/libverify.so
7f690c653000-7f690c655000 rw-p 0000c000 09:02 1852114                    /usr/java/jdk1.7.0_51/jre/lib/amd64/libverify.so
7f690c655000-7f690c658000 ---p 00000000 00:00 0 
7f690c658000-7f690c756000 rw-p 00000000 00:00 0 
7f690c756000-7f690d2b8000 r-xp 00000000 09:02 1852119                    /usr/java/jdk1.7.0_51/jre/lib/amd64/server/libjvm.so
7f690d2b8000-7f690d4b8000 ---p 00b62000 09:02 1852119                    /usr/java/jdk1.7.0_51/jre/lib/amd64/server/libjvm.so
7f690d4b8000-7f690d57b000 rw-p 00b62000 09:02 1852119                    /usr/java/jdk1.7.0_51/jre/lib/amd64/server/libjvm.so
7f690d57b000-7f690d5bf000 rw-p 00000000 00:00 0 
7f690d5bf000-7f690d5d5000 r-xp 00000000 09:02 145503                     /usr/java/jdk1.7.0_51/lib/amd64/jli/libjli.so
7f690d5d5000-7f690d7d5000 ---p 00016000 09:02 145503                     /usr/java/jdk1.7.0_51/lib/amd64/jli/libjli.so
7f690d7d5000-7f690d7d6000 rw-p 00016000 09:02 145503                     /usr/java/jdk1.7.0_51/lib/amd64/jli/libjli.so
7f690d7d6000-7f690d7d8000 rw-p 00000000 00:00 0 
7f690d7d8000-7f690d7d9000 rw-p 00000000 00:00 0 
7f690d7d9000-7f690d7db000 r--s 0000c000 00:13 21489152252                /auto/users/lindell/bin/eclipse/plugins/org.hamcrest.core_1.3.0.v201303031735.jar
7f690d7db000-7f690d7e2000 r--s 00000000 09:02 1705980                    /usr/lib64/gconv/gconv-modules.cache
7f690d7e2000-7f690d7ea000 rw-s 00000000 09:03 7602179                    /tmp/hsperfdata_lindell/14952
7f690d7ea000-7f690d7eb000 rw-p 00000000 00:00 0 
7f690d7eb000-7f690d7ec000 r--p 00000000 00:00 0 
7f690d7ec000-7f690d7ed000 rw-p 00000000 00:00 0 
7fffb8280000-7fffb8295000 rw-p 00000000 00:00 0                          [stack]
7fffb83d5000-7fffb83d6000 r-xp 00000000 00:00 0                          [vdso]
ffffffffff600000-ffffffffff601000 r-xp 00000000 00:00 0                  [vsyscall]

VM Arguments:
jvm_args: -agentlib:jdwp=transport=dt_socket,suspend=y,address=localhost:48174 -Dfile.encoding=UTF-8 
java_command: client.gui.RecordIndexer localhost 39640
Launcher Type: SUN_STANDARD

Environment Variables:
PATH=/auto/users/lindell/bin/eclipse:/auto/users/lindell/bin:/auto/app/anaconda/envs/py34/bin:/usr/lib64/qt-3.3/bin:/usr/local/bin:/usr/bin:/bin:/usr/local/sbin:/usr/sbin:/sbin
USERNAME=lindell
SHELL=/bin/bash
DISPLAY=:0.0

Signal Handlers:
SIGSEGV: [libjvm.so+0x993870], sa_mask[0]=0x7ffbfeff, sa_flags=0x10000004
SIGBUS: [libjvm.so+0x993870], sa_mask[0]=0x7ffbfeff, sa_flags=0x10000004
SIGFPE: [libjvm.so+0x8105b0], sa_mask[0]=0x7ffbfeff, sa_flags=0x10000004
SIGPIPE: [libjvm.so+0x8105b0], sa_mask[0]=0x7ffbfeff, sa_flags=0x10000004
SIGXFSZ: [libjvm.so+0x8105b0], sa_mask[0]=0x7ffbfeff, sa_flags=0x10000004
SIGILL: [libjvm.so+0x8105b0], sa_mask[0]=0x7ffbfeff, sa_flags=0x10000004
SIGUSR1: SIG_DFL, sa_mask[0]=0x00000000, sa_flags=0x00000000
SIGUSR2: [libjvm.so+0x811aa0], sa_mask[0]=0x00000004, sa_flags=0x10000004
SIGHUP: [libjvm.so+0x812a10], sa_mask[0]=0x7ffbfeff, sa_flags=0x10000004
SIGINT: [libjvm.so+0x812a10], sa_mask[0]=0x7ffbfeff, sa_flags=0x10000004
SIGTERM: [libjvm.so+0x812a10], sa_mask[0]=0x7ffbfeff, sa_flags=0x10000004
SIGQUIT: [libjvm.so+0x812a10], sa_mask[0]=0x7ffbfeff, sa_flags=0x10000004


---------------  S Y S T E M  ---------------

OS:Red Hat Enterprise Linux Server release 6.5 (Santiago)

uname:Linux 2.6.32-431.17.1.el6.x86_64 #1 SMP Fri Apr 11 17:27:00 EDT 2014 x86_64
libc:glibc 2.12 NPTL 2.12 
rlimit: STACK 10240k, CORE 0k, NPROC 1024, NOFILE 4096, AS infinity
load average:0.11 0.10 0.09

/proc/meminfo:
MemTotal:        8193028 kB
MemFree:         5536580 kB
Buffers:           77492 kB
Cached:           817464 kB
SwapCached:            0 kB
Active:          1765172 kB
Inactive:         657632 kB
Active(anon):    1528532 kB
Inactive(anon):     6852 kB
Active(file):     236640 kB
Inactive(file):   650780 kB
Unevictable:           0 kB
Mlocked:               0 kB
SwapTotal:       8387576 kB
SwapFree:        8387576 kB
Dirty:                84 kB
Writeback:             0 kB
AnonPages:       1527832 kB
Mapped:           198356 kB
Shmem:              7536 kB
Slab:              81668 kB
SReclaimable:      37824 kB
SUnreclaim:        43844 kB
KernelStack:        4000 kB
PageTables:        42588 kB
NFS_Unstable:          0 kB
Bounce:                0 kB
WritebackTmp:          0 kB
CommitLimit:    12484088 kB
Committed_AS:    3258992 kB
VmallocTotal:   34359738367 kB
VmallocUsed:       66620 kB
VmallocChunk:   34353958908 kB
HardwareCorrupted:     0 kB
AnonHugePages:    972800 kB
HugePages_Total:       0
HugePages_Free:        0
HugePages_Rsvd:        0
HugePages_Surp:        0
Hugepagesize:       2048 kB
DirectMap4k:      104420 kB
DirectMap2M:     8284160 kB


CPU:total 4 (2 cores per cpu, 1 threads per core) family 15 model 33 stepping 2, cmov, cx8, fxsr, mmx, sse, sse2, sse3, mmxext, 3dnowpref, tsc

/proc/cpuinfo:
processor	: 0
vendor_id	: AuthenticAMD
cpu family	: 15
model		: 33
model name	: Dual Core AMD Opteron(tm) Processor 270
stepping	: 2
cpu MHz		: 1994.715
cache size	: 1024 KB
physical id	: 0
siblings	: 2
core id		: 0
cpu cores	: 2
apicid		: 0
initial apicid	: 0
fpu		: yes
fpu_exception	: yes
cpuid level	: 1
wp		: yes
flags		: fpu vme de pse tsc msr pae mce cx8 apic sep mtrr pge mca cmov pat pse36 clflush mmx fxsr sse sse2 ht syscall nx mmxext fxsr_opt lm 3dnowext 3dnow rep_good pni lahf_lm cmp_legacy
bogomips	: 3989.43
TLB size	: 1024 4K pages
clflush size	: 64
cache_alignment	: 64
address sizes	: 40 bits physical, 48 bits virtual
power management: ts fid vid ttp

processor	: 1
vendor_id	: AuthenticAMD
cpu family	: 15
model		: 33
model name	: Dual Core AMD Opteron(tm) Processor 270
stepping	: 2
cpu MHz		: 1994.715
cache size	: 1024 KB
physical id	: 0
siblings	: 2
core id		: 1
cpu cores	: 2
apicid		: 1
initial apicid	: 1
fpu		: yes
fpu_exception	: yes
cpuid level	: 1
wp		: yes
flags		: fpu vme de pse tsc msr pae mce cx8 apic sep mtrr pge mca cmov pat pse36 clflush mmx fxsr sse sse2 ht syscall nx mmxext fxsr_opt lm 3dnowext 3dnow rep_good pni lahf_lm cmp_legacy
bogomips	: 3988.56
TLB size	: 1024 4K pages
clflush size	: 64
cache_alignment	: 64
address sizes	: 40 bits physical, 48 bits virtual
power management: ts fid vid ttp

processor	: 2
vendor_id	: AuthenticAMD
cpu family	: 15
model		: 33
model name	: Dual Core AMD Opteron(tm) Processor 270
stepping	: 2
cpu MHz		: 1994.715
cache size	: 1024 KB
physical id	: 1
siblings	: 2
core id		: 0
cpu cores	: 2
apicid		: 2
initial apicid	: 2
fpu		: yes
fpu_exception	: yes
cpuid level	: 1
wp		: yes
flags		: fpu vme de pse tsc msr pae mce cx8 apic sep mtrr pge mca cmov pat pse36 clflush mmx fxsr sse sse2 ht syscall nx mmxext fxsr_opt lm 3dnowext 3dnow rep_good pni lahf_lm cmp_legacy
bogomips	: 3988.58
TLB size	: 1024 4K pages
clflush size	: 64
cache_alignment	: 64
address sizes	: 40 bits physical, 48 bits virtual
power management: ts fid vid ttp

processor	: 3
vendor_id	: AuthenticAMD
cpu family	: 15
model		: 33
model name	: Dual Core AMD Opteron(tm) Processor 270
stepping	: 2
cpu MHz		: 1994.715
cache size	: 1024 KB
physical id	: 1
siblings	: 2
core id		: 1
cpu cores	: 2
apicid		: 3
initial apicid	: 3
fpu		: yes
fpu_exception	: yes
cpuid level	: 1
wp		: yes
flags		: fpu vme de pse tsc msr pae mce cx8 apic sep mtrr pge mca cmov pat pse36 clflush mmx fxsr sse sse2 ht syscall nx mmxext fxsr_opt lm 3dnowext 3dnow rep_good pni lahf_lm cmp_legacy
bogomips	: 3988.58
TLB size	: 1024 4K pages
clflush size	: 64
cache_alignment	: 64
address sizes	: 40 bits physical, 48 bits virtual
power management: ts fid vid ttp



Memory: 4k page, physical 8193028k(5536580k free), swap 8387576k(8387576k free)

vm_info: Java HotSpot(TM) 64-Bit Server VM (24.51-b03) for linux-amd64 JRE (1.7.0_51-b13), built on Dec 18 2013 18:48:01 by "java_re" with gcc 4.3.0 20080428 (Red Hat 4.3.0-8)

time: Sat Jun 14 22:01:34 2014
elapsed time: 130 seconds

