#
# A fatal error has been detected by the Java Runtime Environment:
#
#  SIGSEGV (0xb) at pc=0x00007fc6a5695de7, pid=18544, tid=140491149592320
#
# JRE version: Java(TM) SE Runtime Environment (7.0_51-b13) (build 1.7.0_51-b13)
# Java VM: Java HotSpot(TM) 64-Bit Server VM (24.51-b03 mixed mode linux-amd64 compressed oops)
# Problematic frame:
# C  [libawt.so+0x30de7]  GetSDOps+0x47
#
# Failed to write core dump. Core dumps have been disabled. To enable core dumping, try "ulimit -c unlimited" before starting Java again
#
# If you would like to submit a bug report, please visit:
#   http://bugreport.sun.com/bugreport/crash.jsp
# The crash happened outside the Java Virtual Machine in native code.
# See problematic frame for where to report the bug.
#

---------------  T H R E A D  ---------------

Current thread (0x00007fc6ac16f000):  JavaThread "AWT-EventQueue-0" [_thread_in_native, id=18566, stack(0x00007fc6a500c000,0x00007fc6a510d000)]

siginfo:si_signo=SIGSEGV: si_errno=0, si_code=1 (SEGV_MAPERR), si_addr=0x00007f61ac07b380

Registers:
RAX=0x00007f61ac07b360, RBX=0x00007fc6ac16f1e8, RCX=0x00007fc6a5107f20, RDX=0x0000000000000042
RSP=0x00007fc6a5107ca0, RBP=0x00007fc6a5107cc0, RSI=0x00007fc6a5108118, RDI=0x00007fc6ac16f1e8
R8 =0x00007fc6a5108108, R9 =0x00000007d891dad8, R10=0x0000000000000056, R11=0x00007fc6b142d008
R12=0x00007fc6a5108118, R13=0x00007f61ac07b360, R14=0x0000000000000001, R15=0x00007fc6a5108110
RIP=0x00007fc6a5695de7, EFLAGS=0x0000000000010202, CSGSFS=0x0000000000000033, ERR=0x0000000000000004
  TRAPNO=0x000000000000000e

Top of Stack: (sp=0x00007fc6a5107ca0)
0x00007fc6a5107ca0:   00007fc6a5108108 00007fc6a5108100
0x00007fc6a5107cb0:   00007fc6a5108118 00007fc6ac16f1e8
0x00007fc6a5107cc0:   00007fc6a5107fa0 00007fc6a56989ab
0x00007fc6a5107cd0:   000000000000002f 00007fc6a5107c88
0x00007fc6a5107ce0:   00007fc6a5107cc9 0000000800000002
0x00007fc6a5107cf0:   00007fc66800a300 00000007d713d078
0x00007fc6a5107d00:   00007fc66800a378 00007fc66800a378
0x00007fc6a5107d10:   00007fc66800a370 00007fc66800a370
0x00007fc6a5107d20:   00000007fffffffe 00007fc6a5107f20
0x00007fc6a5107d30:   0000000000000000 00007fc6ac16f000
0x00007fc6a5107d40:   407382aaaaaaaaab 4087000000000002
0x00007fc6a5107d50:   4067caaaaaaaaaa7 4081a80000000000
0x00007fc6a5107d60:   000000077dc1cd08 0000000000000000
0x00007fc6a5107d70:   00007fc6a5107e30 00007fc6b0dcba39
0x00007fc6a5107d80:   00007fc6a590fa70 00007fc66800a348
0x00007fc6a5107d90:   00007fc6a5107f6f 00007fc66800a348
0x00007fc6a5107da0:   00007fc6b13cce30 0000005000000000
0x00007fc6a5107db0:   0000000000000026 0000000000000000
0x00007fc6a5107dc0:   0000000000000000 00007fc66800a020
0x00007fc6a5107dd0:   00007fc6a5107df0 00007fc6b0eb5379
0x00007fc6a5107de0:   00007fc6a5107e00 00007fc6a5107e20
0x00007fc6a5107df0:   00007fc6a5107e10 00007fc6b0eb5c01
0x00007fc6a5107e00:   00007fc6a5107e20 00007fc6a5107e80
0x00007fc6a5107e10:   00007fc6a5107e60 00007fc6b0db75fe
0x00007fc6a5107e20:   00007fc6b13ab6d0 00007fc6ac12a610
0x00007fc6a5107e30:   0000000000000067 000000000000000e
0x00007fc6a5107e40:   00007fc600000000 00007fc6ac12a611
0x00007fc6a5107e50:   00007fc6ac16f000 00007fc66800a348
0x00007fc6a5107e60:   00007fc6a5107f20 00007fc6b0bdc963
0x00007fc6a5107e70:   00007fc66800a348 00007fc6a5108120
0x00007fc6a5107e80:   00007fc6b13d75f0 00007fc6ac12a610
0x00007fc6a5107e90:   0000000000000066 00007fc6b0dcc74e 

Instructions: (pc=0x00007fc6a5695de7)
0x00007fc6a5695dc7:   00 00 00 48 8b 07 48 8b 15 ec 00 28 00 ff 90 28
0x00007fc6a5695dd7:   03 00 00 48 85 c0 49 89 c5 74 2e 45 84 f6 74 11
0x00007fc6a5695de7:   48 8b 40 20 48 85 c0 74 08 4c 89 ee 48 89 df ff
0x00007fc6a5695df7:   d0 4c 89 e8 48 8b 1c 24 4c 8b 64 24 08 4c 8b 6c 

Register to memory mapping:

RAX=0x00007f61ac07b360 is an unknown value
RBX=0x00007fc6ac16f1e8 is an unknown value
RCX=0x00007fc6a5107f20 is pointing into the stack for thread: 0x00007fc6ac16f000
RDX=0x0000000000000042 is an unknown value
RSP=0x00007fc6a5107ca0 is pointing into the stack for thread: 0x00007fc6ac16f000
RBP=0x00007fc6a5107cc0 is pointing into the stack for thread: 0x00007fc6ac16f000
RSI=0x00007fc6a5108118 is pointing into the stack for thread: 0x00007fc6ac16f000
RDI=0x00007fc6ac16f1e8 is an unknown value
R8 =0x00007fc6a5108108 is pointing into the stack for thread: 0x00007fc6ac16f000
R9 =0x00000007d891dad8 is an oop
sun.awt.image.BufImgSurfaceData 
 - klass: 'sun/awt/image/BufImgSurfaceData'
R10=0x0000000000000056 is an unknown value
R11=0x00007fc6b142d008: <offset 0xe3c008> in /usr/java/jdk1.7.0_51/jre/lib/amd64/server/libjvm.so at 0x00007fc6b05f1000
R12=0x00007fc6a5108118 is pointing into the stack for thread: 0x00007fc6ac16f000
R13=0x00007f61ac07b360 is an unknown value
R14=0x0000000000000001 is an unknown value
R15=0x00007fc6a5108110 is pointing into the stack for thread: 0x00007fc6ac16f000


Stack: [0x00007fc6a500c000,0x00007fc6a510d000],  sp=0x00007fc6a5107ca0,  free space=1007k
Native frames: (J=compiled Java code, j=interpreted, Vv=VM code, C=native code)
C  [libawt.so+0x30de7]  GetSDOps+0x47
C  [libawt.so+0x339ab]  Java_sun_java2d_loops_ScaledBlit_Scale+0xbb
j  sun.java2d.loops.ScaledBlit.Scale(Lsun/java2d/SurfaceData;Lsun/java2d/SurfaceData;Ljava/awt/Composite;Lsun/java2d/pipe/Region;IIIIDDDD)V+0
j  sun.java2d.pipe.DrawImage.scaleSurfaceData(Lsun/java2d/SunGraphics2D;Lsun/java2d/pipe/Region;Lsun/java2d/SurfaceData;Lsun/java2d/SurfaceData;Lsun/java2d/loops/SurfaceType;Lsun/java2d/loops/SurfaceType;IIIIDDDD)Z+72
j  sun.java2d.pipe.DrawImage.renderImageScale(Lsun/java2d/SunGraphics2D;Ljava/awt/Image;Ljava/awt/Color;IIIIIDDDD)Z+97
j  sun.java2d.pipe.DrawImage.tryCopyOrScale(Lsun/java2d/SunGraphics2D;Ljava/awt/Image;IIIILjava/awt/Color;I[D)Z+176
j  sun.java2d.pipe.DrawImage.transformImage(Lsun/java2d/SunGraphics2D;Ljava/awt/Image;Ljava/awt/geom/AffineTransform;IIIIILjava/awt/Color;)V+97
j  sun.java2d.pipe.DrawImage.scaleImage(Lsun/java2d/SunGraphics2D;Ljava/awt/Image;IIIIIIIILjava/awt/Color;)Z+467
j  sun.java2d.pipe.DrawImage.copyImage(Lsun/java2d/SunGraphics2D;Ljava/awt/Image;IIIIIILjava/awt/Color;)Z+68
j  sun.java2d.pipe.DrawImage.copyImage(Lsun/java2d/SunGraphics2D;Ljava/awt/Image;IIIIIILjava/awt/Color;Ljava/awt/image/ImageObserver;)Z+23
j  sun.java2d.pipe.ValidatePipe.copyImage(Lsun/java2d/SunGraphics2D;Ljava/awt/Image;IIIIIILjava/awt/Color;Ljava/awt/image/ImageObserver;)Z+29
j  sun.java2d.SunGraphics2D.copyImage(Ljava/awt/Image;IIIIIILjava/awt/Color;Ljava/awt/image/ImageObserver;)Z+20
j  sun.java2d.SunGraphics2D.drawImage(Ljava/awt/Image;IIIIIIIILjava/awt/Color;Ljava/awt/image/ImageObserver;)Z+185
j  sun.java2d.SunGraphics2D.drawImage(Ljava/awt/Image;IIIIIIIILjava/awt/image/ImageObserver;)Z+19
j  client.gui.ImagePanel$DrawingImage.draw(Ljava/awt/Graphics2D;)V+52
j  client.gui.ImagePanel.paintComponent(Ljava/awt/Graphics;)V+93
j  javax.swing.JComponent.paint(Ljava/awt/Graphics;)V+286
j  javax.swing.JComponent.paintChildren(Ljava/awt/Graphics;)V+501
j  javax.swing.JSplitPane.paintChildren(Ljava/awt/Graphics;)V+2
j  javax.swing.JComponent.paint(Ljava/awt/Graphics;)V+318
j  javax.swing.JComponent.paintChildren(Ljava/awt/Graphics;)V+501
j  javax.swing.JComponent.paint(Ljava/awt/Graphics;)V+318
j  javax.swing.JComponent.paintChildren(Ljava/awt/Graphics;)V+501
j  javax.swing.JComponent.paint(Ljava/awt/Graphics;)V+318
j  javax.swing.JLayeredPane.paint(Ljava/awt/Graphics;)V+73
j  javax.swing.JComponent.paintChildren(Ljava/awt/Graphics;)V+501
j  javax.swing.JComponent.paintToOffscreen(Ljava/awt/Graphics;IIIIII)V+72
j  javax.swing.BufferStrategyPaintManager.paint(Ljavax/swing/JComponent;Ljavax/swing/JComponent;Ljava/awt/Graphics;IIII)Z+157
j  javax.swing.RepaintManager.paint(Ljavax/swing/JComponent;Ljavax/swing/JComponent;Ljava/awt/Graphics;IIII)V+52
j  javax.swing.JComponent.paint(Ljava/awt/Graphics;)V+221
j  java.awt.GraphicsCallback$PaintCallback.run(Ljava/awt/Component;Ljava/awt/Graphics;)V+2
j  sun.awt.SunGraphicsCallback.runOneComponent(Ljava/awt/Component;Ljava/awt/Rectangle;Ljava/awt/Graphics;Ljava/awt/Shape;I)V+155
j  sun.awt.SunGraphicsCallback.runComponents([Ljava/awt/Component;Ljava/awt/Graphics;I)V+194
j  java.awt.Container.paint(Ljava/awt/Graphics;)V+58
j  java.awt.Window.paint(Ljava/awt/Graphics;)V+68
j  javax.swing.RepaintManager$3.run()Ljava/lang/Void;+136
j  javax.swing.RepaintManager$3.run()Ljava/lang/Object;+1
v  ~StubRoutines::call_stub
V  [libjvm.so+0x5f8465]  JavaCalls::call_helper(JavaValue*, methodHandle*, JavaCallArguments*, Thread*)+0x365
V  [libjvm.so+0x5f6ec8]  JavaCalls::call(JavaValue*, methodHandle, JavaCallArguments*, Thread*)+0x28
V  [libjvm.so+0x67cc64]  JVM_DoPrivileged+0x2a4
j  java.security.AccessController.doPrivileged(Ljava/security/PrivilegedAction;Ljava/security/AccessControlContext;)Ljava/lang/Object;+0
j  java.security.ProtectionDomain$1.doIntersectionPrivilege(Ljava/security/PrivilegedAction;Ljava/security/AccessControlContext;Ljava/security/AccessControlContext;)Ljava/lang/Object;+28
j  javax.swing.RepaintManager.paintDirtyRegions(Ljava/util/Map;)V+154
j  javax.swing.RepaintManager.paintDirtyRegions()V+46
j  javax.swing.RepaintManager.prePaintDirtyRegions()V+73
j  javax.swing.RepaintManager.access$1100(Ljavax/swing/RepaintManager;)V+1
j  javax.swing.RepaintManager$ProcessingRunnable.run()V+37
j  java.awt.event.InvocationEvent.dispatch()V+47
j  java.awt.EventQueue.dispatchEventImpl(Ljava/awt/AWTEvent;Ljava/lang/Object;)V+21
j  java.awt.EventQueue.access$200(Ljava/awt/EventQueue;Ljava/awt/AWTEvent;Ljava/lang/Object;)V+3
j  java.awt.EventQueue$3.run()Ljava/lang/Void;+12
j  java.awt.EventQueue$3.run()Ljava/lang/Object;+1
v  ~StubRoutines::call_stub
V  [libjvm.so+0x5f8465]  JavaCalls::call_helper(JavaValue*, methodHandle*, JavaCallArguments*, Thread*)+0x365
V  [libjvm.so+0x5f6ec8]  JavaCalls::call(JavaValue*, methodHandle, JavaCallArguments*, Thread*)+0x28
V  [libjvm.so+0x67cc64]  JVM_DoPrivileged+0x2a4
j  java.security.AccessController.doPrivileged(Ljava/security/PrivilegedAction;Ljava/security/AccessControlContext;)Ljava/lang/Object;+0
j  java.security.ProtectionDomain$1.doIntersectionPrivilege(Ljava/security/PrivilegedAction;Ljava/security/AccessControlContext;Ljava/security/AccessControlContext;)Ljava/lang/Object;+28
j  java.awt.EventQueue.dispatchEvent(Ljava/awt/AWTEvent;)V+46
j  java.awt.EventDispatchThread.pumpOneEventForFilters(I)V+245
j  java.awt.EventDispatchThread.pumpEventsForFilter(ILjava/awt/Conditional;Ljava/awt/EventFilter;)V+35
j  java.awt.EventDispatchThread.pumpEventsForHierarchy(ILjava/awt/Conditional;Ljava/awt/Component;)V+11
j  java.awt.EventDispatchThread.pumpEvents(ILjava/awt/Conditional;)V+4
j  java.awt.EventDispatchThread.pumpEvents(Ljava/awt/Conditional;)V+3
j  java.awt.EventDispatchThread.run()V+9
v  ~StubRoutines::call_stub
V  [libjvm.so+0x5f8465]  JavaCalls::call_helper(JavaValue*, methodHandle*, JavaCallArguments*, Thread*)+0x365
V  [libjvm.so+0x5f6ec8]  JavaCalls::call(JavaValue*, methodHandle, JavaCallArguments*, Thread*)+0x28
V  [libjvm.so+0x5f7197]  JavaCalls::call_virtual(JavaValue*, KlassHandle, Symbol*, Symbol*, JavaCallArguments*, Thread*)+0x197
V  [libjvm.so+0x5f72b7]  JavaCalls::call_virtual(JavaValue*, Handle, KlassHandle, Symbol*, Symbol*, Thread*)+0x47
V  [libjvm.so+0x6731c5]  thread_entry(JavaThread*, Thread*)+0xe5
V  [libjvm.so+0x94d5ff]  JavaThread::thread_main_inner()+0xdf
V  [libjvm.so+0x94d705]  JavaThread::run()+0xf5
V  [libjvm.so+0x815538]  java_start(Thread*)+0x108

Java frames: (J=compiled Java code, j=interpreted, Vv=VM code)
j  sun.java2d.loops.ScaledBlit.Scale(Lsun/java2d/SurfaceData;Lsun/java2d/SurfaceData;Ljava/awt/Composite;Lsun/java2d/pipe/Region;IIIIDDDD)V+0
j  sun.java2d.pipe.DrawImage.scaleSurfaceData(Lsun/java2d/SunGraphics2D;Lsun/java2d/pipe/Region;Lsun/java2d/SurfaceData;Lsun/java2d/SurfaceData;Lsun/java2d/loops/SurfaceType;Lsun/java2d/loops/SurfaceType;IIIIDDDD)Z+72
j  sun.java2d.pipe.DrawImage.renderImageScale(Lsun/java2d/SunGraphics2D;Ljava/awt/Image;Ljava/awt/Color;IIIIIDDDD)Z+97
j  sun.java2d.pipe.DrawImage.tryCopyOrScale(Lsun/java2d/SunGraphics2D;Ljava/awt/Image;IIIILjava/awt/Color;I[D)Z+176
j  sun.java2d.pipe.DrawImage.transformImage(Lsun/java2d/SunGraphics2D;Ljava/awt/Image;Ljava/awt/geom/AffineTransform;IIIIILjava/awt/Color;)V+97
j  sun.java2d.pipe.DrawImage.scaleImage(Lsun/java2d/SunGraphics2D;Ljava/awt/Image;IIIIIIIILjava/awt/Color;)Z+467
j  sun.java2d.pipe.DrawImage.copyImage(Lsun/java2d/SunGraphics2D;Ljava/awt/Image;IIIIIILjava/awt/Color;)Z+68
j  sun.java2d.pipe.DrawImage.copyImage(Lsun/java2d/SunGraphics2D;Ljava/awt/Image;IIIIIILjava/awt/Color;Ljava/awt/image/ImageObserver;)Z+23
j  sun.java2d.pipe.ValidatePipe.copyImage(Lsun/java2d/SunGraphics2D;Ljava/awt/Image;IIIIIILjava/awt/Color;Ljava/awt/image/ImageObserver;)Z+29
j  sun.java2d.SunGraphics2D.copyImage(Ljava/awt/Image;IIIIIILjava/awt/Color;Ljava/awt/image/ImageObserver;)Z+20
j  sun.java2d.SunGraphics2D.drawImage(Ljava/awt/Image;IIIIIIIILjava/awt/Color;Ljava/awt/image/ImageObserver;)Z+185
j  sun.java2d.SunGraphics2D.drawImage(Ljava/awt/Image;IIIIIIIILjava/awt/image/ImageObserver;)Z+19
j  client.gui.ImagePanel$DrawingImage.draw(Ljava/awt/Graphics2D;)V+52
j  client.gui.ImagePanel.paintComponent(Ljava/awt/Graphics;)V+93
j  javax.swing.JComponent.paint(Ljava/awt/Graphics;)V+286
j  javax.swing.JComponent.paintChildren(Ljava/awt/Graphics;)V+501
j  javax.swing.JSplitPane.paintChildren(Ljava/awt/Graphics;)V+2
j  javax.swing.JComponent.paint(Ljava/awt/Graphics;)V+318
j  javax.swing.JComponent.paintChildren(Ljava/awt/Graphics;)V+501
j  javax.swing.JComponent.paint(Ljava/awt/Graphics;)V+318
j  javax.swing.JComponent.paintChildren(Ljava/awt/Graphics;)V+501
j  javax.swing.JComponent.paint(Ljava/awt/Graphics;)V+318
j  javax.swing.JLayeredPane.paint(Ljava/awt/Graphics;)V+73
j  javax.swing.JComponent.paintChildren(Ljava/awt/Graphics;)V+501
j  javax.swing.JComponent.paintToOffscreen(Ljava/awt/Graphics;IIIIII)V+72
j  javax.swing.BufferStrategyPaintManager.paint(Ljavax/swing/JComponent;Ljavax/swing/JComponent;Ljava/awt/Graphics;IIII)Z+157
j  javax.swing.RepaintManager.paint(Ljavax/swing/JComponent;Ljavax/swing/JComponent;Ljava/awt/Graphics;IIII)V+52
j  javax.swing.JComponent.paint(Ljava/awt/Graphics;)V+221
j  java.awt.GraphicsCallback$PaintCallback.run(Ljava/awt/Component;Ljava/awt/Graphics;)V+2
j  sun.awt.SunGraphicsCallback.runOneComponent(Ljava/awt/Component;Ljava/awt/Rectangle;Ljava/awt/Graphics;Ljava/awt/Shape;I)V+155
j  sun.awt.SunGraphicsCallback.runComponents([Ljava/awt/Component;Ljava/awt/Graphics;I)V+194
j  java.awt.Container.paint(Ljava/awt/Graphics;)V+58
j  java.awt.Window.paint(Ljava/awt/Graphics;)V+68
j  javax.swing.RepaintManager$3.run()Ljava/lang/Void;+136
j  javax.swing.RepaintManager$3.run()Ljava/lang/Object;+1
v  ~StubRoutines::call_stub
j  java.security.AccessController.doPrivileged(Ljava/security/PrivilegedAction;Ljava/security/AccessControlContext;)Ljava/lang/Object;+0
j  java.security.ProtectionDomain$1.doIntersectionPrivilege(Ljava/security/PrivilegedAction;Ljava/security/AccessControlContext;Ljava/security/AccessControlContext;)Ljava/lang/Object;+28
j  javax.swing.RepaintManager.paintDirtyRegions(Ljava/util/Map;)V+154
j  javax.swing.RepaintManager.paintDirtyRegions()V+46
j  javax.swing.RepaintManager.prePaintDirtyRegions()V+73
j  javax.swing.RepaintManager.access$1100(Ljavax/swing/RepaintManager;)V+1
j  javax.swing.RepaintManager$ProcessingRunnable.run()V+37
j  java.awt.event.InvocationEvent.dispatch()V+47
j  java.awt.EventQueue.dispatchEventImpl(Ljava/awt/AWTEvent;Ljava/lang/Object;)V+21
j  java.awt.EventQueue.access$200(Ljava/awt/EventQueue;Ljava/awt/AWTEvent;Ljava/lang/Object;)V+3
j  java.awt.EventQueue$3.run()Ljava/lang/Void;+12
j  java.awt.EventQueue$3.run()Ljava/lang/Object;+1
v  ~StubRoutines::call_stub
j  java.security.AccessController.doPrivileged(Ljava/security/PrivilegedAction;Ljava/security/AccessControlContext;)Ljava/lang/Object;+0
j  java.security.ProtectionDomain$1.doIntersectionPrivilege(Ljava/security/PrivilegedAction;Ljava/security/AccessControlContext;Ljava/security/AccessControlContext;)Ljava/lang/Object;+28
j  java.awt.EventQueue.dispatchEvent(Ljava/awt/AWTEvent;)V+46
j  java.awt.EventDispatchThread.pumpOneEventForFilters(I)V+245
j  java.awt.EventDispatchThread.pumpEventsForFilter(ILjava/awt/Conditional;Ljava/awt/EventFilter;)V+35
j  java.awt.EventDispatchThread.pumpEventsForHierarchy(ILjava/awt/Conditional;Ljava/awt/Component;)V+11
j  java.awt.EventDispatchThread.pumpEvents(ILjava/awt/Conditional;)V+4
j  java.awt.EventDispatchThread.pumpEvents(Ljava/awt/Conditional;)V+3
j  java.awt.EventDispatchThread.run()V+9
v  ~StubRoutines::call_stub

---------------  P R O C E S S  ---------------

Java Threads: ( => current thread )
  0x00007fc64824f800 JavaThread "Keep-Alive-Timer" daemon [_thread_blocked, id=18568, stack(0x00007fc6a4499000,0x00007fc6a459a000)]
  0x00007fc64817c000 JavaThread "TimerQueue" daemon [_thread_blocked, id=18567, stack(0x00007fc6a459a000,0x00007fc6a469b000)]
  0x00007fc6ac009000 JavaThread "DestroyJavaVM" [_thread_blocked, id=18549, stack(0x00007fc6b04f0000,0x00007fc6b05f1000)]
=>0x00007fc6ac16f000 JavaThread "AWT-EventQueue-0" [_thread_in_native, id=18566, stack(0x00007fc6a500c000,0x00007fc6a510d000)]
  0x00007fc6ac16d800 JavaThread "AWT-Shutdown" [_thread_blocked, id=18565, stack(0x00007fc6a510d000,0x00007fc6a520e000)]
  0x00007fc6ac15c000 JavaThread "AWT-XAWT" daemon [_thread_in_native, id=18564, stack(0x00007fc6a520e000,0x00007fc6a530f000)]
  0x00007fc6ac132000 JavaThread "Java2D Disposer" daemon [_thread_blocked, id=18563, stack(0x00007fc6a530f000,0x00007fc6a5410000)]
  0x00007fc6ac095800 JavaThread "Service Thread" daemon [_thread_blocked, id=18560, stack(0x00007fc6a5a38000,0x00007fc6a5b39000)]
  0x00007fc6ac093000 JavaThread "C2 CompilerThread1" daemon [_thread_blocked, id=18559, stack(0x00007fc6a5b39000,0x00007fc6a5c3a000)]
  0x00007fc6ac090000 JavaThread "C2 CompilerThread0" daemon [_thread_blocked, id=18558, stack(0x00007fc6a5c3a000,0x00007fc6a5d3b000)]
  0x00007fc6ac086000 JavaThread "Signal Dispatcher" daemon [_thread_blocked, id=18557, stack(0x00007fc6a5d3b000,0x00007fc6a5e3c000)]
  0x00007fc6ac06f000 JavaThread "Finalizer" daemon [_thread_blocked, id=18556, stack(0x00007fc6a5e3c000,0x00007fc6a5f3d000)]
  0x00007fc6ac06b000 JavaThread "Reference Handler" daemon [_thread_blocked, id=18555, stack(0x00007fc6a5f3d000,0x00007fc6a603e000)]

Other Threads:
  0x00007fc6ac068800 VMThread [stack: 0x00007fc6a603e000,0x00007fc6a613f000] [id=18554]
  0x00007fc6ac0a0000 WatcherThread [stack: 0x00007fc6a5937000,0x00007fc6a5a38000] [id=18561]

VM state:not at safepoint (normal execution)

VM Mutex/Monitor currently owned by a thread: None

Heap
 PSYoungGen      total 37888K, used 18555K [0x00000007d6480000, 0x00000007d8e80000, 0x0000000800000000)
  eden space 32768K, 41% used [0x00000007d6480000,0x00000007d71a4b40,0x00000007d8480000)
  from space 5120K, 99% used [0x00000007d8480000,0x00000007d897a440,0x00000007d8980000)
  to   space 5120K, 0% used [0x00000007d8980000,0x00000007d8980000,0x00000007d8e80000)
 ParOldGen       total 84992K, used 10748K [0x0000000782e00000, 0x0000000788100000, 0x00000007d6480000)
  object space 84992K, 12% used [0x0000000782e00000,0x000000078387f258,0x0000000788100000)
 PSPermGen       total 21504K, used 16878K [0x000000077dc00000, 0x000000077f100000, 0x0000000782e00000)
  object space 21504K, 78% used [0x000000077dc00000,0x000000077ec7b8c8,0x000000077f100000)

Card table byte_map: [0x00007fc6a7e7e000,0x00007fc6a8291000] byte_map_base: 0x00007fc6a4290000

Polling page: 0x00007fc6b1686000

Code Cache  [0x00007fc6a8351000, 0x00007fc6a85c1000, 0x00007fc6ab351000)
 total_blobs=614 nmethods=114 adapters=454 free_code_cache=48338Kb largest_free_block=49473280

Compilation events (10 events):
Event: 5.771 Thread 0x00007fc6ac093000  110             java.lang.Class::getName (21 bytes)
Event: 5.773 Thread 0x00007fc6ac093000 nmethod 110 0x00007fc6a84105d0 code [0x00007fc6a8410720, 0x00007fc6a84107c8]
Event: 5.797 Thread 0x00007fc6ac090000  111             java.util.HashMap::containsKey (14 bytes)
Event: 5.798 Thread 0x00007fc6ac093000  112             com.sun.org.apache.xerces.internal.impl.XMLDocumentFragmentScannerImpl::scanDocument (272 bytes)
Event: 5.803 Thread 0x00007fc6ac090000 nmethod 111 0x00007fc6a8419d90 code [0x00007fc6a8419f00, 0x00007fc6a841a128]
Event: 5.808 Thread 0x00007fc6ac093000 nmethod 112 0x00007fc6a8413dd0 code [0x00007fc6a8413fc0, 0x00007fc6a8414430]
Event: 5.857 Thread 0x00007fc6ac090000  113   !         sun.awt.AppContext::get (121 bytes)
Event: 5.868 Thread 0x00007fc6ac093000  114             java.util.concurrent.atomic.AtomicInteger::get (5 bytes)
Event: 5.869 Thread 0x00007fc6ac093000 nmethod 114 0x00007fc6a84103d0 code [0x00007fc6a8410500, 0x00007fc6a8410558]
Event: 5.871 Thread 0x00007fc6ac090000 nmethod 113 0x00007fc6a841ba90 code [0x00007fc6a841bc20, 0x00007fc6a841c508]

GC Heap History (2 events):
Event: 5.588 GC heap before
{Heap before GC invocations=1 (full 0):
 PSYoungGen      total 37888K, used 32768K [0x00000007d6480000, 0x00000007d8e80000, 0x0000000800000000)
  eden space 32768K, 100% used [0x00000007d6480000,0x00000007d8480000,0x00000007d8480000)
  from space 5120K, 0% used [0x00000007d8980000,0x00000007d8980000,0x00000007d8e80000)
  to   space 5120K, 0% used [0x00000007d8480000,0x00000007d8480000,0x00000007d8980000)
 ParOldGen       total 84992K, used 0K [0x0000000782e00000, 0x0000000788100000, 0x00000007d6480000)
  object space 84992K, 0% used [0x0000000782e00000,0x0000000782e00000,0x0000000788100000)
 PSPermGen       total 21504K, used 16458K [0x000000077dc00000, 0x000000077f100000, 0x0000000782e00000)
  object space 21504K, 76% used [0x000000077dc00000,0x000000077ec129c8,0x000000077f100000)
Event: 5.619 GC heap after
Heap after GC invocations=1 (full 0):
 PSYoungGen      total 37888K, used 5097K [0x00000007d6480000, 0x00000007d8e80000, 0x0000000800000000)
  eden space 32768K, 0% used [0x00000007d6480000,0x00000007d6480000,0x00000007d8480000)
  from space 5120K, 99% used [0x00000007d8480000,0x00000007d897a440,0x00000007d8980000)
  to   space 5120K, 0% used [0x00000007d8980000,0x00000007d8980000,0x00000007d8e80000)
 ParOldGen       total 84992K, used 10748K [0x0000000782e00000, 0x0000000788100000, 0x00000007d6480000)
  object space 84992K, 12% used [0x0000000782e00000,0x000000078387f258,0x0000000788100000)
 PSPermGen       total 21504K, used 16458K [0x000000077dc00000, 0x000000077f100000, 0x0000000782e00000)
  object space 21504K, 76% used [0x000000077dc00000,0x000000077ec129c8,0x000000077f100000)
}

Deoptimization events (10 events):
Event: 0.814 Thread 0x00007fc6ac16f000 Uncommon trap: reason=class_check action=maybe_recompile pc=0x00007fc6a83c8158 method=java.lang.String.equals(Ljava/lang/Object;)Z @ 8
Event: 0.816 Thread 0x00007fc6ac16f000 Uncommon trap: reason=class_check action=maybe_recompile pc=0x00007fc6a83c8158 method=java.lang.String.equals(Ljava/lang/Object;)Z @ 8
Event: 0.816 Thread 0x00007fc6ac16f000 Uncommon trap: reason=class_check action=maybe_recompile pc=0x00007fc6a83c8158 method=java.lang.String.equals(Ljava/lang/Object;)Z @ 8
Event: 5.440 Thread 0x00007fc6ac16f000 Uncommon trap: reason=null_check action=make_not_entrant pc=0x00007fc6a8402204 method=com.thoughtworks.xstream.core.util.WeakCache.get(Ljava/lang/Object;)Ljava/lang/Object; @ 10
Event: 5.731 Thread 0x00007fc6ac16f000 Uncommon trap: reason=predicate action=maybe_recompile pc=0x00007fc6a83fa094 method=java.util.ArrayList.indexOf(Ljava/lang/Object;)I @ 44
Event: 5.776 Thread 0x00007fc6ac16f000 Uncommon trap: reason=unreached action=reinterpret pc=0x00007fc6a8404a30 method=com.thoughtworks.xstream.io.xml.XmlFriendlyNameCoder.encodeName(Ljava/lang/String;)Ljava/lang/String; @ 15
Event: 5.798 Thread 0x00007fc6ac16f000 Uncommon trap: reason=class_check action=maybe_recompile pc=0x00007fc6a83ee8c8 method=com.sun.org.apache.xerces.internal.impl.XMLDocumentScannerImpl.next()I @ 4
Event: 5.798 Thread 0x00007fc6ac16f000 Uncommon trap: reason=class_check action=maybe_recompile pc=0x00007fc6a83ee8c8 method=com.sun.org.apache.xerces.internal.impl.XMLDocumentScannerImpl.next()I @ 4
Event: 5.798 Thread 0x00007fc6ac16f000 Uncommon trap: reason=null_check action=make_not_entrant pc=0x00007fc6a83f2218 method=com.sun.org.apache.xerces.internal.dom.DeferredDocumentImpl.clearChunkValue([[Ljava/lang/Object;II)Ljava/lang/String; @ 11
Event: 5.798 Thread 0x00007fc6ac16f000 Uncommon trap: reason=class_check action=maybe_recompile pc=0x00007fc6a83ee8c8 method=com.sun.org.apache.xerces.internal.impl.XMLDocumentScannerImpl.next()I @ 4

Internal exceptions (10 events):
Event: 5.275 Thread 0x00007fc6ac16f000 Threw 0x00000007d73e27f0 at /HUDSON/workspace/7u-2-build-linux-amd64@2/jdk7u51/527/hotspot/src/share/vm/prims/jvm.cpp:1244
Event: 5.276 Thread 0x00007fc6ac16f000 Threw 0x00000007d73e4838 at /HUDSON/workspace/7u-2-build-linux-amd64@2/jdk7u51/527/hotspot/src/share/vm/prims/jvm.cpp:1244
Event: 5.277 Thread 0x00007fc6ac16f000 Threw 0x00000007d73e70d8 at /HUDSON/workspace/7u-2-build-linux-amd64@2/jdk7u51/527/hotspot/src/share/vm/prims/jvm.cpp:1244
Event: 5.278 Thread 0x00007fc6ac16f000 Threw 0x00000007d73e9178 at /HUDSON/workspace/7u-2-build-linux-amd64@2/jdk7u51/527/hotspot/src/share/vm/prims/jvm.cpp:1244
Event: 5.282 Thread 0x00007fc6ac16f000 Threw 0x00000007d73efcf0 at /HUDSON/workspace/7u-2-build-linux-amd64@2/jdk7u51/527/hotspot/src/share/vm/prims/jvm.cpp:1244
Event: 5.440 Thread 0x00007fc6ac16f000 Implicit null exception at 0x00007fc6a8401b4c to 0x00007fc6a84021f5
Event: 5.666 Thread 0x00007fc6ac16f000 Threw 0x00000007d6be9500 at /HUDSON/workspace/7u-2-build-linux-amd64@2/jdk7u51/527/hotspot/src/share/vm/prims/jvm.cpp:1244
Event: 5.676 Thread 0x00007fc6ac16f000 Threw 0x00000007d6bfb4c0 at /HUDSON/workspace/7u-2-build-linux-amd64@2/jdk7u51/527/hotspot/src/share/vm/prims/jvm.cpp:1244
Event: 5.738 Thread 0x00007fc6ac16f000 Threw 0x00000007d6cfc6d8 at /HUDSON/workspace/7u-2-build-linux-amd64@2/jdk7u51/527/hotspot/src/share/vm/prims/jvm.cpp:1244
Event: 5.798 Thread 0x00007fc6ac16f000 Implicit null exception at 0x00007fc6a83f1f9a to 0x00007fc6a83f2201

Events (10 events):
Event: 5.814 loading class 0x00007fc6ac160240
Event: 5.814 loading class 0x00007fc6ac160240 done
Event: 5.834 loading class 0x00007fc648078ff0
Event: 5.834 loading class 0x00007fc648078ff0 done
Event: 5.834 loading class 0x00007fc66001b9e0
Event: 5.834 loading class 0x00007fc66001b9e0 done
Event: 5.841 loading class 0x00007fc668011f10
Event: 5.841 loading class 0x00007fc668011f10 done
Event: 5.842 loading class 0x00007fc6480b32e0
Event: 5.842 loading class 0x00007fc6480b32e0 done


Dynamic libraries:
00400000-00401000 r-xp 00000000 09:02 1851940                            /usr/java/jdk1.7.0_51/bin/java
00600000-00601000 rw-p 00000000 09:02 1851940                            /usr/java/jdk1.7.0_51/bin/java
01e07000-01e28000 rw-p 00000000 00:00 0                                  [heap]
77dc00000-77f100000 rw-p 00000000 00:00 0 
77f100000-782e00000 rw-p 00000000 00:00 0 
782e00000-788100000 rw-p 00000000 00:00 0 
788100000-7d6480000 rw-p 00000000 00:00 0 
7d6480000-7d8e80000 rw-p 00000000 00:00 0 
7d8e80000-800000000 rw-p 00000000 00:00 0 
3fb9200000-3fb9220000 r-xp 00000000 09:02 399595                         /lib64/ld-2.12.so
3fb941f000-3fb9420000 r--p 0001f000 09:02 399595                         /lib64/ld-2.12.so
3fb9420000-3fb9421000 rw-p 00020000 09:02 399595                         /lib64/ld-2.12.so
3fb9421000-3fb9422000 rw-p 00000000 00:00 0 
3fb9600000-3fb9683000 r-xp 00000000 09:02 399600                         /lib64/libm-2.12.so
3fb9683000-3fb9882000 ---p 00083000 09:02 399600                         /lib64/libm-2.12.so
3fb9882000-3fb9883000 r--p 00082000 09:02 399600                         /lib64/libm-2.12.so
3fb9883000-3fb9884000 rw-p 00083000 09:02 399600                         /lib64/libm-2.12.so
3fb9a00000-3fb9b8b000 r-xp 00000000 09:02 399596                         /lib64/libc-2.12.so
3fb9b8b000-3fb9d8a000 ---p 0018b000 09:02 399596                         /lib64/libc-2.12.so
3fb9d8a000-3fb9d8e000 r--p 0018a000 09:02 399596                         /lib64/libc-2.12.so
3fb9d8e000-3fb9d8f000 rw-p 0018e000 09:02 399596                         /lib64/libc-2.12.so
3fb9d8f000-3fb9d94000 rw-p 00000000 00:00 0 
3fb9e00000-3fb9e17000 r-xp 00000000 09:02 399598                         /lib64/libpthread-2.12.so
3fb9e17000-3fba017000 ---p 00017000 09:02 399598                         /lib64/libpthread-2.12.so
3fba017000-3fba018000 r--p 00017000 09:02 399598                         /lib64/libpthread-2.12.so
3fba018000-3fba019000 rw-p 00018000 09:02 399598                         /lib64/libpthread-2.12.so
3fba019000-3fba01d000 rw-p 00000000 00:00 0 
3fba200000-3fba202000 r-xp 00000000 09:02 399599                         /lib64/libdl-2.12.so
3fba202000-3fba402000 ---p 00002000 09:02 399599                         /lib64/libdl-2.12.so
3fba402000-3fba403000 r--p 00002000 09:02 399599                         /lib64/libdl-2.12.so
3fba403000-3fba404000 rw-p 00003000 09:02 399599                         /lib64/libdl-2.12.so
3fbaa00000-3fbaa07000 r-xp 00000000 09:02 399602                         /lib64/librt-2.12.so
3fbaa07000-3fbac06000 ---p 00007000 09:02 399602                         /lib64/librt-2.12.so
3fbac06000-3fbac07000 r--p 00006000 09:02 399602                         /lib64/librt-2.12.so
3fbac07000-3fbac08000 rw-p 00007000 09:02 399602                         /lib64/librt-2.12.so
3fbc600000-3fbc61d000 r-xp 00000000 09:02 1736896                        /usr/lib64/libxcb.so.1.1.0
3fbc61d000-3fbc81d000 ---p 0001d000 09:02 1736896                        /usr/lib64/libxcb.so.1.1.0
3fbc81d000-3fbc81e000 rw-p 0001d000 09:02 1736896                        /usr/lib64/libxcb.so.1.1.0
3fbca00000-3fbcb37000 r-xp 00000000 09:02 1736897                        /usr/lib64/libX11.so.6.3.0
3fbcb37000-3fbcd37000 ---p 00137000 09:02 1736897                        /usr/lib64/libX11.so.6.3.0
3fbcd37000-3fbcd3d000 rw-p 00137000 09:02 1736897                        /usr/lib64/libX11.so.6.3.0
3fbce00000-3fbce02000 r-xp 00000000 09:02 1736895                        /usr/lib64/libXau.so.6.0.0
3fbce02000-3fbd002000 ---p 00002000 09:02 1736895                        /usr/lib64/libXau.so.6.0.0
3fbd002000-3fbd003000 rw-p 00002000 09:02 1736895                        /usr/lib64/libXau.so.6.0.0
3fbde00000-3fbde12000 r-xp 00000000 09:02 1736903                        /usr/lib64/libXext.so.6.4.0
3fbde12000-3fbe012000 ---p 00012000 09:02 1736903                        /usr/lib64/libXext.so.6.4.0
3fbe012000-3fbe013000 rw-p 00012000 09:02 1736903                        /usr/lib64/libXext.so.6.4.0
3fbea00000-3fbea09000 r-xp 00000000 09:02 1736898                        /usr/lib64/libXrender.so.1.3.0
3fbea09000-3fbec09000 ---p 00009000 09:02 1736898                        /usr/lib64/libXrender.so.1.3.0
3fbec09000-3fbec0a000 rw-p 00009000 09:02 1736898                        /usr/lib64/libXrender.so.1.3.0
3fbee00000-3fbee0e000 r-xp 00000000 09:02 1736905                        /usr/lib64/libXi.so.6.1.0
3fbee0e000-3fbf00e000 ---p 0000e000 09:02 1736905                        /usr/lib64/libXi.so.6.1.0
3fbf00e000-3fbf00f000 rw-p 0000e000 09:02 1736905                        /usr/lib64/libXi.so.6.1.0
3fc0a00000-3fc0a05000 r-xp 00000000 09:02 1736907                        /usr/lib64/libXfixes.so.3.1.0
3fc0a05000-3fc0c05000 ---p 00005000 09:02 1736907                        /usr/lib64/libXfixes.so.3.1.0
3fc0c05000-3fc0c06000 rw-p 00005000 09:02 1736907                        /usr/lib64/libXfixes.so.3.1.0
3fc2600000-3fc2609000 r-xp 00000000 09:02 1736908                        /usr/lib64/libXcursor.so.1.0.2
3fc2609000-3fc2809000 ---p 00009000 09:02 1736908                        /usr/lib64/libXcursor.so.1.0.2
3fc2809000-3fc280a000 rw-p 00009000 09:02 1736908                        /usr/lib64/libXcursor.so.1.0.2
3fc5e00000-3fc5e16000 r-xp 00000000 09:02 399616                         /lib64/libgcc_s-4.4.7-20120601.so.1
3fc5e16000-3fc6015000 ---p 00016000 09:02 399616                         /lib64/libgcc_s-4.4.7-20120601.so.1
3fc6015000-3fc6016000 rw-p 00015000 09:02 399616                         /lib64/libgcc_s-4.4.7-20120601.so.1
3fc8600000-3fc8605000 r-xp 00000000 09:02 1718247                        /usr/lib64/libXtst.so.6.1.0
3fc8605000-3fc8805000 ---p 00005000 09:02 1718247                        /usr/lib64/libXtst.so.6.1.0
3fc8805000-3fc8806000 rw-p 00005000 09:02 1718247                        /usr/lib64/libXtst.so.6.1.0
7fc640000000-7fc640021000 rw-p 00000000 00:00 0 
7fc640021000-7fc644000000 ---p 00000000 00:00 0 
7fc648000000-7fc648474000 rw-p 00000000 00:00 0 
7fc648474000-7fc64c000000 ---p 00000000 00:00 0 
7fc64c000000-7fc64c021000 rw-p 00000000 00:00 0 
7fc64c021000-7fc650000000 ---p 00000000 00:00 0 
7fc650000000-7fc650021000 rw-p 00000000 00:00 0 
7fc650021000-7fc654000000 ---p 00000000 00:00 0 
7fc654000000-7fc654021000 rw-p 00000000 00:00 0 
7fc654021000-7fc658000000 ---p 00000000 00:00 0 
7fc658000000-7fc658021000 rw-p 00000000 00:00 0 
7fc658021000-7fc65c000000 ---p 00000000 00:00 0 
7fc65c000000-7fc65c021000 rw-p 00000000 00:00 0 
7fc65c021000-7fc660000000 ---p 00000000 00:00 0 
7fc660000000-7fc66048c000 rw-p 00000000 00:00 0 
7fc66048c000-7fc664000000 ---p 00000000 00:00 0 
7fc664000000-7fc664021000 rw-p 00000000 00:00 0 
7fc664021000-7fc668000000 ---p 00000000 00:00 0 
7fc668000000-7fc66880d000 rw-p 00000000 00:00 0 
7fc66880d000-7fc66c000000 ---p 00000000 00:00 0 
7fc66e16f000-7fc674000000 r--p 00000000 09:02 1705722                    /usr/lib/locale/locale-archive
7fc674000000-7fc674021000 rw-p 00000000 00:00 0 
7fc674021000-7fc678000000 ---p 00000000 00:00 0 
7fc678000000-7fc678021000 rw-p 00000000 00:00 0 
7fc678021000-7fc67c000000 ---p 00000000 00:00 0 
7fc67c000000-7fc67c021000 rw-p 00000000 00:00 0 
7fc67c021000-7fc680000000 ---p 00000000 00:00 0 
7fc683ee0000-7fc688000000 rw-p 00000000 00:00 0 
7fc688000000-7fc688021000 rw-p 00000000 00:00 0 
7fc688021000-7fc68c000000 ---p 00000000 00:00 0 
7fc68c000000-7fc68c021000 rw-p 00000000 00:00 0 
7fc68c021000-7fc690000000 ---p 00000000 00:00 0 
7fc690000000-7fc690021000 rw-p 00000000 00:00 0 
7fc690021000-7fc694000000 ---p 00000000 00:00 0 
7fc698000000-7fc698021000 rw-p 00000000 00:00 0 
7fc698021000-7fc69c000000 ---p 00000000 00:00 0 
7fc6a0000000-7fc6a0021000 rw-p 00000000 00:00 0 
7fc6a0021000-7fc6a4000000 ---p 00000000 00:00 0 
7fc6a432e000-7fc6a4499000 rw-p 00000000 00:00 0 
7fc6a4499000-7fc6a449c000 ---p 00000000 00:00 0 
7fc6a449c000-7fc6a459a000 rw-p 00000000 00:00 0 
7fc6a459a000-7fc6a459d000 ---p 00000000 00:00 0 
7fc6a459d000-7fc6a469b000 rw-p 00000000 00:00 0 
7fc6a469b000-7fc6a46bb000 rw-s 00000000 00:04 13762586                   /SYSV00000000 (deleted)
7fc6a46bb000-7fc6a4723000 r-xp 00000000 09:02 1852112                    /usr/java/jdk1.7.0_51/jre/lib/amd64/libt2k.so
7fc6a4723000-7fc6a4923000 ---p 00068000 09:02 1852112                    /usr/java/jdk1.7.0_51/jre/lib/amd64/libt2k.so
7fc6a4923000-7fc6a492a000 rw-p 00068000 09:02 1852112                    /usr/java/jdk1.7.0_51/jre/lib/amd64/libt2k.so
7fc6a492a000-7fc6a493a000 rw-p 00000000 00:00 0 
7fc6a493a000-7fc6a494a000 r-xp 00000000 09:02 1852104                    /usr/java/jdk1.7.0_51/jre/lib/amd64/libnio.so
7fc6a494a000-7fc6a4b4a000 ---p 00010000 09:02 1852104                    /usr/java/jdk1.7.0_51/jre/lib/amd64/libnio.so
7fc6a4b4a000-7fc6a4b4b000 rw-p 00010000 09:02 1852104                    /usr/java/jdk1.7.0_51/jre/lib/amd64/libnio.so
7fc6a4b4b000-7fc6a4b7c000 rw-p 00000000 00:00 0 
7fc6a4b7c000-7fc6a4b92000 r-xp 00000000 09:02 1852103                    /usr/java/jdk1.7.0_51/jre/lib/amd64/libnet.so
7fc6a4b92000-7fc6a4d92000 ---p 00016000 09:02 1852103                    /usr/java/jdk1.7.0_51/jre/lib/amd64/libnet.so
7fc6a4d92000-7fc6a4d93000 rw-p 00016000 09:02 1852103                    /usr/java/jdk1.7.0_51/jre/lib/amd64/libnet.so
7fc6a4d93000-7fc6a4df8000 r-xp 00000000 09:02 1852075                    /usr/java/jdk1.7.0_51/jre/lib/amd64/libfontmanager.so
7fc6a4df8000-7fc6a4ff7000 ---p 00065000 09:02 1852075                    /usr/java/jdk1.7.0_51/jre/lib/amd64/libfontmanager.so
7fc6a4ff7000-7fc6a4ffb000 rw-p 00064000 09:02 1852075                    /usr/java/jdk1.7.0_51/jre/lib/amd64/libfontmanager.so
7fc6a4ffb000-7fc6a500c000 rw-p 00000000 00:00 0 
7fc6a500c000-7fc6a500f000 ---p 00000000 00:00 0 
7fc6a500f000-7fc6a510d000 rw-p 00000000 00:00 0 
7fc6a510d000-7fc6a5110000 ---p 00000000 00:00 0 
7fc6a5110000-7fc6a520e000 rw-p 00000000 00:00 0 
7fc6a520e000-7fc6a5211000 ---p 00000000 00:00 0 
7fc6a5211000-7fc6a530f000 rw-p 00000000 00:00 0 
7fc6a530f000-7fc6a5312000 ---p 00000000 00:00 0 
7fc6a5312000-7fc6a5410000 rw-p 00000000 00:00 0 
7fc6a5410000-7fc6a5460000 r-xp 00000000 09:02 1852121                    /usr/java/jdk1.7.0_51/jre/lib/amd64/xawt/libmawt.so
7fc6a5460000-7fc6a5660000 ---p 00050000 09:02 1852121                    /usr/java/jdk1.7.0_51/jre/lib/amd64/xawt/libmawt.so
7fc6a5660000-7fc6a5664000 rw-p 00050000 09:02 1852121                    /usr/java/jdk1.7.0_51/jre/lib/amd64/xawt/libmawt.so
7fc6a5664000-7fc6a5665000 rw-p 00000000 00:00 0 
7fc6a5665000-7fc6a5707000 r-xp 00000000 09:02 1852071                    /usr/java/jdk1.7.0_51/jre/lib/amd64/libawt.so
7fc6a5707000-7fc6a5907000 ---p 000a2000 09:02 1852071                    /usr/java/jdk1.7.0_51/jre/lib/amd64/libawt.so
7fc6a5907000-7fc6a5913000 rw-p 000a2000 09:02 1852071                    /usr/java/jdk1.7.0_51/jre/lib/amd64/libawt.so
7fc6a5913000-7fc6a5937000 rw-p 00000000 00:00 0 
7fc6a5937000-7fc6a5938000 ---p 00000000 00:00 0 
7fc6a5938000-7fc6a5a38000 rw-p 00000000 00:00 0 
7fc6a5a38000-7fc6a5a3b000 ---p 00000000 00:00 0 
7fc6a5a3b000-7fc6a5b39000 rw-p 00000000 00:00 0 
7fc6a5b39000-7fc6a5b3c000 ---p 00000000 00:00 0 
7fc6a5b3c000-7fc6a5c3a000 rw-p 00000000 00:00 0 
7fc6a5c3a000-7fc6a5c3d000 ---p 00000000 00:00 0 
7fc6a5c3d000-7fc6a5d3b000 rw-p 00000000 00:00 0 
7fc6a5d3b000-7fc6a5d3e000 ---p 00000000 00:00 0 
7fc6a5d3e000-7fc6a5e3c000 rw-p 00000000 00:00 0 
7fc6a5e3c000-7fc6a5e3f000 ---p 00000000 00:00 0 
7fc6a5e3f000-7fc6a5f3d000 rw-p 00000000 00:00 0 
7fc6a5f3d000-7fc6a5f40000 ---p 00000000 00:00 0 
7fc6a5f40000-7fc6a603e000 rw-p 00000000 00:00 0 
7fc6a603e000-7fc6a603f000 ---p 00000000 00:00 0 
7fc6a603f000-7fc6a713e000 rw-p 00000000 00:00 0 
7fc6a713e000-7fc6a72fb000 r--s 039bf000 09:02 1852817                    /usr/java/jdk1.7.0_51/jre/lib/rt.jar
7fc6a72fb000-7fc6a77de000 rw-p 00000000 00:00 0 
7fc6a77de000-7fc6a77df000 ---p 00000000 00:00 0 
7fc6a77df000-7fc6a78df000 rw-p 00000000 00:00 0 
7fc6a78df000-7fc6a78e0000 ---p 00000000 00:00 0 
7fc6a78e0000-7fc6a79e0000 rw-p 00000000 00:00 0 
7fc6a79e0000-7fc6a79e1000 ---p 00000000 00:00 0 
7fc6a79e1000-7fc6a7ae1000 rw-p 00000000 00:00 0 
7fc6a7ae1000-7fc6a7ae2000 ---p 00000000 00:00 0 
7fc6a7ae2000-7fc6a7c0c000 rw-p 00000000 00:00 0 
7fc6a7c0c000-7fc6a7e7e000 rw-p 00000000 00:00 0 
7fc6a7e7e000-7fc6a7e89000 rw-p 00000000 00:00 0 
7fc6a7e89000-7fc6a7ea7000 rw-p 00000000 00:00 0 
7fc6a7ea7000-7fc6a7ed1000 rw-p 00000000 00:00 0 
7fc6a7ed1000-7fc6a8142000 rw-p 00000000 00:00 0 
7fc6a8142000-7fc6a8158000 rw-p 00000000 00:00 0 
7fc6a8158000-7fc6a8290000 rw-p 00000000 00:00 0 
7fc6a8290000-7fc6a829b000 rw-p 00000000 00:00 0 
7fc6a829b000-7fc6a8351000 rw-p 00000000 00:00 0 
7fc6a8351000-7fc6a85c1000 rwxp 00000000 00:00 0 
7fc6a85c1000-7fc6ab351000 rw-p 00000000 00:00 0 
7fc6ab351000-7fc6ab36b000 r-xp 00000000 09:02 1852115                    /usr/java/jdk1.7.0_51/jre/lib/amd64/libzip.so
7fc6ab36b000-7fc6ab56b000 ---p 0001a000 09:02 1852115                    /usr/java/jdk1.7.0_51/jre/lib/amd64/libzip.so
7fc6ab56b000-7fc6ab56c000 rw-p 0001a000 09:02 1852115                    /usr/java/jdk1.7.0_51/jre/lib/amd64/libzip.so
7fc6ab56c000-7fc6abbea000 r--s 00000000 09:02 1048685                    /var/lib/sss/mc/passwd
7fc6abbea000-7fc6abbf1000 r-xp 00000000 09:02 393435                     /lib64/libnss_sss.so.2
7fc6abbf1000-7fc6abdf1000 ---p 00007000 09:02 393435                     /lib64/libnss_sss.so.2
7fc6abdf1000-7fc6abdf2000 rw-p 00007000 09:02 393435                     /lib64/libnss_sss.so.2
7fc6abdf2000-7fc6abdfe000 r-xp 00000000 09:02 393246                     /lib64/libnss_files-2.12.so
7fc6abdfe000-7fc6abffe000 ---p 0000c000 09:02 393246                     /lib64/libnss_files-2.12.so
7fc6abffe000-7fc6abfff000 r--p 0000c000 09:02 393246                     /lib64/libnss_files-2.12.so
7fc6abfff000-7fc6ac000000 rw-p 0000d000 09:02 393246                     /lib64/libnss_files-2.12.so
7fc6ac000000-7fc6ac189000 rw-p 00000000 00:00 0 
7fc6ac189000-7fc6b0000000 ---p 00000000 00:00 0 
7fc6b0010000-7fc6b001b000 r--s 000af000 09:02 1852359                    /usr/java/jdk1.7.0_51/jre/lib/resources.jar
7fc6b001b000-7fc6b0027000 r--s 0006a000 00:13 193274032643               /auto/users/lindell/classes/git/record_indexer/lib/xstream-1.4.2.jar
7fc6b0027000-7fc6b002c000 r--s 00309000 00:13 193274032642               /auto/users/lindell/classes/git/record_indexer/lib/sqlite-jdbc-3.7.2.jar
7fc6b002c000-7fc6b0032000 r--s 00034000 00:13 193274032641               /auto/users/lindell/classes/git/record_indexer/lib/junit-4.8.2.jar
7fc6b0032000-7fc6b0036000 r--s 0002a000 00:13 197579983280               /auto/users/lindell/classes/git/record_indexer/lib/commons-io-2.4.jar
7fc6b0036000-7fc6b003d000 r--s 000aa000 00:13 77321292650                /auto/users/lindell/classes/git/record_indexer/lib/commons-io-2.4-javadoc.jar
7fc6b003d000-7fc6b0099000 rw-p 00000000 00:00 0 
7fc6b0099000-7fc6b00b7000 rw-p 00000000 00:00 0 
7fc6b00b7000-7fc6b00e0000 r-xp 00000000 09:02 1852085                    /usr/java/jdk1.7.0_51/jre/lib/amd64/libjava.so
7fc6b00e0000-7fc6b02e0000 ---p 00029000 09:02 1852085                    /usr/java/jdk1.7.0_51/jre/lib/amd64/libjava.so
7fc6b02e0000-7fc6b02e2000 rw-p 00029000 09:02 1852085                    /usr/java/jdk1.7.0_51/jre/lib/amd64/libjava.so
7fc6b02e2000-7fc6b02ef000 r-xp 00000000 09:02 1852114                    /usr/java/jdk1.7.0_51/jre/lib/amd64/libverify.so
7fc6b02ef000-7fc6b04ee000 ---p 0000d000 09:02 1852114                    /usr/java/jdk1.7.0_51/jre/lib/amd64/libverify.so
7fc6b04ee000-7fc6b04f0000 rw-p 0000c000 09:02 1852114                    /usr/java/jdk1.7.0_51/jre/lib/amd64/libverify.so
7fc6b04f0000-7fc6b04f3000 ---p 00000000 00:00 0 
7fc6b04f3000-7fc6b05f1000 rw-p 00000000 00:00 0 
7fc6b05f1000-7fc6b1153000 r-xp 00000000 09:02 1852119                    /usr/java/jdk1.7.0_51/jre/lib/amd64/server/libjvm.so
7fc6b1153000-7fc6b1353000 ---p 00b62000 09:02 1852119                    /usr/java/jdk1.7.0_51/jre/lib/amd64/server/libjvm.so
7fc6b1353000-7fc6b1416000 rw-p 00b62000 09:02 1852119                    /usr/java/jdk1.7.0_51/jre/lib/amd64/server/libjvm.so
7fc6b1416000-7fc6b145a000 rw-p 00000000 00:00 0 
7fc6b145a000-7fc6b1470000 r-xp 00000000 09:02 145503                     /usr/java/jdk1.7.0_51/lib/amd64/jli/libjli.so
7fc6b1470000-7fc6b1670000 ---p 00016000 09:02 145503                     /usr/java/jdk1.7.0_51/lib/amd64/jli/libjli.so
7fc6b1670000-7fc6b1671000 rw-p 00016000 09:02 145503                     /usr/java/jdk1.7.0_51/lib/amd64/jli/libjli.so
7fc6b1671000-7fc6b1672000 rw-p 00000000 00:00 0 
7fc6b1673000-7fc6b1675000 rw-p 00000000 00:00 0 
7fc6b1675000-7fc6b1677000 r--s 0000c000 00:13 21489152252                /auto/users/lindell/bin/eclipse/plugins/org.hamcrest.core_1.3.0.v201303031735.jar
7fc6b1677000-7fc6b167d000 r--s 00036000 00:13 120261783877               /auto/users/lindell/bin/eclipse/plugins/org.junit_4.11.0.v201303080030/junit.jar
7fc6b167d000-7fc6b1685000 rw-s 00000000 09:03 7602179                    /tmp/hsperfdata_lindell/18544
7fc6b1685000-7fc6b1686000 rw-p 00000000 00:00 0 
7fc6b1686000-7fc6b1687000 r--p 00000000 00:00 0 
7fc6b1687000-7fc6b1688000 rw-p 00000000 00:00 0 
7fff02c05000-7fff02c1a000 rw-p 00000000 00:00 0                          [stack]
7fff02c3c000-7fff02c3d000 r-xp 00000000 00:00 0                          [vdso]
ffffffffff600000-ffffffffff601000 r-xp 00000000 00:00 0                  [vsyscall]

VM Arguments:
jvm_args: -Dfile.encoding=UTF-8 
java_command: client.gui.RecordIndexer localhost 39640
Launcher Type: SUN_STANDARD

Environment Variables:
PATH=/auto/users/lindell/bin/eclipse:/auto/users/lindell/bin:/auto/app/anaconda/envs/py34/bin:/usr/lib64/qt-3.3/bin:/usr/local/bin:/usr/bin:/bin:/usr/local/sbin:/usr/sbin:/sbin
USERNAME=lindell
SHELL=/bin/bash
DISPLAY=:0.0

Signal Handlers:
SIGSEGV: [libjvm.so+0x993870], sa_mask[0]=0x7ffbfeff, sa_flags=0x10000004
SIGBUS: [libjvm.so+0x993870], sa_mask[0]=0x7ffbfeff, sa_flags=0x10000004
SIGFPE: [libjvm.so+0x8105b0], sa_mask[0]=0x7ffbfeff, sa_flags=0x10000004
SIGPIPE: [libjvm.so+0x8105b0], sa_mask[0]=0x7ffbfeff, sa_flags=0x10000004
SIGXFSZ: [libjvm.so+0x8105b0], sa_mask[0]=0x7ffbfeff, sa_flags=0x10000004
SIGILL: [libjvm.so+0x8105b0], sa_mask[0]=0x7ffbfeff, sa_flags=0x10000004
SIGUSR1: SIG_DFL, sa_mask[0]=0x00000000, sa_flags=0x00000000
SIGUSR2: [libjvm.so+0x811aa0], sa_mask[0]=0x00000004, sa_flags=0x10000004
SIGHUP: [libjvm.so+0x812a10], sa_mask[0]=0x7ffbfeff, sa_flags=0x10000004
SIGINT: [libjvm.so+0x812a10], sa_mask[0]=0x7ffbfeff, sa_flags=0x10000004
SIGTERM: [libjvm.so+0x812a10], sa_mask[0]=0x7ffbfeff, sa_flags=0x10000004
SIGQUIT: [libjvm.so+0x812a10], sa_mask[0]=0x7ffbfeff, sa_flags=0x10000004


---------------  S Y S T E M  ---------------

OS:Red Hat Enterprise Linux Server release 6.5 (Santiago)

uname:Linux 2.6.32-431.17.1.el6.x86_64 #1 SMP Fri Apr 11 17:27:00 EDT 2014 x86_64
libc:glibc 2.12 NPTL 2.12 
rlimit: STACK 10240k, CORE 0k, NPROC 1024, NOFILE 4096, AS infinity
load average:1.16 0.59 0.46

/proc/meminfo:
MemTotal:        8193028 kB
MemFree:         5506040 kB
Buffers:           81772 kB
Cached:           825680 kB
SwapCached:            0 kB
Active:          1774768 kB
Inactive:         669372 kB
Active(anon):    1537412 kB
Inactive(anon):     6852 kB
Active(file):     237356 kB
Inactive(file):   662520 kB
Unevictable:           0 kB
Mlocked:               0 kB
SwapTotal:       8387576 kB
SwapFree:        8387576 kB
Dirty:               108 kB
Writeback:             0 kB
AnonPages:       1506112 kB
Mapped:           199160 kB
Shmem:              7536 kB
Slab:              82560 kB
SReclaimable:      38484 kB
SUnreclaim:        44076 kB
KernelStack:        4008 kB
PageTables:        42812 kB
NFS_Unstable:          0 kB
Bounce:                0 kB
WritebackTmp:          0 kB
CommitLimit:    12484088 kB
Committed_AS:    3287756 kB
VmallocTotal:   34359738367 kB
VmallocUsed:       66620 kB
VmallocChunk:   34353958908 kB
HardwareCorrupted:     0 kB
AnonHugePages:    958464 kB
HugePages_Total:       0
HugePages_Free:        0
HugePages_Rsvd:        0
HugePages_Surp:        0
Hugepagesize:       2048 kB
DirectMap4k:      104420 kB
DirectMap2M:     8284160 kB


CPU:total 4 (2 cores per cpu, 1 threads per core) family 15 model 33 stepping 2, cmov, cx8, fxsr, mmx, sse, sse2, sse3, mmxext, 3dnowpref, tsc

/proc/cpuinfo:
processor	: 0
vendor_id	: AuthenticAMD
cpu family	: 15
model		: 33
model name	: Dual Core AMD Opteron(tm) Processor 270
stepping	: 2
cpu MHz		: 1994.715
cache size	: 1024 KB
physical id	: 0
siblings	: 2
core id		: 0
cpu cores	: 2
apicid		: 0
initial apicid	: 0
fpu		: yes
fpu_exception	: yes
cpuid level	: 1
wp		: yes
flags		: fpu vme de pse tsc msr pae mce cx8 apic sep mtrr pge mca cmov pat pse36 clflush mmx fxsr sse sse2 ht syscall nx mmxext fxsr_opt lm 3dnowext 3dnow rep_good pni lahf_lm cmp_legacy
bogomips	: 3989.43
TLB size	: 1024 4K pages
clflush size	: 64
cache_alignment	: 64
address sizes	: 40 bits physical, 48 bits virtual
power management: ts fid vid ttp

processor	: 1
vendor_id	: AuthenticAMD
cpu family	: 15
model		: 33
model name	: Dual Core AMD Opteron(tm) Processor 270
stepping	: 2
cpu MHz		: 1994.715
cache size	: 1024 KB
physical id	: 0
siblings	: 2
core id		: 1
cpu cores	: 2
apicid		: 1
initial apicid	: 1
fpu		: yes
fpu_exception	: yes
cpuid level	: 1
wp		: yes
flags		: fpu vme de pse tsc msr pae mce cx8 apic sep mtrr pge mca cmov pat pse36 clflush mmx fxsr sse sse2 ht syscall nx mmxext fxsr_opt lm 3dnowext 3dnow rep_good pni lahf_lm cmp_legacy
bogomips	: 3988.56
TLB size	: 1024 4K pages
clflush size	: 64
cache_alignment	: 64
address sizes	: 40 bits physical, 48 bits virtual
power management: ts fid vid ttp

processor	: 2
vendor_id	: AuthenticAMD
cpu family	: 15
model		: 33
model name	: Dual Core AMD Opteron(tm) Processor 270
stepping	: 2
cpu MHz		: 1994.715
cache size	: 1024 KB
physical id	: 1
siblings	: 2
core id		: 0
cpu cores	: 2
apicid		: 2
initial apicid	: 2
fpu		: yes
fpu_exception	: yes
cpuid level	: 1
wp		: yes
flags		: fpu vme de pse tsc msr pae mce cx8 apic sep mtrr pge mca cmov pat pse36 clflush mmx fxsr sse sse2 ht syscall nx mmxext fxsr_opt lm 3dnowext 3dnow rep_good pni lahf_lm cmp_legacy
bogomips	: 3988.58
TLB size	: 1024 4K pages
clflush size	: 64
cache_alignment	: 64
address sizes	: 40 bits physical, 48 bits virtual
power management: ts fid vid ttp

processor	: 3
vendor_id	: AuthenticAMD
cpu family	: 15
model		: 33
model name	: Dual Core AMD Opteron(tm) Processor 270
stepping	: 2
cpu MHz		: 1994.715
cache size	: 1024 KB
physical id	: 1
siblings	: 2
core id		: 1
cpu cores	: 2
apicid		: 3
initial apicid	: 3
fpu		: yes
fpu_exception	: yes
cpuid level	: 1
wp		: yes
flags		: fpu vme de pse tsc msr pae mce cx8 apic sep mtrr pge mca cmov pat pse36 clflush mmx fxsr sse sse2 ht syscall nx mmxext fxsr_opt lm 3dnowext 3dnow rep_good pni lahf_lm cmp_legacy
bogomips	: 3988.58
TLB size	: 1024 4K pages
clflush size	: 64
cache_alignment	: 64
address sizes	: 40 bits physical, 48 bits virtual
power management: ts fid vid ttp



Memory: 4k page, physical 8193028k(5506040k free), swap 8387576k(8387576k free)

vm_info: Java HotSpot(TM) 64-Bit Server VM (24.51-b03) for linux-amd64 JRE (1.7.0_51-b13), built on Dec 18 2013 18:48:01 by "java_re" with gcc 4.3.0 20080428 (Red Hat 4.3.0-8)

time: Sat Jun 14 22:34:33 2014
elapsed time: 5 seconds

