#
# A fatal error has been detected by the Java Runtime Environment:
#
#  SIGSEGV (0xb) at pc=0x00007fc6c7352de7, pid=14844, tid=140491716597504
#
# JRE version: Java(TM) SE Runtime Environment (7.0_51-b13) (build 1.7.0_51-b13)
# Java VM: Java HotSpot(TM) 64-Bit Server VM (24.51-b03 mixed mode linux-amd64 compressed oops)
# Problematic frame:
# C  [libawt.so+0x30de7]  GetSDOps+0x47
#
# Failed to write core dump. Core dumps have been disabled. To enable core dumping, try "ulimit -c unlimited" before starting Java again
#
# If you would like to submit a bug report, please visit:
#   http://bugreport.sun.com/bugreport/crash.jsp
# The crash happened outside the Java Virtual Machine in native code.
# See problematic frame for where to report the bug.
#

---------------  T H R E A D  ---------------

Current thread (0x00007fc6d8197000):  JavaThread "AWT-EventQueue-0" [_thread_in_native, id=14875, stack(0x00007fc6c6cc9000,0x00007fc6c6dca000)]

siginfo:si_signo=SIGSEGV: si_errno=0, si_code=1 (SEGV_MAPERR), si_addr=0x00007f61ac07b380

Registers:
RAX=0x00007f61ac07b360, RBX=0x00007fc6d81971e8, RCX=0x0000000000000003, RDX=0x00007fc6dd903a50
RSP=0x00007fc6c6dc53a0, RBP=0x00007fc6c6dc53c0, RSI=0x000000077e770190, RDI=0x00007fc6d81971e8
R8 =0x00007fc6c6dc5808, R9 =0x00007fc6c6dc5800, R10=0x00007fc6ce4d852d, R11=0x00007fc6dd373d30
R12=0x00007fc6c6dc5818, R13=0x00007f61ac07b360, R14=0x0000000000000001, R15=0x00007fc6c6dc5810
RIP=0x00007fc6c7352de7, EFLAGS=0x0000000000010202, CSGSFS=0x0000000000000033, ERR=0x0000000000000004
  TRAPNO=0x000000000000000e

Top of Stack: (sp=0x00007fc6c6dc53a0)
0x00007fc6c6dc53a0:   00007fc6c6dc5808 00007fc6c6dc5800
0x00007fc6c6dc53b0:   00007fc6c6dc5818 00007fc6d81971e8
0x00007fc6c6dc53c0:   00007fc6c6dc56a0 00007fc6c73559ab
0x00007fc6c6dc53d0:   000000000000002f 00007fc6c6dc5388
0x00007fc6c6dc53e0:   00007fc6c6dc53c9 0000000800000002
0x00007fc6c6dc53f0:   00007fc6d8197900 00000007d74b58c8
0x00007fc6c6dc5400:   00007fc6d8197a08 00007fc6d8197a08
0x00007fc6c6dc5410:   00007fc6d8197a00 00007fc6d8197a00
0x00007fc6c6dc5420:   00000007fffffffe 00007fc6c6dc5620
0x00007fc6c6dc5430:   0000000000000000 00007fc6d8197000
0x00007fc6c6dc5440:   407832aaaaaaaaac 40855d5555555556
0x00007fc6c6dc5450:   4070955555555555 4080055555555554
0x00007fc6c6dc5460:   000000077dc1d280 0000000000000000
0x00007fc6c6dc5470:   00007fc6c6dc5530 00007fc6dd2a6a39
0x00007fc6c6dc5480:   00007fc6c75cca70 00007fc6d81979d8
0x00007fc6c6dc5490:   00007fc6c6dc566f 00007fc6d81979d8
0x00007fc6c6dc54a0:   00007fc6dd8a7e30 0000005000000000
0x00007fc6c6dc54b0:   0000000000000026 0000000000000000
0x00007fc6c6dc54c0:   0000000000000000 00007fc68400a8e0
0x00007fc6c6dc54d0:   00007fc6c6dc54f0 00007fc6dd390379
0x00007fc6c6dc54e0:   00007fc6c6dc5500 00007fc6c6dc5520
0x00007fc6c6dc54f0:   00007fc6c6dc5510 00007fc6dd390c01
0x00007fc6c6dc5500:   00007fc6c6dc5520 00007fc6c6dc5580
0x00007fc6c6dc5510:   00007fc6c6dc5560 00007fc6dd2925fe
0x00007fc6c6dc5520:   00007fc6dd8866d0 00007fc6d81414c0
0x00007fc6c6dc5530:   0000000000000067 000000000000000e
0x00007fc6c6dc5540:   00007fc600000000 00007fc6d81414c1
0x00007fc6c6dc5550:   00007fc6d8197000 00007fc6d81979d8
0x00007fc6c6dc5560:   00007fc6c6dc5620 00007fc6dd0b7963
0x00007fc6c6dc5570:   00007fc6d81979d8 00007fc6c6dc5820
0x00007fc6c6dc5580:   00007fc6dd8b25f0 00007fc6d81414c0
0x00007fc6c6dc5590:   0000000000000066 00007fc6dd2a774e 

Instructions: (pc=0x00007fc6c7352de7)
0x00007fc6c7352dc7:   00 00 00 48 8b 07 48 8b 15 ec 00 28 00 ff 90 28
0x00007fc6c7352dd7:   03 00 00 48 85 c0 49 89 c5 74 2e 45 84 f6 74 11
0x00007fc6c7352de7:   48 8b 40 20 48 85 c0 74 08 4c 89 ee 48 89 df ff
0x00007fc6c7352df7:   d0 4c 89 e8 48 8b 1c 24 4c 8b 64 24 08 4c 8b 6c 

Register to memory mapping:

RAX=0x00007f61ac07b360 is an unknown value
RBX=0x00007fc6d81971e8 is an unknown value
RCX=0x0000000000000003 is an unknown value
RDX=0x00007fc6dd903a50: <offset 0xe37a50> in /usr/java/jdk1.7.0_51/jre/lib/amd64/server/libjvm.so at 0x00007fc6dcacc000
RSP=0x00007fc6c6dc53a0 is pointing into the stack for thread: 0x00007fc6d8197000
RBP=0x00007fc6c6dc53c0 is pointing into the stack for thread: 0x00007fc6d8197000
RSI=0x000000077e770190 is an oop
{instance class} 
 - klass: {other class}
RDI=0x00007fc6d81971e8 is an unknown value
R8 =0x00007fc6c6dc5808 is pointing into the stack for thread: 0x00007fc6d8197000
R9 =0x00007fc6c6dc5800 is pointing into the stack for thread: 0x00007fc6d8197000
R10=0x00007fc6ce4d852d is at code_begin+1197 in an Interpreter codelet
method entry point (kind = native)  [0x00007fc6ce4d8080, 0x00007fc6ce4d8e80]  3584 bytes
R11=0x00007fc6dd373d30: <offset 0x8a7d30> in /usr/java/jdk1.7.0_51/jre/lib/amd64/server/libjvm.so at 0x00007fc6dcacc000
R12=0x00007fc6c6dc5818 is pointing into the stack for thread: 0x00007fc6d8197000
R13=0x00007f61ac07b360 is an unknown value
R14=0x0000000000000001 is an unknown value
R15=0x00007fc6c6dc5810 is pointing into the stack for thread: 0x00007fc6d8197000


Stack: [0x00007fc6c6cc9000,0x00007fc6c6dca000],  sp=0x00007fc6c6dc53a0,  free space=1008k
Native frames: (J=compiled Java code, j=interpreted, Vv=VM code, C=native code)
C  [libawt.so+0x30de7]  GetSDOps+0x47
C  [libawt.so+0x339ab]  Java_sun_java2d_loops_ScaledBlit_Scale+0xbb
j  sun.java2d.loops.ScaledBlit.Scale(Lsun/java2d/SurfaceData;Lsun/java2d/SurfaceData;Ljava/awt/Composite;Lsun/java2d/pipe/Region;IIIIDDDD)V+0
j  sun.java2d.pipe.DrawImage.scaleSurfaceData(Lsun/java2d/SunGraphics2D;Lsun/java2d/pipe/Region;Lsun/java2d/SurfaceData;Lsun/java2d/SurfaceData;Lsun/java2d/loops/SurfaceType;Lsun/java2d/loops/SurfaceType;IIIIDDDD)Z+72
j  sun.java2d.pipe.DrawImage.renderImageScale(Lsun/java2d/SunGraphics2D;Ljava/awt/Image;Ljava/awt/Color;IIIIIDDDD)Z+97
j  sun.java2d.pipe.DrawImage.tryCopyOrScale(Lsun/java2d/SunGraphics2D;Ljava/awt/Image;IIIILjava/awt/Color;I[D)Z+176
j  sun.java2d.pipe.DrawImage.transformImage(Lsun/java2d/SunGraphics2D;Ljava/awt/Image;Ljava/awt/geom/AffineTransform;IIIIILjava/awt/Color;)V+97
j  sun.java2d.pipe.DrawImage.scaleImage(Lsun/java2d/SunGraphics2D;Ljava/awt/Image;IIIIIIIILjava/awt/Color;)Z+467
j  sun.java2d.pipe.DrawImage.copyImage(Lsun/java2d/SunGraphics2D;Ljava/awt/Image;IIIIIILjava/awt/Color;)Z+68
j  sun.java2d.pipe.DrawImage.copyImage(Lsun/java2d/SunGraphics2D;Ljava/awt/Image;IIIIIILjava/awt/Color;Ljava/awt/image/ImageObserver;)Z+23
j  sun.java2d.pipe.ValidatePipe.copyImage(Lsun/java2d/SunGraphics2D;Ljava/awt/Image;IIIIIILjava/awt/Color;Ljava/awt/image/ImageObserver;)Z+29
j  sun.java2d.SunGraphics2D.copyImage(Ljava/awt/Image;IIIIIILjava/awt/Color;Ljava/awt/image/ImageObserver;)Z+20
j  sun.java2d.SunGraphics2D.drawImage(Ljava/awt/Image;IIIIIIIILjava/awt/Color;Ljava/awt/image/ImageObserver;)Z+185
j  sun.java2d.SunGraphics2D.drawImage(Ljava/awt/Image;IIIIIIIILjava/awt/image/ImageObserver;)Z+19
j  client.gui.ImagePanel$DrawingImage.draw(Ljava/awt/Graphics2D;)V+52
j  client.gui.ImagePanel.paintComponent(Ljava/awt/Graphics;)V+93
j  javax.swing.JComponent.paint(Ljava/awt/Graphics;)V+286
j  javax.swing.JComponent.paintChildren(Ljava/awt/Graphics;)V+501
j  javax.swing.JSplitPane.paintChildren(Ljava/awt/Graphics;)V+2
j  javax.swing.JComponent.paint(Ljava/awt/Graphics;)V+318
j  javax.swing.JComponent.paintToOffscreen(Ljava/awt/Graphics;IIIIII)V+41
j  javax.swing.BufferStrategyPaintManager.paint(Ljavax/swing/JComponent;Ljavax/swing/JComponent;Ljava/awt/Graphics;IIII)Z+157
j  javax.swing.RepaintManager.paint(Ljavax/swing/JComponent;Ljavax/swing/JComponent;Ljava/awt/Graphics;IIII)V+52
j  javax.swing.JComponent._paintImmediately(IIII)V+683
j  javax.swing.JComponent.paintImmediately(IIII)V+138
j  javax.swing.RepaintManager$3.run()Ljava/lang/Void;+75
j  javax.swing.RepaintManager$3.run()Ljava/lang/Object;+1
v  ~StubRoutines::call_stub
V  [libjvm.so+0x5f8465]  JavaCalls::call_helper(JavaValue*, methodHandle*, JavaCallArguments*, Thread*)+0x365
V  [libjvm.so+0x5f6ec8]  JavaCalls::call(JavaValue*, methodHandle, JavaCallArguments*, Thread*)+0x28
V  [libjvm.so+0x67cc64]  JVM_DoPrivileged+0x2a4
j  java.security.AccessController.doPrivileged(Ljava/security/PrivilegedAction;Ljava/security/AccessControlContext;)Ljava/lang/Object;+0
j  java.security.ProtectionDomain$1.doIntersectionPrivilege(Ljava/security/PrivilegedAction;Ljava/security/AccessControlContext;Ljava/security/AccessControlContext;)Ljava/lang/Object;+28
j  javax.swing.RepaintManager.paintDirtyRegions(Ljava/util/Map;)V+154
j  javax.swing.RepaintManager.paintDirtyRegions()V+46
j  javax.swing.RepaintManager.prePaintDirtyRegions()V+73
j  javax.swing.RepaintManager.access$1100(Ljavax/swing/RepaintManager;)V+1
j  javax.swing.RepaintManager$ProcessingRunnable.run()V+37
j  java.awt.event.InvocationEvent.dispatch()V+47
j  java.awt.EventQueue.dispatchEventImpl(Ljava/awt/AWTEvent;Ljava/lang/Object;)V+21
j  java.awt.EventQueue.access$200(Ljava/awt/EventQueue;Ljava/awt/AWTEvent;Ljava/lang/Object;)V+3
j  java.awt.EventQueue$3.run()Ljava/lang/Void;+12
j  java.awt.EventQueue$3.run()Ljava/lang/Object;+1
v  ~StubRoutines::call_stub
V  [libjvm.so+0x5f8465]  JavaCalls::call_helper(JavaValue*, methodHandle*, JavaCallArguments*, Thread*)+0x365
V  [libjvm.so+0x5f6ec8]  JavaCalls::call(JavaValue*, methodHandle, JavaCallArguments*, Thread*)+0x28
V  [libjvm.so+0x67cc64]  JVM_DoPrivileged+0x2a4
j  java.security.AccessController.doPrivileged(Ljava/security/PrivilegedAction;Ljava/security/AccessControlContext;)Ljava/lang/Object;+0
j  java.security.ProtectionDomain$1.doIntersectionPrivilege(Ljava/security/PrivilegedAction;Ljava/security/AccessControlContext;Ljava/security/AccessControlContext;)Ljava/lang/Object;+28
j  java.awt.EventQueue.dispatchEvent(Ljava/awt/AWTEvent;)V+46
j  java.awt.EventDispatchThread.pumpOneEventForFilters(I)V+245
j  java.awt.EventDispatchThread.pumpEventsForFilter(ILjava/awt/Conditional;Ljava/awt/EventFilter;)V+35
j  java.awt.EventDispatchThread.pumpEventsForHierarchy(ILjava/awt/Conditional;Ljava/awt/Component;)V+11
j  java.awt.EventDispatchThread.pumpEvents(ILjava/awt/Conditional;)V+4
j  java.awt.EventDispatchThread.pumpEvents(Ljava/awt/Conditional;)V+3
j  java.awt.EventDispatchThread.run()V+9
v  ~StubRoutines::call_stub
V  [libjvm.so+0x5f8465]  JavaCalls::call_helper(JavaValue*, methodHandle*, JavaCallArguments*, Thread*)+0x365
V  [libjvm.so+0x5f6ec8]  JavaCalls::call(JavaValue*, methodHandle, JavaCallArguments*, Thread*)+0x28
V  [libjvm.so+0x5f7197]  JavaCalls::call_virtual(JavaValue*, KlassHandle, Symbol*, Symbol*, JavaCallArguments*, Thread*)+0x197
V  [libjvm.so+0x5f72b7]  JavaCalls::call_virtual(JavaValue*, Handle, KlassHandle, Symbol*, Symbol*, Thread*)+0x47
V  [libjvm.so+0x6731c5]  thread_entry(JavaThread*, Thread*)+0xe5
V  [libjvm.so+0x94d5ff]  JavaThread::thread_main_inner()+0xdf
V  [libjvm.so+0x94d705]  JavaThread::run()+0xf5
V  [libjvm.so+0x815538]  java_start(Thread*)+0x108

Java frames: (J=compiled Java code, j=interpreted, Vv=VM code)
j  sun.java2d.loops.ScaledBlit.Scale(Lsun/java2d/SurfaceData;Lsun/java2d/SurfaceData;Ljava/awt/Composite;Lsun/java2d/pipe/Region;IIIIDDDD)V+0
j  sun.java2d.pipe.DrawImage.scaleSurfaceData(Lsun/java2d/SunGraphics2D;Lsun/java2d/pipe/Region;Lsun/java2d/SurfaceData;Lsun/java2d/SurfaceData;Lsun/java2d/loops/SurfaceType;Lsun/java2d/loops/SurfaceType;IIIIDDDD)Z+72
j  sun.java2d.pipe.DrawImage.renderImageScale(Lsun/java2d/SunGraphics2D;Ljava/awt/Image;Ljava/awt/Color;IIIIIDDDD)Z+97
j  sun.java2d.pipe.DrawImage.tryCopyOrScale(Lsun/java2d/SunGraphics2D;Ljava/awt/Image;IIIILjava/awt/Color;I[D)Z+176
j  sun.java2d.pipe.DrawImage.transformImage(Lsun/java2d/SunGraphics2D;Ljava/awt/Image;Ljava/awt/geom/AffineTransform;IIIIILjava/awt/Color;)V+97
j  sun.java2d.pipe.DrawImage.scaleImage(Lsun/java2d/SunGraphics2D;Ljava/awt/Image;IIIIIIIILjava/awt/Color;)Z+467
j  sun.java2d.pipe.DrawImage.copyImage(Lsun/java2d/SunGraphics2D;Ljava/awt/Image;IIIIIILjava/awt/Color;)Z+68
j  sun.java2d.pipe.DrawImage.copyImage(Lsun/java2d/SunGraphics2D;Ljava/awt/Image;IIIIIILjava/awt/Color;Ljava/awt/image/ImageObserver;)Z+23
j  sun.java2d.pipe.ValidatePipe.copyImage(Lsun/java2d/SunGraphics2D;Ljava/awt/Image;IIIIIILjava/awt/Color;Ljava/awt/image/ImageObserver;)Z+29
j  sun.java2d.SunGraphics2D.copyImage(Ljava/awt/Image;IIIIIILjava/awt/Color;Ljava/awt/image/ImageObserver;)Z+20
j  sun.java2d.SunGraphics2D.drawImage(Ljava/awt/Image;IIIIIIIILjava/awt/Color;Ljava/awt/image/ImageObserver;)Z+185
j  sun.java2d.SunGraphics2D.drawImage(Ljava/awt/Image;IIIIIIIILjava/awt/image/ImageObserver;)Z+19
j  client.gui.ImagePanel$DrawingImage.draw(Ljava/awt/Graphics2D;)V+52
j  client.gui.ImagePanel.paintComponent(Ljava/awt/Graphics;)V+93
j  javax.swing.JComponent.paint(Ljava/awt/Graphics;)V+286
j  javax.swing.JComponent.paintChildren(Ljava/awt/Graphics;)V+501
j  javax.swing.JSplitPane.paintChildren(Ljava/awt/Graphics;)V+2
j  javax.swing.JComponent.paint(Ljava/awt/Graphics;)V+318
j  javax.swing.JComponent.paintToOffscreen(Ljava/awt/Graphics;IIIIII)V+41
j  javax.swing.BufferStrategyPaintManager.paint(Ljavax/swing/JComponent;Ljavax/swing/JComponent;Ljava/awt/Graphics;IIII)Z+157
j  javax.swing.RepaintManager.paint(Ljavax/swing/JComponent;Ljavax/swing/JComponent;Ljava/awt/Graphics;IIII)V+52
j  javax.swing.JComponent._paintImmediately(IIII)V+683
j  javax.swing.JComponent.paintImmediately(IIII)V+138
j  javax.swing.RepaintManager$3.run()Ljava/lang/Void;+75
j  javax.swing.RepaintManager$3.run()Ljava/lang/Object;+1
v  ~StubRoutines::call_stub
j  java.security.AccessController.doPrivileged(Ljava/security/PrivilegedAction;Ljava/security/AccessControlContext;)Ljava/lang/Object;+0
j  java.security.ProtectionDomain$1.doIntersectionPrivilege(Ljava/security/PrivilegedAction;Ljava/security/AccessControlContext;Ljava/security/AccessControlContext;)Ljava/lang/Object;+28
j  javax.swing.RepaintManager.paintDirtyRegions(Ljava/util/Map;)V+154
j  javax.swing.RepaintManager.paintDirtyRegions()V+46
j  javax.swing.RepaintManager.prePaintDirtyRegions()V+73
j  javax.swing.RepaintManager.access$1100(Ljavax/swing/RepaintManager;)V+1
j  javax.swing.RepaintManager$ProcessingRunnable.run()V+37
j  java.awt.event.InvocationEvent.dispatch()V+47
j  java.awt.EventQueue.dispatchEventImpl(Ljava/awt/AWTEvent;Ljava/lang/Object;)V+21
j  java.awt.EventQueue.access$200(Ljava/awt/EventQueue;Ljava/awt/AWTEvent;Ljava/lang/Object;)V+3
j  java.awt.EventQueue$3.run()Ljava/lang/Void;+12
j  java.awt.EventQueue$3.run()Ljava/lang/Object;+1
v  ~StubRoutines::call_stub
j  java.security.AccessController.doPrivileged(Ljava/security/PrivilegedAction;Ljava/security/AccessControlContext;)Ljava/lang/Object;+0
j  java.security.ProtectionDomain$1.doIntersectionPrivilege(Ljava/security/PrivilegedAction;Ljava/security/AccessControlContext;Ljava/security/AccessControlContext;)Ljava/lang/Object;+28
j  java.awt.EventQueue.dispatchEvent(Ljava/awt/AWTEvent;)V+46
j  java.awt.EventDispatchThread.pumpOneEventForFilters(I)V+245
j  java.awt.EventDispatchThread.pumpEventsForFilter(ILjava/awt/Conditional;Ljava/awt/EventFilter;)V+35
j  java.awt.EventDispatchThread.pumpEventsForHierarchy(ILjava/awt/Conditional;Ljava/awt/Component;)V+11
j  java.awt.EventDispatchThread.pumpEvents(ILjava/awt/Conditional;)V+4
j  java.awt.EventDispatchThread.pumpEvents(Ljava/awt/Conditional;)V+3
j  java.awt.EventDispatchThread.run()V+9
v  ~StubRoutines::call_stub

---------------  P R O C E S S  ---------------

Java Threads: ( => current thread )
  0x00007fc6702ca800 JavaThread "Keep-Alive-Timer" daemon [_thread_blocked, id=14918, stack(0x00007fc6c619c000,0x00007fc6c629d000)]
  0x00007fc670186800 JavaThread "TimerQueue" daemon [_thread_blocked, id=14880, stack(0x00007fc6c62a8000,0x00007fc6c63a9000)]
  0x00007fc6d800b800 JavaThread "DestroyJavaVM" [_thread_blocked, id=14849, stack(0x00007fc6dc9cb000,0x00007fc6dcacc000)]
=>0x00007fc6d8197000 JavaThread "AWT-EventQueue-0" [_thread_in_native, id=14875, stack(0x00007fc6c6cc9000,0x00007fc6c6dca000)]
  0x00007fc6d8195800 JavaThread "AWT-Shutdown" [_thread_blocked, id=14874, stack(0x00007fc6c6dca000,0x00007fc6c6ecb000)]
  0x00007fc6d8193800 JavaThread "AWT-XAWT" daemon [_thread_in_native, id=14873, stack(0x00007fc6c6ecb000,0x00007fc6c6fcc000)]
  0x00007fc6d814b000 JavaThread "Java2D Disposer" daemon [_thread_blocked, id=14872, stack(0x00007fc6c6fcc000,0x00007fc6c70cd000)]
  0x00007fc6d80a7800 JavaThread "Service Thread" daemon [_thread_blocked, id=14870, stack(0x00007fc6c76f5000,0x00007fc6c77f6000)]
  0x00007fc6d80a5000 JavaThread "C2 CompilerThread1" daemon [_thread_blocked, id=14869, stack(0x00007fc6c77f6000,0x00007fc6c78f7000)]
  0x00007fc6d80a2000 JavaThread "C2 CompilerThread0" daemon [_thread_blocked, id=14868, stack(0x00007fc6c78f7000,0x00007fc6c79f8000)]
  0x00007fc698001000 JavaThread "JDWP Command Reader" daemon [_thread_in_native, id=14864, stack(0x00007fc6c79f8000,0x00007fc6c7af9000)]
  0x00007fc6d80a0000 JavaThread "JDWP Event Helper Thread" daemon [_thread_blocked, id=14863, stack(0x00007fc6c7af9000,0x00007fc6c7bfa000)]
  0x00007fc6d809c800 JavaThread "JDWP Transport Listener: dt_socket" daemon [_thread_blocked, id=14860, stack(0x00007fc6c7bfa000,0x00007fc6c7cfb000)]
  0x00007fc6d8087000 JavaThread "Signal Dispatcher" daemon [_thread_blocked, id=14858, stack(0x00007fc6c7eff000,0x00007fc6c8000000)]
  0x00007fc6d8071000 JavaThread "Finalizer" daemon [_thread_blocked, id=14857, stack(0x00007fc6cc06b000,0x00007fc6cc16c000)]
  0x00007fc6d806d000 JavaThread "Reference Handler" daemon [_thread_blocked, id=14856, stack(0x00007fc6cc16c000,0x00007fc6cc26d000)]

Other Threads:
  0x00007fc6d806b000 VMThread [stack: 0x00007fc6cc26d000,0x00007fc6cc36e000] [id=14855]
  0x00007fc6d80b2800 WatcherThread [stack: 0x00007fc6c75f4000,0x00007fc6c76f5000] [id=14871]

VM state:not at safepoint (normal execution)

VM Mutex/Monitor currently owned by a thread: None

Heap
 PSYoungGen      total 37888K, used 22182K [0x00000007d6480000, 0x00000007d8e80000, 0x0000000800000000)
  eden space 32768K, 52% used [0x00000007d6480000,0x00000007d7529b38,0x00000007d8480000)
  from space 5120K, 99% used [0x00000007d8480000,0x00000007d897ffb0,0x00000007d8980000)
  to   space 5120K, 0% used [0x00000007d8980000,0x00000007d8980000,0x00000007d8e80000)
 ParOldGen       total 84992K, used 10204K [0x0000000782e00000, 0x0000000788100000, 0x00000007d6480000)
  object space 84992K, 12% used [0x0000000782e00000,0x00000007837f73b0,0x0000000788100000)
 PSPermGen       total 21504K, used 17096K [0x000000077dc00000, 0x000000077f100000, 0x0000000782e00000)
  object space 21504K, 79% used [0x000000077dc00000,0x000000077ecb2268,0x000000077f100000)

Card table byte_map: [0x00007fc6ce0ad000,0x00007fc6ce4c0000] byte_map_base: 0x00007fc6ca4bf000

Polling page: 0x00007fc6ddb61000

Code Cache  [0x00007fc6ce4c0000, 0x00007fc6ce730000, 0x00007fc6d14c0000)
 total_blobs=614 nmethods=122 adapters=454 free_code_cache=48267Kb largest_free_block=49398528

Compilation events (10 events):
Event: 37.772 Thread 0x00007fc6d80a2000 nmethod 118 0x00007fc6ce58f410 code [0x00007fc6ce58f540, 0x00007fc6ce58f598]
Event: 37.772 Thread 0x00007fc6d80a2000  119             sun.awt.AppContext::getAppContext (51 bytes)
Event: 37.774 Thread 0x00007fc6d80a2000 nmethod 119 0x00007fc6ce59b0d0 code [0x00007fc6ce59b220, 0x00007fc6ce59b328]
Event: 37.775 Thread 0x00007fc6d80a5000 nmethod 115 0x00007fc6ce598dd0 code [0x00007fc6ce598f60, 0x00007fc6ce599638]
Event: 37.815 Thread 0x00007fc6d80a2000  120             com.sun.org.apache.xerces.internal.impl.XMLDocumentFragmentScannerImpl::scanDocument (272 bytes)
Event: 37.827 Thread 0x00007fc6d80a2000 nmethod 120 0x00007fc6ce59be90 code [0x00007fc6ce59c080, 0x00007fc6ce59c650]
Event: 37.836 Thread 0x00007fc6d80a5000  121             java.awt.Component::getParent (5 bytes)
Event: 37.837 Thread 0x00007fc6d80a5000 nmethod 121 0x00007fc6ce5911d0 code [0x00007fc6ce591300, 0x00007fc6ce591378]
Event: 37.842 Thread 0x00007fc6d80a2000  122             java.awt.Component::getTreeLock (4 bytes)
Event: 37.842 Thread 0x00007fc6d80a2000 nmethod 122 0x00007fc6ce59aed0 code [0x00007fc6ce59b000, 0x00007fc6ce59b078]

GC Heap History (2 events):
Event: 34.690 GC heap before
{Heap before GC invocations=1 (full 0):
 PSYoungGen      total 37888K, used 31315K [0x00000007d6480000, 0x00000007d8e80000, 0x0000000800000000)
  eden space 32768K, 95% used [0x00000007d6480000,0x00000007d8314d70,0x00000007d8480000)
  from space 5120K, 0% used [0x00000007d8980000,0x00000007d8980000,0x00000007d8e80000)
  to   space 5120K, 0% used [0x00000007d8480000,0x00000007d8480000,0x00000007d8980000)
 ParOldGen       total 84992K, used 0K [0x0000000782e00000, 0x0000000788100000, 0x00000007d6480000)
  object space 84992K, 0% used [0x0000000782e00000,0x0000000782e00000,0x0000000788100000)
 PSPermGen       total 21504K, used 16689K [0x000000077dc00000, 0x000000077f100000, 0x0000000782e00000)
  object space 21504K, 77% used [0x000000077dc00000,0x000000077ec4c408,0x000000077f100000)
Event: 34.729 GC heap after
Heap after GC invocations=1 (full 0):
 PSYoungGen      total 37888K, used 5119K [0x00000007d6480000, 0x00000007d8e80000, 0x0000000800000000)
  eden space 32768K, 0% used [0x00000007d6480000,0x00000007d6480000,0x00000007d8480000)
  from space 5120K, 99% used [0x00000007d8480000,0x00000007d897ffb0,0x00000007d8980000)
  to   space 5120K, 0% used [0x00000007d8980000,0x00000007d8980000,0x00000007d8e80000)
 ParOldGen       total 84992K, used 10204K [0x0000000782e00000, 0x0000000788100000, 0x00000007d6480000)
  object space 84992K, 12% used [0x0000000782e00000,0x00000007837f73b0,0x0000000788100000)
 PSPermGen       total 21504K, used 16689K [0x000000077dc00000, 0x000000077f100000, 0x0000000782e00000)
  object space 21504K, 77% used [0x000000077dc00000,0x000000077ec4c408,0x000000077f100000)
}

Deoptimization events (10 events):
Event: 34.643 Thread 0x00007fc6d8197000 Uncommon trap: reason=null_check action=make_not_entrant pc=0x00007fc6ce5759c0 method=com.thoughtworks.xstream.core.util.WeakCache.get(Ljava/lang/Object;)Ljava/lang/Object; @ 10
Event: 37.738 Thread 0x00007fc6d8197000 Uncommon trap: reason=class_check action=maybe_recompile pc=0x00007fc6ce570448 method=java.util.ArrayList.indexOf(Ljava/lang/Object;)I @ 51
Event: 37.750 Thread 0x00007fc6d8197000 Uncommon trap: reason=class_check action=maybe_recompile pc=0x00007fc6ce570448 method=java.util.ArrayList.indexOf(Ljava/lang/Object;)I @ 51
Event: 37.750 Thread 0x00007fc6d8197000 Uncommon trap: reason=class_check action=maybe_recompile pc=0x00007fc6ce570448 method=java.util.ArrayList.indexOf(Ljava/lang/Object;)I @ 51
Event: 37.750 Thread 0x00007fc6d8197000 Uncommon trap: reason=class_check action=maybe_recompile pc=0x00007fc6ce570448 method=java.util.ArrayList.indexOf(Ljava/lang/Object;)I @ 51
Event: 37.788 Thread 0x00007fc6d8197000 Uncommon trap: reason=unreached action=reinterpret pc=0x00007fc6ce58e4a0 method=com.thoughtworks.xstream.io.xml.XmlFriendlyNameCoder.encodeName(Ljava/lang/String;)Ljava/lang/String; @ 15
Event: 37.814 Thread 0x00007fc6d8197000 Uncommon trap: reason=class_check action=maybe_recompile pc=0x00007fc6ce55d5ac method=com.sun.org.apache.xerces.internal.impl.XMLDocumentScannerImpl.next()I @ 4
Event: 37.815 Thread 0x00007fc6d8197000 Uncommon trap: reason=class_check action=maybe_recompile pc=0x00007fc6ce55d5ac method=com.sun.org.apache.xerces.internal.impl.XMLDocumentScannerImpl.next()I @ 4
Event: 37.815 Thread 0x00007fc6d8197000 Uncommon trap: reason=null_check action=make_not_entrant pc=0x00007fc6ce5641a4 method=com.sun.org.apache.xerces.internal.dom.DeferredDocumentImpl.clearChunkValue([[Ljava/lang/Object;II)Ljava/lang/String; @ 11
Event: 37.816 Thread 0x00007fc6d8197000 Uncommon trap: reason=class_check action=maybe_recompile pc=0x00007fc6ce55d5ac method=com.sun.org.apache.xerces.internal.impl.XMLDocumentScannerImpl.next()I @ 4

Internal exceptions (10 events):
Event: 34.440 Thread 0x00007fc6d8197000 Threw 0x00000007d7a50e50 at /HUDSON/workspace/7u-2-build-linux-amd64@2/jdk7u51/527/hotspot/src/share/vm/prims/jvm.cpp:1244
Event: 34.440 Thread 0x00007fc6d8197000 Threw 0x00000007d7a52e98 at /HUDSON/workspace/7u-2-build-linux-amd64@2/jdk7u51/527/hotspot/src/share/vm/prims/jvm.cpp:1244
Event: 34.441 Thread 0x00007fc6d8197000 Threw 0x00000007d7a55738 at /HUDSON/workspace/7u-2-build-linux-amd64@2/jdk7u51/527/hotspot/src/share/vm/prims/jvm.cpp:1244
Event: 34.442 Thread 0x00007fc6d8197000 Threw 0x00000007d7a577d8 at /HUDSON/workspace/7u-2-build-linux-amd64@2/jdk7u51/527/hotspot/src/share/vm/prims/jvm.cpp:1244
Event: 34.446 Thread 0x00007fc6d8197000 Threw 0x00000007d7a5e078 at /HUDSON/workspace/7u-2-build-linux-amd64@2/jdk7u51/527/hotspot/src/share/vm/prims/jvm.cpp:1244
Event: 34.643 Thread 0x00007fc6d8197000 Implicit null exception at 0x00007fc6ce5751b4 to 0x00007fc6ce5759ad
Event: 34.851 Thread 0x00007fc6d8197000 Threw 0x00000007d72d4020 at /HUDSON/workspace/7u-2-build-linux-amd64@2/jdk7u51/527/hotspot/src/share/vm/prims/jvm.cpp:1244
Event: 34.861 Thread 0x00007fc6d8197000 Threw 0x00000007d72e5fe0 at /HUDSON/workspace/7u-2-build-linux-amd64@2/jdk7u51/527/hotspot/src/share/vm/prims/jvm.cpp:1244
Event: 37.745 Thread 0x00007fc6d8197000 Threw 0x00000007d73e6f38 at /HUDSON/workspace/7u-2-build-linux-amd64@2/jdk7u51/527/hotspot/src/share/vm/prims/jvm.cpp:1244
Event: 37.815 Thread 0x00007fc6d8197000 Implicit null exception at 0x00007fc6ce563cfa to 0x00007fc6ce564185

Events (10 events):
Event: 37.826 loading class 0x00007fc684087ba0
Event: 37.826 loading class 0x00007fc684087ba0 done
Event: 37.831 loading class 0x00007fc684050930
Event: 37.831 loading class 0x00007fc684050c90
Event: 37.831 loading class 0x00007fc684050c60
Event: 37.831 loading class 0x00007fc684050c60 done
Event: 37.831 loading class 0x00007fc684050c90 done
Event: 37.831 loading class 0x00007fc684050930 done
Event: 37.831 loading class 0x00007fc684050990
Event: 37.831 loading class 0x00007fc684050990 done


Dynamic libraries:
00400000-00401000 r-xp 00000000 09:02 1851940                            /usr/java/jdk1.7.0_51/bin/java
00600000-00601000 rw-p 00000000 09:02 1851940                            /usr/java/jdk1.7.0_51/bin/java
013dc000-013fd000 rw-p 00000000 00:00 0                                  [heap]
77dc00000-77f100000 rw-p 00000000 00:00 0 
77f100000-782e00000 rw-p 00000000 00:00 0 
782e00000-788100000 rw-p 00000000 00:00 0 
788100000-7d6480000 rw-p 00000000 00:00 0 
7d6480000-7d8e80000 rw-p 00000000 00:00 0 
7d8e80000-800000000 rw-p 00000000 00:00 0 
3fb9200000-3fb9220000 r-xp 00000000 09:02 399595                         /lib64/ld-2.12.so
3fb941f000-3fb9420000 r--p 0001f000 09:02 399595                         /lib64/ld-2.12.so
3fb9420000-3fb9421000 rw-p 00020000 09:02 399595                         /lib64/ld-2.12.so
3fb9421000-3fb9422000 rw-p 00000000 00:00 0 
3fb9600000-3fb9683000 r-xp 00000000 09:02 399600                         /lib64/libm-2.12.so
3fb9683000-3fb9882000 ---p 00083000 09:02 399600                         /lib64/libm-2.12.so
3fb9882000-3fb9883000 r--p 00082000 09:02 399600                         /lib64/libm-2.12.so
3fb9883000-3fb9884000 rw-p 00083000 09:02 399600                         /lib64/libm-2.12.so
3fb9a00000-3fb9b8b000 r-xp 00000000 09:02 399596                         /lib64/libc-2.12.so
3fb9b8b000-3fb9d8a000 ---p 0018b000 09:02 399596                         /lib64/libc-2.12.so
3fb9d8a000-3fb9d8e000 r--p 0018a000 09:02 399596                         /lib64/libc-2.12.so
3fb9d8e000-3fb9d8f000 rw-p 0018e000 09:02 399596                         /lib64/libc-2.12.so
3fb9d8f000-3fb9d94000 rw-p 00000000 00:00 0 
3fb9e00000-3fb9e17000 r-xp 00000000 09:02 399598                         /lib64/libpthread-2.12.so
3fb9e17000-3fba017000 ---p 00017000 09:02 399598                         /lib64/libpthread-2.12.so
3fba017000-3fba018000 r--p 00017000 09:02 399598                         /lib64/libpthread-2.12.so
3fba018000-3fba019000 rw-p 00018000 09:02 399598                         /lib64/libpthread-2.12.so
3fba019000-3fba01d000 rw-p 00000000 00:00 0 
3fba200000-3fba202000 r-xp 00000000 09:02 399599                         /lib64/libdl-2.12.so
3fba202000-3fba402000 ---p 00002000 09:02 399599                         /lib64/libdl-2.12.so
3fba402000-3fba403000 r--p 00002000 09:02 399599                         /lib64/libdl-2.12.so
3fba403000-3fba404000 rw-p 00003000 09:02 399599                         /lib64/libdl-2.12.so
3fbaa00000-3fbaa07000 r-xp 00000000 09:02 399602                         /lib64/librt-2.12.so
3fbaa07000-3fbac06000 ---p 00007000 09:02 399602                         /lib64/librt-2.12.so
3fbac06000-3fbac07000 r--p 00006000 09:02 399602                         /lib64/librt-2.12.so
3fbac07000-3fbac08000 rw-p 00007000 09:02 399602                         /lib64/librt-2.12.so
3fbc600000-3fbc61d000 r-xp 00000000 09:02 1736896                        /usr/lib64/libxcb.so.1.1.0
3fbc61d000-3fbc81d000 ---p 0001d000 09:02 1736896                        /usr/lib64/libxcb.so.1.1.0
3fbc81d000-3fbc81e000 rw-p 0001d000 09:02 1736896                        /usr/lib64/libxcb.so.1.1.0
3fbca00000-3fbcb37000 r-xp 00000000 09:02 1736897                        /usr/lib64/libX11.so.6.3.0
3fbcb37000-3fbcd37000 ---p 00137000 09:02 1736897                        /usr/lib64/libX11.so.6.3.0
3fbcd37000-3fbcd3d000 rw-p 00137000 09:02 1736897                        /usr/lib64/libX11.so.6.3.0
3fbce00000-3fbce02000 r-xp 00000000 09:02 1736895                        /usr/lib64/libXau.so.6.0.0
3fbce02000-3fbd002000 ---p 00002000 09:02 1736895                        /usr/lib64/libXau.so.6.0.0
3fbd002000-3fbd003000 rw-p 00002000 09:02 1736895                        /usr/lib64/libXau.so.6.0.0
3fbde00000-3fbde12000 r-xp 00000000 09:02 1736903                        /usr/lib64/libXext.so.6.4.0
3fbde12000-3fbe012000 ---p 00012000 09:02 1736903                        /usr/lib64/libXext.so.6.4.0
3fbe012000-3fbe013000 rw-p 00012000 09:02 1736903                        /usr/lib64/libXext.so.6.4.0
3fbea00000-3fbea09000 r-xp 00000000 09:02 1736898                        /usr/lib64/libXrender.so.1.3.0
3fbea09000-3fbec09000 ---p 00009000 09:02 1736898                        /usr/lib64/libXrender.so.1.3.0
3fbec09000-3fbec0a000 rw-p 00009000 09:02 1736898                        /usr/lib64/libXrender.so.1.3.0
3fbee00000-3fbee0e000 r-xp 00000000 09:02 1736905                        /usr/lib64/libXi.so.6.1.0
3fbee0e000-3fbf00e000 ---p 0000e000 09:02 1736905                        /usr/lib64/libXi.so.6.1.0
3fbf00e000-3fbf00f000 rw-p 0000e000 09:02 1736905                        /usr/lib64/libXi.so.6.1.0
3fc0a00000-3fc0a05000 r-xp 00000000 09:02 1736907                        /usr/lib64/libXfixes.so.3.1.0
3fc0a05000-3fc0c05000 ---p 00005000 09:02 1736907                        /usr/lib64/libXfixes.so.3.1.0
3fc0c05000-3fc0c06000 rw-p 00005000 09:02 1736907                        /usr/lib64/libXfixes.so.3.1.0
3fc2600000-3fc2609000 r-xp 00000000 09:02 1736908                        /usr/lib64/libXcursor.so.1.0.2
3fc2609000-3fc2809000 ---p 00009000 09:02 1736908                        /usr/lib64/libXcursor.so.1.0.2
3fc2809000-3fc280a000 rw-p 00009000 09:02 1736908                        /usr/lib64/libXcursor.so.1.0.2
3fc5e00000-3fc5e16000 r-xp 00000000 09:02 399616                         /lib64/libgcc_s-4.4.7-20120601.so.1
3fc5e16000-3fc6015000 ---p 00016000 09:02 399616                         /lib64/libgcc_s-4.4.7-20120601.so.1
3fc6015000-3fc6016000 rw-p 00015000 09:02 399616                         /lib64/libgcc_s-4.4.7-20120601.so.1
3fc8600000-3fc8605000 r-xp 00000000 09:02 1718247                        /usr/lib64/libXtst.so.6.1.0
3fc8605000-3fc8805000 ---p 00005000 09:02 1718247                        /usr/lib64/libXtst.so.6.1.0
3fc8805000-3fc8806000 rw-p 00005000 09:02 1718247                        /usr/lib64/libXtst.so.6.1.0
7fc664000000-7fc664021000 rw-p 00000000 00:00 0 
7fc664021000-7fc668000000 ---p 00000000 00:00 0 
7fc668000000-7fc668021000 rw-p 00000000 00:00 0 
7fc668021000-7fc66c000000 ---p 00000000 00:00 0 
7fc66c000000-7fc66c021000 rw-p 00000000 00:00 0 
7fc66c021000-7fc670000000 ---p 00000000 00:00 0 
7fc670000000-7fc670435000 rw-p 00000000 00:00 0 
7fc670435000-7fc674000000 ---p 00000000 00:00 0 
7fc674000000-7fc674021000 rw-p 00000000 00:00 0 
7fc674021000-7fc678000000 ---p 00000000 00:00 0 
7fc678000000-7fc678021000 rw-p 00000000 00:00 0 
7fc678021000-7fc67c000000 ---p 00000000 00:00 0 
7fc67c000000-7fc67c021000 rw-p 00000000 00:00 0 
7fc67c021000-7fc680000000 ---p 00000000 00:00 0 
7fc680000000-7fc680021000 rw-p 00000000 00:00 0 
7fc680021000-7fc684000000 ---p 00000000 00:00 0 
7fc684000000-7fc684870000 rw-p 00000000 00:00 0 
7fc684870000-7fc688000000 ---p 00000000 00:00 0 
7fc688000000-7fc68868f000 rw-p 00000000 00:00 0 
7fc68868f000-7fc68c000000 ---p 00000000 00:00 0 
7fc68c000000-7fc68c021000 rw-p 00000000 00:00 0 
7fc68c021000-7fc690000000 ---p 00000000 00:00 0 
7fc690000000-7fc690021000 rw-p 00000000 00:00 0 
7fc690021000-7fc694000000 ---p 00000000 00:00 0 
7fc694000000-7fc694021000 rw-p 00000000 00:00 0 
7fc694021000-7fc698000000 ---p 00000000 00:00 0 
7fc698000000-7fc698021000 rw-p 00000000 00:00 0 
7fc698021000-7fc69c000000 ---p 00000000 00:00 0 
7fc69c000000-7fc69c021000 rw-p 00000000 00:00 0 
7fc69c021000-7fc6a0000000 ---p 00000000 00:00 0 
7fc6a0000000-7fc6a0021000 rw-p 00000000 00:00 0 
7fc6a0021000-7fc6a4000000 ---p 00000000 00:00 0 
7fc6a4000000-7fc6a4021000 rw-p 00000000 00:00 0 
7fc6a4021000-7fc6a8000000 ---p 00000000 00:00 0 
7fc6abee0000-7fc6b0000000 rw-p 00000000 00:00 0 
7fc6b0000000-7fc6b0021000 rw-p 00000000 00:00 0 
7fc6b0021000-7fc6b4000000 ---p 00000000 00:00 0 
7fc6b8000000-7fc6b8021000 rw-p 00000000 00:00 0 
7fc6b8021000-7fc6bc000000 ---p 00000000 00:00 0 
7fc6c0000000-7fc6c0021000 rw-p 00000000 00:00 0 
7fc6c0021000-7fc6c4000000 ---p 00000000 00:00 0 
7fc6c5c70000-7fc6c5ddb000 rw-p 00000000 00:00 0 
7fc6c5ddb000-7fc6c619c000 rw-s 00000000 00:04 11829275                   /SYSV00000000 (deleted)
7fc6c619c000-7fc6c619f000 ---p 00000000 00:00 0 
7fc6c619f000-7fc6c629d000 rw-p 00000000 00:00 0 
7fc6c629d000-7fc6c62a8000 r--s 000af000 09:02 1852359                    /usr/java/jdk1.7.0_51/jre/lib/resources.jar
7fc6c62a8000-7fc6c62ab000 ---p 00000000 00:00 0 
7fc6c62ab000-7fc6c63a9000 rw-p 00000000 00:00 0 
7fc6c63a9000-7fc6c6411000 r-xp 00000000 09:02 1852112                    /usr/java/jdk1.7.0_51/jre/lib/amd64/libt2k.so
7fc6c6411000-7fc6c6611000 ---p 00068000 09:02 1852112                    /usr/java/jdk1.7.0_51/jre/lib/amd64/libt2k.so
7fc6c6611000-7fc6c6618000 rw-p 00068000 09:02 1852112                    /usr/java/jdk1.7.0_51/jre/lib/amd64/libt2k.so
7fc6c6618000-7fc6c6628000 rw-p 00000000 00:00 0 
7fc6c6628000-7fc6c6638000 r-xp 00000000 09:02 1852104                    /usr/java/jdk1.7.0_51/jre/lib/amd64/libnio.so
7fc6c6638000-7fc6c6838000 ---p 00010000 09:02 1852104                    /usr/java/jdk1.7.0_51/jre/lib/amd64/libnio.so
7fc6c6838000-7fc6c6839000 rw-p 00010000 09:02 1852104                    /usr/java/jdk1.7.0_51/jre/lib/amd64/libnio.so
7fc6c6839000-7fc6c684f000 r-xp 00000000 09:02 1852103                    /usr/java/jdk1.7.0_51/jre/lib/amd64/libnet.so
7fc6c684f000-7fc6c6a4f000 ---p 00016000 09:02 1852103                    /usr/java/jdk1.7.0_51/jre/lib/amd64/libnet.so
7fc6c6a4f000-7fc6c6a50000 rw-p 00016000 09:02 1852103                    /usr/java/jdk1.7.0_51/jre/lib/amd64/libnet.so
7fc6c6a50000-7fc6c6ab5000 r-xp 00000000 09:02 1852075                    /usr/java/jdk1.7.0_51/jre/lib/amd64/libfontmanager.so
7fc6c6ab5000-7fc6c6cb4000 ---p 00065000 09:02 1852075                    /usr/java/jdk1.7.0_51/jre/lib/amd64/libfontmanager.so
7fc6c6cb4000-7fc6c6cb8000 rw-p 00064000 09:02 1852075                    /usr/java/jdk1.7.0_51/jre/lib/amd64/libfontmanager.so
7fc6c6cb8000-7fc6c6cc9000 rw-p 00000000 00:00 0 
7fc6c6cc9000-7fc6c6ccc000 ---p 00000000 00:00 0 
7fc6c6ccc000-7fc6c6dca000 rw-p 00000000 00:00 0 
7fc6c6dca000-7fc6c6dcd000 ---p 00000000 00:00 0 
7fc6c6dcd000-7fc6c6ecb000 rw-p 00000000 00:00 0 
7fc6c6ecb000-7fc6c6ece000 ---p 00000000 00:00 0 
7fc6c6ece000-7fc6c6fcc000 rw-p 00000000 00:00 0 
7fc6c6fcc000-7fc6c6fcf000 ---p 00000000 00:00 0 
7fc6c6fcf000-7fc6c70cd000 rw-p 00000000 00:00 0 
7fc6c70cd000-7fc6c711d000 r-xp 00000000 09:02 1852121                    /usr/java/jdk1.7.0_51/jre/lib/amd64/xawt/libmawt.so
7fc6c711d000-7fc6c731d000 ---p 00050000 09:02 1852121                    /usr/java/jdk1.7.0_51/jre/lib/amd64/xawt/libmawt.so
7fc6c731d000-7fc6c7321000 rw-p 00050000 09:02 1852121                    /usr/java/jdk1.7.0_51/jre/lib/amd64/xawt/libmawt.so
7fc6c7321000-7fc6c7322000 rw-p 00000000 00:00 0 
7fc6c7322000-7fc6c73c4000 r-xp 00000000 09:02 1852071                    /usr/java/jdk1.7.0_51/jre/lib/amd64/libawt.so
7fc6c73c4000-7fc6c75c4000 ---p 000a2000 09:02 1852071                    /usr/java/jdk1.7.0_51/jre/lib/amd64/libawt.so
7fc6c75c4000-7fc6c75d0000 rw-p 000a2000 09:02 1852071                    /usr/java/jdk1.7.0_51/jre/lib/amd64/libawt.so
7fc6c75d0000-7fc6c75f4000 rw-p 00000000 00:00 0 
7fc6c75f4000-7fc6c75f5000 ---p 00000000 00:00 0 
7fc6c75f5000-7fc6c76f5000 rw-p 00000000 00:00 0 
7fc6c76f5000-7fc6c76f8000 ---p 00000000 00:00 0 
7fc6c76f8000-7fc6c77f6000 rw-p 00000000 00:00 0 
7fc6c77f6000-7fc6c77f9000 ---p 00000000 00:00 0 
7fc6c77f9000-7fc6c78f7000 rw-p 00000000 00:00 0 
7fc6c78f7000-7fc6c78fa000 ---p 00000000 00:00 0 
7fc6c78fa000-7fc6c79f8000 rw-p 00000000 00:00 0 
7fc6c79f8000-7fc6c79fb000 ---p 00000000 00:00 0 
7fc6c79fb000-7fc6c7af9000 rw-p 00000000 00:00 0 
7fc6c7af9000-7fc6c7afc000 ---p 00000000 00:00 0 
7fc6c7afc000-7fc6c7bfa000 rw-p 00000000 00:00 0 
7fc6c7bfa000-7fc6c7bfd000 ---p 00000000 00:00 0 
7fc6c7bfd000-7fc6c7cfb000 rw-p 00000000 00:00 0 
7fc6c7cfb000-7fc6c7cff000 r-xp 00000000 09:02 1852074                    /usr/java/jdk1.7.0_51/jre/lib/amd64/libdt_socket.so
7fc6c7cff000-7fc6c7efe000 ---p 00004000 09:02 1852074                    /usr/java/jdk1.7.0_51/jre/lib/amd64/libdt_socket.so
7fc6c7efe000-7fc6c7eff000 rw-p 00003000 09:02 1852074                    /usr/java/jdk1.7.0_51/jre/lib/amd64/libdt_socket.so
7fc6c7eff000-7fc6c7f02000 ---p 00000000 00:00 0 
7fc6c7f02000-7fc6c8000000 rw-p 00000000 00:00 0 
7fc6c8000000-7fc6c8021000 rw-p 00000000 00:00 0 
7fc6c8021000-7fc6cc000000 ---p 00000000 00:00 0 
7fc6cc029000-7fc6cc05a000 rw-p 00000000 00:00 0 
7fc6cc05a000-7fc6cc066000 r--s 0006a000 00:13 193274032643               /auto/users/lindell/classes/git/record_indexer/lib/xstream-1.4.2.jar
7fc6cc066000-7fc6cc06b000 r--s 00309000 00:13 193274032642               /auto/users/lindell/classes/git/record_indexer/lib/sqlite-jdbc-3.7.2.jar
7fc6cc06b000-7fc6cc06e000 ---p 00000000 00:00 0 
7fc6cc06e000-7fc6cc16c000 rw-p 00000000 00:00 0 
7fc6cc16c000-7fc6cc16f000 ---p 00000000 00:00 0 
7fc6cc16f000-7fc6cc26d000 rw-p 00000000 00:00 0 
7fc6cc26d000-7fc6cc26e000 ---p 00000000 00:00 0 
7fc6cc26e000-7fc6cd36d000 rw-p 00000000 00:00 0 
7fc6cd36d000-7fc6cd52a000 r--s 039bf000 09:02 1852817                    /usr/java/jdk1.7.0_51/jre/lib/rt.jar
7fc6cd52a000-7fc6cda0d000 rw-p 00000000 00:00 0 
7fc6cda0d000-7fc6cda0e000 ---p 00000000 00:00 0 
7fc6cda0e000-7fc6cdb0e000 rw-p 00000000 00:00 0 
7fc6cdb0e000-7fc6cdb0f000 ---p 00000000 00:00 0 
7fc6cdb0f000-7fc6cdc0f000 rw-p 00000000 00:00 0 
7fc6cdc0f000-7fc6cdc10000 ---p 00000000 00:00 0 
7fc6cdc10000-7fc6cdd10000 rw-p 00000000 00:00 0 
7fc6cdd10000-7fc6cdd11000 ---p 00000000 00:00 0 
7fc6cdd11000-7fc6cde3b000 rw-p 00000000 00:00 0 
7fc6cde3b000-7fc6ce0ad000 rw-p 00000000 00:00 0 
7fc6ce0ad000-7fc6ce0b8000 rw-p 00000000 00:00 0 
7fc6ce0b8000-7fc6ce0d6000 rw-p 00000000 00:00 0 
7fc6ce0d6000-7fc6ce100000 rw-p 00000000 00:00 0 
7fc6ce100000-7fc6ce371000 rw-p 00000000 00:00 0 
7fc6ce371000-7fc6ce387000 rw-p 00000000 00:00 0 
7fc6ce387000-7fc6ce4bf000 rw-p 00000000 00:00 0 
7fc6ce4bf000-7fc6ce4c0000 rw-p 00000000 00:00 0 
7fc6ce4c0000-7fc6ce730000 rwxp 00000000 00:00 0 
7fc6ce730000-7fc6d14c0000 rw-p 00000000 00:00 0 
7fc6d14c0000-7fc6d14da000 r-xp 00000000 09:02 1852115                    /usr/java/jdk1.7.0_51/jre/lib/amd64/libzip.so
7fc6d14da000-7fc6d16da000 ---p 0001a000 09:02 1852115                    /usr/java/jdk1.7.0_51/jre/lib/amd64/libzip.so
7fc6d16da000-7fc6d16db000 rw-p 0001a000 09:02 1852115                    /usr/java/jdk1.7.0_51/jre/lib/amd64/libzip.so
7fc6d16db000-7fc6d1d59000 r--s 00000000 09:02 1048685                    /var/lib/sss/mc/passwd
7fc6d1d59000-7fc6d1d60000 r-xp 00000000 09:02 393435                     /lib64/libnss_sss.so.2
7fc6d1d60000-7fc6d1f60000 ---p 00007000 09:02 393435                     /lib64/libnss_sss.so.2
7fc6d1f60000-7fc6d1f61000 rw-p 00007000 09:02 393435                     /lib64/libnss_sss.so.2
7fc6d1f61000-7fc6d1f6d000 r-xp 00000000 09:02 393246                     /lib64/libnss_files-2.12.so
7fc6d1f6d000-7fc6d216d000 ---p 0000c000 09:02 393246                     /lib64/libnss_files-2.12.so
7fc6d216d000-7fc6d216e000 r--p 0000c000 09:02 393246                     /lib64/libnss_files-2.12.so
7fc6d216e000-7fc6d216f000 rw-p 0000d000 09:02 393246                     /lib64/libnss_files-2.12.so
7fc6d216f000-7fc6d8000000 r--p 00000000 09:02 1705722                    /usr/lib/locale/locale-archive
7fc6d8000000-7fc6d81b1000 rw-p 00000000 00:00 0 
7fc6d81b1000-7fc6dc000000 ---p 00000000 00:00 0 
7fc6dc001000-7fc6dc007000 r--s 00034000 00:13 193274032641               /auto/users/lindell/classes/git/record_indexer/lib/junit-4.8.2.jar
7fc6dc007000-7fc6dc00b000 r--s 0002a000 00:13 197579983280               /auto/users/lindell/classes/git/record_indexer/lib/commons-io-2.4.jar
7fc6dc00b000-7fc6dc012000 r--s 000aa000 00:13 77321292650                /auto/users/lindell/classes/git/record_indexer/lib/commons-io-2.4-javadoc.jar
7fc6dc012000-7fc6dc014000 r--s 0000c000 00:13 21489152252                /auto/users/lindell/bin/eclipse/plugins/org.hamcrest.core_1.3.0.v201303031735.jar
7fc6dc014000-7fc6dc01a000 r--s 00036000 00:13 120261783877               /auto/users/lindell/bin/eclipse/plugins/org.junit_4.11.0.v201303080030/junit.jar
7fc6dc01a000-7fc6dc076000 rw-p 00000000 00:00 0 
7fc6dc076000-7fc6dc094000 rw-p 00000000 00:00 0 
7fc6dc094000-7fc6dc09e000 rw-p 00000000 00:00 0 
7fc6dc09e000-7fc6dc154000 rw-p 00000000 00:00 0 
7fc6dc154000-7fc6dc157000 r-xp 00000000 09:02 1852106                    /usr/java/jdk1.7.0_51/jre/lib/amd64/libnpt.so
7fc6dc157000-7fc6dc356000 ---p 00003000 09:02 1852106                    /usr/java/jdk1.7.0_51/jre/lib/amd64/libnpt.so
7fc6dc356000-7fc6dc357000 rw-p 00002000 09:02 1852106                    /usr/java/jdk1.7.0_51/jre/lib/amd64/libnpt.so
7fc6dc357000-7fc6dc390000 r-xp 00000000 09:02 1852091                    /usr/java/jdk1.7.0_51/jre/lib/amd64/libjdwp.so
7fc6dc390000-7fc6dc590000 ---p 00039000 09:02 1852091                    /usr/java/jdk1.7.0_51/jre/lib/amd64/libjdwp.so
7fc6dc590000-7fc6dc591000 rw-p 00039000 09:02 1852091                    /usr/java/jdk1.7.0_51/jre/lib/amd64/libjdwp.so
7fc6dc591000-7fc6dc592000 rw-p 00000000 00:00 0 
7fc6dc592000-7fc6dc5bb000 r-xp 00000000 09:02 1852085                    /usr/java/jdk1.7.0_51/jre/lib/amd64/libjava.so
7fc6dc5bb000-7fc6dc7bb000 ---p 00029000 09:02 1852085                    /usr/java/jdk1.7.0_51/jre/lib/amd64/libjava.so
7fc6dc7bb000-7fc6dc7bd000 rw-p 00029000 09:02 1852085                    /usr/java/jdk1.7.0_51/jre/lib/amd64/libjava.so
7fc6dc7bd000-7fc6dc7ca000 r-xp 00000000 09:02 1852114                    /usr/java/jdk1.7.0_51/jre/lib/amd64/libverify.so
7fc6dc7ca000-7fc6dc9c9000 ---p 0000d000 09:02 1852114                    /usr/java/jdk1.7.0_51/jre/lib/amd64/libverify.so
7fc6dc9c9000-7fc6dc9cb000 rw-p 0000c000 09:02 1852114                    /usr/java/jdk1.7.0_51/jre/lib/amd64/libverify.so
7fc6dc9cb000-7fc6dc9ce000 ---p 00000000 00:00 0 
7fc6dc9ce000-7fc6dcacc000 rw-p 00000000 00:00 0 
7fc6dcacc000-7fc6dd62e000 r-xp 00000000 09:02 1852119                    /usr/java/jdk1.7.0_51/jre/lib/amd64/server/libjvm.so
7fc6dd62e000-7fc6dd82e000 ---p 00b62000 09:02 1852119                    /usr/java/jdk1.7.0_51/jre/lib/amd64/server/libjvm.so
7fc6dd82e000-7fc6dd8f1000 rw-p 00b62000 09:02 1852119                    /usr/java/jdk1.7.0_51/jre/lib/amd64/server/libjvm.so
7fc6dd8f1000-7fc6dd935000 rw-p 00000000 00:00 0 
7fc6dd935000-7fc6dd94b000 r-xp 00000000 09:02 145503                     /usr/java/jdk1.7.0_51/lib/amd64/jli/libjli.so
7fc6dd94b000-7fc6ddb4b000 ---p 00016000 09:02 145503                     /usr/java/jdk1.7.0_51/lib/amd64/jli/libjli.so
7fc6ddb4b000-7fc6ddb4c000 rw-p 00016000 09:02 145503                     /usr/java/jdk1.7.0_51/lib/amd64/jli/libjli.so
7fc6ddb4c000-7fc6ddb4d000 rw-p 00000000 00:00 0 
7fc6ddb4f000-7fc6ddb51000 rw-p 00000000 00:00 0 
7fc6ddb51000-7fc6ddb58000 r--s 00000000 09:02 1705980                    /usr/lib64/gconv/gconv-modules.cache
7fc6ddb58000-7fc6ddb60000 rw-s 00000000 09:03 7602179                    /tmp/hsperfdata_lindell/14844
7fc6ddb60000-7fc6ddb61000 rw-p 00000000 00:00 0 
7fc6ddb61000-7fc6ddb62000 r--p 00000000 00:00 0 
7fc6ddb62000-7fc6ddb63000 rw-p 00000000 00:00 0 
7fffb194b000-7fffb1960000 rw-p 00000000 00:00 0                          [stack]
7fffb19ff000-7fffb1a00000 r-xp 00000000 00:00 0                          [vdso]
ffffffffff600000-ffffffffff601000 r-xp 00000000 00:00 0                  [vsyscall]

VM Arguments:
jvm_args: -agentlib:jdwp=transport=dt_socket,suspend=y,address=localhost:49307 -Dfile.encoding=UTF-8 
java_command: client.gui.RecordIndexer localhost 39640
Launcher Type: SUN_STANDARD

Environment Variables:
PATH=/auto/users/lindell/bin/eclipse:/auto/users/lindell/bin:/auto/app/anaconda/envs/py34/bin:/usr/lib64/qt-3.3/bin:/usr/local/bin:/usr/bin:/bin:/usr/local/sbin:/usr/sbin:/sbin
USERNAME=lindell
SHELL=/bin/bash
DISPLAY=:0.0

Signal Handlers:
SIGSEGV: [libjvm.so+0x993870], sa_mask[0]=0x7ffbfeff, sa_flags=0x10000004
SIGBUS: [libjvm.so+0x993870], sa_mask[0]=0x7ffbfeff, sa_flags=0x10000004
SIGFPE: [libjvm.so+0x8105b0], sa_mask[0]=0x7ffbfeff, sa_flags=0x10000004
SIGPIPE: [libjvm.so+0x8105b0], sa_mask[0]=0x7ffbfeff, sa_flags=0x10000004
SIGXFSZ: [libjvm.so+0x8105b0], sa_mask[0]=0x7ffbfeff, sa_flags=0x10000004
SIGILL: [libjvm.so+0x8105b0], sa_mask[0]=0x7ffbfeff, sa_flags=0x10000004
SIGUSR1: SIG_DFL, sa_mask[0]=0x00000000, sa_flags=0x00000000
SIGUSR2: [libjvm.so+0x811aa0], sa_mask[0]=0x00000004, sa_flags=0x10000004
SIGHUP: [libjvm.so+0x812a10], sa_mask[0]=0x7ffbfeff, sa_flags=0x10000004
SIGINT: [libjvm.so+0x812a10], sa_mask[0]=0x7ffbfeff, sa_flags=0x10000004
SIGTERM: [libjvm.so+0x812a10], sa_mask[0]=0x7ffbfeff, sa_flags=0x10000004
SIGQUIT: [libjvm.so+0x812a10], sa_mask[0]=0x7ffbfeff, sa_flags=0x10000004


---------------  S Y S T E M  ---------------

OS:Red Hat Enterprise Linux Server release 6.5 (Santiago)

uname:Linux 2.6.32-431.17.1.el6.x86_64 #1 SMP Fri Apr 11 17:27:00 EDT 2014 x86_64
libc:glibc 2.12 NPTL 2.12 
rlimit: STACK 10240k, CORE 0k, NPROC 1024, NOFILE 4096, AS infinity
load average:0.05 0.10 0.09

/proc/meminfo:
MemTotal:        8193028 kB
MemFree:         5523220 kB
Buffers:           77204 kB
Cached:           821080 kB
SwapCached:            0 kB
Active:          1770488 kB
Inactive:         664988 kB
Active(anon):    1537904 kB
Inactive(anon):    10592 kB
Active(file):     232584 kB
Inactive(file):   654396 kB
Unevictable:           0 kB
Mlocked:               0 kB
SwapTotal:       8387576 kB
SwapFree:        8387576 kB
Dirty:                92 kB
Writeback:             0 kB
AnonPages:       1537272 kB
Mapped:           202136 kB
Shmem:             11276 kB
Slab:              81596 kB
SReclaimable:      37808 kB
SUnreclaim:        43788 kB
KernelStack:        3976 kB
PageTables:        42600 kB
NFS_Unstable:          0 kB
Bounce:                0 kB
WritebackTmp:          0 kB
CommitLimit:    12484088 kB
Committed_AS:    3280520 kB
VmallocTotal:   34359738367 kB
VmallocUsed:       66620 kB
VmallocChunk:   34353958908 kB
HardwareCorrupted:     0 kB
AnonHugePages:    983040 kB
HugePages_Total:       0
HugePages_Free:        0
HugePages_Rsvd:        0
HugePages_Surp:        0
Hugepagesize:       2048 kB
DirectMap4k:      104420 kB
DirectMap2M:     8284160 kB


CPU:total 4 (2 cores per cpu, 1 threads per core) family 15 model 33 stepping 2, cmov, cx8, fxsr, mmx, sse, sse2, sse3, mmxext, 3dnowpref, tsc

/proc/cpuinfo:
processor	: 0
vendor_id	: AuthenticAMD
cpu family	: 15
model		: 33
model name	: Dual Core AMD Opteron(tm) Processor 270
stepping	: 2
cpu MHz		: 1994.715
cache size	: 1024 KB
physical id	: 0
siblings	: 2
core id		: 0
cpu cores	: 2
apicid		: 0
initial apicid	: 0
fpu		: yes
fpu_exception	: yes
cpuid level	: 1
wp		: yes
flags		: fpu vme de pse tsc msr pae mce cx8 apic sep mtrr pge mca cmov pat pse36 clflush mmx fxsr sse sse2 ht syscall nx mmxext fxsr_opt lm 3dnowext 3dnow rep_good pni lahf_lm cmp_legacy
bogomips	: 3989.43
TLB size	: 1024 4K pages
clflush size	: 64
cache_alignment	: 64
address sizes	: 40 bits physical, 48 bits virtual
power management: ts fid vid ttp

processor	: 1
vendor_id	: AuthenticAMD
cpu family	: 15
model		: 33
model name	: Dual Core AMD Opteron(tm) Processor 270
stepping	: 2
cpu MHz		: 1994.715
cache size	: 1024 KB
physical id	: 0
siblings	: 2
core id		: 1
cpu cores	: 2
apicid		: 1
initial apicid	: 1
fpu		: yes
fpu_exception	: yes
cpuid level	: 1
wp		: yes
flags		: fpu vme de pse tsc msr pae mce cx8 apic sep mtrr pge mca cmov pat pse36 clflush mmx fxsr sse sse2 ht syscall nx mmxext fxsr_opt lm 3dnowext 3dnow rep_good pni lahf_lm cmp_legacy
bogomips	: 3988.56
TLB size	: 1024 4K pages
clflush size	: 64
cache_alignment	: 64
address sizes	: 40 bits physical, 48 bits virtual
power management: ts fid vid ttp

processor	: 2
vendor_id	: AuthenticAMD
cpu family	: 15
model		: 33
model name	: Dual Core AMD Opteron(tm) Processor 270
stepping	: 2
cpu MHz		: 1994.715
cache size	: 1024 KB
physical id	: 1
siblings	: 2
core id		: 0
cpu cores	: 2
apicid		: 2
initial apicid	: 2
fpu		: yes
fpu_exception	: yes
cpuid level	: 1
wp		: yes
flags		: fpu vme de pse tsc msr pae mce cx8 apic sep mtrr pge mca cmov pat pse36 clflush mmx fxsr sse sse2 ht syscall nx mmxext fxsr_opt lm 3dnowext 3dnow rep_good pni lahf_lm cmp_legacy
bogomips	: 3988.58
TLB size	: 1024 4K pages
clflush size	: 64
cache_alignment	: 64
address sizes	: 40 bits physical, 48 bits virtual
power management: ts fid vid ttp

processor	: 3
vendor_id	: AuthenticAMD
cpu family	: 15
model		: 33
model name	: Dual Core AMD Opteron(tm) Processor 270
stepping	: 2
cpu MHz		: 1994.715
cache size	: 1024 KB
physical id	: 1
siblings	: 2
core id		: 1
cpu cores	: 2
apicid		: 3
initial apicid	: 3
fpu		: yes
fpu_exception	: yes
cpuid level	: 1
wp		: yes
flags		: fpu vme de pse tsc msr pae mce cx8 apic sep mtrr pge mca cmov pat pse36 clflush mmx fxsr sse sse2 ht syscall nx mmxext fxsr_opt lm 3dnowext 3dnow rep_good pni lahf_lm cmp_legacy
bogomips	: 3988.58
TLB size	: 1024 4K pages
clflush size	: 64
cache_alignment	: 64
address sizes	: 40 bits physical, 48 bits virtual
power management: ts fid vid ttp



Memory: 4k page, physical 8193028k(5523220k free), swap 8387576k(8387576k free)

vm_info: Java HotSpot(TM) 64-Bit Server VM (24.51-b03) for linux-amd64 JRE (1.7.0_51-b13), built on Dec 18 2013 18:48:01 by "java_re" with gcc 4.3.0 20080428 (Red Hat 4.3.0-8)

time: Sat Jun 14 21:59:00 2014
elapsed time: 37 seconds

